CRITICAL - 2021-04-20 03:02:09 --> The framework needs the following extension(s) installed and loaded: {0}.
#0 /home/kulonpro/public_html/emailpns/system/CodeIgniter.php(224): CodeIgniter\Exceptions\FrameworkException::forMissingExtension('intl, mbstring')
#1 /home/kulonpro/public_html/emailpns/system/CodeIgniter.php(172): CodeIgniter\CodeIgniter->resolvePlatformExtensions()
#2 /home/kulonpro/public_html/emailpns/system/bootstrap.php(159): CodeIgniter\CodeIgniter->initialize()
#3 /home/kulonpro/public_html/emailpns/public/index.php(35): require('/home/kulonpro/...')
#4 {main}
CRITICAL - 2021-04-20 03:13:02 --> The framework needs the following extension(s) installed and loaded: {0}.
#0 /home/kulonpro/public_html/emailpns/system/CodeIgniter.php(224): CodeIgniter\Exceptions\FrameworkException::forMissingExtension('intl, mbstring')
#1 /home/kulonpro/public_html/emailpns/system/CodeIgniter.php(172): CodeIgniter\CodeIgniter->resolvePlatformExtensions()
#2 /home/kulonpro/public_html/emailpns/system/bootstrap.php(159): CodeIgniter\CodeIgniter->initialize()
#3 /home/kulonpro/public_html/emailpns/public/index.php(35): require('/home/kulonpro/...')
#4 {main}
CRITICAL - 2021-04-20 03:14:56 --> The framework needs the following extension(s) installed and loaded: {0}.
#0 /home/kulonpro/public_html/emailpns/system/CodeIgniter.php(224): CodeIgniter\Exceptions\FrameworkException::forMissingExtension('intl, mbstring')
#1 /home/kulonpro/public_html/emailpns/system/CodeIgniter.php(172): CodeIgniter\CodeIgniter->resolvePlatformExtensions()
#2 /home/kulonpro/public_html/emailpns/system/bootstrap.php(159): CodeIgniter\CodeIgniter->initialize()
#3 /home/kulonpro/public_html/emailpns/public/index.php(35): require('/home/kulonpro/...')
#4 {main}
CRITICAL - 2021-04-20 03:14:57 --> The framework needs the following extension(s) installed and loaded: {0}.
#0 /home/kulonpro/public_html/emailpns/system/CodeIgniter.php(224): CodeIgniter\Exceptions\FrameworkException::forMissingExtension('intl, mbstring')
#1 /home/kulonpro/public_html/emailpns/system/CodeIgniter.php(172): CodeIgniter\CodeIgniter->resolvePlatformExtensions()
#2 /home/kulonpro/public_html/emailpns/system/bootstrap.php(159): CodeIgniter\CodeIgniter->initialize()
#3 /home/kulonpro/public_html/emailpns/public/index.php(35): require('/home/kulonpro/...')
#4 {main}
CRITICAL - 2021-04-20 03:15:01 --> The framework needs the following extension(s) installed and loaded: {0}.
#0 /home/kulonpro/public_html/emailpns/system/CodeIgniter.php(224): CodeIgniter\Exceptions\FrameworkException::forMissingExtension('intl, mbstring')
#1 /home/kulonpro/public_html/emailpns/system/CodeIgniter.php(172): CodeIgniter\CodeIgniter->resolvePlatformExtensions()
#2 /home/kulonpro/public_html/emailpns/system/bootstrap.php(159): CodeIgniter\CodeIgniter->initialize()
#3 /home/kulonpro/public_html/emailpns/public/index.php(35): require('/home/kulonpro/...')
#4 {main}
CRITICAL - 2021-04-20 03:17:35 --> The framework needs the following extension(s) installed and loaded: {0}.
#0 /home/kulonpro/public_html/emailpns/system/CodeIgniter.php(224): CodeIgniter\Exceptions\FrameworkException::forMissingExtension('intl, mbstring')
#1 /home/kulonpro/public_html/emailpns/system/CodeIgniter.php(172): CodeIgniter\CodeIgniter->resolvePlatformExtensions()
#2 /home/kulonpro/public_html/emailpns/system/bootstrap.php(159): CodeIgniter\CodeIgniter->initialize()
#3 /home/kulonpro/public_html/emailpns/public/index.php(35): require('/home/kulonpro/...')
#4 {main}
CRITICAL - 2021-04-20 03:17:59 --> The framework needs the following extension(s) installed and loaded: {0}.
#0 /home/kulonpro/public_html/emailpns/system/CodeIgniter.php(224): CodeIgniter\Exceptions\FrameworkException::forMissingExtension('intl, mbstring')
#1 /home/kulonpro/public_html/emailpns/system/CodeIgniter.php(172): CodeIgniter\CodeIgniter->resolvePlatformExtensions()
#2 /home/kulonpro/public_html/emailpns/system/bootstrap.php(159): CodeIgniter\CodeIgniter->initialize()
#3 /home/kulonpro/public_html/emailpns/public/index.php(35): require('/home/kulonpro/...')
#4 {main}
CRITICAL - 2021-04-20 03:18:44 --> The framework needs the following extension(s) installed and loaded: {0}.
#0 /home/kulonpro/public_html/emailpns/system/CodeIgniter.php(224): CodeIgniter\Exceptions\FrameworkException::forMissingExtension('intl, mbstring')
#1 /home/kulonpro/public_html/emailpns/system/CodeIgniter.php(172): CodeIgniter\CodeIgniter->resolvePlatformExtensions()
#2 /home/kulonpro/public_html/emailpns/system/bootstrap.php(159): CodeIgniter\CodeIgniter->initialize()
#3 /home/kulonpro/public_html/emailpns/public/index.php(35): require('/home/kulonpro/...')
#4 {main}
CRITICAL - 2021-04-20 03:18:46 --> The framework needs the following extension(s) installed and loaded: {0}.
#0 /home/kulonpro/public_html/emailpns/system/CodeIgniter.php(224): CodeIgniter\Exceptions\FrameworkException::forMissingExtension('intl, mbstring')
#1 /home/kulonpro/public_html/emailpns/system/CodeIgniter.php(172): CodeIgniter\CodeIgniter->resolvePlatformExtensions()
#2 /home/kulonpro/public_html/emailpns/system/bootstrap.php(159): CodeIgniter\CodeIgniter->initialize()
#3 /home/kulonpro/public_html/emailpns/public/index.php(35): require('/home/kulonpro/...')
#4 {main}
CRITICAL - 2021-04-20 03:22:49 --> The framework needs the following extension(s) installed and loaded: {0}.
#0 /home/kulonpro/public_html/emailpns/system/CodeIgniter.php(224): CodeIgniter\Exceptions\FrameworkException::forMissingExtension('intl, mbstring')
#1 /home/kulonpro/public_html/emailpns/system/CodeIgniter.php(172): CodeIgniter\CodeIgniter->resolvePlatformExtensions()
#2 /home/kulonpro/public_html/emailpns/system/bootstrap.php(159): CodeIgniter\CodeIgniter->initialize()
#3 /home/kulonpro/public_html/emailpns/public/index.php(35): require('/home/kulonpro/...')
#4 {main}
CRITICAL - 2021-04-20 03:25:35 --> The framework needs the following extension(s) installed and loaded: {0}.
#0 /home/kulonpro/public_html/emailpns/system/CodeIgniter.php(224): CodeIgniter\Exceptions\FrameworkException::forMissingExtension('intl, mbstring')
#1 /home/kulonpro/public_html/emailpns/system/CodeIgniter.php(172): CodeIgniter\CodeIgniter->resolvePlatformExtensions()
#2 /home/kulonpro/public_html/emailpns/system/bootstrap.php(159): CodeIgniter\CodeIgniter->initialize()
#3 /home/kulonpro/public_html/emailpns/public/index.php(35): require('/home/kulonpro/...')
#4 {main}
CRITICAL - 2021-04-20 03:25:36 --> The framework needs the following extension(s) installed and loaded: {0}.
#0 /home/kulonpro/public_html/emailpns/system/CodeIgniter.php(224): CodeIgniter\Exceptions\FrameworkException::forMissingExtension('intl, mbstring')
#1 /home/kulonpro/public_html/emailpns/system/CodeIgniter.php(172): CodeIgniter\CodeIgniter->resolvePlatformExtensions()
#2 /home/kulonpro/public_html/emailpns/system/bootstrap.php(159): CodeIgniter\CodeIgniter->initialize()
#3 /home/kulonpro/public_html/emailpns/public/index.php(35): require('/home/kulonpro/...')
#4 {main}
CRITICAL - 2021-04-20 03:33:58 --> The framework needs the following extension(s) installed and loaded: {0}.
#0 /home/kulonpro/public_html/emailpns/system/CodeIgniter.php(224): CodeIgniter\Exceptions\FrameworkException::forMissingExtension('intl, mbstring')
#1 /home/kulonpro/public_html/emailpns/system/CodeIgniter.php(172): CodeIgniter\CodeIgniter->resolvePlatformExtensions()
#2 /home/kulonpro/public_html/emailpns/system/bootstrap.php(159): CodeIgniter\CodeIgniter->initialize()
#3 /home/kulonpro/public_html/emailpns/public/index.php(35): require('/home/kulonpro/...')
#4 {main}
CRITICAL - 2021-04-20 03:33:59 --> The framework needs the following extension(s) installed and loaded: {0}.
#0 /home/kulonpro/public_html/emailpns/system/CodeIgniter.php(224): CodeIgniter\Exceptions\FrameworkException::forMissingExtension('intl, mbstring')
#1 /home/kulonpro/public_html/emailpns/system/CodeIgniter.php(172): CodeIgniter\CodeIgniter->resolvePlatformExtensions()
#2 /home/kulonpro/public_html/emailpns/system/bootstrap.php(159): CodeIgniter\CodeIgniter->initialize()
#3 /home/kulonpro/public_html/emailpns/public/index.php(35): require('/home/kulonpro/...')
#4 {main}
CRITICAL - 2021-04-20 03:37:26 --> The framework needs the following extension(s) installed and loaded: {0}.
#0 /home/kulonpro/public_html/emailpns/system/CodeIgniter.php(224): CodeIgniter\Exceptions\FrameworkException::forMissingExtension('intl, mbstring')
#1 /home/kulonpro/public_html/emailpns/system/CodeIgniter.php(172): CodeIgniter\CodeIgniter->resolvePlatformExtensions()
#2 /home/kulonpro/public_html/emailpns/system/bootstrap.php(159): CodeIgniter\CodeIgniter->initialize()
#3 /home/kulonpro/public_html/emailpns/public/index.php(35): require('/home/kulonpro/...')
#4 {main}
CRITICAL - 2021-04-20 03:42:57 --> The framework needs the following extension(s) installed and loaded: {0}.
#0 /home/kulonpro/public_html/emailpns/system/CodeIgniter.php(224): CodeIgniter\Exceptions\FrameworkException::forMissingExtension('intl, mbstring')
#1 /home/kulonpro/public_html/emailpns/system/CodeIgniter.php(172): CodeIgniter\CodeIgniter->resolvePlatformExtensions()
#2 /home/kulonpro/public_html/emailpns/system/bootstrap.php(159): CodeIgniter\CodeIgniter->initialize()
#3 /home/kulonpro/public_html/emailpns/public/index.php(35): require('/home/kulonpro/...')
#4 {main}
CRITICAL - 2021-04-20 03:47:39 --> The framework needs the following extension(s) installed and loaded: {0}.
#0 /home/kulonpro/public_html/emailpns/system/CodeIgniter.php(224): CodeIgniter\Exceptions\FrameworkException::forMissingExtension('intl, mbstring')
#1 /home/kulonpro/public_html/emailpns/system/CodeIgniter.php(172): CodeIgniter\CodeIgniter->resolvePlatformExtensions()
#2 /home/kulonpro/public_html/emailpns/system/bootstrap.php(159): CodeIgniter\CodeIgniter->initialize()
#3 /home/kulonpro/public_html/emailpns/public/index.php(35): require('/home/kulonpro/...')
#4 {main}
CRITICAL - 2021-04-20 03:48:22 --> The framework needs the following extension(s) installed and loaded: {0}.
#0 /home/kulonpro/public_html/emailpns/system/CodeIgniter.php(224): CodeIgniter\Exceptions\FrameworkException::forMissingExtension('intl, mbstring')
#1 /home/kulonpro/public_html/emailpns/system/CodeIgniter.php(172): CodeIgniter\CodeIgniter->resolvePlatformExtensions()
#2 /home/kulonpro/public_html/emailpns/system/bootstrap.php(159): CodeIgniter\CodeIgniter->initialize()
#3 /home/kulonpro/public_html/emailpns/public/index.php(35): require('/home/kulonpro/...')
#4 {main}
CRITICAL - 2021-04-20 03:49:51 --> The framework needs the following extension(s) installed and loaded: {0}.
#0 /home/kulonpro/public_html/emailpns/system/CodeIgniter.php(224): CodeIgniter\Exceptions\FrameworkException::forMissingExtension('intl, mbstring')
#1 /home/kulonpro/public_html/emailpns/system/CodeIgniter.php(172): CodeIgniter\CodeIgniter->resolvePlatformExtensions()
#2 /home/kulonpro/public_html/emailpns/system/bootstrap.php(159): CodeIgniter\CodeIgniter->initialize()
#3 /home/kulonpro/public_html/emailpns/public/index.php(35): require('/home/kulonpro/...')
#4 {main}
CRITICAL - 2021-04-20 03:59:45 --> The framework needs the following extension(s) installed and loaded: {0}.
#0 /home/kulonpro/public_html/emailpns/system/CodeIgniter.php(224): CodeIgniter\Exceptions\FrameworkException::forMissingExtension('intl, mbstring')
#1 /home/kulonpro/public_html/emailpns/system/CodeIgniter.php(172): CodeIgniter\CodeIgniter->resolvePlatformExtensions()
#2 /home/kulonpro/public_html/emailpns/system/bootstrap.php(159): CodeIgniter\CodeIgniter->initialize()
#3 /home/kulonpro/public_html/emailpns/public/index.php(35): require('/home/kulonpro/...')
#4 {main}
CRITICAL - 2021-04-20 06:01:24 --> The framework needs the following extension(s) installed and loaded: {0}.
#0 /home/kulonpro/public_html/emailpns/system/CodeIgniter.php(224): CodeIgniter\Exceptions\FrameworkException::forMissingExtension('intl, mbstring')
#1 /home/kulonpro/public_html/emailpns/system/CodeIgniter.php(172): CodeIgniter\CodeIgniter->resolvePlatformExtensions()
#2 /home/kulonpro/public_html/emailpns/system/bootstrap.php(159): CodeIgniter\CodeIgniter->initialize()
#3 /home/kulonpro/public_html/emailpns/public/index.php(35): require('/home/kulonpro/...')
#4 {main}
CRITICAL - 2021-04-20 06:01:25 --> The framework needs the following extension(s) installed and loaded: {0}.
#0 /home/kulonpro/public_html/emailpns/system/CodeIgniter.php(224): CodeIgniter\Exceptions\FrameworkException::forMissingExtension('intl, mbstring')
#1 /home/kulonpro/public_html/emailpns/system/CodeIgniter.php(172): CodeIgniter\CodeIgniter->resolvePlatformExtensions()
#2 /home/kulonpro/public_html/emailpns/system/bootstrap.php(159): CodeIgniter\CodeIgniter->initialize()
#3 /home/kulonpro/public_html/emailpns/public/index.php(35): require('/home/kulonpro/...')
#4 {main}
CRITICAL - 2021-04-20 06:01:26 --> The framework needs the following extension(s) installed and loaded: {0}.
#0 /home/kulonpro/public_html/emailpns/system/CodeIgniter.php(224): CodeIgniter\Exceptions\FrameworkException::forMissingExtension('intl, mbstring')
#1 /home/kulonpro/public_html/emailpns/system/CodeIgniter.php(172): CodeIgniter\CodeIgniter->resolvePlatformExtensions()
#2 /home/kulonpro/public_html/emailpns/system/bootstrap.php(159): CodeIgniter\CodeIgniter->initialize()
#3 /home/kulonpro/public_html/emailpns/public/index.php(35): require('/home/kulonpro/...')
#4 {main}
CRITICAL - 2021-04-20 06:01:28 --> The framework needs the following extension(s) installed and loaded: {0}.
#0 /home/kulonpro/public_html/emailpns/system/CodeIgniter.php(224): CodeIgniter\Exceptions\FrameworkException::forMissingExtension('intl, mbstring')
#1 /home/kulonpro/public_html/emailpns/system/CodeIgniter.php(172): CodeIgniter\CodeIgniter->resolvePlatformExtensions()
#2 /home/kulonpro/public_html/emailpns/system/bootstrap.php(159): CodeIgniter\CodeIgniter->initialize()
#3 /home/kulonpro/public_html/emailpns/public/index.php(35): require('/home/kulonpro/...')
#4 {main}
CRITICAL - 2021-04-20 06:01:29 --> The framework needs the following extension(s) installed and loaded: {0}.
#0 /home/kulonpro/public_html/emailpns/system/CodeIgniter.php(224): CodeIgniter\Exceptions\FrameworkException::forMissingExtension('intl, mbstring')
#1 /home/kulonpro/public_html/emailpns/system/CodeIgniter.php(172): CodeIgniter\CodeIgniter->resolvePlatformExtensions()
#2 /home/kulonpro/public_html/emailpns/system/bootstrap.php(159): CodeIgniter\CodeIgniter->initialize()
#3 /home/kulonpro/public_html/emailpns/public/index.php(35): require('/home/kulonpro/...')
#4 {main}
CRITICAL - 2021-04-20 06:03:29 --> The framework needs the following extension(s) installed and loaded: {0}.
#0 /home/kulonpro/public_html/emailpns/system/CodeIgniter.php(224): CodeIgniter\Exceptions\FrameworkException::forMissingExtension('intl, mbstring')
#1 /home/kulonpro/public_html/emailpns/system/CodeIgniter.php(172): CodeIgniter\CodeIgniter->resolvePlatformExtensions()
#2 /home/kulonpro/public_html/emailpns/system/bootstrap.php(159): CodeIgniter\CodeIgniter->initialize()
#3 /home/kulonpro/public_html/emailpns/public/index.php(35): require('/home/kulonpro/...')
#4 {main}
CRITICAL - 2021-04-20 06:03:30 --> The framework needs the following extension(s) installed and loaded: {0}.
#0 /home/kulonpro/public_html/emailpns/system/CodeIgniter.php(224): CodeIgniter\Exceptions\FrameworkException::forMissingExtension('intl, mbstring')
#1 /home/kulonpro/public_html/emailpns/system/CodeIgniter.php(172): CodeIgniter\CodeIgniter->resolvePlatformExtensions()
#2 /home/kulonpro/public_html/emailpns/system/bootstrap.php(159): CodeIgniter\CodeIgniter->initialize()
#3 /home/kulonpro/public_html/emailpns/public/index.php(35): require('/home/kulonpro/...')
#4 {main}
CRITICAL - 2021-04-20 06:03:31 --> The framework needs the following extension(s) installed and loaded: {0}.
#0 /home/kulonpro/public_html/emailpns/system/CodeIgniter.php(224): CodeIgniter\Exceptions\FrameworkException::forMissingExtension('intl, mbstring')
#1 /home/kulonpro/public_html/emailpns/system/CodeIgniter.php(172): CodeIgniter\CodeIgniter->resolvePlatformExtensions()
#2 /home/kulonpro/public_html/emailpns/system/bootstrap.php(159): CodeIgniter\CodeIgniter->initialize()
#3 /home/kulonpro/public_html/emailpns/public/index.php(35): require('/home/kulonpro/...')
#4 {main}
CRITICAL - 2021-04-20 06:05:30 --> The framework needs the following extension(s) installed and loaded: {0}.
#0 /home/kulonpro/public_html/emailpns/system/CodeIgniter.php(224): CodeIgniter\Exceptions\FrameworkException::forMissingExtension('intl, mbstring')
#1 /home/kulonpro/public_html/emailpns/system/CodeIgniter.php(172): CodeIgniter\CodeIgniter->resolvePlatformExtensions()
#2 /home/kulonpro/public_html/emailpns/system/bootstrap.php(159): CodeIgniter\CodeIgniter->initialize()
#3 /home/kulonpro/public_html/emailpns/public/index.php(35): require('/home/kulonpro/...')
#4 {main}
CRITICAL - 2021-04-20 06:05:33 --> The framework needs the following extension(s) installed and loaded: {0}.
#0 /home/kulonpro/public_html/emailpns/system/CodeIgniter.php(224): CodeIgniter\Exceptions\FrameworkException::forMissingExtension('intl, mbstring')
#1 /home/kulonpro/public_html/emailpns/system/CodeIgniter.php(172): CodeIgniter\CodeIgniter->resolvePlatformExtensions()
#2 /home/kulonpro/public_html/emailpns/system/bootstrap.php(159): CodeIgniter\CodeIgniter->initialize()
#3 /home/kulonpro/public_html/emailpns/public/index.php(35): require('/home/kulonpro/...')
#4 {main}
CRITICAL - 2021-04-20 06:07:35 --> The framework needs the following extension(s) installed and loaded: {0}.
#0 /home/kulonpro/public_html/emailpns/system/CodeIgniter.php(224): CodeIgniter\Exceptions\FrameworkException::forMissingExtension('intl, mbstring')
#1 /home/kulonpro/public_html/emailpns/system/CodeIgniter.php(172): CodeIgniter\CodeIgniter->resolvePlatformExtensions()
#2 /home/kulonpro/public_html/emailpns/system/bootstrap.php(159): CodeIgniter\CodeIgniter->initialize()
#3 /home/kulonpro/public_html/emailpns/public/index.php(35): require('/home/kulonpro/...')
#4 {main}
CRITICAL - 2021-04-20 06:07:37 --> The framework needs the following extension(s) installed and loaded: {0}.
#0 /home/kulonpro/public_html/emailpns/system/CodeIgniter.php(224): CodeIgniter\Exceptions\FrameworkException::forMissingExtension('intl, mbstring')
#1 /home/kulonpro/public_html/emailpns/system/CodeIgniter.php(172): CodeIgniter\CodeIgniter->resolvePlatformExtensions()
#2 /home/kulonpro/public_html/emailpns/system/bootstrap.php(159): CodeIgniter\CodeIgniter->initialize()
#3 /home/kulonpro/public_html/emailpns/public/index.php(35): require('/home/kulonpro/...')
#4 {main}
CRITICAL - 2021-04-20 06:16:20 --> The framework needs the following extension(s) installed and loaded: {0}.
#0 /home/kulonpro/public_html/emailpns/system/CodeIgniter.php(224): CodeIgniter\Exceptions\FrameworkException::forMissingExtension('intl, mbstring')
#1 /home/kulonpro/public_html/emailpns/system/CodeIgniter.php(172): CodeIgniter\CodeIgniter->resolvePlatformExtensions()
#2 /home/kulonpro/public_html/emailpns/system/bootstrap.php(159): CodeIgniter\CodeIgniter->initialize()
#3 /home/kulonpro/public_html/emailpns/public/index.php(35): require('/home/kulonpro/...')
#4 {main}
CRITICAL - 2021-04-20 06:31:00 --> The framework needs the following extension(s) installed and loaded: {0}.
#0 /home/kulonpro/public_html/emailpns/system/CodeIgniter.php(224): CodeIgniter\Exceptions\FrameworkException::forMissingExtension('intl, mbstring')
#1 /home/kulonpro/public_html/emailpns/system/CodeIgniter.php(172): CodeIgniter\CodeIgniter->resolvePlatformExtensions()
#2 /home/kulonpro/public_html/emailpns/system/bootstrap.php(159): CodeIgniter\CodeIgniter->initialize()
#3 /home/kulonpro/public_html/emailpns/public/index.php(35): require('/home/kulonpro/...')
#4 {main}
CRITICAL - 2021-04-20 06:31:02 --> The framework needs the following extension(s) installed and loaded: {0}.
#0 /home/kulonpro/public_html/emailpns/system/CodeIgniter.php(224): CodeIgniter\Exceptions\FrameworkException::forMissingExtension('intl, mbstring')
#1 /home/kulonpro/public_html/emailpns/system/CodeIgniter.php(172): CodeIgniter\CodeIgniter->resolvePlatformExtensions()
#2 /home/kulonpro/public_html/emailpns/system/bootstrap.php(159): CodeIgniter\CodeIgniter->initialize()
#3 /home/kulonpro/public_html/emailpns/public/index.php(35): require('/home/kulonpro/...')
#4 {main}
CRITICAL - 2021-04-20 06:32:08 --> The framework needs the following extension(s) installed and loaded: {0}.
#0 /home/kulonpro/public_html/emailpns/system/CodeIgniter.php(224): CodeIgniter\Exceptions\FrameworkException::forMissingExtension('intl, mbstring')
#1 /home/kulonpro/public_html/emailpns/system/CodeIgniter.php(172): CodeIgniter\CodeIgniter->resolvePlatformExtensions()
#2 /home/kulonpro/public_html/emailpns/system/bootstrap.php(159): CodeIgniter\CodeIgniter->initialize()
#3 /home/kulonpro/public_html/emailpns/public/index.php(35): require('/home/kulonpro/...')
#4 {main}
CRITICAL - 2021-04-20 06:32:10 --> The framework needs the following extension(s) installed and loaded: {0}.
#0 /home/kulonpro/public_html/emailpns/system/CodeIgniter.php(224): CodeIgniter\Exceptions\FrameworkException::forMissingExtension('intl, mbstring')
#1 /home/kulonpro/public_html/emailpns/system/CodeIgniter.php(172): CodeIgniter\CodeIgniter->resolvePlatformExtensions()
#2 /home/kulonpro/public_html/emailpns/system/bootstrap.php(159): CodeIgniter\CodeIgniter->initialize()
#3 /home/kulonpro/public_html/emailpns/public/index.php(35): require('/home/kulonpro/...')
#4 {main}
CRITICAL - 2021-04-20 06:34:08 --> The framework needs the following extension(s) installed and loaded: {0}.
#0 /home/kulonpro/public_html/emailpns/system/CodeIgniter.php(224): CodeIgniter\Exceptions\FrameworkException::forMissingExtension('intl, mbstring')
#1 /home/kulonpro/public_html/emailpns/system/CodeIgniter.php(172): CodeIgniter\CodeIgniter->resolvePlatformExtensions()
#2 /home/kulonpro/public_html/emailpns/system/bootstrap.php(159): CodeIgniter\CodeIgniter->initialize()
#3 /home/kulonpro/public_html/emailpns/public/index.php(35): require('/home/kulonpro/...')
#4 {main}
CRITICAL - 2021-04-20 06:34:09 --> The framework needs the following extension(s) installed and loaded: {0}.
#0 /home/kulonpro/public_html/emailpns/system/CodeIgniter.php(224): CodeIgniter\Exceptions\FrameworkException::forMissingExtension('intl, mbstring')
#1 /home/kulonpro/public_html/emailpns/system/CodeIgniter.php(172): CodeIgniter\CodeIgniter->resolvePlatformExtensions()
#2 /home/kulonpro/public_html/emailpns/system/bootstrap.php(159): CodeIgniter\CodeIgniter->initialize()
#3 /home/kulonpro/public_html/emailpns/public/index.php(35): require('/home/kulonpro/...')
#4 {main}
CRITICAL - 2021-04-20 06:34:10 --> The framework needs the following extension(s) installed and loaded: {0}.
#0 /home/kulonpro/public_html/emailpns/system/CodeIgniter.php(224): CodeIgniter\Exceptions\FrameworkException::forMissingExtension('intl, mbstring')
#1 /home/kulonpro/public_html/emailpns/system/CodeIgniter.php(172): CodeIgniter\CodeIgniter->resolvePlatformExtensions()
#2 /home/kulonpro/public_html/emailpns/system/bootstrap.php(159): CodeIgniter\CodeIgniter->initialize()
#3 /home/kulonpro/public_html/emailpns/public/index.php(35): require('/home/kulonpro/...')
#4 {main}
CRITICAL - 2021-04-20 06:36:14 --> The framework needs the following extension(s) installed and loaded: {0}.
#0 /home/kulonpro/public_html/emailpns/system/CodeIgniter.php(224): CodeIgniter\Exceptions\FrameworkException::forMissingExtension('intl, mbstring')
#1 /home/kulonpro/public_html/emailpns/system/CodeIgniter.php(172): CodeIgniter\CodeIgniter->resolvePlatformExtensions()
#2 /home/kulonpro/public_html/emailpns/system/bootstrap.php(159): CodeIgniter\CodeIgniter->initialize()
#3 /home/kulonpro/public_html/emailpns/public/index.php(35): require('/home/kulonpro/...')
#4 {main}
CRITICAL - 2021-04-20 06:36:16 --> The framework needs the following extension(s) installed and loaded: {0}.
#0 /home/kulonpro/public_html/emailpns/system/CodeIgniter.php(224): CodeIgniter\Exceptions\FrameworkException::forMissingExtension('intl, mbstring')
#1 /home/kulonpro/public_html/emailpns/system/CodeIgniter.php(172): CodeIgniter\CodeIgniter->resolvePlatformExtensions()
#2 /home/kulonpro/public_html/emailpns/system/bootstrap.php(159): CodeIgniter\CodeIgniter->initialize()
#3 /home/kulonpro/public_html/emailpns/public/index.php(35): require('/home/kulonpro/...')
#4 {main}
CRITICAL - 2021-04-20 06:37:41 --> The framework needs the following extension(s) installed and loaded: {0}.
#0 /home/kulonpro/public_html/emailpns/system/CodeIgniter.php(224): CodeIgniter\Exceptions\FrameworkException::forMissingExtension('intl, mbstring')
#1 /home/kulonpro/public_html/emailpns/system/CodeIgniter.php(172): CodeIgniter\CodeIgniter->resolvePlatformExtensions()
#2 /home/kulonpro/public_html/emailpns/system/bootstrap.php(159): CodeIgniter\CodeIgniter->initialize()
#3 /home/kulonpro/public_html/emailpns/public/index.php(35): require('/home/kulonpro/...')
#4 {main}
CRITICAL - 2021-04-20 06:37:42 --> The framework needs the following extension(s) installed and loaded: {0}.
#0 /home/kulonpro/public_html/emailpns/system/CodeIgniter.php(224): CodeIgniter\Exceptions\FrameworkException::forMissingExtension('intl, mbstring')
#1 /home/kulonpro/public_html/emailpns/system/CodeIgniter.php(172): CodeIgniter\CodeIgniter->resolvePlatformExtensions()
#2 /home/kulonpro/public_html/emailpns/system/bootstrap.php(159): CodeIgniter\CodeIgniter->initialize()
#3 /home/kulonpro/public_html/emailpns/public/index.php(35): require('/home/kulonpro/...')
#4 {main}
CRITICAL - 2021-04-20 06:37:43 --> The framework needs the following extension(s) installed and loaded: {0}.
#0 /home/kulonpro/public_html/emailpns/system/CodeIgniter.php(224): CodeIgniter\Exceptions\FrameworkException::forMissingExtension('intl, mbstring')
#1 /home/kulonpro/public_html/emailpns/system/CodeIgniter.php(172): CodeIgniter\CodeIgniter->resolvePlatformExtensions()
#2 /home/kulonpro/public_html/emailpns/system/bootstrap.php(159): CodeIgniter\CodeIgniter->initialize()
#3 /home/kulonpro/public_html/emailpns/public/index.php(35): require('/home/kulonpro/...')
#4 {main}
CRITICAL - 2021-04-20 06:40:59 --> The framework needs the following extension(s) installed and loaded: {0}.
#0 /home/kulonpro/public_html/emailpns/system/CodeIgniter.php(224): CodeIgniter\Exceptions\FrameworkException::forMissingExtension('intl, mbstring')
#1 /home/kulonpro/public_html/emailpns/system/CodeIgniter.php(172): CodeIgniter\CodeIgniter->resolvePlatformExtensions()
#2 /home/kulonpro/public_html/emailpns/system/bootstrap.php(159): CodeIgniter\CodeIgniter->initialize()
#3 /home/kulonpro/public_html/emailpns/public/index.php(35): require('/home/kulonpro/...')
#4 {main}
CRITICAL - 2021-04-20 06:41:01 --> The framework needs the following extension(s) installed and loaded: {0}.
#0 /home/kulonpro/public_html/emailpns/system/CodeIgniter.php(224): CodeIgniter\Exceptions\FrameworkException::forMissingExtension('intl, mbstring')
#1 /home/kulonpro/public_html/emailpns/system/CodeIgniter.php(172): CodeIgniter\CodeIgniter->resolvePlatformExtensions()
#2 /home/kulonpro/public_html/emailpns/system/bootstrap.php(159): CodeIgniter\CodeIgniter->initialize()
#3 /home/kulonpro/public_html/emailpns/public/index.php(35): require('/home/kulonpro/...')
#4 {main}
CRITICAL - 2021-04-20 06:41:02 --> The framework needs the following extension(s) installed and loaded: {0}.
#0 /home/kulonpro/public_html/emailpns/system/CodeIgniter.php(224): CodeIgniter\Exceptions\FrameworkException::forMissingExtension('intl, mbstring')
#1 /home/kulonpro/public_html/emailpns/system/CodeIgniter.php(172): CodeIgniter\CodeIgniter->resolvePlatformExtensions()
#2 /home/kulonpro/public_html/emailpns/system/bootstrap.php(159): CodeIgniter\CodeIgniter->initialize()
#3 /home/kulonpro/public_html/emailpns/public/index.php(35): require('/home/kulonpro/...')
#4 {main}
CRITICAL - 2021-04-20 23:40:36 --> Encrypter needs a starter key.
#0 /home/kulonpro/emailpns_private/system/Encryption/Encryption.php(143): CodeIgniter\Encryption\Exceptions\EncryptionException::forNeedsStarterKey()
#1 /home/kulonpro/emailpns_private/system/Config/Services.php(225): CodeIgniter\Encryption\Encryption->initialize(Object(Config\Encryption))
#2 /home/kulonpro/emailpns_private/system/Config/BaseService.php(171): CodeIgniter\Config\Services::encrypter()
#3 /home/kulonpro/emailpns_private/app/Views/admin_list_email.php(9): CodeIgniter\Config\BaseService::__callStatic('encrypter', Array)
#4 /home/kulonpro/emailpns_private/system/View/View.php(220): include('/home/kulonpro/...')
#5 /home/kulonpro/emailpns_private/system/View/View.php(222): CodeIgniter\View\View->CodeIgniter\View\{closure}()
#6 /home/kulonpro/emailpns_private/system/Common.php(1217): CodeIgniter\View\View->render('admin_list_emai...', Array, true)
#7 /home/kulonpro/emailpns_private/app/Controllers/EmailAdmin.php(38): view('admin_list_emai...', Array)
#8 /home/kulonpro/emailpns_private/system/CodeIgniter.php(936): App\Controllers\EmailAdmin->index()
#9 /home/kulonpro/emailpns_private/system/CodeIgniter.php(432): CodeIgniter\CodeIgniter->runController(Object(App\Controllers\EmailAdmin))
#10 /home/kulonpro/emailpns_private/system/CodeIgniter.php(333): CodeIgniter\CodeIgniter->handleRequest(NULL, Object(Config\Cache), false)
#11 /home/kulonpro/public_html/emailpns/index.php(53): CodeIgniter\CodeIgniter->run()
#12 {main}
CRITICAL - 2021-04-20 23:41:30 --> Encrypter needs a starter key.
#0 /home/kulonpro/emailpns_private/system/Encryption/Encryption.php(143): CodeIgniter\Encryption\Exceptions\EncryptionException::forNeedsStarterKey()
#1 /home/kulonpro/emailpns_private/system/Config/Services.php(225): CodeIgniter\Encryption\Encryption->initialize(Object(Config\Encryption))
#2 /home/kulonpro/emailpns_private/system/Config/BaseService.php(171): CodeIgniter\Config\Services::encrypter()
#3 /home/kulonpro/emailpns_private/app/Views/admin_list_email.php(9): CodeIgniter\Config\BaseService::__callStatic('encrypter', Array)
#4 /home/kulonpro/emailpns_private/system/View/View.php(220): include('/home/kulonpro/...')
#5 /home/kulonpro/emailpns_private/system/View/View.php(222): CodeIgniter\View\View->CodeIgniter\View\{closure}()
#6 /home/kulonpro/emailpns_private/system/Common.php(1217): CodeIgniter\View\View->render('admin_list_emai...', Array, true)
#7 /home/kulonpro/emailpns_private/app/Controllers/EmailAdmin.php(38): view('admin_list_emai...', Array)
#8 /home/kulonpro/emailpns_private/system/CodeIgniter.php(936): App\Controllers\EmailAdmin->index()
#9 /home/kulonpro/emailpns_private/system/CodeIgniter.php(432): CodeIgniter\CodeIgniter->runController(Object(App\Controllers\EmailAdmin))
#10 /home/kulonpro/emailpns_private/system/CodeIgniter.php(333): CodeIgniter\CodeIgniter->handleRequest(NULL, Object(Config\Cache), false)
#11 /home/kulonpro/public_html/emailpns/index.php(53): CodeIgniter\CodeIgniter->run()
#12 {main}
CRITICAL - 2021-04-20 23:42:54 --> Encrypter needs a starter key.
#0 /home/kulonpro/emailpns_private/system/Encryption/Encryption.php(143): CodeIgniter\Encryption\Exceptions\EncryptionException::forNeedsStarterKey()
#1 /home/kulonpro/emailpns_private/system/Config/Services.php(225): CodeIgniter\Encryption\Encryption->initialize(Object(Config\Encryption))
#2 /home/kulonpro/emailpns_private/system/Config/BaseService.php(171): CodeIgniter\Config\Services::encrypter()
#3 /home/kulonpro/emailpns_private/app/Views/admin_list_email.php(9): CodeIgniter\Config\BaseService::__callStatic('encrypter', Array)
#4 /home/kulonpro/emailpns_private/system/View/View.php(220): include('/home/kulonpro/...')
#5 /home/kulonpro/emailpns_private/system/View/View.php(222): CodeIgniter\View\View->CodeIgniter\View\{closure}()
#6 /home/kulonpro/emailpns_private/system/Common.php(1217): CodeIgniter\View\View->render('admin_list_emai...', Array, true)
#7 /home/kulonpro/emailpns_private/app/Controllers/EmailAdmin.php(38): view('admin_list_emai...', Array)
#8 /home/kulonpro/emailpns_private/system/CodeIgniter.php(936): App\Controllers\EmailAdmin->index()
#9 /home/kulonpro/emailpns_private/system/CodeIgniter.php(432): CodeIgniter\CodeIgniter->runController(Object(App\Controllers\EmailAdmin))
#10 /home/kulonpro/emailpns_private/system/CodeIgniter.php(333): CodeIgniter\CodeIgniter->handleRequest(NULL, Object(Config\Cache), false)
#11 /home/kulonpro/public_html/emailpns/index.php(53): CodeIgniter\CodeIgniter->run()
#12 {main}
CRITICAL - 2021-04-20 23:47:26 --> Encrypter needs a starter key.
#0 /home/kulonpro/emailpns_private/system/Encryption/Encryption.php(143): CodeIgniter\Encryption\Exceptions\EncryptionException::forNeedsStarterKey()
#1 /home/kulonpro/emailpns_private/system/Config/Services.php(225): CodeIgniter\Encryption\Encryption->initialize(Object(Config\Encryption))
#2 /home/kulonpro/emailpns_private/system/Config/BaseService.php(171): CodeIgniter\Config\Services::encrypter()
#3 /home/kulonpro/emailpns_private/app/Views/admin_list_email.php(10): CodeIgniter\Config\BaseService::__callStatic('encrypter', Array)
#4 /home/kulonpro/emailpns_private/system/View/View.php(220): include('/home/kulonpro/...')
#5 /home/kulonpro/emailpns_private/system/View/View.php(222): CodeIgniter\View\View->CodeIgniter\View\{closure}()
#6 /home/kulonpro/emailpns_private/system/Common.php(1217): CodeIgniter\View\View->render('admin_list_emai...', Array, true)
#7 /home/kulonpro/emailpns_private/app/Controllers/EmailAdmin.php(38): view('admin_list_emai...', Array)
#8 /home/kulonpro/emailpns_private/system/CodeIgniter.php(936): App\Controllers\EmailAdmin->index()
#9 /home/kulonpro/emailpns_private/system/CodeIgniter.php(432): CodeIgniter\CodeIgniter->runController(Object(App\Controllers\EmailAdmin))
#10 /home/kulonpro/emailpns_private/system/CodeIgniter.php(333): CodeIgniter\CodeIgniter->handleRequest(NULL, Object(Config\Cache), false)
#11 /home/kulonpro/public_html/emailpns/index.php(53): CodeIgniter\CodeIgniter->run()
#12 {main}
CRITICAL - 2021-04-20 23:50:32 --> Undefined variable: encryption
#0 /home/kulonpro/emailpns_private/app/Views/admin_list_email.php(10): CodeIgniter\Debug\Exceptions->errorHandler(8, 'Undefined varia...', '/home/kulonpro/...', 10, Array)
#1 /home/kulonpro/emailpns_private/system/View/View.php(220): include('/home/kulonpro/...')
#2 /home/kulonpro/emailpns_private/system/View/View.php(222): CodeIgniter\View\View->CodeIgniter\View\{closure}()
#3 /home/kulonpro/emailpns_private/system/Common.php(1217): CodeIgniter\View\View->render('admin_list_emai...', Array, true)
#4 /home/kulonpro/emailpns_private/app/Controllers/EmailAdmin.php(38): view('admin_list_emai...', Array)
#5 /home/kulonpro/emailpns_private/system/CodeIgniter.php(936): App\Controllers\EmailAdmin->index()
#6 /home/kulonpro/emailpns_private/system/CodeIgniter.php(432): CodeIgniter\CodeIgniter->runController(Object(App\Controllers\EmailAdmin))
#7 /home/kulonpro/emailpns_private/system/CodeIgniter.php(333): CodeIgniter\CodeIgniter->handleRequest(NULL, Object(Config\Cache), false)
#8 /home/kulonpro/public_html/emailpns/index.php(53): CodeIgniter\CodeIgniter->run()
#9 {main}
CRITICAL - 2021-04-20 23:51:31 --> Encrypter needs a starter key.
#0 /home/kulonpro/emailpns_private/system/Encryption/Encryption.php(143): CodeIgniter\Encryption\Exceptions\EncryptionException::forNeedsStarterKey()
#1 /home/kulonpro/emailpns_private/system/Config/Services.php(225): CodeIgniter\Encryption\Encryption->initialize(Object(Config\Encryption))
#2 /home/kulonpro/emailpns_private/system/Config/BaseService.php(171): CodeIgniter\Config\Services::encrypter()
#3 /home/kulonpro/emailpns_private/app/Views/admin_list_email.php(11): CodeIgniter\Config\BaseService::__callStatic('encrypter', Array)
#4 /home/kulonpro/emailpns_private/system/View/View.php(220): include('/home/kulonpro/...')
#5 /home/kulonpro/emailpns_private/system/View/View.php(222): CodeIgniter\View\View->CodeIgniter\View\{closure}()
#6 /home/kulonpro/emailpns_private/system/Common.php(1217): CodeIgniter\View\View->render('admin_list_emai...', Array, true)
#7 /home/kulonpro/emailpns_private/app/Controllers/EmailAdmin.php(38): view('admin_list_emai...', Array)
#8 /home/kulonpro/emailpns_private/system/CodeIgniter.php(936): App\Controllers\EmailAdmin->index()
#9 /home/kulonpro/emailpns_private/system/CodeIgniter.php(432): CodeIgniter\CodeIgniter->runController(Object(App\Controllers\EmailAdmin))
#10 /home/kulonpro/emailpns_private/system/CodeIgniter.php(333): CodeIgniter\CodeIgniter->handleRequest(NULL, Object(Config\Cache), false)
#11 /home/kulonpro/public_html/emailpns/index.php(53): CodeIgniter\CodeIgniter->run()
#12 {main}
CRITICAL - 2021-04-20 23:58:40 --> Encrypter needs a starter key.
#0 /home/kulonpro/emailpns_private/system/Encryption/Encryption.php(143): CodeIgniter\Encryption\Exceptions\EncryptionException::forNeedsStarterKey()
#1 /home/kulonpro/emailpns_private/system/Config/Services.php(225): CodeIgniter\Encryption\Encryption->initialize(Object(Config\Encryption))
#2 /home/kulonpro/emailpns_private/system/Config/BaseService.php(171): CodeIgniter\Config\Services::encrypter()
#3 /home/kulonpro/emailpns_private/app/Views/admin_list_email.php(11): CodeIgniter\Config\BaseService::__callStatic('encrypter', Array)
#4 /home/kulonpro/emailpns_private/system/View/View.php(220): include('/home/kulonpro/...')
#5 /home/kulonpro/emailpns_private/system/View/View.php(222): CodeIgniter\View\View->CodeIgniter\View\{closure}()
#6 /home/kulonpro/emailpns_private/system/Common.php(1217): CodeIgniter\View\View->render('admin_list_emai...', Array, true)
#7 /home/kulonpro/emailpns_private/app/Controllers/EmailAdmin.php(38): view('admin_list_emai...', Array)
#8 /home/kulonpro/emailpns_private/system/CodeIgniter.php(936): App\Controllers\EmailAdmin->index()
#9 /home/kulonpro/emailpns_private/system/CodeIgniter.php(432): CodeIgniter\CodeIgniter->runController(Object(App\Controllers\EmailAdmin))
#10 /home/kulonpro/emailpns_private/system/CodeIgniter.php(333): CodeIgniter\CodeIgniter->handleRequest(NULL, Object(Config\Cache), false)
#11 /home/kulonpro/public_html/emailpns/index.php(53): CodeIgniter\CodeIgniter->run()
#12 {main}
CRITICAL - 2021-04-20 23:59:25 --> Undefined property: CodeIgniter\View\View::$encrypt
#0 /home/kulonpro/emailpns_private/app/Views/admin_list_email.php(35): CodeIgniter\Debug\Exceptions->errorHandler(8, 'Undefined prope...', '/home/kulonpro/...', 35, Array)
#1 /home/kulonpro/emailpns_private/system/View/View.php(220): include('/home/kulonpro/...')
#2 /home/kulonpro/emailpns_private/system/View/View.php(222): CodeIgniter\View\View->CodeIgniter\View\{closure}()
#3 /home/kulonpro/emailpns_private/system/Common.php(1217): CodeIgniter\View\View->render('admin_list_emai...', Array, true)
#4 /home/kulonpro/emailpns_private/app/Controllers/EmailAdmin.php(38): view('admin_list_emai...', Array)
#5 /home/kulonpro/emailpns_private/system/CodeIgniter.php(936): App\Controllers\EmailAdmin->index()
#6 /home/kulonpro/emailpns_private/system/CodeIgniter.php(432): CodeIgniter\CodeIgniter->runController(Object(App\Controllers\EmailAdmin))
#7 /home/kulonpro/emailpns_private/system/CodeIgniter.php(333): CodeIgniter\CodeIgniter->handleRequest(NULL, Object(Config\Cache), false)
#8 /home/kulonpro/public_html/emailpns/index.php(53): CodeIgniter\CodeIgniter->run()
#9 {main}
