CRITICAL - 2021-08-05 01:40:19 --> Undefined variable: golru
#0 D:\xampp7\htdocs\elayanan\app\Views\ViewRiwayatKGB.php(171): CodeIgniter\Debug\Exceptions->errorHandler(8, 'Undefined varia...', 'D:\\xampp7\\htdoc...', 171, Array)
#1 D:\xampp7\htdocs\elayanan\system\View\View.php(220): include('D:\\xampp7\\htdoc...')
#2 D:\xampp7\htdocs\elayanan\system\View\View.php(222): CodeIgniter\View\View->CodeIgniter\View\{closure}()
#3 D:\xampp7\htdocs\elayanan\system\Common.php(1217): CodeIgniter\View\View->render('ViewRiwayatKGB', Array, true)
#4 D:\xampp7\htdocs\elayanan\app\Controllers\ControllerHome.php(136): view('ViewRiwayatKGB', Array)
#5 D:\xampp7\htdocs\elayanan\system\CodeIgniter.php(936): App\Controllers\ControllerHome->LihatRiwayatKGB('aWlFeXRYZWt2V3d...')
#6 D:\xampp7\htdocs\elayanan\system\CodeIgniter.php(432): CodeIgniter\CodeIgniter->runController(Object(App\Controllers\ControllerHome))
#7 D:\xampp7\htdocs\elayanan\system\CodeIgniter.php(333): CodeIgniter\CodeIgniter->handleRequest(NULL, Object(Config\Cache), false)
#8 D:\xampp7\htdocs\elayanan\public\index.php(53): CodeIgniter\CodeIgniter->run()
#9 {main}
CRITICAL - 2021-08-05 01:43:30 --> Call to undefined function App\Controllers\pegawaiRiwayatGolru()
#0 D:\xampp7\htdocs\elayanan\system\CodeIgniter.php(936): App\Controllers\ControllerHome->LihatRiwayatKGB('aWlFeXRYZWt2V3d...')
#1 D:\xampp7\htdocs\elayanan\system\CodeIgniter.php(432): CodeIgniter\CodeIgniter->runController(Object(App\Controllers\ControllerHome))
#2 D:\xampp7\htdocs\elayanan\system\CodeIgniter.php(333): CodeIgniter\CodeIgniter->handleRequest(NULL, Object(Config\Cache), false)
#3 D:\xampp7\htdocs\elayanan\public\index.php(53): CodeIgniter\CodeIgniter->run()
#4 {main}
CRITICAL - 2021-08-05 01:45:42 --> Undefined variable: golru_baru
#0 D:\xampp7\htdocs\elayanan\app\Views\ViewRiwayatKGB.php(307): CodeIgniter\Debug\Exceptions->errorHandler(8, 'Undefined varia...', 'D:\\xampp7\\htdoc...', 307, Array)
#1 D:\xampp7\htdocs\elayanan\system\View\View.php(220): include('D:\\xampp7\\htdoc...')
#2 D:\xampp7\htdocs\elayanan\system\View\View.php(222): CodeIgniter\View\View->CodeIgniter\View\{closure}()
#3 D:\xampp7\htdocs\elayanan\system\Common.php(1217): CodeIgniter\View\View->render('ViewRiwayatKGB', Array, true)
#4 D:\xampp7\htdocs\elayanan\app\Controllers\ControllerHome.php(140): view('ViewRiwayatKGB', Array)
#5 D:\xampp7\htdocs\elayanan\system\CodeIgniter.php(936): App\Controllers\ControllerHome->LihatRiwayatKGB('aWlFeXRYZWt2V3d...')
#6 D:\xampp7\htdocs\elayanan\system\CodeIgniter.php(432): CodeIgniter\CodeIgniter->runController(Object(App\Controllers\ControllerHome))
#7 D:\xampp7\htdocs\elayanan\system\CodeIgniter.php(333): CodeIgniter\CodeIgniter->handleRequest(NULL, Object(Config\Cache), false)
#8 D:\xampp7\htdocs\elayanan\public\index.php(53): CodeIgniter\CodeIgniter->run()
#9 {main}
CRITICAL - 2021-08-05 01:50:18 --> Invalid argument supplied for foreach()
#0 D:\xampp7\htdocs\elayanan\app\Controllers\ControllerHome.php(136): CodeIgniter\Debug\Exceptions->errorHandler(2, 'Invalid argumen...', 'D:\\xampp7\\htdoc...', 136, Array)
#1 D:\xampp7\htdocs\elayanan\system\CodeIgniter.php(936): App\Controllers\ControllerHome->LihatRiwayatKGB('aWlFeXRYZWt2V3d...')
#2 D:\xampp7\htdocs\elayanan\system\CodeIgniter.php(432): CodeIgniter\CodeIgniter->runController(Object(App\Controllers\ControllerHome))
#3 D:\xampp7\htdocs\elayanan\system\CodeIgniter.php(333): CodeIgniter\CodeIgniter->handleRequest(NULL, Object(Config\Cache), false)
#4 D:\xampp7\htdocs\elayanan\public\index.php(53): CodeIgniter\CodeIgniter->run()
#5 {main}
CRITICAL - 2021-08-05 02:52:04 --> Call to undefined function url_setopt_array()
#0 D:\xampp7\htdocs\elayanan\app\Controllers\ControllerHome.php(142): pegawaiRiwayatJabatan('196905252008011...', '2021')
#1 D:\xampp7\htdocs\elayanan\system\CodeIgniter.php(936): App\Controllers\ControllerHome->LihatRiwayatKGB('aWlFeXRYZWt2V3d...')
#2 D:\xampp7\htdocs\elayanan\system\CodeIgniter.php(432): CodeIgniter\CodeIgniter->runController(Object(App\Controllers\ControllerHome))
#3 D:\xampp7\htdocs\elayanan\system\CodeIgniter.php(333): CodeIgniter\CodeIgniter->handleRequest(NULL, Object(Config\Cache), false)
#4 D:\xampp7\htdocs\elayanan\public\index.php(53): CodeIgniter\CodeIgniter->run()
#5 {main}
CRITICAL - 2021-08-05 02:53:35 --> Call to undefined function url_setopt_array()
#0 D:\xampp7\htdocs\elayanan\app\Controllers\ControllerHome.php(142): pegawaiRiwayatJabatan('196905252008011...', '2021')
#1 D:\xampp7\htdocs\elayanan\system\CodeIgniter.php(936): App\Controllers\ControllerHome->LihatRiwayatKGB('aWlFeXRYZWt2V3d...')
#2 D:\xampp7\htdocs\elayanan\system\CodeIgniter.php(432): CodeIgniter\CodeIgniter->runController(Object(App\Controllers\ControllerHome))
#3 D:\xampp7\htdocs\elayanan\system\CodeIgniter.php(333): CodeIgniter\CodeIgniter->handleRequest(NULL, Object(Config\Cache), false)
#4 D:\xampp7\htdocs\elayanan\public\index.php(53): CodeIgniter\CodeIgniter->run()
#5 {main}
CRITICAL - 2021-08-05 02:54:47 --> Call to undefined function App\Controllers\pegawaiRiwayatJabatan()
#0 D:\xampp7\htdocs\elayanan\system\CodeIgniter.php(936): App\Controllers\ControllerHome->LihatRiwayatKGB('aWlFeXRYZWt2V3d...')
#1 D:\xampp7\htdocs\elayanan\system\CodeIgniter.php(432): CodeIgniter\CodeIgniter->runController(Object(App\Controllers\ControllerHome))
#2 D:\xampp7\htdocs\elayanan\system\CodeIgniter.php(333): CodeIgniter\CodeIgniter->handleRequest(NULL, Object(Config\Cache), false)
#3 D:\xampp7\htdocs\elayanan\public\index.php(53): CodeIgniter\CodeIgniter->run()
#4 {main}
CRITICAL - 2021-08-05 02:58:33 --> Undefined offset: 0
#0 D:\xampp7\htdocs\elayanan\app\Controllers\ControllerHome.php(146): CodeIgniter\Debug\Exceptions->errorHandler(8, 'Undefined offse...', 'D:\\xampp7\\htdoc...', 146, Array)
#1 D:\xampp7\htdocs\elayanan\system\CodeIgniter.php(936): App\Controllers\ControllerHome->LihatRiwayatKGB('aWlFeXRYZWt2V3d...')
#2 D:\xampp7\htdocs\elayanan\system\CodeIgniter.php(432): CodeIgniter\CodeIgniter->runController(Object(App\Controllers\ControllerHome))
#3 D:\xampp7\htdocs\elayanan\system\CodeIgniter.php(333): CodeIgniter\CodeIgniter->handleRequest(NULL, Object(Config\Cache), false)
#4 D:\xampp7\htdocs\elayanan\public\index.php(53): CodeIgniter\CodeIgniter->run()
#5 {main}
CRITICAL - 2021-08-05 03:03:19 --> Invalid argument supplied for foreach()
#0 D:\xampp7\htdocs\elayanan\app\Controllers\ControllerHome.php(146): CodeIgniter\Debug\Exceptions->errorHandler(2, 'Invalid argumen...', 'D:\\xampp7\\htdoc...', 146, Array)
#1 D:\xampp7\htdocs\elayanan\system\CodeIgniter.php(936): App\Controllers\ControllerHome->LihatRiwayatKGB('aWlFeXRYZWt2V3d...')
#2 D:\xampp7\htdocs\elayanan\system\CodeIgniter.php(432): CodeIgniter\CodeIgniter->runController(Object(App\Controllers\ControllerHome))
#3 D:\xampp7\htdocs\elayanan\system\CodeIgniter.php(333): CodeIgniter\CodeIgniter->handleRequest(NULL, Object(Config\Cache), false)
#4 D:\xampp7\htdocs\elayanan\public\index.php(53): CodeIgniter\CodeIgniter->run()
#5 {main}
CRITICAL - 2021-08-05 03:04:02 --> Invalid argument supplied for foreach()
#0 D:\xampp7\htdocs\elayanan\app\Controllers\ControllerHome.php(147): CodeIgniter\Debug\Exceptions->errorHandler(2, 'Invalid argumen...', 'D:\\xampp7\\htdoc...', 147, Array)
#1 D:\xampp7\htdocs\elayanan\system\CodeIgniter.php(936): App\Controllers\ControllerHome->LihatRiwayatKGB('aWlFeXRYZWt2V3d...')
#2 D:\xampp7\htdocs\elayanan\system\CodeIgniter.php(432): CodeIgniter\CodeIgniter->runController(Object(App\Controllers\ControllerHome))
#3 D:\xampp7\htdocs\elayanan\system\CodeIgniter.php(333): CodeIgniter\CodeIgniter->handleRequest(NULL, Object(Config\Cache), false)
#4 D:\xampp7\htdocs\elayanan\public\index.php(53): CodeIgniter\CodeIgniter->run()
#5 {main}
CRITICAL - 2021-08-05 03:04:05 --> Invalid argument supplied for foreach()
#0 D:\xampp7\htdocs\elayanan\app\Controllers\ControllerHome.php(147): CodeIgniter\Debug\Exceptions->errorHandler(2, 'Invalid argumen...', 'D:\\xampp7\\htdoc...', 147, Array)
#1 D:\xampp7\htdocs\elayanan\system\CodeIgniter.php(936): App\Controllers\ControllerHome->LihatRiwayatKGB('aWlFeXRYZWt2V3d...')
#2 D:\xampp7\htdocs\elayanan\system\CodeIgniter.php(432): CodeIgniter\CodeIgniter->runController(Object(App\Controllers\ControllerHome))
#3 D:\xampp7\htdocs\elayanan\system\CodeIgniter.php(333): CodeIgniter\CodeIgniter->handleRequest(NULL, Object(Config\Cache), false)
#4 D:\xampp7\htdocs\elayanan\public\index.php(53): CodeIgniter\CodeIgniter->run()
#5 {main}
CRITICAL - 2021-08-05 03:05:18 --> Undefined variable: k
#0 D:\xampp7\htdocs\elayanan\app\Controllers\ControllerHome.php(148): CodeIgniter\Debug\Exceptions->errorHandler(8, 'Undefined varia...', 'D:\\xampp7\\htdoc...', 148, Array)
#1 D:\xampp7\htdocs\elayanan\system\CodeIgniter.php(936): App\Controllers\ControllerHome->LihatRiwayatKGB('aWlFeXRYZWt2V3d...')
#2 D:\xampp7\htdocs\elayanan\system\CodeIgniter.php(432): CodeIgniter\CodeIgniter->runController(Object(App\Controllers\ControllerHome))
#3 D:\xampp7\htdocs\elayanan\system\CodeIgniter.php(333): CodeIgniter\CodeIgniter->handleRequest(NULL, Object(Config\Cache), false)
#4 D:\xampp7\htdocs\elayanan\public\index.php(53): CodeIgniter\CodeIgniter->run()
#5 {main}
