CRITICAL - 2021-08-03 00:49:57 --> Illegal string offset 'nama'
#0 D:\xampp7\htdocs\elayanan\app\Views\ViewRiwayatKGB.php(22): CodeIgniter\Debug\Exceptions->errorHandler(2, 'Illegal string ...', 'D:\\xampp7\\htdoc...', 22, Array)
#1 D:\xampp7\htdocs\elayanan\system\View\View.php(220): include('D:\\xampp7\\htdoc...')
#2 D:\xampp7\htdocs\elayanan\system\View\View.php(222): CodeIgniter\View\View->CodeIgniter\View\{closure}()
#3 D:\xampp7\htdocs\elayanan\system\Common.php(1217): CodeIgniter\View\View->render('ViewRiwayatKGB', Array, true)
#4 D:\xampp7\htdocs\elayanan\app\Controllers\ControllerHome.php(145): view('ViewRiwayatKGB', Array)
#5 D:\xampp7\htdocs\elayanan\system\CodeIgniter.php(936): App\Controllers\ControllerHome->LihatRiwayatKGB('WTArRVZ5bExYaVZ...')
#6 D:\xampp7\htdocs\elayanan\system\CodeIgniter.php(432): CodeIgniter\CodeIgniter->runController(Object(App\Controllers\ControllerHome))
#7 D:\xampp7\htdocs\elayanan\system\CodeIgniter.php(333): CodeIgniter\CodeIgniter->handleRequest(NULL, Object(Config\Cache), false)
#8 D:\xampp7\htdocs\elayanan\public\index.php(53): CodeIgniter\CodeIgniter->run()
#9 {main}
CRITICAL - 2021-08-03 00:50:27 --> Illegal string offset 'nama'
#0 D:\xampp7\htdocs\elayanan\app\Views\ViewRiwayatKGB.php(22): CodeIgniter\Debug\Exceptions->errorHandler(2, 'Illegal string ...', 'D:\\xampp7\\htdoc...', 22, Array)
#1 D:\xampp7\htdocs\elayanan\system\View\View.php(220): include('D:\\xampp7\\htdoc...')
#2 D:\xampp7\htdocs\elayanan\system\View\View.php(222): CodeIgniter\View\View->CodeIgniter\View\{closure}()
#3 D:\xampp7\htdocs\elayanan\system\Common.php(1217): CodeIgniter\View\View->render('ViewRiwayatKGB', Array, true)
#4 D:\xampp7\htdocs\elayanan\app\Controllers\ControllerHome.php(145): view('ViewRiwayatKGB', Array)
#5 D:\xampp7\htdocs\elayanan\system\CodeIgniter.php(936): App\Controllers\ControllerHome->LihatRiwayatKGB('WTArRVZ5bExYaVZ...')
#6 D:\xampp7\htdocs\elayanan\system\CodeIgniter.php(432): CodeIgniter\CodeIgniter->runController(Object(App\Controllers\ControllerHome))
#7 D:\xampp7\htdocs\elayanan\system\CodeIgniter.php(333): CodeIgniter\CodeIgniter->handleRequest(NULL, Object(Config\Cache), false)
#8 D:\xampp7\htdocs\elayanan\public\index.php(53): CodeIgniter\CodeIgniter->run()
#9 {main}
CRITICAL - 2021-08-03 00:50:28 --> Illegal string offset 'nama'
#0 D:\xampp7\htdocs\elayanan\app\Views\ViewRiwayatKGB.php(22): CodeIgniter\Debug\Exceptions->errorHandler(2, 'Illegal string ...', 'D:\\xampp7\\htdoc...', 22, Array)
#1 D:\xampp7\htdocs\elayanan\system\View\View.php(220): include('D:\\xampp7\\htdoc...')
#2 D:\xampp7\htdocs\elayanan\system\View\View.php(222): CodeIgniter\View\View->CodeIgniter\View\{closure}()
#3 D:\xampp7\htdocs\elayanan\system\Common.php(1217): CodeIgniter\View\View->render('ViewRiwayatKGB', Array, true)
#4 D:\xampp7\htdocs\elayanan\app\Controllers\ControllerHome.php(145): view('ViewRiwayatKGB', Array)
#5 D:\xampp7\htdocs\elayanan\system\CodeIgniter.php(936): App\Controllers\ControllerHome->LihatRiwayatKGB('WTArRVZ5bExYaVZ...')
#6 D:\xampp7\htdocs\elayanan\system\CodeIgniter.php(432): CodeIgniter\CodeIgniter->runController(Object(App\Controllers\ControllerHome))
#7 D:\xampp7\htdocs\elayanan\system\CodeIgniter.php(333): CodeIgniter\CodeIgniter->handleRequest(NULL, Object(Config\Cache), false)
#8 D:\xampp7\htdocs\elayanan\public\index.php(53): CodeIgniter\CodeIgniter->run()
#9 {main}
CRITICAL - 2021-08-03 00:50:29 --> Illegal string offset 'nama'
#0 D:\xampp7\htdocs\elayanan\app\Views\ViewRiwayatKGB.php(22): CodeIgniter\Debug\Exceptions->errorHandler(2, 'Illegal string ...', 'D:\\xampp7\\htdoc...', 22, Array)
#1 D:\xampp7\htdocs\elayanan\system\View\View.php(220): include('D:\\xampp7\\htdoc...')
#2 D:\xampp7\htdocs\elayanan\system\View\View.php(222): CodeIgniter\View\View->CodeIgniter\View\{closure}()
#3 D:\xampp7\htdocs\elayanan\system\Common.php(1217): CodeIgniter\View\View->render('ViewRiwayatKGB', Array, true)
#4 D:\xampp7\htdocs\elayanan\app\Controllers\ControllerHome.php(145): view('ViewRiwayatKGB', Array)
#5 D:\xampp7\htdocs\elayanan\system\CodeIgniter.php(936): App\Controllers\ControllerHome->LihatRiwayatKGB('WTArRVZ5bExYaVZ...')
#6 D:\xampp7\htdocs\elayanan\system\CodeIgniter.php(432): CodeIgniter\CodeIgniter->runController(Object(App\Controllers\ControllerHome))
#7 D:\xampp7\htdocs\elayanan\system\CodeIgniter.php(333): CodeIgniter\CodeIgniter->handleRequest(NULL, Object(Config\Cache), false)
#8 D:\xampp7\htdocs\elayanan\public\index.php(53): CodeIgniter\CodeIgniter->run()
#9 {main}
ERROR - 2021-08-03 01:30:49 --> mysqli_sql_exception: Column 'nama' cannot be null in D:\xampp7\htdocs\elayanan\system\Database\MySQLi\Connection.php:314
Stack trace:
#0 D:\xampp7\htdocs\elayanan\system\Database\MySQLi\Connection.php(314): mysqli->query('INSERT INTO `ri...')
#1 D:\xampp7\htdocs\elayanan\system\Database\BaseConnection.php(713): CodeIgniter\Database\MySQLi\Connection->execute('INSERT INTO `ri...')
#2 D:\xampp7\htdocs\elayanan\system\Database\BaseConnection.php(641): CodeIgniter\Database\BaseConnection->simpleQuery('INSERT INTO `ri...')
#3 D:\xampp7\htdocs\elayanan\system\Database\BaseBuilder.php(2263): CodeIgniter\Database\BaseConnection->query('INSERT INTO `ri...', Array, false)
#4 D:\xampp7\htdocs\elayanan\system\Model.php(278): CodeIgniter\Database\BaseBuilder->insert()
#5 D:\xampp7\htdocs\elayanan\system\BaseModel.php(758): CodeIgniter\Model->doInsert(Array)
#6 D:\xampp7\htdocs\elayanan\system\Model.php(705): CodeIgniter\BaseModel->insert(Array, true)
#7 D:\xampp7\htdocs\elayanan\app\Controllers\ControllerHome.php(92): CodeIgniter\Model->insert(Array)
#8 D:\xampp7\htdocs\elayanan\system\CodeIgniter.php(936): App\Controllers\ControllerHome->LihatRiwayatKGB('THBEaDlIZmozR1Q...')
#9 D:\xampp7\htdocs\elayanan\system\CodeIgniter.php(432): CodeIgniter\CodeIgniter->runController(Object(App\Controllers\ControllerHome))
#10 D:\xampp7\htdocs\elayanan\system\CodeIgniter.php(333): CodeIgniter\CodeIgniter->handleRequest(NULL, Object(Config\Cache), false)
#11 D:\xampp7\htdocs\elayanan\public\index.php(53): CodeIgniter\CodeIgniter->run()
#12 {main}
CRITICAL - 2021-08-03 01:30:49 --> Column 'nama' cannot be null
#0 D:\xampp7\htdocs\elayanan\system\Database\MySQLi\Connection.php(314): mysqli->query('INSERT INTO `ri...')
#1 D:\xampp7\htdocs\elayanan\system\Database\BaseConnection.php(713): CodeIgniter\Database\MySQLi\Connection->execute('INSERT INTO `ri...')
#2 D:\xampp7\htdocs\elayanan\system\Database\BaseConnection.php(641): CodeIgniter\Database\BaseConnection->simpleQuery('INSERT INTO `ri...')
#3 D:\xampp7\htdocs\elayanan\system\Database\BaseBuilder.php(2263): CodeIgniter\Database\BaseConnection->query('INSERT INTO `ri...', Array, false)
#4 D:\xampp7\htdocs\elayanan\system\Model.php(278): CodeIgniter\Database\BaseBuilder->insert()
#5 D:\xampp7\htdocs\elayanan\system\BaseModel.php(758): CodeIgniter\Model->doInsert(Array)
#6 D:\xampp7\htdocs\elayanan\system\Model.php(705): CodeIgniter\BaseModel->insert(Array, true)
#7 D:\xampp7\htdocs\elayanan\app\Controllers\ControllerHome.php(92): CodeIgniter\Model->insert(Array)
#8 D:\xampp7\htdocs\elayanan\system\CodeIgniter.php(936): App\Controllers\ControllerHome->LihatRiwayatKGB('THBEaDlIZmozR1Q...')
#9 D:\xampp7\htdocs\elayanan\system\CodeIgniter.php(432): CodeIgniter\CodeIgniter->runController(Object(App\Controllers\ControllerHome))
#10 D:\xampp7\htdocs\elayanan\system\CodeIgniter.php(333): CodeIgniter\CodeIgniter->handleRequest(NULL, Object(Config\Cache), false)
#11 D:\xampp7\htdocs\elayanan\public\index.php(53): CodeIgniter\CodeIgniter->run()
#12 {main}
CRITICAL - 2021-08-03 01:48:07 --> syntax error, unexpected end of file, expecting function (T_FUNCTION) or const (T_CONST)
#0 D:\xampp7\htdocs\elayanan\system\Autoloader\Autoloader.php(265): CodeIgniter\Autoloader\Autoloader->includeFile('D:\\xampp7\\htdoc...')
#1 D:\xampp7\htdocs\elayanan\system\Autoloader\Autoloader.php(228): CodeIgniter\Autoloader\Autoloader->loadInNamespace('App\\Controllers...')
#2 [internal function]: CodeIgniter\Autoloader\Autoloader->loadClass('App\\Controllers...')
#3 [internal function]: spl_autoload_call('App\\Controllers...')
#4 D:\xampp7\htdocs\elayanan\system\CodeIgniter.php(893): class_exists('\\App\\Controller...', true)
#5 D:\xampp7\htdocs\elayanan\system\CodeIgniter.php(417): CodeIgniter\CodeIgniter->startController()
#6 D:\xampp7\htdocs\elayanan\system\CodeIgniter.php(333): CodeIgniter\CodeIgniter->handleRequest(NULL, Object(Config\Cache), false)
#7 D:\xampp7\htdocs\elayanan\public\index.php(53): CodeIgniter\CodeIgniter->run()
#8 {main}
CRITICAL - 2021-08-03 02:17:38 --> Undefined index: nip
#0 D:\xampp7\htdocs\elayanan\app\Controllers\ControllerHome.php(124): CodeIgniter\Debug\Exceptions->errorHandler(8, 'Undefined index...', 'D:\\xampp7\\htdoc...', 124, Array)
#1 D:\xampp7\htdocs\elayanan\system\CodeIgniter.php(936): App\Controllers\ControllerHome->LihatRiwayatKGB('MTl2VFZ5TVFsN1Z...')
#2 D:\xampp7\htdocs\elayanan\system\CodeIgniter.php(432): CodeIgniter\CodeIgniter->runController(Object(App\Controllers\ControllerHome))
#3 D:\xampp7\htdocs\elayanan\system\CodeIgniter.php(333): CodeIgniter\CodeIgniter->handleRequest(NULL, Object(Config\Cache), false)
#4 D:\xampp7\htdocs\elayanan\public\index.php(53): CodeIgniter\CodeIgniter->run()
#5 {main}
CRITICAL - 2021-08-03 02:25:01 --> Invalid argument supplied for foreach()
#0 D:\xampp7\htdocs\elayanan\app\Controllers\ControllerHome.php(113): CodeIgniter\Debug\Exceptions->errorHandler(2, 'Invalid argumen...', 'D:\\xampp7\\htdoc...', 113, Array)
#1 D:\xampp7\htdocs\elayanan\system\CodeIgniter.php(936): App\Controllers\ControllerHome->LihatRiwayatKGB('MTl2VFZ5TVFsN1Z...')
#2 D:\xampp7\htdocs\elayanan\system\CodeIgniter.php(432): CodeIgniter\CodeIgniter->runController(Object(App\Controllers\ControllerHome))
#3 D:\xampp7\htdocs\elayanan\system\CodeIgniter.php(333): CodeIgniter\CodeIgniter->handleRequest(NULL, Object(Config\Cache), false)
#4 D:\xampp7\htdocs\elayanan\public\index.php(53): CodeIgniter\CodeIgniter->run()
#5 {main}
CRITICAL - 2021-08-03 02:29:26 --> Array to string conversion
#0 D:\xampp7\htdocs\elayanan\app\Views\ViewRiwayatKGB.php(108): CodeIgniter\Debug\Exceptions->errorHandler(8, 'Array to string...', 'D:\\xampp7\\htdoc...', 108, Array)
#1 D:\xampp7\htdocs\elayanan\system\View\View.php(220): include('D:\\xampp7\\htdoc...')
#2 D:\xampp7\htdocs\elayanan\system\View\View.php(222): CodeIgniter\View\View->CodeIgniter\View\{closure}()
#3 D:\xampp7\htdocs\elayanan\system\Common.php(1217): CodeIgniter\View\View->render('ViewRiwayatKGB', Array, true)
#4 D:\xampp7\htdocs\elayanan\app\Controllers\ControllerHome.php(132): view('ViewRiwayatKGB', Array)
#5 D:\xampp7\htdocs\elayanan\system\CodeIgniter.php(936): App\Controllers\ControllerHome->LihatRiwayatKGB('MTl2VFZ5TVFsN1Z...')
#6 D:\xampp7\htdocs\elayanan\system\CodeIgniter.php(432): CodeIgniter\CodeIgniter->runController(Object(App\Controllers\ControllerHome))
#7 D:\xampp7\htdocs\elayanan\system\CodeIgniter.php(333): CodeIgniter\CodeIgniter->handleRequest(NULL, Object(Config\Cache), false)
#8 D:\xampp7\htdocs\elayanan\public\index.php(53): CodeIgniter\CodeIgniter->run()
#9 {main}
