CRITICAL - 2021-06-13 20:04:07 --> Call to undefined function form_open()
#0 D:\xampp7\private_html\skpci\system\View\View.php(220): include()
#1 D:\xampp7\private_html\skpci\system\View\View.php(222): CodeIgniter\View\View->CodeIgniter\View\{closure}()
#2 D:\xampp7\private_html\skpci\system\Common.php(1217): CodeIgniter\View\View->render('ViewTambahKTJ', Array, true)
#3 D:\xampp7\private_html\skpci\app\Controllers\ControllerSkpAdmin.php(289): view('ViewTambahKTJ', Array)
#4 D:\xampp7\private_html\skpci\system\CodeIgniter.php(936): App\Controllers\ControllerSkpAdmin->tambahKTJ('ajFYTVpwdEE3anA...')
#5 D:\xampp7\private_html\skpci\system\CodeIgniter.php(432): CodeIgniter\CodeIgniter->runController(Object(App\Controllers\ControllerSkpAdmin))
#6 D:\xampp7\private_html\skpci\system\CodeIgniter.php(333): CodeIgniter\CodeIgniter->handleRequest(NULL, Object(Config\Cache), false)
#7 D:\xampp7\htdocs\skpci\index.php(53): CodeIgniter\CodeIgniter->run()
#8 {main}
CRITICAL - 2021-06-13 20:26:57 --> syntax error, unexpected ''after'' (T_CONSTANT_ENCAPSED_STRING), expecting variable (T_VARIABLE)
#0 D:\xampp7\private_html\skpci\system\Autoloader\Autoloader.php(265): CodeIgniter\Autoloader\Autoloader->includeFile('D:\\xampp7\\priva...')
#1 D:\xampp7\private_html\skpci\system\Autoloader\Autoloader.php(228): CodeIgniter\Autoloader\Autoloader->loadInNamespace('Config\\Filters')
#2 [internal function]: CodeIgniter\Autoloader\Autoloader->loadClass('Config\\Filters')
#3 [internal function]: spl_autoload_call('Config\\Filters')
#4 D:\xampp7\private_html\skpci\system\Config\Factories.php(144): class_exists('Config\\Filters')
#5 D:\xampp7\private_html\skpci\system\Config\Factories.php(109): CodeIgniter\Config\Factories::locateClass(Array, 'Filters')
#6 D:\xampp7\private_html\skpci\system\Common.php(225): CodeIgniter\Config\Factories::__callStatic('config', Array)
#7 D:\xampp7\private_html\skpci\system\Config\Services.php(283): config('Filters')
#8 D:\xampp7\private_html\skpci\system\Config\BaseService.php(100): CodeIgniter\Config\Services::filters(NULL, false)
#9 D:\xampp7\private_html\skpci\system\Config\Services.php(280): CodeIgniter\Config\BaseService::getSharedInstance('filters', NULL)
#10 D:\xampp7\private_html\skpci\system\Config\BaseService.php(171): CodeIgniter\Config\Services::filters()
#11 D:\xampp7\private_html\skpci\system\CodeIgniter.php(388): CodeIgniter\Config\BaseService::__callStatic('filters', Array)
#12 D:\xampp7\private_html\skpci\system\CodeIgniter.php(333): CodeIgniter\CodeIgniter->handleRequest(NULL, Object(Config\Cache), false)
#13 D:\xampp7\htdocs\skpci\index.php(53): CodeIgniter\CodeIgniter->run()
#14 {main}
CRITICAL - 2021-06-13 20:27:17 --> syntax error, unexpected ''after'' (T_CONSTANT_ENCAPSED_STRING), expecting variable (T_VARIABLE)
#0 D:\xampp7\private_html\skpci\system\Autoloader\Autoloader.php(265): CodeIgniter\Autoloader\Autoloader->includeFile('D:\\xampp7\\priva...')
#1 D:\xampp7\private_html\skpci\system\Autoloader\Autoloader.php(228): CodeIgniter\Autoloader\Autoloader->loadInNamespace('Config\\Filters')
#2 [internal function]: CodeIgniter\Autoloader\Autoloader->loadClass('Config\\Filters')
#3 [internal function]: spl_autoload_call('Config\\Filters')
#4 D:\xampp7\private_html\skpci\system\Config\Factories.php(144): class_exists('Config\\Filters')
#5 D:\xampp7\private_html\skpci\system\Config\Factories.php(109): CodeIgniter\Config\Factories::locateClass(Array, 'Filters')
#6 D:\xampp7\private_html\skpci\system\Common.php(225): CodeIgniter\Config\Factories::__callStatic('config', Array)
#7 D:\xampp7\private_html\skpci\system\Config\Services.php(283): config('Filters')
#8 D:\xampp7\private_html\skpci\system\Config\BaseService.php(100): CodeIgniter\Config\Services::filters(NULL, false)
#9 D:\xampp7\private_html\skpci\system\Config\Services.php(280): CodeIgniter\Config\BaseService::getSharedInstance('filters', NULL)
#10 D:\xampp7\private_html\skpci\system\Config\BaseService.php(171): CodeIgniter\Config\Services::filters()
#11 D:\xampp7\private_html\skpci\system\CodeIgniter.php(388): CodeIgniter\Config\BaseService::__callStatic('filters', Array)
#12 D:\xampp7\private_html\skpci\system\CodeIgniter.php(333): CodeIgniter\CodeIgniter->handleRequest(NULL, Object(Config\Cache), false)
#13 D:\xampp7\htdocs\skpci\index.php(53): CodeIgniter\CodeIgniter->run()
#14 {main}
CRITICAL - 2021-06-13 22:15:59 --> Undefined index: tgl_setuju_draft
#0 D:\xampp7\private_html\skpci\app\Controllers\ControllerSkpAdmin.php(98): CodeIgniter\Debug\Exceptions->errorHandler(8, 'Undefined index...', 'D:\\xampp7\\priva...', 98, Array)
#1 D:\xampp7\private_html\skpci\system\CodeIgniter.php(936): App\Controllers\ControllerSkpAdmin->riwayatSKP()
#2 D:\xampp7\private_html\skpci\system\CodeIgniter.php(432): CodeIgniter\CodeIgniter->runController(Object(App\Controllers\ControllerSkpAdmin))
#3 D:\xampp7\private_html\skpci\system\CodeIgniter.php(333): CodeIgniter\CodeIgniter->handleRequest(NULL, Object(Config\Cache), false)
#4 D:\xampp7\htdocs\skpci\index.php(53): CodeIgniter\CodeIgniter->run()
#5 {main}
CRITICAL - 2021-06-13 22:17:14 --> Undefined variable: tgl_setuju_draft
#0 D:\xampp7\private_html\skpci\app\Views\ViewRiwayat.php(63): CodeIgniter\Debug\Exceptions->errorHandler(8, 'Undefined varia...', 'D:\\xampp7\\priva...', 63, Array)
#1 D:\xampp7\private_html\skpci\system\View\View.php(220): include('D:\\xampp7\\priva...')
#2 D:\xampp7\private_html\skpci\system\View\View.php(222): CodeIgniter\View\View->CodeIgniter\View\{closure}()
#3 D:\xampp7\private_html\skpci\system\Common.php(1217): CodeIgniter\View\View->render('ViewRiwayat', Array, true)
#4 D:\xampp7\private_html\skpci\app\Controllers\ControllerSkpAdmin.php(166): view('ViewRiwayat', Array)
#5 D:\xampp7\private_html\skpci\system\CodeIgniter.php(936): App\Controllers\ControllerSkpAdmin->riwayatSKP()
#6 D:\xampp7\private_html\skpci\system\CodeIgniter.php(432): CodeIgniter\CodeIgniter->runController(Object(App\Controllers\ControllerSkpAdmin))
#7 D:\xampp7\private_html\skpci\system\CodeIgniter.php(333): CodeIgniter\CodeIgniter->handleRequest(NULL, Object(Config\Cache), false)
#8 D:\xampp7\htdocs\skpci\index.php(53): CodeIgniter\CodeIgniter->run()
#9 {main}
CRITICAL - 2021-06-13 22:20:53 --> Call to undefined function form_open()
#0 D:\xampp7\private_html\skpci\system\View\View.php(220): include()
#1 D:\xampp7\private_html\skpci\system\View\View.php(222): CodeIgniter\View\View->CodeIgniter\View\{closure}()
#2 D:\xampp7\private_html\skpci\system\Common.php(1217): CodeIgniter\View\View->render('ViewTarget', Array, true)
#3 D:\xampp7\private_html\skpci\app\Controllers\ControllerSkpAdmin.php(189): view('ViewTarget', Array)
#4 D:\xampp7\private_html\skpci\system\CodeIgniter.php(936): App\Controllers\ControllerSkpAdmin->lihatTargetSKP('ajFYTVpwdEE3anA...')
#5 D:\xampp7\private_html\skpci\system\CodeIgniter.php(432): CodeIgniter\CodeIgniter->runController(Object(App\Controllers\ControllerSkpAdmin))
#6 D:\xampp7\private_html\skpci\system\CodeIgniter.php(333): CodeIgniter\CodeIgniter->handleRequest(NULL, Object(Config\Cache), false)
#7 D:\xampp7\htdocs\skpci\index.php(53): CodeIgniter\CodeIgniter->run()
#8 {main}
