CRITICAL - 2021-06-07 20:50:51 --> syntax error, unexpected '$key' (T_VARIABLE)
#0 D:\xampp7\private_html\skpci\system\Autoloader\Autoloader.php(265): CodeIgniter\Autoloader\Autoloader->includeFile('D:\\xampp7\\priva...')
#1 D:\xampp7\private_html\skpci\system\Autoloader\Autoloader.php(228): CodeIgniter\Autoloader\Autoloader->loadInNamespace('App\\Controllers...')
#2 [internal function]: CodeIgniter\Autoloader\Autoloader->loadClass('App\\Controllers...')
#3 [internal function]: spl_autoload_call('App\\Controllers...')
#4 D:\xampp7\private_html\skpci\system\CodeIgniter.php(893): class_exists('\\App\\Controller...', true)
#5 D:\xampp7\private_html\skpci\system\CodeIgniter.php(417): CodeIgniter\CodeIgniter->startController()
#6 D:\xampp7\private_html\skpci\system\CodeIgniter.php(333): CodeIgniter\CodeIgniter->handleRequest(NULL, Object(Config\Cache), false)
#7 D:\xampp7\htdocs\skpci\index.php(53): CodeIgniter\CodeIgniter->run()
#8 {main}
CRITICAL - 2021-06-07 20:51:10 --> Cannot declare class App\Models\ModelRiwayat, because the name is already in use
#0 [internal function]: CodeIgniter\Debug\Exceptions->shutdownHandler()
#1 {main}
CRITICAL - 2021-06-07 21:16:09 --> syntax error, unexpected ''" id="target_'' (T_CONSTANT_ENCAPSED_STRING), expecting ',' or ';'
#0 D:\xampp7\private_html\skpci\system\View\View.php(222): CodeIgniter\View\View->CodeIgniter\View\{closure}()
#1 D:\xampp7\private_html\skpci\system\Common.php(1217): CodeIgniter\View\View->render('admin_tambah_ta...', Array, true)
#2 D:\xampp7\private_html\skpci\app\Controllers\skpAdmin.php(220): view('admin_tambah_ta...', Array)
#3 D:\xampp7\private_html\skpci\system\CodeIgniter.php(936): App\Controllers\skpAdmin->tambahTargetSKP('WEE0ci9vSkJEZkg...')
#4 D:\xampp7\private_html\skpci\system\CodeIgniter.php(432): CodeIgniter\CodeIgniter->runController(Object(App\Controllers\skpAdmin))
#5 D:\xampp7\private_html\skpci\system\CodeIgniter.php(333): CodeIgniter\CodeIgniter->handleRequest(NULL, Object(Config\Cache), false)
#6 D:\xampp7\htdocs\skpci\index.php(53): CodeIgniter\CodeIgniter->run()
#7 {main}
CRITICAL - 2021-06-07 21:17:37 --> Undefined variable: satuan_waktu
#0 D:\xampp7\private_html\skpci\app\Views\admin_tambah_target.php(86): CodeIgniter\Debug\Exceptions->errorHandler(8, 'Undefined varia...', 'D:\\xampp7\\priva...', 86, Array)
#1 D:\xampp7\private_html\skpci\system\View\View.php(220): include('D:\\xampp7\\priva...')
#2 D:\xampp7\private_html\skpci\system\View\View.php(222): CodeIgniter\View\View->CodeIgniter\View\{closure}()
#3 D:\xampp7\private_html\skpci\system\Common.php(1217): CodeIgniter\View\View->render('admin_tambah_ta...', Array, true)
#4 D:\xampp7\private_html\skpci\app\Controllers\skpAdmin.php(220): view('admin_tambah_ta...', Array)
#5 D:\xampp7\private_html\skpci\system\CodeIgniter.php(936): App\Controllers\skpAdmin->tambahTargetSKP('WEE0ci9vSkJEZkg...')
#6 D:\xampp7\private_html\skpci\system\CodeIgniter.php(432): CodeIgniter\CodeIgniter->runController(Object(App\Controllers\skpAdmin))
#7 D:\xampp7\private_html\skpci\system\CodeIgniter.php(333): CodeIgniter\CodeIgniter->handleRequest(NULL, Object(Config\Cache), false)
#8 D:\xampp7\htdocs\skpci\index.php(53): CodeIgniter\CodeIgniter->run()
#9 {main}
CRITICAL - 2021-06-07 22:24:09 -->  route cannot be found while reverse-routing.
#0 D:\xampp7\private_html\skpci\system\HTTP\RedirectResponse.php(63): CodeIgniter\HTTP\Exceptions\HTTPException::forInvalidRedirectRoute('')
#1 D:\xampp7\private_html\skpci\system\Common.php(918): CodeIgniter\HTTP\RedirectResponse->route(false)
#2 D:\xampp7\private_html\skpci\app\Controllers\skpAdmin.php(211): redirect('/target/QnVja1Z...')
#3 D:\xampp7\private_html\skpci\system\CodeIgniter.php(936): App\Controllers\skpAdmin->tambahTargetSKP('QnVja1ZtSEtIVSt...')
#4 D:\xampp7\private_html\skpci\system\CodeIgniter.php(432): CodeIgniter\CodeIgniter->runController(Object(App\Controllers\skpAdmin))
#5 D:\xampp7\private_html\skpci\system\CodeIgniter.php(333): CodeIgniter\CodeIgniter->handleRequest(NULL, Object(Config\Cache), false)
#6 D:\xampp7\htdocs\skpci\index.php(53): CodeIgniter\CodeIgniter->run()
#7 {main}
ERROR - 2021-06-07 22:31:51 --> mysqli_sql_exception: Table 'sim_skpcidb.riwayat' doesn't exist in D:\xampp7\private_html\skpci\system\Database\MySQLi\Connection.php:314
Stack trace:
#0 D:\xampp7\private_html\skpci\system\Database\MySQLi\Connection.php(314): mysqli->query('SELECT *\nFROM `...')
#1 D:\xampp7\private_html\skpci\system\Database\BaseConnection.php(713): CodeIgniter\Database\MySQLi\Connection->execute('SELECT *\nFROM `...')
#2 D:\xampp7\private_html\skpci\system\Database\BaseConnection.php(641): CodeIgniter\Database\BaseConnection->simpleQuery('SELECT *\nFROM `...')
#3 D:\xampp7\private_html\skpci\system\Database\BaseBuilder.php(1866): CodeIgniter\Database\BaseConnection->query('SELECT *\nFROM `...', Array, false)
#4 D:\xampp7\private_html\skpci\system\Model.php(247): CodeIgniter\Database\BaseBuilder->get()
#5 D:\xampp7\private_html\skpci\system\BaseModel.php(624): CodeIgniter\Model->doFirst()
#6 D:\xampp7\private_html\skpci\app\Controllers\skpAdmin.php(93): CodeIgniter\BaseModel->first()
#7 D:\xampp7\private_html\skpci\system\CodeIgniter.php(936): App\Controllers\skpAdmin->riwayatJbt()
#8 D:\xampp7\private_html\skpci\system\CodeIgniter.php(432): CodeIgniter\CodeIgniter->runController(Object(App\Controllers\skpAdmin))
#9 D:\xampp7\private_html\skpci\system\CodeIgniter.php(333): CodeIgniter\CodeIgniter->handleRequest(NULL, Object(Config\Cache), false)
#10 D:\xampp7\htdocs\skpci\index.php(53): CodeIgniter\CodeIgniter->run()
#11 {main}
CRITICAL - 2021-06-07 22:31:51 --> Table 'sim_skpcidb.riwayat' doesn't exist
#0 D:\xampp7\private_html\skpci\system\Database\MySQLi\Connection.php(314): mysqli->query('SELECT *\nFROM `...')
#1 D:\xampp7\private_html\skpci\system\Database\BaseConnection.php(713): CodeIgniter\Database\MySQLi\Connection->execute('SELECT *\nFROM `...')
#2 D:\xampp7\private_html\skpci\system\Database\BaseConnection.php(641): CodeIgniter\Database\BaseConnection->simpleQuery('SELECT *\nFROM `...')
#3 D:\xampp7\private_html\skpci\system\Database\BaseBuilder.php(1866): CodeIgniter\Database\BaseConnection->query('SELECT *\nFROM `...', Array, false)
#4 D:\xampp7\private_html\skpci\system\Model.php(247): CodeIgniter\Database\BaseBuilder->get()
#5 D:\xampp7\private_html\skpci\system\BaseModel.php(624): CodeIgniter\Model->doFirst()
#6 D:\xampp7\private_html\skpci\app\Controllers\skpAdmin.php(93): CodeIgniter\BaseModel->first()
#7 D:\xampp7\private_html\skpci\system\CodeIgniter.php(936): App\Controllers\skpAdmin->riwayatJbt()
#8 D:\xampp7\private_html\skpci\system\CodeIgniter.php(432): CodeIgniter\CodeIgniter->runController(Object(App\Controllers\skpAdmin))
#9 D:\xampp7\private_html\skpci\system\CodeIgniter.php(333): CodeIgniter\CodeIgniter->handleRequest(NULL, Object(Config\Cache), false)
#10 D:\xampp7\htdocs\skpci\index.php(53): CodeIgniter\CodeIgniter->run()
#11 {main}
CRITICAL - 2021-06-07 22:35:23 --> Class 'App\Models\ModelTarget' not found
#0 D:\xampp7\private_html\skpci\system\CodeIgniter.php(936): App\Controllers\skpAdmin->lihatTargetSKP('cXR3UTMwcXpYdVN...')
#1 D:\xampp7\private_html\skpci\system\CodeIgniter.php(432): CodeIgniter\CodeIgniter->runController(Object(App\Controllers\skpAdmin))
#2 D:\xampp7\private_html\skpci\system\CodeIgniter.php(333): CodeIgniter\CodeIgniter->handleRequest(NULL, Object(Config\Cache), false)
#3 D:\xampp7\htdocs\skpci\index.php(53): CodeIgniter\CodeIgniter->run()
#4 {main}
CRITICAL - 2021-06-07 22:38:00 --> syntax error, unexpected '*'
#0 D:\xampp7\private_html\skpci\system\Autoloader\Autoloader.php(265): CodeIgniter\Autoloader\Autoloader->includeFile('D:\\xampp7\\priva...')
#1 D:\xampp7\private_html\skpci\system\Autoloader\Autoloader.php(228): CodeIgniter\Autoloader\Autoloader->loadInNamespace('App\\Controllers...')
#2 [internal function]: CodeIgniter\Autoloader\Autoloader->loadClass('App\\Controllers...')
#3 [internal function]: spl_autoload_call('App\\Controllers...')
#4 D:\xampp7\private_html\skpci\system\CodeIgniter.php(893): class_exists('\\App\\Controller...', true)
#5 D:\xampp7\private_html\skpci\system\CodeIgniter.php(417): CodeIgniter\CodeIgniter->startController()
#6 D:\xampp7\private_html\skpci\system\CodeIgniter.php(333): CodeIgniter\CodeIgniter->handleRequest(NULL, Object(Config\Cache), false)
#7 D:\xampp7\htdocs\skpci\index.php(53): CodeIgniter\CodeIgniter->run()
#8 {main}
ERROR - 2021-06-07 23:04:11 --> mysqli_sql_exception: Table 'sim_skpcidb.id_sat_output' doesn't exist in D:\xampp7\private_html\skpci\system\Database\MySQLi\Connection.php:314
Stack trace:
#0 D:\xampp7\private_html\skpci\system\Database\MySQLi\Connection.php(314): mysqli->query('SELECT *\nFROM `...')
#1 D:\xampp7\private_html\skpci\system\Database\BaseConnection.php(713): CodeIgniter\Database\MySQLi\Connection->execute('SELECT *\nFROM `...')
#2 D:\xampp7\private_html\skpci\system\Database\BaseConnection.php(641): CodeIgniter\Database\BaseConnection->simpleQuery('SELECT *\nFROM `...')
#3 D:\xampp7\private_html\skpci\system\Database\BaseBuilder.php(1866): CodeIgniter\Database\BaseConnection->query('SELECT *\nFROM `...', Array, false)
#4 D:\xampp7\private_html\skpci\system\Model.php(213): CodeIgniter\Database\BaseBuilder->get()
#5 D:\xampp7\private_html\skpci\system\BaseModel.php(583): CodeIgniter\Model->doFindAll(0, 0)
#6 D:\xampp7\private_html\skpci\app\Controllers\skpAdmin.php(267): CodeIgniter\BaseModel->findAll()
#7 D:\xampp7\private_html\skpci\system\CodeIgniter.php(936): App\Controllers\skpAdmin->tambahTargetSKP('cXR3UTMwcXpYdVN...')
#8 D:\xampp7\private_html\skpci\system\CodeIgniter.php(432): CodeIgniter\CodeIgniter->runController(Object(App\Controllers\skpAdmin))
#9 D:\xampp7\private_html\skpci\system\CodeIgniter.php(333): CodeIgniter\CodeIgniter->handleRequest(NULL, Object(Config\Cache), false)
#10 D:\xampp7\htdocs\skpci\index.php(53): CodeIgniter\CodeIgniter->run()
#11 {main}
CRITICAL - 2021-06-07 23:04:11 --> Table 'sim_skpcidb.id_sat_output' doesn't exist
#0 D:\xampp7\private_html\skpci\system\Database\MySQLi\Connection.php(314): mysqli->query('SELECT *\nFROM `...')
#1 D:\xampp7\private_html\skpci\system\Database\BaseConnection.php(713): CodeIgniter\Database\MySQLi\Connection->execute('SELECT *\nFROM `...')
#2 D:\xampp7\private_html\skpci\system\Database\BaseConnection.php(641): CodeIgniter\Database\BaseConnection->simpleQuery('SELECT *\nFROM `...')
#3 D:\xampp7\private_html\skpci\system\Database\BaseBuilder.php(1866): CodeIgniter\Database\BaseConnection->query('SELECT *\nFROM `...', Array, false)
#4 D:\xampp7\private_html\skpci\system\Model.php(213): CodeIgniter\Database\BaseBuilder->get()
#5 D:\xampp7\private_html\skpci\system\BaseModel.php(583): CodeIgniter\Model->doFindAll(0, 0)
#6 D:\xampp7\private_html\skpci\app\Controllers\skpAdmin.php(267): CodeIgniter\BaseModel->findAll()
#7 D:\xampp7\private_html\skpci\system\CodeIgniter.php(936): App\Controllers\skpAdmin->tambahTargetSKP('cXR3UTMwcXpYdVN...')
#8 D:\xampp7\private_html\skpci\system\CodeIgniter.php(432): CodeIgniter\CodeIgniter->runController(Object(App\Controllers\skpAdmin))
#9 D:\xampp7\private_html\skpci\system\CodeIgniter.php(333): CodeIgniter\CodeIgniter->handleRequest(NULL, Object(Config\Cache), false)
#10 D:\xampp7\htdocs\skpci\index.php(53): CodeIgniter\CodeIgniter->run()
#11 {main}
ERROR - 2021-06-07 23:17:02 --> mysqli_sql_exception: Unknown column 'riwayat' in 'where clause' in D:\xampp7\private_html\skpci\system\Database\MySQLi\Connection.php:314
Stack trace:
#0 D:\xampp7\private_html\skpci\system\Database\MySQLi\Connection.php(314): mysqli->query('SELECT *\nFROM `...')
#1 D:\xampp7\private_html\skpci\system\Database\BaseConnection.php(713): CodeIgniter\Database\MySQLi\Connection->execute('SELECT *\nFROM `...')
#2 D:\xampp7\private_html\skpci\system\Database\BaseConnection.php(641): CodeIgniter\Database\BaseConnection->simpleQuery('SELECT *\nFROM `...')
#3 D:\xampp7\private_html\skpci\system\Database\BaseBuilder.php(1866): CodeIgniter\Database\BaseConnection->query('SELECT *\nFROM `...', Array, false)
#4 D:\xampp7\private_html\skpci\system\Model.php(213): CodeIgniter\Database\BaseBuilder->get()
#5 D:\xampp7\private_html\skpci\system\BaseModel.php(583): CodeIgniter\Model->doFindAll(0, 0)
#6 D:\xampp7\private_html\skpci\app\Controllers\skpAdmin.php(184): CodeIgniter\BaseModel->findAll()
#7 D:\xampp7\private_html\skpci\system\CodeIgniter.php(936): App\Controllers\skpAdmin->lihatTargetSKP('cXR3UTMwcXpYdVN...')
#8 D:\xampp7\private_html\skpci\system\CodeIgniter.php(432): CodeIgniter\CodeIgniter->runController(Object(App\Controllers\skpAdmin))
#9 D:\xampp7\private_html\skpci\system\CodeIgniter.php(333): CodeIgniter\CodeIgniter->handleRequest(NULL, Object(Config\Cache), false)
#10 D:\xampp7\htdocs\skpci\index.php(53): CodeIgniter\CodeIgniter->run()
#11 {main}
CRITICAL - 2021-06-07 23:17:02 --> Unknown column 'riwayat' in 'where clause'
#0 D:\xampp7\private_html\skpci\system\Database\MySQLi\Connection.php(314): mysqli->query('SELECT *\nFROM `...')
#1 D:\xampp7\private_html\skpci\system\Database\BaseConnection.php(713): CodeIgniter\Database\MySQLi\Connection->execute('SELECT *\nFROM `...')
#2 D:\xampp7\private_html\skpci\system\Database\BaseConnection.php(641): CodeIgniter\Database\BaseConnection->simpleQuery('SELECT *\nFROM `...')
#3 D:\xampp7\private_html\skpci\system\Database\BaseBuilder.php(1866): CodeIgniter\Database\BaseConnection->query('SELECT *\nFROM `...', Array, false)
#4 D:\xampp7\private_html\skpci\system\Model.php(213): CodeIgniter\Database\BaseBuilder->get()
#5 D:\xampp7\private_html\skpci\system\BaseModel.php(583): CodeIgniter\Model->doFindAll(0, 0)
#6 D:\xampp7\private_html\skpci\app\Controllers\skpAdmin.php(184): CodeIgniter\BaseModel->findAll()
#7 D:\xampp7\private_html\skpci\system\CodeIgniter.php(936): App\Controllers\skpAdmin->lihatTargetSKP('cXR3UTMwcXpYdVN...')
#8 D:\xampp7\private_html\skpci\system\CodeIgniter.php(432): CodeIgniter\CodeIgniter->runController(Object(App\Controllers\skpAdmin))
#9 D:\xampp7\private_html\skpci\system\CodeIgniter.php(333): CodeIgniter\CodeIgniter->handleRequest(NULL, Object(Config\Cache), false)
#10 D:\xampp7\htdocs\skpci\index.php(53): CodeIgniter\CodeIgniter->run()
#11 {main}
ERROR - 2021-06-07 23:18:56 --> mysqli_sql_exception: Column 'ktj_atasan' cannot be null in D:\xampp7\private_html\skpci\system\Database\MySQLi\Connection.php:314
Stack trace:
#0 D:\xampp7\private_html\skpci\system\Database\MySQLi\Connection.php(314): mysqli->query('INSERT INTO `kt...')
#1 D:\xampp7\private_html\skpci\system\Database\BaseConnection.php(713): CodeIgniter\Database\MySQLi\Connection->execute('INSERT INTO `kt...')
#2 D:\xampp7\private_html\skpci\system\Database\BaseConnection.php(641): CodeIgniter\Database\BaseConnection->simpleQuery('INSERT INTO `kt...')
#3 D:\xampp7\private_html\skpci\system\Database\BaseBuilder.php(2263): CodeIgniter\Database\BaseConnection->query('INSERT INTO `kt...', Array, false)
#4 D:\xampp7\private_html\skpci\system\Model.php(278): CodeIgniter\Database\BaseBuilder->insert()
#5 D:\xampp7\private_html\skpci\system\BaseModel.php(758): CodeIgniter\Model->doInsert(Array)
#6 D:\xampp7\private_html\skpci\system\Model.php(705): CodeIgniter\BaseModel->insert(Array, true)
#7 D:\xampp7\private_html\skpci\app\Controllers\skpAdmin.php(216): CodeIgniter\Model->insert(Array)
#8 D:\xampp7\private_html\skpci\system\CodeIgniter.php(936): App\Controllers\skpAdmin->tambahTargetSKP('cXR3UTMwcXpYdVN...')
#9 D:\xampp7\private_html\skpci\system\CodeIgniter.php(432): CodeIgniter\CodeIgniter->runController(Object(App\Controllers\skpAdmin))
#10 D:\xampp7\private_html\skpci\system\CodeIgniter.php(333): CodeIgniter\CodeIgniter->handleRequest(NULL, Object(Config\Cache), false)
#11 D:\xampp7\htdocs\skpci\index.php(53): CodeIgniter\CodeIgniter->run()
#12 {main}
CRITICAL - 2021-06-07 23:18:56 --> Column 'ktj_atasan' cannot be null
#0 D:\xampp7\private_html\skpci\system\Database\MySQLi\Connection.php(314): mysqli->query('INSERT INTO `kt...')
#1 D:\xampp7\private_html\skpci\system\Database\BaseConnection.php(713): CodeIgniter\Database\MySQLi\Connection->execute('INSERT INTO `kt...')
#2 D:\xampp7\private_html\skpci\system\Database\BaseConnection.php(641): CodeIgniter\Database\BaseConnection->simpleQuery('INSERT INTO `kt...')
#3 D:\xampp7\private_html\skpci\system\Database\BaseBuilder.php(2263): CodeIgniter\Database\BaseConnection->query('INSERT INTO `kt...', Array, false)
#4 D:\xampp7\private_html\skpci\system\Model.php(278): CodeIgniter\Database\BaseBuilder->insert()
#5 D:\xampp7\private_html\skpci\system\BaseModel.php(758): CodeIgniter\Model->doInsert(Array)
#6 D:\xampp7\private_html\skpci\system\Model.php(705): CodeIgniter\BaseModel->insert(Array, true)
#7 D:\xampp7\private_html\skpci\app\Controllers\skpAdmin.php(216): CodeIgniter\Model->insert(Array)
#8 D:\xampp7\private_html\skpci\system\CodeIgniter.php(936): App\Controllers\skpAdmin->tambahTargetSKP('cXR3UTMwcXpYdVN...')
#9 D:\xampp7\private_html\skpci\system\CodeIgniter.php(432): CodeIgniter\CodeIgniter->runController(Object(App\Controllers\skpAdmin))
#10 D:\xampp7\private_html\skpci\system\CodeIgniter.php(333): CodeIgniter\CodeIgniter->handleRequest(NULL, Object(Config\Cache), false)
#11 D:\xampp7\htdocs\skpci\index.php(53): CodeIgniter\CodeIgniter->run()
#12 {main}
ERROR - 2021-06-07 23:21:36 --> mysqli_sql_exception: Column 'ktj_atasan' cannot be null in D:\xampp7\private_html\skpci\system\Database\MySQLi\Connection.php:314
Stack trace:
#0 D:\xampp7\private_html\skpci\system\Database\MySQLi\Connection.php(314): mysqli->query('INSERT INTO `kt...')
#1 D:\xampp7\private_html\skpci\system\Database\BaseConnection.php(713): CodeIgniter\Database\MySQLi\Connection->execute('INSERT INTO `kt...')
#2 D:\xampp7\private_html\skpci\system\Database\BaseConnection.php(641): CodeIgniter\Database\BaseConnection->simpleQuery('INSERT INTO `kt...')
#3 D:\xampp7\private_html\skpci\system\Database\BaseBuilder.php(2263): CodeIgniter\Database\BaseConnection->query('INSERT INTO `kt...', Array, false)
#4 D:\xampp7\private_html\skpci\system\Model.php(278): CodeIgniter\Database\BaseBuilder->insert()
#5 D:\xampp7\private_html\skpci\system\BaseModel.php(758): CodeIgniter\Model->doInsert(Array)
#6 D:\xampp7\private_html\skpci\system\Model.php(705): CodeIgniter\BaseModel->insert(Array, true)
#7 D:\xampp7\private_html\skpci\app\Controllers\skpAdmin.php(216): CodeIgniter\Model->insert(Array)
#8 D:\xampp7\private_html\skpci\system\CodeIgniter.php(936): App\Controllers\skpAdmin->tambahTargetSKP('cXR3UTMwcXpYdVN...')
#9 D:\xampp7\private_html\skpci\system\CodeIgniter.php(432): CodeIgniter\CodeIgniter->runController(Object(App\Controllers\skpAdmin))
#10 D:\xampp7\private_html\skpci\system\CodeIgniter.php(333): CodeIgniter\CodeIgniter->handleRequest(NULL, Object(Config\Cache), false)
#11 D:\xampp7\htdocs\skpci\index.php(53): CodeIgniter\CodeIgniter->run()
#12 {main}
CRITICAL - 2021-06-07 23:21:36 --> Column 'ktj_atasan' cannot be null
#0 D:\xampp7\private_html\skpci\system\Database\MySQLi\Connection.php(314): mysqli->query('INSERT INTO `kt...')
#1 D:\xampp7\private_html\skpci\system\Database\BaseConnection.php(713): CodeIgniter\Database\MySQLi\Connection->execute('INSERT INTO `kt...')
#2 D:\xampp7\private_html\skpci\system\Database\BaseConnection.php(641): CodeIgniter\Database\BaseConnection->simpleQuery('INSERT INTO `kt...')
#3 D:\xampp7\private_html\skpci\system\Database\BaseBuilder.php(2263): CodeIgniter\Database\BaseConnection->query('INSERT INTO `kt...', Array, false)
#4 D:\xampp7\private_html\skpci\system\Model.php(278): CodeIgniter\Database\BaseBuilder->insert()
#5 D:\xampp7\private_html\skpci\system\BaseModel.php(758): CodeIgniter\Model->doInsert(Array)
#6 D:\xampp7\private_html\skpci\system\Model.php(705): CodeIgniter\BaseModel->insert(Array, true)
#7 D:\xampp7\private_html\skpci\app\Controllers\skpAdmin.php(216): CodeIgniter\Model->insert(Array)
#8 D:\xampp7\private_html\skpci\system\CodeIgniter.php(936): App\Controllers\skpAdmin->tambahTargetSKP('cXR3UTMwcXpYdVN...')
#9 D:\xampp7\private_html\skpci\system\CodeIgniter.php(432): CodeIgniter\CodeIgniter->runController(Object(App\Controllers\skpAdmin))
#10 D:\xampp7\private_html\skpci\system\CodeIgniter.php(333): CodeIgniter\CodeIgniter->handleRequest(NULL, Object(Config\Cache), false)
#11 D:\xampp7\htdocs\skpci\index.php(53): CodeIgniter\CodeIgniter->run()
#12 {main}
ERROR - 2021-06-07 23:21:59 --> mysqli_sql_exception: Column 'ktj_atasan' cannot be null in D:\xampp7\private_html\skpci\system\Database\MySQLi\Connection.php:314
Stack trace:
#0 D:\xampp7\private_html\skpci\system\Database\MySQLi\Connection.php(314): mysqli->query('INSERT INTO `kt...')
#1 D:\xampp7\private_html\skpci\system\Database\BaseConnection.php(713): CodeIgniter\Database\MySQLi\Connection->execute('INSERT INTO `kt...')
#2 D:\xampp7\private_html\skpci\system\Database\BaseConnection.php(641): CodeIgniter\Database\BaseConnection->simpleQuery('INSERT INTO `kt...')
#3 D:\xampp7\private_html\skpci\system\Database\BaseBuilder.php(2263): CodeIgniter\Database\BaseConnection->query('INSERT INTO `kt...', Array, false)
#4 D:\xampp7\private_html\skpci\system\Model.php(278): CodeIgniter\Database\BaseBuilder->insert()
#5 D:\xampp7\private_html\skpci\system\BaseModel.php(758): CodeIgniter\Model->doInsert(Array)
#6 D:\xampp7\private_html\skpci\system\Model.php(705): CodeIgniter\BaseModel->insert(Array, true)
#7 D:\xampp7\private_html\skpci\app\Controllers\skpAdmin.php(216): CodeIgniter\Model->insert(Array)
#8 D:\xampp7\private_html\skpci\system\CodeIgniter.php(936): App\Controllers\skpAdmin->tambahTargetSKP('cXR3UTMwcXpYdVN...')
#9 D:\xampp7\private_html\skpci\system\CodeIgniter.php(432): CodeIgniter\CodeIgniter->runController(Object(App\Controllers\skpAdmin))
#10 D:\xampp7\private_html\skpci\system\CodeIgniter.php(333): CodeIgniter\CodeIgniter->handleRequest(NULL, Object(Config\Cache), false)
#11 D:\xampp7\htdocs\skpci\index.php(53): CodeIgniter\CodeIgniter->run()
#12 {main}
CRITICAL - 2021-06-07 23:21:59 --> Column 'ktj_atasan' cannot be null
#0 D:\xampp7\private_html\skpci\system\Database\MySQLi\Connection.php(314): mysqli->query('INSERT INTO `kt...')
#1 D:\xampp7\private_html\skpci\system\Database\BaseConnection.php(713): CodeIgniter\Database\MySQLi\Connection->execute('INSERT INTO `kt...')
#2 D:\xampp7\private_html\skpci\system\Database\BaseConnection.php(641): CodeIgniter\Database\BaseConnection->simpleQuery('INSERT INTO `kt...')
#3 D:\xampp7\private_html\skpci\system\Database\BaseBuilder.php(2263): CodeIgniter\Database\BaseConnection->query('INSERT INTO `kt...', Array, false)
#4 D:\xampp7\private_html\skpci\system\Model.php(278): CodeIgniter\Database\BaseBuilder->insert()
#5 D:\xampp7\private_html\skpci\system\BaseModel.php(758): CodeIgniter\Model->doInsert(Array)
#6 D:\xampp7\private_html\skpci\system\Model.php(705): CodeIgniter\BaseModel->insert(Array, true)
#7 D:\xampp7\private_html\skpci\app\Controllers\skpAdmin.php(216): CodeIgniter\Model->insert(Array)
#8 D:\xampp7\private_html\skpci\system\CodeIgniter.php(936): App\Controllers\skpAdmin->tambahTargetSKP('cXR3UTMwcXpYdVN...')
#9 D:\xampp7\private_html\skpci\system\CodeIgniter.php(432): CodeIgniter\CodeIgniter->runController(Object(App\Controllers\skpAdmin))
#10 D:\xampp7\private_html\skpci\system\CodeIgniter.php(333): CodeIgniter\CodeIgniter->handleRequest(NULL, Object(Config\Cache), false)
#11 D:\xampp7\htdocs\skpci\index.php(53): CodeIgniter\CodeIgniter->run()
#12 {main}
ERROR - 2021-06-07 23:24:55 --> mysqli_sql_exception: Column 'ktj' cannot be null in D:\xampp7\private_html\skpci\system\Database\MySQLi\Connection.php:314
Stack trace:
#0 D:\xampp7\private_html\skpci\system\Database\MySQLi\Connection.php(314): mysqli->query('INSERT INTO `kt...')
#1 D:\xampp7\private_html\skpci\system\Database\BaseConnection.php(713): CodeIgniter\Database\MySQLi\Connection->execute('INSERT INTO `kt...')
#2 D:\xampp7\private_html\skpci\system\Database\BaseConnection.php(641): CodeIgniter\Database\BaseConnection->simpleQuery('INSERT INTO `kt...')
#3 D:\xampp7\private_html\skpci\system\Database\BaseBuilder.php(2263): CodeIgniter\Database\BaseConnection->query('INSERT INTO `kt...', Array, false)
#4 D:\xampp7\private_html\skpci\system\Model.php(278): CodeIgniter\Database\BaseBuilder->insert()
#5 D:\xampp7\private_html\skpci\system\BaseModel.php(758): CodeIgniter\Model->doInsert(Array)
#6 D:\xampp7\private_html\skpci\system\Model.php(705): CodeIgniter\BaseModel->insert(Array, true)
#7 D:\xampp7\private_html\skpci\app\Controllers\skpAdmin.php(216): CodeIgniter\Model->insert(Array)
#8 D:\xampp7\private_html\skpci\system\CodeIgniter.php(936): App\Controllers\skpAdmin->tambahTargetSKP('cXR3UTMwcXpYdVN...')
#9 D:\xampp7\private_html\skpci\system\CodeIgniter.php(432): CodeIgniter\CodeIgniter->runController(Object(App\Controllers\skpAdmin))
#10 D:\xampp7\private_html\skpci\system\CodeIgniter.php(333): CodeIgniter\CodeIgniter->handleRequest(NULL, Object(Config\Cache), false)
#11 D:\xampp7\htdocs\skpci\index.php(53): CodeIgniter\CodeIgniter->run()
#12 {main}
CRITICAL - 2021-06-07 23:24:55 --> Column 'ktj' cannot be null
#0 D:\xampp7\private_html\skpci\system\Database\MySQLi\Connection.php(314): mysqli->query('INSERT INTO `kt...')
#1 D:\xampp7\private_html\skpci\system\Database\BaseConnection.php(713): CodeIgniter\Database\MySQLi\Connection->execute('INSERT INTO `kt...')
#2 D:\xampp7\private_html\skpci\system\Database\BaseConnection.php(641): CodeIgniter\Database\BaseConnection->simpleQuery('INSERT INTO `kt...')
#3 D:\xampp7\private_html\skpci\system\Database\BaseBuilder.php(2263): CodeIgniter\Database\BaseConnection->query('INSERT INTO `kt...', Array, false)
#4 D:\xampp7\private_html\skpci\system\Model.php(278): CodeIgniter\Database\BaseBuilder->insert()
#5 D:\xampp7\private_html\skpci\system\BaseModel.php(758): CodeIgniter\Model->doInsert(Array)
#6 D:\xampp7\private_html\skpci\system\Model.php(705): CodeIgniter\BaseModel->insert(Array, true)
#7 D:\xampp7\private_html\skpci\app\Controllers\skpAdmin.php(216): CodeIgniter\Model->insert(Array)
#8 D:\xampp7\private_html\skpci\system\CodeIgniter.php(936): App\Controllers\skpAdmin->tambahTargetSKP('cXR3UTMwcXpYdVN...')
#9 D:\xampp7\private_html\skpci\system\CodeIgniter.php(432): CodeIgniter\CodeIgniter->runController(Object(App\Controllers\skpAdmin))
#10 D:\xampp7\private_html\skpci\system\CodeIgniter.php(333): CodeIgniter\CodeIgniter->handleRequest(NULL, Object(Config\Cache), false)
#11 D:\xampp7\htdocs\skpci\index.php(53): CodeIgniter\CodeIgniter->run()
#12 {main}
ERROR - 2021-06-07 23:25:45 --> mysqli_sql_exception: Column 'ak' cannot be null in D:\xampp7\private_html\skpci\system\Database\MySQLi\Connection.php:314
Stack trace:
#0 D:\xampp7\private_html\skpci\system\Database\MySQLi\Connection.php(314): mysqli->query('INSERT INTO `kt...')
#1 D:\xampp7\private_html\skpci\system\Database\BaseConnection.php(713): CodeIgniter\Database\MySQLi\Connection->execute('INSERT INTO `kt...')
#2 D:\xampp7\private_html\skpci\system\Database\BaseConnection.php(641): CodeIgniter\Database\BaseConnection->simpleQuery('INSERT INTO `kt...')
#3 D:\xampp7\private_html\skpci\system\Database\BaseBuilder.php(2263): CodeIgniter\Database\BaseConnection->query('INSERT INTO `kt...', Array, false)
#4 D:\xampp7\private_html\skpci\system\Model.php(278): CodeIgniter\Database\BaseBuilder->insert()
#5 D:\xampp7\private_html\skpci\system\BaseModel.php(758): CodeIgniter\Model->doInsert(Array)
#6 D:\xampp7\private_html\skpci\system\Model.php(705): CodeIgniter\BaseModel->insert(Array, true)
#7 D:\xampp7\private_html\skpci\app\Controllers\skpAdmin.php(216): CodeIgniter\Model->insert(Array)
#8 D:\xampp7\private_html\skpci\system\CodeIgniter.php(936): App\Controllers\skpAdmin->tambahTargetSKP('cXR3UTMwcXpYdVN...')
#9 D:\xampp7\private_html\skpci\system\CodeIgniter.php(432): CodeIgniter\CodeIgniter->runController(Object(App\Controllers\skpAdmin))
#10 D:\xampp7\private_html\skpci\system\CodeIgniter.php(333): CodeIgniter\CodeIgniter->handleRequest(NULL, Object(Config\Cache), false)
#11 D:\xampp7\htdocs\skpci\index.php(53): CodeIgniter\CodeIgniter->run()
#12 {main}
CRITICAL - 2021-06-07 23:25:45 --> Column 'ak' cannot be null
#0 D:\xampp7\private_html\skpci\system\Database\MySQLi\Connection.php(314): mysqli->query('INSERT INTO `kt...')
#1 D:\xampp7\private_html\skpci\system\Database\BaseConnection.php(713): CodeIgniter\Database\MySQLi\Connection->execute('INSERT INTO `kt...')
#2 D:\xampp7\private_html\skpci\system\Database\BaseConnection.php(641): CodeIgniter\Database\BaseConnection->simpleQuery('INSERT INTO `kt...')
#3 D:\xampp7\private_html\skpci\system\Database\BaseBuilder.php(2263): CodeIgniter\Database\BaseConnection->query('INSERT INTO `kt...', Array, false)
#4 D:\xampp7\private_html\skpci\system\Model.php(278): CodeIgniter\Database\BaseBuilder->insert()
#5 D:\xampp7\private_html\skpci\system\BaseModel.php(758): CodeIgniter\Model->doInsert(Array)
#6 D:\xampp7\private_html\skpci\system\Model.php(705): CodeIgniter\BaseModel->insert(Array, true)
#7 D:\xampp7\private_html\skpci\app\Controllers\skpAdmin.php(216): CodeIgniter\Model->insert(Array)
#8 D:\xampp7\private_html\skpci\system\CodeIgniter.php(936): App\Controllers\skpAdmin->tambahTargetSKP('cXR3UTMwcXpYdVN...')
#9 D:\xampp7\private_html\skpci\system\CodeIgniter.php(432): CodeIgniter\CodeIgniter->runController(Object(App\Controllers\skpAdmin))
#10 D:\xampp7\private_html\skpci\system\CodeIgniter.php(333): CodeIgniter\CodeIgniter->handleRequest(NULL, Object(Config\Cache), false)
#11 D:\xampp7\htdocs\skpci\index.php(53): CodeIgniter\CodeIgniter->run()
#12 {main}
ERROR - 2021-06-07 23:28:47 --> mysqli_sql_exception: Column 'ak' cannot be null in D:\xampp7\private_html\skpci\system\Database\MySQLi\Connection.php:314
Stack trace:
#0 D:\xampp7\private_html\skpci\system\Database\MySQLi\Connection.php(314): mysqli->query('INSERT INTO `kt...')
#1 D:\xampp7\private_html\skpci\system\Database\BaseConnection.php(713): CodeIgniter\Database\MySQLi\Connection->execute('INSERT INTO `kt...')
#2 D:\xampp7\private_html\skpci\system\Database\BaseConnection.php(641): CodeIgniter\Database\BaseConnection->simpleQuery('INSERT INTO `kt...')
#3 D:\xampp7\private_html\skpci\system\Database\BaseBuilder.php(2263): CodeIgniter\Database\BaseConnection->query('INSERT INTO `kt...', Array, false)
#4 D:\xampp7\private_html\skpci\system\Model.php(278): CodeIgniter\Database\BaseBuilder->insert()
#5 D:\xampp7\private_html\skpci\system\BaseModel.php(758): CodeIgniter\Model->doInsert(Array)
#6 D:\xampp7\private_html\skpci\system\Model.php(705): CodeIgniter\BaseModel->insert(Array, true)
#7 D:\xampp7\private_html\skpci\app\Controllers\skpAdmin.php(216): CodeIgniter\Model->insert(Array)
#8 D:\xampp7\private_html\skpci\system\CodeIgniter.php(936): App\Controllers\skpAdmin->tambahTargetSKP('cXR3UTMwcXpYdVN...')
#9 D:\xampp7\private_html\skpci\system\CodeIgniter.php(432): CodeIgniter\CodeIgniter->runController(Object(App\Controllers\skpAdmin))
#10 D:\xampp7\private_html\skpci\system\CodeIgniter.php(333): CodeIgniter\CodeIgniter->handleRequest(NULL, Object(Config\Cache), false)
#11 D:\xampp7\htdocs\skpci\index.php(53): CodeIgniter\CodeIgniter->run()
#12 {main}
CRITICAL - 2021-06-07 23:28:47 --> Column 'ak' cannot be null
#0 D:\xampp7\private_html\skpci\system\Database\MySQLi\Connection.php(314): mysqli->query('INSERT INTO `kt...')
#1 D:\xampp7\private_html\skpci\system\Database\BaseConnection.php(713): CodeIgniter\Database\MySQLi\Connection->execute('INSERT INTO `kt...')
#2 D:\xampp7\private_html\skpci\system\Database\BaseConnection.php(641): CodeIgniter\Database\BaseConnection->simpleQuery('INSERT INTO `kt...')
#3 D:\xampp7\private_html\skpci\system\Database\BaseBuilder.php(2263): CodeIgniter\Database\BaseConnection->query('INSERT INTO `kt...', Array, false)
#4 D:\xampp7\private_html\skpci\system\Model.php(278): CodeIgniter\Database\BaseBuilder->insert()
#5 D:\xampp7\private_html\skpci\system\BaseModel.php(758): CodeIgniter\Model->doInsert(Array)
#6 D:\xampp7\private_html\skpci\system\Model.php(705): CodeIgniter\BaseModel->insert(Array, true)
#7 D:\xampp7\private_html\skpci\app\Controllers\skpAdmin.php(216): CodeIgniter\Model->insert(Array)
#8 D:\xampp7\private_html\skpci\system\CodeIgniter.php(936): App\Controllers\skpAdmin->tambahTargetSKP('cXR3UTMwcXpYdVN...')
#9 D:\xampp7\private_html\skpci\system\CodeIgniter.php(432): CodeIgniter\CodeIgniter->runController(Object(App\Controllers\skpAdmin))
#10 D:\xampp7\private_html\skpci\system\CodeIgniter.php(333): CodeIgniter\CodeIgniter->handleRequest(NULL, Object(Config\Cache), false)
#11 D:\xampp7\htdocs\skpci\index.php(53): CodeIgniter\CodeIgniter->run()
#12 {main}
ERROR - 2021-06-07 23:28:52 --> mysqli_sql_exception: Column 'ak' cannot be null in D:\xampp7\private_html\skpci\system\Database\MySQLi\Connection.php:314
Stack trace:
#0 D:\xampp7\private_html\skpci\system\Database\MySQLi\Connection.php(314): mysqli->query('INSERT INTO `kt...')
#1 D:\xampp7\private_html\skpci\system\Database\BaseConnection.php(713): CodeIgniter\Database\MySQLi\Connection->execute('INSERT INTO `kt...')
#2 D:\xampp7\private_html\skpci\system\Database\BaseConnection.php(641): CodeIgniter\Database\BaseConnection->simpleQuery('INSERT INTO `kt...')
#3 D:\xampp7\private_html\skpci\system\Database\BaseBuilder.php(2263): CodeIgniter\Database\BaseConnection->query('INSERT INTO `kt...', Array, false)
#4 D:\xampp7\private_html\skpci\system\Model.php(278): CodeIgniter\Database\BaseBuilder->insert()
#5 D:\xampp7\private_html\skpci\system\BaseModel.php(758): CodeIgniter\Model->doInsert(Array)
#6 D:\xampp7\private_html\skpci\system\Model.php(705): CodeIgniter\BaseModel->insert(Array, true)
#7 D:\xampp7\private_html\skpci\app\Controllers\skpAdmin.php(216): CodeIgniter\Model->insert(Array)
#8 D:\xampp7\private_html\skpci\system\CodeIgniter.php(936): App\Controllers\skpAdmin->tambahTargetSKP('cXR3UTMwcXpYdVN...')
#9 D:\xampp7\private_html\skpci\system\CodeIgniter.php(432): CodeIgniter\CodeIgniter->runController(Object(App\Controllers\skpAdmin))
#10 D:\xampp7\private_html\skpci\system\CodeIgniter.php(333): CodeIgniter\CodeIgniter->handleRequest(NULL, Object(Config\Cache), false)
#11 D:\xampp7\htdocs\skpci\index.php(53): CodeIgniter\CodeIgniter->run()
#12 {main}
CRITICAL - 2021-06-07 23:28:52 --> Column 'ak' cannot be null
#0 D:\xampp7\private_html\skpci\system\Database\MySQLi\Connection.php(314): mysqli->query('INSERT INTO `kt...')
#1 D:\xampp7\private_html\skpci\system\Database\BaseConnection.php(713): CodeIgniter\Database\MySQLi\Connection->execute('INSERT INTO `kt...')
#2 D:\xampp7\private_html\skpci\system\Database\BaseConnection.php(641): CodeIgniter\Database\BaseConnection->simpleQuery('INSERT INTO `kt...')
#3 D:\xampp7\private_html\skpci\system\Database\BaseBuilder.php(2263): CodeIgniter\Database\BaseConnection->query('INSERT INTO `kt...', Array, false)
#4 D:\xampp7\private_html\skpci\system\Model.php(278): CodeIgniter\Database\BaseBuilder->insert()
#5 D:\xampp7\private_html\skpci\system\BaseModel.php(758): CodeIgniter\Model->doInsert(Array)
#6 D:\xampp7\private_html\skpci\system\Model.php(705): CodeIgniter\BaseModel->insert(Array, true)
#7 D:\xampp7\private_html\skpci\app\Controllers\skpAdmin.php(216): CodeIgniter\Model->insert(Array)
#8 D:\xampp7\private_html\skpci\system\CodeIgniter.php(936): App\Controllers\skpAdmin->tambahTargetSKP('cXR3UTMwcXpYdVN...')
#9 D:\xampp7\private_html\skpci\system\CodeIgniter.php(432): CodeIgniter\CodeIgniter->runController(Object(App\Controllers\skpAdmin))
#10 D:\xampp7\private_html\skpci\system\CodeIgniter.php(333): CodeIgniter\CodeIgniter->handleRequest(NULL, Object(Config\Cache), false)
#11 D:\xampp7\htdocs\skpci\index.php(53): CodeIgniter\CodeIgniter->run()
#12 {main}
ERROR - 2021-06-07 23:30:58 --> mysqli_sql_exception: Column 'ak' cannot be null in D:\xampp7\private_html\skpci\system\Database\MySQLi\Connection.php:314
Stack trace:
#0 D:\xampp7\private_html\skpci\system\Database\MySQLi\Connection.php(314): mysqli->query('INSERT INTO `kt...')
#1 D:\xampp7\private_html\skpci\system\Database\BaseConnection.php(713): CodeIgniter\Database\MySQLi\Connection->execute('INSERT INTO `kt...')
#2 D:\xampp7\private_html\skpci\system\Database\BaseConnection.php(641): CodeIgniter\Database\BaseConnection->simpleQuery('INSERT INTO `kt...')
#3 D:\xampp7\private_html\skpci\system\Database\BaseBuilder.php(2263): CodeIgniter\Database\BaseConnection->query('INSERT INTO `kt...', Array, false)
#4 D:\xampp7\private_html\skpci\system\Model.php(278): CodeIgniter\Database\BaseBuilder->insert()
#5 D:\xampp7\private_html\skpci\system\BaseModel.php(758): CodeIgniter\Model->doInsert(Array)
#6 D:\xampp7\private_html\skpci\system\Model.php(705): CodeIgniter\BaseModel->insert(Array, true)
#7 D:\xampp7\private_html\skpci\app\Controllers\skpAdmin.php(216): CodeIgniter\Model->insert(Array)
#8 D:\xampp7\private_html\skpci\system\CodeIgniter.php(936): App\Controllers\skpAdmin->tambahTargetSKP('cXR3UTMwcXpYdVN...')
#9 D:\xampp7\private_html\skpci\system\CodeIgniter.php(432): CodeIgniter\CodeIgniter->runController(Object(App\Controllers\skpAdmin))
#10 D:\xampp7\private_html\skpci\system\CodeIgniter.php(333): CodeIgniter\CodeIgniter->handleRequest(NULL, Object(Config\Cache), false)
#11 D:\xampp7\htdocs\skpci\index.php(53): CodeIgniter\CodeIgniter->run()
#12 {main}
CRITICAL - 2021-06-07 23:30:58 --> Column 'ak' cannot be null
#0 D:\xampp7\private_html\skpci\system\Database\MySQLi\Connection.php(314): mysqli->query('INSERT INTO `kt...')
#1 D:\xampp7\private_html\skpci\system\Database\BaseConnection.php(713): CodeIgniter\Database\MySQLi\Connection->execute('INSERT INTO `kt...')
#2 D:\xampp7\private_html\skpci\system\Database\BaseConnection.php(641): CodeIgniter\Database\BaseConnection->simpleQuery('INSERT INTO `kt...')
#3 D:\xampp7\private_html\skpci\system\Database\BaseBuilder.php(2263): CodeIgniter\Database\BaseConnection->query('INSERT INTO `kt...', Array, false)
#4 D:\xampp7\private_html\skpci\system\Model.php(278): CodeIgniter\Database\BaseBuilder->insert()
#5 D:\xampp7\private_html\skpci\system\BaseModel.php(758): CodeIgniter\Model->doInsert(Array)
#6 D:\xampp7\private_html\skpci\system\Model.php(705): CodeIgniter\BaseModel->insert(Array, true)
#7 D:\xampp7\private_html\skpci\app\Controllers\skpAdmin.php(216): CodeIgniter\Model->insert(Array)
#8 D:\xampp7\private_html\skpci\system\CodeIgniter.php(936): App\Controllers\skpAdmin->tambahTargetSKP('cXR3UTMwcXpYdVN...')
#9 D:\xampp7\private_html\skpci\system\CodeIgniter.php(432): CodeIgniter\CodeIgniter->runController(Object(App\Controllers\skpAdmin))
#10 D:\xampp7\private_html\skpci\system\CodeIgniter.php(333): CodeIgniter\CodeIgniter->handleRequest(NULL, Object(Config\Cache), false)
#11 D:\xampp7\htdocs\skpci\index.php(53): CodeIgniter\CodeIgniter->run()
#12 {main}
ERROR - 2021-06-07 23:30:59 --> mysqli_sql_exception: Column 'ak' cannot be null in D:\xampp7\private_html\skpci\system\Database\MySQLi\Connection.php:314
Stack trace:
#0 D:\xampp7\private_html\skpci\system\Database\MySQLi\Connection.php(314): mysqli->query('INSERT INTO `kt...')
#1 D:\xampp7\private_html\skpci\system\Database\BaseConnection.php(713): CodeIgniter\Database\MySQLi\Connection->execute('INSERT INTO `kt...')
#2 D:\xampp7\private_html\skpci\system\Database\BaseConnection.php(641): CodeIgniter\Database\BaseConnection->simpleQuery('INSERT INTO `kt...')
#3 D:\xampp7\private_html\skpci\system\Database\BaseBuilder.php(2263): CodeIgniter\Database\BaseConnection->query('INSERT INTO `kt...', Array, false)
#4 D:\xampp7\private_html\skpci\system\Model.php(278): CodeIgniter\Database\BaseBuilder->insert()
#5 D:\xampp7\private_html\skpci\system\BaseModel.php(758): CodeIgniter\Model->doInsert(Array)
#6 D:\xampp7\private_html\skpci\system\Model.php(705): CodeIgniter\BaseModel->insert(Array, true)
#7 D:\xampp7\private_html\skpci\app\Controllers\skpAdmin.php(216): CodeIgniter\Model->insert(Array)
#8 D:\xampp7\private_html\skpci\system\CodeIgniter.php(936): App\Controllers\skpAdmin->tambahTargetSKP('cXR3UTMwcXpYdVN...')
#9 D:\xampp7\private_html\skpci\system\CodeIgniter.php(432): CodeIgniter\CodeIgniter->runController(Object(App\Controllers\skpAdmin))
#10 D:\xampp7\private_html\skpci\system\CodeIgniter.php(333): CodeIgniter\CodeIgniter->handleRequest(NULL, Object(Config\Cache), false)
#11 D:\xampp7\htdocs\skpci\index.php(53): CodeIgniter\CodeIgniter->run()
#12 {main}
CRITICAL - 2021-06-07 23:30:59 --> Column 'ak' cannot be null
#0 D:\xampp7\private_html\skpci\system\Database\MySQLi\Connection.php(314): mysqli->query('INSERT INTO `kt...')
#1 D:\xampp7\private_html\skpci\system\Database\BaseConnection.php(713): CodeIgniter\Database\MySQLi\Connection->execute('INSERT INTO `kt...')
#2 D:\xampp7\private_html\skpci\system\Database\BaseConnection.php(641): CodeIgniter\Database\BaseConnection->simpleQuery('INSERT INTO `kt...')
#3 D:\xampp7\private_html\skpci\system\Database\BaseBuilder.php(2263): CodeIgniter\Database\BaseConnection->query('INSERT INTO `kt...', Array, false)
#4 D:\xampp7\private_html\skpci\system\Model.php(278): CodeIgniter\Database\BaseBuilder->insert()
#5 D:\xampp7\private_html\skpci\system\BaseModel.php(758): CodeIgniter\Model->doInsert(Array)
#6 D:\xampp7\private_html\skpci\system\Model.php(705): CodeIgniter\BaseModel->insert(Array, true)
#7 D:\xampp7\private_html\skpci\app\Controllers\skpAdmin.php(216): CodeIgniter\Model->insert(Array)
#8 D:\xampp7\private_html\skpci\system\CodeIgniter.php(936): App\Controllers\skpAdmin->tambahTargetSKP('cXR3UTMwcXpYdVN...')
#9 D:\xampp7\private_html\skpci\system\CodeIgniter.php(432): CodeIgniter\CodeIgniter->runController(Object(App\Controllers\skpAdmin))
#10 D:\xampp7\private_html\skpci\system\CodeIgniter.php(333): CodeIgniter\CodeIgniter->handleRequest(NULL, Object(Config\Cache), false)
#11 D:\xampp7\htdocs\skpci\index.php(53): CodeIgniter\CodeIgniter->run()
#12 {main}
ERROR - 2021-06-07 23:32:15 --> mysqli_sql_exception: Column 'bobot' cannot be null in D:\xampp7\private_html\skpci\system\Database\MySQLi\Connection.php:314
Stack trace:
#0 D:\xampp7\private_html\skpci\system\Database\MySQLi\Connection.php(314): mysqli->query('INSERT INTO `kt...')
#1 D:\xampp7\private_html\skpci\system\Database\BaseConnection.php(713): CodeIgniter\Database\MySQLi\Connection->execute('INSERT INTO `kt...')
#2 D:\xampp7\private_html\skpci\system\Database\BaseConnection.php(641): CodeIgniter\Database\BaseConnection->simpleQuery('INSERT INTO `kt...')
#3 D:\xampp7\private_html\skpci\system\Database\BaseBuilder.php(2263): CodeIgniter\Database\BaseConnection->query('INSERT INTO `kt...', Array, false)
#4 D:\xampp7\private_html\skpci\system\Model.php(278): CodeIgniter\Database\BaseBuilder->insert()
#5 D:\xampp7\private_html\skpci\system\BaseModel.php(758): CodeIgniter\Model->doInsert(Array)
#6 D:\xampp7\private_html\skpci\system\Model.php(705): CodeIgniter\BaseModel->insert(Array, true)
#7 D:\xampp7\private_html\skpci\app\Controllers\skpAdmin.php(216): CodeIgniter\Model->insert(Array)
#8 D:\xampp7\private_html\skpci\system\CodeIgniter.php(936): App\Controllers\skpAdmin->tambahTargetSKP('cXR3UTMwcXpYdVN...')
#9 D:\xampp7\private_html\skpci\system\CodeIgniter.php(432): CodeIgniter\CodeIgniter->runController(Object(App\Controllers\skpAdmin))
#10 D:\xampp7\private_html\skpci\system\CodeIgniter.php(333): CodeIgniter\CodeIgniter->handleRequest(NULL, Object(Config\Cache), false)
#11 D:\xampp7\htdocs\skpci\index.php(53): CodeIgniter\CodeIgniter->run()
#12 {main}
CRITICAL - 2021-06-07 23:32:15 --> Column 'bobot' cannot be null
#0 D:\xampp7\private_html\skpci\system\Database\MySQLi\Connection.php(314): mysqli->query('INSERT INTO `kt...')
#1 D:\xampp7\private_html\skpci\system\Database\BaseConnection.php(713): CodeIgniter\Database\MySQLi\Connection->execute('INSERT INTO `kt...')
#2 D:\xampp7\private_html\skpci\system\Database\BaseConnection.php(641): CodeIgniter\Database\BaseConnection->simpleQuery('INSERT INTO `kt...')
#3 D:\xampp7\private_html\skpci\system\Database\BaseBuilder.php(2263): CodeIgniter\Database\BaseConnection->query('INSERT INTO `kt...', Array, false)
#4 D:\xampp7\private_html\skpci\system\Model.php(278): CodeIgniter\Database\BaseBuilder->insert()
#5 D:\xampp7\private_html\skpci\system\BaseModel.php(758): CodeIgniter\Model->doInsert(Array)
#6 D:\xampp7\private_html\skpci\system\Model.php(705): CodeIgniter\BaseModel->insert(Array, true)
#7 D:\xampp7\private_html\skpci\app\Controllers\skpAdmin.php(216): CodeIgniter\Model->insert(Array)
#8 D:\xampp7\private_html\skpci\system\CodeIgniter.php(936): App\Controllers\skpAdmin->tambahTargetSKP('cXR3UTMwcXpYdVN...')
#9 D:\xampp7\private_html\skpci\system\CodeIgniter.php(432): CodeIgniter\CodeIgniter->runController(Object(App\Controllers\skpAdmin))
#10 D:\xampp7\private_html\skpci\system\CodeIgniter.php(333): CodeIgniter\CodeIgniter->handleRequest(NULL, Object(Config\Cache), false)
#11 D:\xampp7\htdocs\skpci\index.php(53): CodeIgniter\CodeIgniter->run()
#12 {main}
ERROR - 2021-06-07 23:34:55 --> mysqli_sql_exception: Column 'waktu' cannot be null in D:\xampp7\private_html\skpci\system\Database\MySQLi\Connection.php:314
Stack trace:
#0 D:\xampp7\private_html\skpci\system\Database\MySQLi\Connection.php(314): mysqli->query('INSERT INTO `kt...')
#1 D:\xampp7\private_html\skpci\system\Database\BaseConnection.php(713): CodeIgniter\Database\MySQLi\Connection->execute('INSERT INTO `kt...')
#2 D:\xampp7\private_html\skpci\system\Database\BaseConnection.php(641): CodeIgniter\Database\BaseConnection->simpleQuery('INSERT INTO `kt...')
#3 D:\xampp7\private_html\skpci\system\Database\BaseBuilder.php(2263): CodeIgniter\Database\BaseConnection->query('INSERT INTO `kt...', Array, false)
#4 D:\xampp7\private_html\skpci\system\Model.php(278): CodeIgniter\Database\BaseBuilder->insert()
#5 D:\xampp7\private_html\skpci\system\BaseModel.php(758): CodeIgniter\Model->doInsert(Array)
#6 D:\xampp7\private_html\skpci\system\Model.php(705): CodeIgniter\BaseModel->insert(Array, true)
#7 D:\xampp7\private_html\skpci\app\Controllers\skpAdmin.php(216): CodeIgniter\Model->insert(Array)
#8 D:\xampp7\private_html\skpci\system\CodeIgniter.php(936): App\Controllers\skpAdmin->tambahTargetSKP('cXR3UTMwcXpYdVN...')
#9 D:\xampp7\private_html\skpci\system\CodeIgniter.php(432): CodeIgniter\CodeIgniter->runController(Object(App\Controllers\skpAdmin))
#10 D:\xampp7\private_html\skpci\system\CodeIgniter.php(333): CodeIgniter\CodeIgniter->handleRequest(NULL, Object(Config\Cache), false)
#11 D:\xampp7\htdocs\skpci\index.php(53): CodeIgniter\CodeIgniter->run()
#12 {main}
CRITICAL - 2021-06-07 23:34:55 --> Column 'waktu' cannot be null
#0 D:\xampp7\private_html\skpci\system\Database\MySQLi\Connection.php(314): mysqli->query('INSERT INTO `kt...')
#1 D:\xampp7\private_html\skpci\system\Database\BaseConnection.php(713): CodeIgniter\Database\MySQLi\Connection->execute('INSERT INTO `kt...')
#2 D:\xampp7\private_html\skpci\system\Database\BaseConnection.php(641): CodeIgniter\Database\BaseConnection->simpleQuery('INSERT INTO `kt...')
#3 D:\xampp7\private_html\skpci\system\Database\BaseBuilder.php(2263): CodeIgniter\Database\BaseConnection->query('INSERT INTO `kt...', Array, false)
#4 D:\xampp7\private_html\skpci\system\Model.php(278): CodeIgniter\Database\BaseBuilder->insert()
#5 D:\xampp7\private_html\skpci\system\BaseModel.php(758): CodeIgniter\Model->doInsert(Array)
#6 D:\xampp7\private_html\skpci\system\Model.php(705): CodeIgniter\BaseModel->insert(Array, true)
#7 D:\xampp7\private_html\skpci\app\Controllers\skpAdmin.php(216): CodeIgniter\Model->insert(Array)
#8 D:\xampp7\private_html\skpci\system\CodeIgniter.php(936): App\Controllers\skpAdmin->tambahTargetSKP('cXR3UTMwcXpYdVN...')
#9 D:\xampp7\private_html\skpci\system\CodeIgniter.php(432): CodeIgniter\CodeIgniter->runController(Object(App\Controllers\skpAdmin))
#10 D:\xampp7\private_html\skpci\system\CodeIgniter.php(333): CodeIgniter\CodeIgniter->handleRequest(NULL, Object(Config\Cache), false)
#11 D:\xampp7\htdocs\skpci\index.php(53): CodeIgniter\CodeIgniter->run()
#12 {main}
