CRITICAL - 2021-08-24 01:55:38 --> Undefined variable: list_peg
#0 D:\xampp7\htdocs\elayanan\app\Views\ViewListPegawaiKGB.php(16): CodeIgniter\Debug\Exceptions->errorHandler(8, 'Undefined varia...', 'D:\\xampp7\\htdoc...', 16, Array)
#1 D:\xampp7\htdocs\elayanan\system\View\View.php(220): include('D:\\xampp7\\htdoc...')
#2 D:\xampp7\htdocs\elayanan\system\View\View.php(222): CodeIgniter\View\View->CodeIgniter\View\{closure}()
#3 D:\xampp7\htdocs\elayanan\system\Common.php(1217): CodeIgniter\View\View->render('ViewListPegawai...', Array, true)
#4 D:\xampp7\htdocs\elayanan\app\Controllers\ControllerKGBAdmin.php(105): view('ViewListPegawai...', Array)
#5 D:\xampp7\htdocs\elayanan\system\CodeIgniter.php(936): App\Controllers\ControllerKGBAdmin->list_peg_admin_kgb()
#6 D:\xampp7\htdocs\elayanan\system\CodeIgniter.php(432): CodeIgniter\CodeIgniter->runController(Object(App\Controllers\ControllerKGBAdmin))
#7 D:\xampp7\htdocs\elayanan\system\CodeIgniter.php(333): CodeIgniter\CodeIgniter->handleRequest(NULL, Object(Config\Cache), false)
#8 D:\xampp7\htdocs\elayanan\public\index.php(53): CodeIgniter\CodeIgniter->run()
#9 {main}
CRITICAL - 2021-08-24 01:57:35 --> Undefined variable: list
#0 D:\xampp7\htdocs\elayanan\app\Controllers\ControllerKGBAdmin.php(136): CodeIgniter\Debug\Exceptions->errorHandler(8, 'Undefined varia...', 'D:\\xampp7\\htdoc...', 136, Array)
#1 D:\xampp7\htdocs\elayanan\system\CodeIgniter.php(936): App\Controllers\ControllerKGBAdmin->LihatRiwayatKGB('Q1MyWVFFb3lsZGR...')
#2 D:\xampp7\htdocs\elayanan\system\CodeIgniter.php(432): CodeIgniter\CodeIgniter->runController(Object(App\Controllers\ControllerKGBAdmin))
#3 D:\xampp7\htdocs\elayanan\system\CodeIgniter.php(333): CodeIgniter\CodeIgniter->handleRequest(NULL, Object(Config\Cache), false)
#4 D:\xampp7\htdocs\elayanan\public\index.php(53): CodeIgniter\CodeIgniter->run()
#5 {main}
CRITICAL - 2021-08-24 02:27:21 --> syntax error, unexpected '$data' (T_VARIABLE), expecting function (T_FUNCTION) or const (T_CONST)
#0 D:\xampp7\htdocs\elayanan\system\Autoloader\Autoloader.php(265): CodeIgniter\Autoloader\Autoloader->includeFile('D:\\xampp7\\htdoc...')
#1 D:\xampp7\htdocs\elayanan\system\Autoloader\Autoloader.php(228): CodeIgniter\Autoloader\Autoloader->loadInNamespace('App\\Controllers...')
#2 [internal function]: CodeIgniter\Autoloader\Autoloader->loadClass('App\\Controllers...')
#3 [internal function]: spl_autoload_call('App\\Controllers...')
#4 D:\xampp7\htdocs\elayanan\system\CodeIgniter.php(893): class_exists('\\App\\Controller...', true)
#5 D:\xampp7\htdocs\elayanan\system\CodeIgniter.php(417): CodeIgniter\CodeIgniter->startController()
#6 D:\xampp7\htdocs\elayanan\system\CodeIgniter.php(333): CodeIgniter\CodeIgniter->handleRequest(NULL, Object(Config\Cache), false)
#7 D:\xampp7\htdocs\elayanan\public\index.php(53): CodeIgniter\CodeIgniter->run()
#8 {main}
CRITICAL - 2021-08-24 02:27:41 --> syntax error, unexpected '$data' (T_VARIABLE), expecting function (T_FUNCTION) or const (T_CONST)
#0 D:\xampp7\htdocs\elayanan\system\Autoloader\Autoloader.php(265): CodeIgniter\Autoloader\Autoloader->includeFile('D:\\xampp7\\htdoc...')
#1 D:\xampp7\htdocs\elayanan\system\Autoloader\Autoloader.php(228): CodeIgniter\Autoloader\Autoloader->loadInNamespace('App\\Controllers...')
#2 [internal function]: CodeIgniter\Autoloader\Autoloader->loadClass('App\\Controllers...')
#3 [internal function]: spl_autoload_call('App\\Controllers...')
#4 D:\xampp7\htdocs\elayanan\system\CodeIgniter.php(893): class_exists('\\App\\Controller...', true)
#5 D:\xampp7\htdocs\elayanan\system\CodeIgniter.php(417): CodeIgniter\CodeIgniter->startController()
#6 D:\xampp7\htdocs\elayanan\system\CodeIgniter.php(333): CodeIgniter\CodeIgniter->handleRequest(NULL, Object(Config\Cache), false)
#7 D:\xampp7\htdocs\elayanan\public\index.php(53): CodeIgniter\CodeIgniter->run()
#8 {main}
CRITICAL - 2021-08-24 02:29:48 --> syntax error, unexpected '$data' (T_VARIABLE), expecting function (T_FUNCTION) or const (T_CONST)
#0 D:\xampp7\htdocs\elayanan\system\Autoloader\Autoloader.php(265): CodeIgniter\Autoloader\Autoloader->includeFile('D:\\xampp7\\htdoc...')
#1 D:\xampp7\htdocs\elayanan\system\Autoloader\Autoloader.php(228): CodeIgniter\Autoloader\Autoloader->loadInNamespace('App\\Controllers...')
#2 [internal function]: CodeIgniter\Autoloader\Autoloader->loadClass('App\\Controllers...')
#3 [internal function]: spl_autoload_call('App\\Controllers...')
#4 D:\xampp7\htdocs\elayanan\system\CodeIgniter.php(893): class_exists('\\App\\Controller...', true)
#5 D:\xampp7\htdocs\elayanan\system\CodeIgniter.php(417): CodeIgniter\CodeIgniter->startController()
#6 D:\xampp7\htdocs\elayanan\system\CodeIgniter.php(333): CodeIgniter\CodeIgniter->handleRequest(NULL, Object(Config\Cache), false)
#7 D:\xampp7\htdocs\elayanan\public\index.php(53): CodeIgniter\CodeIgniter->run()
#8 {main}
CRITICAL - 2021-08-24 02:41:46 --> Undefined offset: 0
#0 D:\xampp7\htdocs\elayanan\app\Controllers\ControllerKGBAdmin.php(593): CodeIgniter\Debug\Exceptions->errorHandler(8, 'Undefined offse...', 'D:\\xampp7\\htdoc...', 593, Array)
#1 D:\xampp7\htdocs\elayanan\system\CodeIgniter.php(936): App\Controllers\ControllerKGBAdmin->PengajuanUsulanKGB('akxXd1EzcHE0S1B...')
#2 D:\xampp7\htdocs\elayanan\system\CodeIgniter.php(432): CodeIgniter\CodeIgniter->runController(Object(App\Controllers\ControllerKGBAdmin))
#3 D:\xampp7\htdocs\elayanan\system\CodeIgniter.php(333): CodeIgniter\CodeIgniter->handleRequest(NULL, Object(Config\Cache), false)
#4 D:\xampp7\htdocs\elayanan\public\index.php(53): CodeIgniter\CodeIgniter->run()
#5 {main}
CRITICAL - 2021-08-24 02:43:18 --> Undefined variable: nip_kepala
#0 D:\xampp7\htdocs\elayanan\app\Views\ViewFormPengajuanUsulanKGB.php(19): CodeIgniter\Debug\Exceptions->errorHandler(8, 'Undefined varia...', 'D:\\xampp7\\htdoc...', 19, Array)
#1 D:\xampp7\htdocs\elayanan\system\View\View.php(220): include('D:\\xampp7\\htdoc...')
#2 D:\xampp7\htdocs\elayanan\system\View\View.php(222): CodeIgniter\View\View->CodeIgniter\View\{closure}()
#3 D:\xampp7\htdocs\elayanan\system\Common.php(1217): CodeIgniter\View\View->render('ViewFormPengaju...', Array, true)
#4 D:\xampp7\htdocs\elayanan\app\Controllers\ControllerKGBAdmin.php(587): view('ViewFormPengaju...', Array)
#5 D:\xampp7\htdocs\elayanan\system\CodeIgniter.php(936): App\Controllers\ControllerKGBAdmin->PengajuanUsulanKGB('akxXd1EzcHE0S1B...')
#6 D:\xampp7\htdocs\elayanan\system\CodeIgniter.php(432): CodeIgniter\CodeIgniter->runController(Object(App\Controllers\ControllerKGBAdmin))
#7 D:\xampp7\htdocs\elayanan\system\CodeIgniter.php(333): CodeIgniter\CodeIgniter->handleRequest(NULL, Object(Config\Cache), false)
#8 D:\xampp7\htdocs\elayanan\public\index.php(53): CodeIgniter\CodeIgniter->run()
#9 {main}
CRITICAL - 2021-08-24 02:46:55 --> Undefined index: tmt_berikut
#0 D:\xampp7\htdocs\elayanan\app\Controllers\ControllerKGBAdmin.php(537): CodeIgniter\Debug\Exceptions->errorHandler(8, 'Undefined index...', 'D:\\xampp7\\htdoc...', 537, Array)
#1 D:\xampp7\htdocs\elayanan\system\CodeIgniter.php(936): App\Controllers\ControllerKGBAdmin->PengajuanUsulanKGB('akxXd1EzcHE0S1B...')
#2 D:\xampp7\htdocs\elayanan\system\CodeIgniter.php(432): CodeIgniter\CodeIgniter->runController(Object(App\Controllers\ControllerKGBAdmin))
#3 D:\xampp7\htdocs\elayanan\system\CodeIgniter.php(333): CodeIgniter\CodeIgniter->handleRequest(NULL, Object(Config\Cache), false)
#4 D:\xampp7\htdocs\elayanan\public\index.php(53): CodeIgniter\CodeIgniter->run()
#5 {main}
CRITICAL - 2021-08-24 02:50:12 --> Return value of CodeIgniter\BaseModel::transformDataToArray() must be of the type array, string returned
#0 D:\xampp7\htdocs\elayanan\system\BaseModel.php(864): CodeIgniter\BaseModel->transformDataToArray('1', 'update')
#1 D:\xampp7\htdocs\elayanan\system\Model.php(737): CodeIgniter\BaseModel->update(Array, '1')
#2 D:\xampp7\htdocs\elayanan\app\Controllers\ControllerKGBAdmin.php(567): CodeIgniter\Model->update(Array, '1')
#3 D:\xampp7\htdocs\elayanan\system\CodeIgniter.php(936): App\Controllers\ControllerKGBAdmin->PengajuanUsulanKGB('akxXd1EzcHE0S1B...')
#4 D:\xampp7\htdocs\elayanan\system\CodeIgniter.php(432): CodeIgniter\CodeIgniter->runController(Object(App\Controllers\ControllerKGBAdmin))
#5 D:\xampp7\htdocs\elayanan\system\CodeIgniter.php(333): CodeIgniter\CodeIgniter->handleRequest(NULL, Object(Config\Cache), false)
#6 D:\xampp7\htdocs\elayanan\public\index.php(53): CodeIgniter\CodeIgniter->run()
#7 {main}
CRITICAL - 2021-08-24 02:53:13 --> Return value of CodeIgniter\BaseModel::transformDataToArray() must be of the type array, string returned
#0 D:\xampp7\htdocs\elayanan\system\BaseModel.php(864): CodeIgniter\BaseModel->transformDataToArray('1', 'update')
#1 D:\xampp7\htdocs\elayanan\system\Model.php(737): CodeIgniter\BaseModel->update(Array, '1')
#2 D:\xampp7\htdocs\elayanan\app\Controllers\ControllerKGBAdmin.php(569): CodeIgniter\Model->update(Array, '1')
#3 D:\xampp7\htdocs\elayanan\system\CodeIgniter.php(936): App\Controllers\ControllerKGBAdmin->PengajuanUsulanKGB('akxXd1EzcHE0S1B...')
#4 D:\xampp7\htdocs\elayanan\system\CodeIgniter.php(432): CodeIgniter\CodeIgniter->runController(Object(App\Controllers\ControllerKGBAdmin))
#5 D:\xampp7\htdocs\elayanan\system\CodeIgniter.php(333): CodeIgniter\CodeIgniter->handleRequest(NULL, Object(Config\Cache), false)
#6 D:\xampp7\htdocs\elayanan\public\index.php(53): CodeIgniter\CodeIgniter->run()
#7 {main}
CRITICAL - 2021-08-24 02:54:39 --> Return value of CodeIgniter\BaseModel::transformDataToArray() must be of the type array, string returned
#0 D:\xampp7\htdocs\elayanan\system\BaseModel.php(864): CodeIgniter\BaseModel->transformDataToArray('1', 'update')
#1 D:\xampp7\htdocs\elayanan\system\Model.php(737): CodeIgniter\BaseModel->update(Array, '1')
#2 D:\xampp7\htdocs\elayanan\app\Controllers\ControllerKGBAdmin.php(570): CodeIgniter\Model->update(Array, '1')
#3 D:\xampp7\htdocs\elayanan\system\CodeIgniter.php(936): App\Controllers\ControllerKGBAdmin->PengajuanUsulanKGB('akxXd1EzcHE0S1B...')
#4 D:\xampp7\htdocs\elayanan\system\CodeIgniter.php(432): CodeIgniter\CodeIgniter->runController(Object(App\Controllers\ControllerKGBAdmin))
#5 D:\xampp7\htdocs\elayanan\system\CodeIgniter.php(333): CodeIgniter\CodeIgniter->handleRequest(NULL, Object(Config\Cache), false)
#6 D:\xampp7\htdocs\elayanan\public\index.php(53): CodeIgniter\CodeIgniter->run()
#7 {main}
