CRITICAL - 2021-06-29 01:40:29 --> Undefined variable: link_kembali
#0 D:\xampp7\htdocs\skpci\app\Views\ViewPerilaku.php(37): CodeIgniter\Debug\Exceptions->errorHandler(8, 'Undefined varia...', 'D:\\xampp7\\htdoc...', 37, Array)
#1 D:\xampp7\htdocs\skpci\system\View\View.php(220): include('D:\\xampp7\\htdoc...')
#2 D:\xampp7\htdocs\skpci\system\View\View.php(222): CodeIgniter\View\View->CodeIgniter\View\{closure}()
#3 D:\xampp7\htdocs\skpci\system\Common.php(1217): CodeIgniter\View\View->render('ViewPerilaku', Array, true)
#4 D:\xampp7\htdocs\skpci\app\Controllers\ControllerPerilaku.php(97): view('ViewPerilaku', Array)
#5 D:\xampp7\htdocs\skpci\system\CodeIgniter.php(936): App\Controllers\ControllerPerilaku->lihat('eXdVQWdJaTlKVXp...')
#6 D:\xampp7\htdocs\skpci\system\CodeIgniter.php(432): CodeIgniter\CodeIgniter->runController(Object(App\Controllers\ControllerPerilaku))
#7 D:\xampp7\htdocs\skpci\system\CodeIgniter.php(333): CodeIgniter\CodeIgniter->handleRequest(NULL, Object(Config\Cache), false)
#8 D:\xampp7\htdocs\skpci\index.php(53): CodeIgniter\CodeIgniter->run()
#9 {main}
ERROR - 2021-06-29 02:10:36 --> mysqli_sql_exception: You have an error in your SQL syntax; check the manual that corresponds to your MariaDB server version for the right syntax to use near 'IS NULL
AND `predikat_penilaian`.`atas` > IS NULL
AND `predikat_penilaian`.`ide_' at line 3 in D:\xampp7\htdocs\skpci\system\Database\MySQLi\Connection.php:314
Stack trace:
#0 D:\xampp7\htdocs\skpci\system\Database\MySQLi\Connection.php(314): mysqli->query('SELECT `predika...')
#1 D:\xampp7\htdocs\skpci\system\Database\BaseConnection.php(713): CodeIgniter\Database\MySQLi\Connection->execute('SELECT `predika...')
#2 D:\xampp7\htdocs\skpci\system\Database\BaseConnection.php(641): CodeIgniter\Database\BaseConnection->simpleQuery('SELECT `predika...')
#3 D:\xampp7\htdocs\skpci\system\Database\BaseBuilder.php(1866): CodeIgniter\Database\BaseConnection->query('SELECT `predika...', Array, false)
#4 D:\xampp7\htdocs\skpci\app\Models\ModelPredikat.php(21): CodeIgniter\Database\BaseBuilder->get()
#5 D:\xampp7\htdocs\skpci\app\Controllers\ControllerPerilaku.php(47): App\Models\ModelPredikat->predikat(NULL, 0)
#6 D:\xampp7\htdocs\skpci\system\CodeIgniter.php(936): App\Controllers\ControllerPerilaku->lihat('eXdVQWdJaTlKVXp...')
#7 D:\xampp7\htdocs\skpci\system\CodeIgniter.php(432): CodeIgniter\CodeIgniter->runController(Object(App\Controllers\ControllerPerilaku))
#8 D:\xampp7\htdocs\skpci\system\CodeIgniter.php(333): CodeIgniter\CodeIgniter->handleRequest(NULL, Object(Config\Cache), false)
#9 D:\xampp7\htdocs\skpci\index.php(53): CodeIgniter\CodeIgniter->run()
#10 {main}
CRITICAL - 2021-06-29 02:10:36 --> You have an error in your SQL syntax; check the manual that corresponds to your MariaDB server version for the right syntax to use near 'IS NULL
AND `predikat_penilaian`.`atas` > IS NULL
AND `predikat_penilaian`.`ide_' at line 3
#0 D:\xampp7\htdocs\skpci\system\Database\MySQLi\Connection.php(314): mysqli->query('SELECT `predika...')
#1 D:\xampp7\htdocs\skpci\system\Database\BaseConnection.php(713): CodeIgniter\Database\MySQLi\Connection->execute('SELECT `predika...')
#2 D:\xampp7\htdocs\skpci\system\Database\BaseConnection.php(641): CodeIgniter\Database\BaseConnection->simpleQuery('SELECT `predika...')
#3 D:\xampp7\htdocs\skpci\system\Database\BaseBuilder.php(1866): CodeIgniter\Database\BaseConnection->query('SELECT `predika...', Array, false)
#4 D:\xampp7\htdocs\skpci\app\Models\ModelPredikat.php(21): CodeIgniter\Database\BaseBuilder->get()
#5 D:\xampp7\htdocs\skpci\app\Controllers\ControllerPerilaku.php(47): App\Models\ModelPredikat->predikat(NULL, 0)
#6 D:\xampp7\htdocs\skpci\system\CodeIgniter.php(936): App\Controllers\ControllerPerilaku->lihat('eXdVQWdJaTlKVXp...')
#7 D:\xampp7\htdocs\skpci\system\CodeIgniter.php(432): CodeIgniter\CodeIgniter->runController(Object(App\Controllers\ControllerPerilaku))
#8 D:\xampp7\htdocs\skpci\system\CodeIgniter.php(333): CodeIgniter\CodeIgniter->handleRequest(NULL, Object(Config\Cache), false)
#9 D:\xampp7\htdocs\skpci\index.php(53): CodeIgniter\CodeIgniter->run()
#10 {main}
ERROR - 2021-06-29 02:11:28 --> mysqli_sql_exception: You have an error in your SQL syntax; check the manual that corresponds to your MariaDB server version for the right syntax to use near 'IS NULL
AND `predikat_penilaian`.`atas` > IS NULL
AND `predikat_penilaian`.`ide_' at line 3 in D:\xampp7\htdocs\skpci\system\Database\MySQLi\Connection.php:314
Stack trace:
#0 D:\xampp7\htdocs\skpci\system\Database\MySQLi\Connection.php(314): mysqli->query('SELECT `predika...')
#1 D:\xampp7\htdocs\skpci\system\Database\BaseConnection.php(713): CodeIgniter\Database\MySQLi\Connection->execute('SELECT `predika...')
#2 D:\xampp7\htdocs\skpci\system\Database\BaseConnection.php(641): CodeIgniter\Database\BaseConnection->simpleQuery('SELECT `predika...')
#3 D:\xampp7\htdocs\skpci\system\Database\BaseBuilder.php(1866): CodeIgniter\Database\BaseConnection->query('SELECT `predika...', Array, false)
#4 D:\xampp7\htdocs\skpci\app\Models\ModelPredikat.php(21): CodeIgniter\Database\BaseBuilder->get()
#5 D:\xampp7\htdocs\skpci\app\Controllers\ControllerPerilaku.php(47): App\Models\ModelPredikat->predikat(NULL, 0)
#6 D:\xampp7\htdocs\skpci\system\CodeIgniter.php(936): App\Controllers\ControllerPerilaku->lihat('eXdVQWdJaTlKVXp...')
#7 D:\xampp7\htdocs\skpci\system\CodeIgniter.php(432): CodeIgniter\CodeIgniter->runController(Object(App\Controllers\ControllerPerilaku))
#8 D:\xampp7\htdocs\skpci\system\CodeIgniter.php(333): CodeIgniter\CodeIgniter->handleRequest(NULL, Object(Config\Cache), false)
#9 D:\xampp7\htdocs\skpci\index.php(53): CodeIgniter\CodeIgniter->run()
#10 {main}
CRITICAL - 2021-06-29 02:11:28 --> You have an error in your SQL syntax; check the manual that corresponds to your MariaDB server version for the right syntax to use near 'IS NULL
AND `predikat_penilaian`.`atas` > IS NULL
AND `predikat_penilaian`.`ide_' at line 3
#0 D:\xampp7\htdocs\skpci\system\Database\MySQLi\Connection.php(314): mysqli->query('SELECT `predika...')
#1 D:\xampp7\htdocs\skpci\system\Database\BaseConnection.php(713): CodeIgniter\Database\MySQLi\Connection->execute('SELECT `predika...')
#2 D:\xampp7\htdocs\skpci\system\Database\BaseConnection.php(641): CodeIgniter\Database\BaseConnection->simpleQuery('SELECT `predika...')
#3 D:\xampp7\htdocs\skpci\system\Database\BaseBuilder.php(1866): CodeIgniter\Database\BaseConnection->query('SELECT `predika...', Array, false)
#4 D:\xampp7\htdocs\skpci\app\Models\ModelPredikat.php(21): CodeIgniter\Database\BaseBuilder->get()
#5 D:\xampp7\htdocs\skpci\app\Controllers\ControllerPerilaku.php(47): App\Models\ModelPredikat->predikat(NULL, 0)
#6 D:\xampp7\htdocs\skpci\system\CodeIgniter.php(936): App\Controllers\ControllerPerilaku->lihat('eXdVQWdJaTlKVXp...')
#7 D:\xampp7\htdocs\skpci\system\CodeIgniter.php(432): CodeIgniter\CodeIgniter->runController(Object(App\Controllers\ControllerPerilaku))
#8 D:\xampp7\htdocs\skpci\system\CodeIgniter.php(333): CodeIgniter\CodeIgniter->handleRequest(NULL, Object(Config\Cache), false)
#9 D:\xampp7\htdocs\skpci\index.php(53): CodeIgniter\CodeIgniter->run()
#10 {main}
ERROR - 2021-06-29 02:11:34 --> mysqli_sql_exception: You have an error in your SQL syntax; check the manual that corresponds to your MariaDB server version for the right syntax to use near 'IS NULL
AND `predikat_penilaian`.`atas` > IS NULL
AND `predikat_penilaian`.`ide_' at line 3 in D:\xampp7\htdocs\skpci\system\Database\MySQLi\Connection.php:314
Stack trace:
#0 D:\xampp7\htdocs\skpci\system\Database\MySQLi\Connection.php(314): mysqli->query('SELECT `predika...')
#1 D:\xampp7\htdocs\skpci\system\Database\BaseConnection.php(713): CodeIgniter\Database\MySQLi\Connection->execute('SELECT `predika...')
#2 D:\xampp7\htdocs\skpci\system\Database\BaseConnection.php(641): CodeIgniter\Database\BaseConnection->simpleQuery('SELECT `predika...')
#3 D:\xampp7\htdocs\skpci\system\Database\BaseBuilder.php(1866): CodeIgniter\Database\BaseConnection->query('SELECT `predika...', Array, false)
#4 D:\xampp7\htdocs\skpci\app\Models\ModelPredikat.php(21): CodeIgniter\Database\BaseBuilder->get()
#5 D:\xampp7\htdocs\skpci\app\Controllers\ControllerPerilaku.php(47): App\Models\ModelPredikat->predikat(NULL, 0)
#6 D:\xampp7\htdocs\skpci\system\CodeIgniter.php(936): App\Controllers\ControllerPerilaku->lihat('eXdVQWdJaTlKVXp...')
#7 D:\xampp7\htdocs\skpci\system\CodeIgniter.php(432): CodeIgniter\CodeIgniter->runController(Object(App\Controllers\ControllerPerilaku))
#8 D:\xampp7\htdocs\skpci\system\CodeIgniter.php(333): CodeIgniter\CodeIgniter->handleRequest(NULL, Object(Config\Cache), false)
#9 D:\xampp7\htdocs\skpci\index.php(53): CodeIgniter\CodeIgniter->run()
#10 {main}
CRITICAL - 2021-06-29 02:11:34 --> You have an error in your SQL syntax; check the manual that corresponds to your MariaDB server version for the right syntax to use near 'IS NULL
AND `predikat_penilaian`.`atas` > IS NULL
AND `predikat_penilaian`.`ide_' at line 3
#0 D:\xampp7\htdocs\skpci\system\Database\MySQLi\Connection.php(314): mysqli->query('SELECT `predika...')
#1 D:\xampp7\htdocs\skpci\system\Database\BaseConnection.php(713): CodeIgniter\Database\MySQLi\Connection->execute('SELECT `predika...')
#2 D:\xampp7\htdocs\skpci\system\Database\BaseConnection.php(641): CodeIgniter\Database\BaseConnection->simpleQuery('SELECT `predika...')
#3 D:\xampp7\htdocs\skpci\system\Database\BaseBuilder.php(1866): CodeIgniter\Database\BaseConnection->query('SELECT `predika...', Array, false)
#4 D:\xampp7\htdocs\skpci\app\Models\ModelPredikat.php(21): CodeIgniter\Database\BaseBuilder->get()
#5 D:\xampp7\htdocs\skpci\app\Controllers\ControllerPerilaku.php(47): App\Models\ModelPredikat->predikat(NULL, 0)
#6 D:\xampp7\htdocs\skpci\system\CodeIgniter.php(936): App\Controllers\ControllerPerilaku->lihat('eXdVQWdJaTlKVXp...')
#7 D:\xampp7\htdocs\skpci\system\CodeIgniter.php(432): CodeIgniter\CodeIgniter->runController(Object(App\Controllers\ControllerPerilaku))
#8 D:\xampp7\htdocs\skpci\system\CodeIgniter.php(333): CodeIgniter\CodeIgniter->handleRequest(NULL, Object(Config\Cache), false)
#9 D:\xampp7\htdocs\skpci\index.php(53): CodeIgniter\CodeIgniter->run()
#10 {main}
ERROR - 2021-06-29 02:15:29 --> mysqli_sql_exception: You have an error in your SQL syntax; check the manual that corresponds to your MariaDB server version for the right syntax to use near 'IS NULL
AND `predikat_penilaian`.`atas` > IS NULL
AND `predikat_penilaian`.`ide_' at line 3 in D:\xampp7\htdocs\skpci\system\Database\MySQLi\Connection.php:314
Stack trace:
#0 D:\xampp7\htdocs\skpci\system\Database\MySQLi\Connection.php(314): mysqli->query('SELECT `predika...')
#1 D:\xampp7\htdocs\skpci\system\Database\BaseConnection.php(713): CodeIgniter\Database\MySQLi\Connection->execute('SELECT `predika...')
#2 D:\xampp7\htdocs\skpci\system\Database\BaseConnection.php(641): CodeIgniter\Database\BaseConnection->simpleQuery('SELECT `predika...')
#3 D:\xampp7\htdocs\skpci\system\Database\BaseBuilder.php(1866): CodeIgniter\Database\BaseConnection->query('SELECT `predika...', Array, false)
#4 D:\xampp7\htdocs\skpci\app\Models\ModelPredikat.php(21): CodeIgniter\Database\BaseBuilder->get()
#5 D:\xampp7\htdocs\skpci\app\Controllers\ControllerPerilaku.php(47): App\Models\ModelPredikat->predikat(NULL, 0)
#6 D:\xampp7\htdocs\skpci\system\CodeIgniter.php(936): App\Controllers\ControllerPerilaku->lihat('eXdVQWdJaTlKVXp...')
#7 D:\xampp7\htdocs\skpci\system\CodeIgniter.php(432): CodeIgniter\CodeIgniter->runController(Object(App\Controllers\ControllerPerilaku))
#8 D:\xampp7\htdocs\skpci\system\CodeIgniter.php(333): CodeIgniter\CodeIgniter->handleRequest(NULL, Object(Config\Cache), false)
#9 D:\xampp7\htdocs\skpci\index.php(53): CodeIgniter\CodeIgniter->run()
#10 {main}
CRITICAL - 2021-06-29 02:15:29 --> You have an error in your SQL syntax; check the manual that corresponds to your MariaDB server version for the right syntax to use near 'IS NULL
AND `predikat_penilaian`.`atas` > IS NULL
AND `predikat_penilaian`.`ide_' at line 3
#0 D:\xampp7\htdocs\skpci\system\Database\MySQLi\Connection.php(314): mysqli->query('SELECT `predika...')
#1 D:\xampp7\htdocs\skpci\system\Database\BaseConnection.php(713): CodeIgniter\Database\MySQLi\Connection->execute('SELECT `predika...')
#2 D:\xampp7\htdocs\skpci\system\Database\BaseConnection.php(641): CodeIgniter\Database\BaseConnection->simpleQuery('SELECT `predika...')
#3 D:\xampp7\htdocs\skpci\system\Database\BaseBuilder.php(1866): CodeIgniter\Database\BaseConnection->query('SELECT `predika...', Array, false)
#4 D:\xampp7\htdocs\skpci\app\Models\ModelPredikat.php(21): CodeIgniter\Database\BaseBuilder->get()
#5 D:\xampp7\htdocs\skpci\app\Controllers\ControllerPerilaku.php(47): App\Models\ModelPredikat->predikat(NULL, 0)
#6 D:\xampp7\htdocs\skpci\system\CodeIgniter.php(936): App\Controllers\ControllerPerilaku->lihat('eXdVQWdJaTlKVXp...')
#7 D:\xampp7\htdocs\skpci\system\CodeIgniter.php(432): CodeIgniter\CodeIgniter->runController(Object(App\Controllers\ControllerPerilaku))
#8 D:\xampp7\htdocs\skpci\system\CodeIgniter.php(333): CodeIgniter\CodeIgniter->handleRequest(NULL, Object(Config\Cache), false)
#9 D:\xampp7\htdocs\skpci\index.php(53): CodeIgniter\CodeIgniter->run()
#10 {main}
CRITICAL - 2021-06-29 02:20:36 --> syntax error, unexpected '$predikat' (T_VARIABLE)
#0 D:\xampp7\htdocs\skpci\system\Autoloader\Autoloader.php(265): CodeIgniter\Autoloader\Autoloader->includeFile('D:\\xampp7\\htdoc...')
#1 D:\xampp7\htdocs\skpci\system\Autoloader\Autoloader.php(228): CodeIgniter\Autoloader\Autoloader->loadInNamespace('App\\Controllers...')
#2 [internal function]: CodeIgniter\Autoloader\Autoloader->loadClass('App\\Controllers...')
#3 [internal function]: spl_autoload_call('App\\Controllers...')
#4 D:\xampp7\htdocs\skpci\system\CodeIgniter.php(893): class_exists('\\App\\Controller...', true)
#5 D:\xampp7\htdocs\skpci\system\CodeIgniter.php(417): CodeIgniter\CodeIgniter->startController()
#6 D:\xampp7\htdocs\skpci\system\CodeIgniter.php(333): CodeIgniter\CodeIgniter->handleRequest(NULL, Object(Config\Cache), false)
#7 D:\xampp7\htdocs\skpci\index.php(53): CodeIgniter\CodeIgniter->run()
#8 {main}
CRITICAL - 2021-06-29 02:31:28 --> Undefined offset: 0
#0 D:\xampp7\htdocs\skpci\app\Controllers\ControllerPengukuran.php(197): CodeIgniter\Debug\Exceptions->errorHandler(8, 'Undefined offse...', 'D:\\xampp7\\htdoc...', 197, Array)
#1 D:\xampp7\htdocs\skpci\system\CodeIgniter.php(936): App\Controllers\ControllerPengukuran->lihat('eXdVQWdJaTlKVXp...')
#2 D:\xampp7\htdocs\skpci\system\CodeIgniter.php(432): CodeIgniter\CodeIgniter->runController(Object(App\Controllers\ControllerPengukuran))
#3 D:\xampp7\htdocs\skpci\system\CodeIgniter.php(333): CodeIgniter\CodeIgniter->handleRequest(NULL, Object(Config\Cache), false)
#4 D:\xampp7\htdocs\skpci\index.php(53): CodeIgniter\CodeIgniter->run()
#5 {main}
CRITICAL - 2021-06-29 02:33:10 --> Undefined offset: 0
#0 D:\xampp7\htdocs\skpci\app\Controllers\ControllerPengukuran.php(198): CodeIgniter\Debug\Exceptions->errorHandler(8, 'Undefined offse...', 'D:\\xampp7\\htdoc...', 198, Array)
#1 D:\xampp7\htdocs\skpci\system\CodeIgniter.php(936): App\Controllers\ControllerPengukuran->lihat('eXdVQWdJaTlKVXp...')
#2 D:\xampp7\htdocs\skpci\system\CodeIgniter.php(432): CodeIgniter\CodeIgniter->runController(Object(App\Controllers\ControllerPengukuran))
#3 D:\xampp7\htdocs\skpci\system\CodeIgniter.php(333): CodeIgniter\CodeIgniter->handleRequest(NULL, Object(Config\Cache), false)
#4 D:\xampp7\htdocs\skpci\index.php(53): CodeIgniter\CodeIgniter->run()
#5 {main}
CRITICAL - 2021-06-29 03:12:23 --> 'break' not in the 'loop' or 'switch' context
#0 [internal function]: CodeIgniter\Debug\Exceptions->shutdownHandler()
#1 {main}
CRITICAL - 2021-06-29 03:39:30 --> syntax error, unexpected 'batal' (T_STRING)
#0 D:\xampp7\htdocs\skpci\system\Autoloader\Autoloader.php(265): CodeIgniter\Autoloader\Autoloader->includeFile('D:\\xampp7\\htdoc...')
#1 D:\xampp7\htdocs\skpci\system\Autoloader\Autoloader.php(228): CodeIgniter\Autoloader\Autoloader->loadInNamespace('App\\Controllers...')
#2 [internal function]: CodeIgniter\Autoloader\Autoloader->loadClass('App\\Controllers...')
#3 [internal function]: spl_autoload_call('App\\Controllers...')
#4 D:\xampp7\htdocs\skpci\system\CodeIgniter.php(893): class_exists('\\App\\Controller...', true)
#5 D:\xampp7\htdocs\skpci\system\CodeIgniter.php(417): CodeIgniter\CodeIgniter->startController()
#6 D:\xampp7\htdocs\skpci\system\CodeIgniter.php(333): CodeIgniter\CodeIgniter->handleRequest(NULL, Object(Config\Cache), false)
#7 D:\xampp7\htdocs\skpci\index.php(53): CodeIgniter\CodeIgniter->run()
#8 {main}
CRITICAL - 2021-06-29 03:39:38 --> syntax error, unexpected 'batal' (T_STRING)
#0 D:\xampp7\htdocs\skpci\system\Autoloader\Autoloader.php(265): CodeIgniter\Autoloader\Autoloader->includeFile('D:\\xampp7\\htdoc...')
#1 D:\xampp7\htdocs\skpci\system\Autoloader\Autoloader.php(228): CodeIgniter\Autoloader\Autoloader->loadInNamespace('App\\Controllers...')
#2 [internal function]: CodeIgniter\Autoloader\Autoloader->loadClass('App\\Controllers...')
#3 [internal function]: spl_autoload_call('App\\Controllers...')
#4 D:\xampp7\htdocs\skpci\system\CodeIgniter.php(893): class_exists('\\App\\Controller...', true)
#5 D:\xampp7\htdocs\skpci\system\CodeIgniter.php(417): CodeIgniter\CodeIgniter->startController()
#6 D:\xampp7\htdocs\skpci\system\CodeIgniter.php(333): CodeIgniter\CodeIgniter->handleRequest(NULL, Object(Config\Cache), false)
#7 D:\xampp7\htdocs\skpci\index.php(53): CodeIgniter\CodeIgniter->run()
#8 {main}
CRITICAL - 2021-06-29 21:06:23 --> syntax error, unexpected 'batal' (T_STRING)
#0 D:\xampp7\htdocs\skpci\system\Autoloader\Autoloader.php(265): CodeIgniter\Autoloader\Autoloader->includeFile('D:\\xampp7\\htdoc...')
#1 D:\xampp7\htdocs\skpci\system\Autoloader\Autoloader.php(228): CodeIgniter\Autoloader\Autoloader->loadInNamespace('App\\Controllers...')
#2 [internal function]: CodeIgniter\Autoloader\Autoloader->loadClass('App\\Controllers...')
#3 [internal function]: spl_autoload_call('App\\Controllers...')
#4 D:\xampp7\htdocs\skpci\system\CodeIgniter.php(893): class_exists('\\App\\Controller...', true)
#5 D:\xampp7\htdocs\skpci\system\CodeIgniter.php(417): CodeIgniter\CodeIgniter->startController()
#6 D:\xampp7\htdocs\skpci\system\CodeIgniter.php(333): CodeIgniter\CodeIgniter->handleRequest(NULL, Object(Config\Cache), false)
#7 D:\xampp7\htdocs\skpci\index.php(53): CodeIgniter\CodeIgniter->run()
#8 {main}
CRITICAL - 2021-06-29 21:11:08 --> There is no data to update.
#0 D:\xampp7\htdocs\skpci\system\BaseModel.php(1682): CodeIgniter\Database\Exceptions\DataException::forEmptyDataset('update')
#1 D:\xampp7\htdocs\skpci\system\BaseModel.php(864): CodeIgniter\BaseModel->transformDataToArray(NULL, 'update')
#2 D:\xampp7\htdocs\skpci\system\Model.php(737): CodeIgniter\BaseModel->update(Array, NULL)
#3 D:\xampp7\htdocs\skpci\app\Controllers\ControllerPengukuran.php(562): CodeIgniter\Model->update(Array)
#4 D:\xampp7\htdocs\skpci\system\CodeIgniter.php(936): App\Controllers\ControllerPengukuran->reset('eXdVQWdJaTlKVXp...')
#5 D:\xampp7\htdocs\skpci\system\CodeIgniter.php(432): CodeIgniter\CodeIgniter->runController(Object(App\Controllers\ControllerPengukuran))
#6 D:\xampp7\htdocs\skpci\system\CodeIgniter.php(333): CodeIgniter\CodeIgniter->handleRequest(NULL, Object(Config\Cache), false)
#7 D:\xampp7\htdocs\skpci\index.php(53): CodeIgniter\CodeIgniter->run()
#8 {main}
CRITICAL - 2021-06-29 21:14:16 --> There is no data to update.
#0 D:\xampp7\htdocs\skpci\system\BaseModel.php(1682): CodeIgniter\Database\Exceptions\DataException::forEmptyDataset('update')
#1 D:\xampp7\htdocs\skpci\system\BaseModel.php(864): CodeIgniter\BaseModel->transformDataToArray(NULL, 'update')
#2 D:\xampp7\htdocs\skpci\system\Model.php(737): CodeIgniter\BaseModel->update(Array, NULL)
#3 D:\xampp7\htdocs\skpci\app\Controllers\ControllerPengukuran.php(560): CodeIgniter\Model->update(Array)
#4 D:\xampp7\htdocs\skpci\system\CodeIgniter.php(936): App\Controllers\ControllerPengukuran->reset('eXdVQWdJaTlKVXp...')
#5 D:\xampp7\htdocs\skpci\system\CodeIgniter.php(432): CodeIgniter\CodeIgniter->runController(Object(App\Controllers\ControllerPengukuran))
#6 D:\xampp7\htdocs\skpci\system\CodeIgniter.php(333): CodeIgniter\CodeIgniter->handleRequest(NULL, Object(Config\Cache), false)
#7 D:\xampp7\htdocs\skpci\index.php(53): CodeIgniter\CodeIgniter->run()
#8 {main}
CRITICAL - 2021-06-29 21:19:12 --> There is no data to update.
#0 D:\xampp7\htdocs\skpci\system\BaseModel.php(1682): CodeIgniter\Database\Exceptions\DataException::forEmptyDataset('update')
#1 D:\xampp7\htdocs\skpci\system\BaseModel.php(864): CodeIgniter\BaseModel->transformDataToArray(NULL, 'update')
#2 D:\xampp7\htdocs\skpci\system\Model.php(737): CodeIgniter\BaseModel->update(Array, NULL)
#3 D:\xampp7\htdocs\skpci\app\Controllers\ControllerPengukuran.php(561): CodeIgniter\Model->update(Array)
#4 D:\xampp7\htdocs\skpci\system\CodeIgniter.php(936): App\Controllers\ControllerPengukuran->reset('eXdVQWdJaTlKVXp...')
#5 D:\xampp7\htdocs\skpci\system\CodeIgniter.php(432): CodeIgniter\CodeIgniter->runController(Object(App\Controllers\ControllerPengukuran))
#6 D:\xampp7\htdocs\skpci\system\CodeIgniter.php(333): CodeIgniter\CodeIgniter->handleRequest(NULL, Object(Config\Cache), false)
#7 D:\xampp7\htdocs\skpci\index.php(53): CodeIgniter\CodeIgniter->run()
#8 {main}
CRITICAL - 2021-06-29 21:20:10 --> There is no data to update.
#0 D:\xampp7\htdocs\skpci\system\BaseModel.php(1682): CodeIgniter\Database\Exceptions\DataException::forEmptyDataset('update')
#1 D:\xampp7\htdocs\skpci\system\BaseModel.php(864): CodeIgniter\BaseModel->transformDataToArray(NULL, 'update')
#2 D:\xampp7\htdocs\skpci\system\Model.php(737): CodeIgniter\BaseModel->update(Array, NULL)
#3 D:\xampp7\htdocs\skpci\app\Controllers\ControllerPengukuran.php(561): CodeIgniter\Model->update(Array)
#4 D:\xampp7\htdocs\skpci\system\CodeIgniter.php(936): App\Controllers\ControllerPengukuran->reset('eXdVQWdJaTlKVXp...')
#5 D:\xampp7\htdocs\skpci\system\CodeIgniter.php(432): CodeIgniter\CodeIgniter->runController(Object(App\Controllers\ControllerPengukuran))
#6 D:\xampp7\htdocs\skpci\system\CodeIgniter.php(333): CodeIgniter\CodeIgniter->handleRequest(NULL, Object(Config\Cache), false)
#7 D:\xampp7\htdocs\skpci\index.php(53): CodeIgniter\CodeIgniter->run()
#8 {main}
CRITICAL - 2021-06-29 21:24:24 --> Return value of CodeIgniter\BaseModel::transformDataToArray() must be of the type array, string returned
#0 D:\xampp7\htdocs\skpci\system\BaseModel.php(864): CodeIgniter\BaseModel->transformDataToArray('riwayat_skp = 1...', 'update')
#1 D:\xampp7\htdocs\skpci\system\Model.php(737): CodeIgniter\BaseModel->update(Array, 'riwayat_skp = 1...')
#2 D:\xampp7\htdocs\skpci\app\Controllers\ControllerPengukuran.php(561): CodeIgniter\Model->update(Array, 'riwayat_skp = 1...')
#3 D:\xampp7\htdocs\skpci\system\CodeIgniter.php(936): App\Controllers\ControllerPengukuran->reset('eXdVQWdJaTlKVXp...')
#4 D:\xampp7\htdocs\skpci\system\CodeIgniter.php(432): CodeIgniter\CodeIgniter->runController(Object(App\Controllers\ControllerPengukuran))
#5 D:\xampp7\htdocs\skpci\system\CodeIgniter.php(333): CodeIgniter\CodeIgniter->handleRequest(NULL, Object(Config\Cache), false)
#6 D:\xampp7\htdocs\skpci\index.php(53): CodeIgniter\CodeIgniter->run()
#7 {main}
CRITICAL - 2021-06-29 21:24:49 --> Return value of CodeIgniter\BaseModel::transformDataToArray() must be of the type array, string returned
#0 D:\xampp7\htdocs\skpci\system\BaseModel.php(864): CodeIgniter\BaseModel->transformDataToArray('riwayat_skp = 1...', 'update')
#1 D:\xampp7\htdocs\skpci\system\Model.php(737): CodeIgniter\BaseModel->update(Array, 'riwayat_skp = 1...')
#2 D:\xampp7\htdocs\skpci\app\Controllers\ControllerPengukuran.php(561): CodeIgniter\Model->update(Array, 'riwayat_skp = 1...')
#3 D:\xampp7\htdocs\skpci\system\CodeIgniter.php(936): App\Controllers\ControllerPengukuran->reset('eXdVQWdJaTlKVXp...')
#4 D:\xampp7\htdocs\skpci\system\CodeIgniter.php(432): CodeIgniter\CodeIgniter->runController(Object(App\Controllers\ControllerPengukuran))
#5 D:\xampp7\htdocs\skpci\system\CodeIgniter.php(333): CodeIgniter\CodeIgniter->handleRequest(NULL, Object(Config\Cache), false)
#6 D:\xampp7\htdocs\skpci\index.php(53): CodeIgniter\CodeIgniter->run()
#7 {main}
CRITICAL - 2021-06-29 21:24:50 --> Return value of CodeIgniter\BaseModel::transformDataToArray() must be of the type array, string returned
#0 D:\xampp7\htdocs\skpci\system\BaseModel.php(864): CodeIgniter\BaseModel->transformDataToArray('riwayat_skp = 1...', 'update')
#1 D:\xampp7\htdocs\skpci\system\Model.php(737): CodeIgniter\BaseModel->update(Array, 'riwayat_skp = 1...')
#2 D:\xampp7\htdocs\skpci\app\Controllers\ControllerPengukuran.php(561): CodeIgniter\Model->update(Array, 'riwayat_skp = 1...')
#3 D:\xampp7\htdocs\skpci\system\CodeIgniter.php(936): App\Controllers\ControllerPengukuran->reset('eXdVQWdJaTlKVXp...')
#4 D:\xampp7\htdocs\skpci\system\CodeIgniter.php(432): CodeIgniter\CodeIgniter->runController(Object(App\Controllers\ControllerPengukuran))
#5 D:\xampp7\htdocs\skpci\system\CodeIgniter.php(333): CodeIgniter\CodeIgniter->handleRequest(NULL, Object(Config\Cache), false)
#6 D:\xampp7\htdocs\skpci\index.php(53): CodeIgniter\CodeIgniter->run()
#7 {main}
CRITICAL - 2021-06-29 21:25:33 --> There is no data to update.
#0 D:\xampp7\htdocs\skpci\system\BaseModel.php(1682): CodeIgniter\Database\Exceptions\DataException::forEmptyDataset('update')
#1 D:\xampp7\htdocs\skpci\system\BaseModel.php(864): CodeIgniter\BaseModel->transformDataToArray(NULL, 'update')
#2 D:\xampp7\htdocs\skpci\system\Model.php(737): CodeIgniter\BaseModel->update(Array, NULL)
#3 D:\xampp7\htdocs\skpci\app\Controllers\ControllerPengukuran.php(559): CodeIgniter\Model->update(Array)
#4 D:\xampp7\htdocs\skpci\system\CodeIgniter.php(936): App\Controllers\ControllerPengukuran->reset('eXdVQWdJaTlKVXp...')
#5 D:\xampp7\htdocs\skpci\system\CodeIgniter.php(432): CodeIgniter\CodeIgniter->runController(Object(App\Controllers\ControllerPengukuran))
#6 D:\xampp7\htdocs\skpci\system\CodeIgniter.php(333): CodeIgniter\CodeIgniter->handleRequest(NULL, Object(Config\Cache), false)
#7 D:\xampp7\htdocs\skpci\index.php(53): CodeIgniter\CodeIgniter->run()
#8 {main}
CRITICAL - 2021-06-29 21:27:07 --> There is no data to update.
#0 D:\xampp7\htdocs\skpci\system\BaseModel.php(1682): CodeIgniter\Database\Exceptions\DataException::forEmptyDataset('update')
#1 D:\xampp7\htdocs\skpci\system\BaseModel.php(864): CodeIgniter\BaseModel->transformDataToArray(NULL, 'update')
#2 D:\xampp7\htdocs\skpci\system\Model.php(737): CodeIgniter\BaseModel->update(Array, NULL)
#3 D:\xampp7\htdocs\skpci\app\Controllers\ControllerPengukuran.php(565): CodeIgniter\Model->update(Array)
#4 D:\xampp7\htdocs\skpci\system\CodeIgniter.php(936): App\Controllers\ControllerPengukuran->reset('eXdVQWdJaTlKVXp...')
#5 D:\xampp7\htdocs\skpci\system\CodeIgniter.php(432): CodeIgniter\CodeIgniter->runController(Object(App\Controllers\ControllerPengukuran))
#6 D:\xampp7\htdocs\skpci\system\CodeIgniter.php(333): CodeIgniter\CodeIgniter->handleRequest(NULL, Object(Config\Cache), false)
#7 D:\xampp7\htdocs\skpci\index.php(53): CodeIgniter\CodeIgniter->run()
#8 {main}
CRITICAL - 2021-06-29 21:27:33 --> There is no data to update.
#0 D:\xampp7\htdocs\skpci\system\BaseModel.php(1682): CodeIgniter\Database\Exceptions\DataException::forEmptyDataset('update')
#1 D:\xampp7\htdocs\skpci\system\BaseModel.php(864): CodeIgniter\BaseModel->transformDataToArray(NULL, 'update')
#2 D:\xampp7\htdocs\skpci\system\Model.php(737): CodeIgniter\BaseModel->update(Array, NULL)
#3 D:\xampp7\htdocs\skpci\app\Controllers\ControllerPengukuran.php(565): CodeIgniter\Model->update(Array)
#4 D:\xampp7\htdocs\skpci\system\CodeIgniter.php(936): App\Controllers\ControllerPengukuran->reset('eXdVQWdJaTlKVXp...')
#5 D:\xampp7\htdocs\skpci\system\CodeIgniter.php(432): CodeIgniter\CodeIgniter->runController(Object(App\Controllers\ControllerPengukuran))
#6 D:\xampp7\htdocs\skpci\system\CodeIgniter.php(333): CodeIgniter\CodeIgniter->handleRequest(NULL, Object(Config\Cache), false)
#7 D:\xampp7\htdocs\skpci\index.php(53): CodeIgniter\CodeIgniter->run()
#8 {main}
CRITICAL - 2021-06-29 21:28:18 --> There is no data to update.
#0 D:\xampp7\htdocs\skpci\system\BaseModel.php(1682): CodeIgniter\Database\Exceptions\DataException::forEmptyDataset('update')
#1 D:\xampp7\htdocs\skpci\system\BaseModel.php(864): CodeIgniter\BaseModel->transformDataToArray(NULL, 'update')
#2 D:\xampp7\htdocs\skpci\system\Model.php(737): CodeIgniter\BaseModel->update(Array, NULL)
#3 D:\xampp7\htdocs\skpci\app\Controllers\ControllerPengukuran.php(565): CodeIgniter\Model->update(Array)
#4 D:\xampp7\htdocs\skpci\system\CodeIgniter.php(936): App\Controllers\ControllerPengukuran->reset('eXdVQWdJaTlKVXp...')
#5 D:\xampp7\htdocs\skpci\system\CodeIgniter.php(432): CodeIgniter\CodeIgniter->runController(Object(App\Controllers\ControllerPengukuran))
#6 D:\xampp7\htdocs\skpci\system\CodeIgniter.php(333): CodeIgniter\CodeIgniter->handleRequest(NULL, Object(Config\Cache), false)
#7 D:\xampp7\htdocs\skpci\index.php(53): CodeIgniter\CodeIgniter->run()
#8 {main}
CRITICAL - 2021-06-29 21:28:19 --> There is no data to update.
#0 D:\xampp7\htdocs\skpci\system\BaseModel.php(1682): CodeIgniter\Database\Exceptions\DataException::forEmptyDataset('update')
#1 D:\xampp7\htdocs\skpci\system\BaseModel.php(864): CodeIgniter\BaseModel->transformDataToArray(NULL, 'update')
#2 D:\xampp7\htdocs\skpci\system\Model.php(737): CodeIgniter\BaseModel->update(Array, NULL)
#3 D:\xampp7\htdocs\skpci\app\Controllers\ControllerPengukuran.php(565): CodeIgniter\Model->update(Array)
#4 D:\xampp7\htdocs\skpci\system\CodeIgniter.php(936): App\Controllers\ControllerPengukuran->reset('eXdVQWdJaTlKVXp...')
#5 D:\xampp7\htdocs\skpci\system\CodeIgniter.php(432): CodeIgniter\CodeIgniter->runController(Object(App\Controllers\ControllerPengukuran))
#6 D:\xampp7\htdocs\skpci\system\CodeIgniter.php(333): CodeIgniter\CodeIgniter->handleRequest(NULL, Object(Config\Cache), false)
#7 D:\xampp7\htdocs\skpci\index.php(53): CodeIgniter\CodeIgniter->run()
#8 {main}
CRITICAL - 2021-06-29 21:28:21 --> There is no data to update.
#0 D:\xampp7\htdocs\skpci\system\BaseModel.php(1682): CodeIgniter\Database\Exceptions\DataException::forEmptyDataset('update')
#1 D:\xampp7\htdocs\skpci\system\BaseModel.php(864): CodeIgniter\BaseModel->transformDataToArray(NULL, 'update')
#2 D:\xampp7\htdocs\skpci\system\Model.php(737): CodeIgniter\BaseModel->update(Array, NULL)
#3 D:\xampp7\htdocs\skpci\app\Controllers\ControllerPengukuran.php(565): CodeIgniter\Model->update(Array)
#4 D:\xampp7\htdocs\skpci\system\CodeIgniter.php(936): App\Controllers\ControllerPengukuran->reset('eXdVQWdJaTlKVXp...')
#5 D:\xampp7\htdocs\skpci\system\CodeIgniter.php(432): CodeIgniter\CodeIgniter->runController(Object(App\Controllers\ControllerPengukuran))
#6 D:\xampp7\htdocs\skpci\system\CodeIgniter.php(333): CodeIgniter\CodeIgniter->handleRequest(NULL, Object(Config\Cache), false)
#7 D:\xampp7\htdocs\skpci\index.php(53): CodeIgniter\CodeIgniter->run()
#8 {main}
CRITICAL - 2021-06-29 21:29:59 --> There is no data to update.
#0 D:\xampp7\htdocs\skpci\system\BaseModel.php(1682): CodeIgniter\Database\Exceptions\DataException::forEmptyDataset('update')
#1 D:\xampp7\htdocs\skpci\system\BaseModel.php(864): CodeIgniter\BaseModel->transformDataToArray(NULL, 'update')
#2 D:\xampp7\htdocs\skpci\system\Model.php(737): CodeIgniter\BaseModel->update(Array, NULL)
#3 D:\xampp7\htdocs\skpci\app\Controllers\ControllerPengukuran.php(556): CodeIgniter\Model->update(Array)
#4 D:\xampp7\htdocs\skpci\system\CodeIgniter.php(936): App\Controllers\ControllerPengukuran->reset('eXdVQWdJaTlKVXp...')
#5 D:\xampp7\htdocs\skpci\system\CodeIgniter.php(432): CodeIgniter\CodeIgniter->runController(Object(App\Controllers\ControllerPengukuran))
#6 D:\xampp7\htdocs\skpci\system\CodeIgniter.php(333): CodeIgniter\CodeIgniter->handleRequest(NULL, Object(Config\Cache), false)
#7 D:\xampp7\htdocs\skpci\index.php(53): CodeIgniter\CodeIgniter->run()
#8 {main}
CRITICAL - 2021-06-29 21:30:29 --> There is no data to update.
#0 D:\xampp7\htdocs\skpci\system\BaseModel.php(1682): CodeIgniter\Database\Exceptions\DataException::forEmptyDataset('update')
#1 D:\xampp7\htdocs\skpci\system\BaseModel.php(864): CodeIgniter\BaseModel->transformDataToArray(NULL, 'update')
#2 D:\xampp7\htdocs\skpci\system\Model.php(737): CodeIgniter\BaseModel->update(Array, NULL)
#3 D:\xampp7\htdocs\skpci\app\Controllers\ControllerPengukuran.php(556): CodeIgniter\Model->update(Array)
#4 D:\xampp7\htdocs\skpci\system\CodeIgniter.php(936): App\Controllers\ControllerPengukuran->reset('eXdVQWdJaTlKVXp...')
#5 D:\xampp7\htdocs\skpci\system\CodeIgniter.php(432): CodeIgniter\CodeIgniter->runController(Object(App\Controllers\ControllerPengukuran))
#6 D:\xampp7\htdocs\skpci\system\CodeIgniter.php(333): CodeIgniter\CodeIgniter->handleRequest(NULL, Object(Config\Cache), false)
#7 D:\xampp7\htdocs\skpci\index.php(53): CodeIgniter\CodeIgniter->run()
#8 {main}
CRITICAL - 2021-06-29 21:33:02 --> Return value of CodeIgniter\BaseModel::transformDataToArray() must be of the type array, string returned
#0 D:\xampp7\htdocs\skpci\system\BaseModel.php(864): CodeIgniter\BaseModel->transformDataToArray('id=11', 'update')
#1 D:\xampp7\htdocs\skpci\system\Model.php(737): CodeIgniter\BaseModel->update(Array, 'id=11')
#2 D:\xampp7\htdocs\skpci\app\Controllers\ControllerPengukuran.php(556): CodeIgniter\Model->update(Array, 'id=11')
#3 D:\xampp7\htdocs\skpci\system\CodeIgniter.php(936): App\Controllers\ControllerPengukuran->reset('eXdVQWdJaTlKVXp...')
#4 D:\xampp7\htdocs\skpci\system\CodeIgniter.php(432): CodeIgniter\CodeIgniter->runController(Object(App\Controllers\ControllerPengukuran))
#5 D:\xampp7\htdocs\skpci\system\CodeIgniter.php(333): CodeIgniter\CodeIgniter->handleRequest(NULL, Object(Config\Cache), false)
#6 D:\xampp7\htdocs\skpci\index.php(53): CodeIgniter\CodeIgniter->run()
#7 {main}
CRITICAL - 2021-06-29 21:40:41 --> There is no data to update.
#0 D:\xampp7\htdocs\skpci\system\BaseModel.php(1682): CodeIgniter\Database\Exceptions\DataException::forEmptyDataset('update')
#1 D:\xampp7\htdocs\skpci\system\BaseModel.php(864): CodeIgniter\BaseModel->transformDataToArray(NULL, 'update')
#2 D:\xampp7\htdocs\skpci\system\Model.php(737): CodeIgniter\BaseModel->update(Array, NULL)
#3 D:\xampp7\htdocs\skpci\app\Controllers\ControllerPengukuran.php(564): CodeIgniter\Model->update(Array)
#4 D:\xampp7\htdocs\skpci\system\CodeIgniter.php(936): App\Controllers\ControllerPengukuran->reset('eXdVQWdJaTlKVXp...')
#5 D:\xampp7\htdocs\skpci\system\CodeIgniter.php(432): CodeIgniter\CodeIgniter->runController(Object(App\Controllers\ControllerPengukuran))
#6 D:\xampp7\htdocs\skpci\system\CodeIgniter.php(333): CodeIgniter\CodeIgniter->handleRequest(NULL, Object(Config\Cache), false)
#7 D:\xampp7\htdocs\skpci\index.php(53): CodeIgniter\CodeIgniter->run()
#8 {main}
CRITICAL - 2021-06-29 22:28:06 --> syntax error, unexpected '=', expecting ')'
#0 D:\xampp7\htdocs\skpci\system\Autoloader\Autoloader.php(265): CodeIgniter\Autoloader\Autoloader->includeFile('D:\\xampp7\\htdoc...')
#1 D:\xampp7\htdocs\skpci\system\Autoloader\Autoloader.php(228): CodeIgniter\Autoloader\Autoloader->loadInNamespace('App\\Controllers...')
#2 [internal function]: CodeIgniter\Autoloader\Autoloader->loadClass('App\\Controllers...')
#3 [internal function]: spl_autoload_call('App\\Controllers...')
#4 D:\xampp7\htdocs\skpci\system\CodeIgniter.php(893): class_exists('\\App\\Controller...', true)
#5 D:\xampp7\htdocs\skpci\system\CodeIgniter.php(417): CodeIgniter\CodeIgniter->startController()
#6 D:\xampp7\htdocs\skpci\system\CodeIgniter.php(333): CodeIgniter\CodeIgniter->handleRequest(NULL, Object(Config\Cache), false)
#7 D:\xampp7\htdocs\skpci\index.php(53): CodeIgniter\CodeIgniter->run()
#8 {main}
