CRITICAL - 2021-07-02 02:41:34 --> syntax error, unexpected 'else' (T_ELSE), expecting ',' or ';'
#0 D:\xampp7\htdocs\skpci\system\View\View.php(222): CodeIgniter\View\View->CodeIgniter\View\{closure}()
#1 D:\xampp7\htdocs\skpci\system\Common.php(1217): CodeIgniter\View\View->render('ViewTambahPengu...', Array, true)
#2 D:\xampp7\htdocs\skpci\app\Controllers\ControllerPengukuran.php(340): view('ViewTambahPengu...', Array)
#3 D:\xampp7\htdocs\skpci\system\CodeIgniter.php(936): App\Controllers\ControllerPengukuran->edit('alNiTmcxalhVQkF...')
#4 D:\xampp7\htdocs\skpci\system\CodeIgniter.php(432): CodeIgniter\CodeIgniter->runController(Object(App\Controllers\ControllerPengukuran))
#5 D:\xampp7\htdocs\skpci\system\CodeIgniter.php(333): CodeIgniter\CodeIgniter->handleRequest(NULL, Object(Config\Cache), false)
#6 D:\xampp7\htdocs\skpci\index.php(53): CodeIgniter\CodeIgniter->run()
#7 {main}
CRITICAL - 2021-07-02 02:46:52 --> Undefined variable: mode
#0 D:\xampp7\htdocs\skpci\app\Views\ViewTambahPengukuran.php(68): CodeIgniter\Debug\Exceptions->errorHandler(8, 'Undefined varia...', 'D:\\xampp7\\htdoc...', 68, Array)
#1 D:\xampp7\htdocs\skpci\system\View\View.php(220): include('D:\\xampp7\\htdoc...')
#2 D:\xampp7\htdocs\skpci\system\View\View.php(222): CodeIgniter\View\View->CodeIgniter\View\{closure}()
#3 D:\xampp7\htdocs\skpci\system\Common.php(1217): CodeIgniter\View\View->render('ViewTambahPengu...', Array, true)
#4 D:\xampp7\htdocs\skpci\app\Controllers\ControllerPengukuran.php(340): view('ViewTambahPengu...', Array)
#5 D:\xampp7\htdocs\skpci\system\CodeIgniter.php(936): App\Controllers\ControllerPengukuran->edit('alNiTmcxalhVQkF...')
#6 D:\xampp7\htdocs\skpci\system\CodeIgniter.php(432): CodeIgniter\CodeIgniter->runController(Object(App\Controllers\ControllerPengukuran))
#7 D:\xampp7\htdocs\skpci\system\CodeIgniter.php(333): CodeIgniter\CodeIgniter->handleRequest(NULL, Object(Config\Cache), false)
#8 D:\xampp7\htdocs\skpci\index.php(53): CodeIgniter\CodeIgniter->run()
#9 {main}
CRITICAL - 2021-07-02 02:50:01 --> Undefined offset: 0
#0 D:\xampp7\htdocs\skpci\app\Controllers\ControllerPengukuran.php(233): CodeIgniter\Debug\Exceptions->errorHandler(8, 'Undefined offse...', 'D:\\xampp7\\htdoc...', 233, Array)
#1 D:\xampp7\htdocs\skpci\system\CodeIgniter.php(936): App\Controllers\ControllerPengukuran->lihat('RHltSTBtMzZZWm5...')
#2 D:\xampp7\htdocs\skpci\system\CodeIgniter.php(432): CodeIgniter\CodeIgniter->runController(Object(App\Controllers\ControllerPengukuran))
#3 D:\xampp7\htdocs\skpci\system\CodeIgniter.php(333): CodeIgniter\CodeIgniter->handleRequest(NULL, Object(Config\Cache), false)
#4 D:\xampp7\htdocs\skpci\index.php(53): CodeIgniter\CodeIgniter->run()
#5 {main}
CRITICAL - 2021-07-02 03:34:32 --> syntax error, unexpected 'sini' (T_STRING)
#0 D:\xampp7\htdocs\skpci\system\Autoloader\Autoloader.php(265): CodeIgniter\Autoloader\Autoloader->includeFile('D:\\xampp7\\htdoc...')
#1 D:\xampp7\htdocs\skpci\system\Autoloader\Autoloader.php(228): CodeIgniter\Autoloader\Autoloader->loadInNamespace('App\\Controllers...')
#2 [internal function]: CodeIgniter\Autoloader\Autoloader->loadClass('App\\Controllers...')
#3 [internal function]: spl_autoload_call('App\\Controllers...')
#4 D:\xampp7\htdocs\skpci\system\CodeIgniter.php(893): class_exists('\\App\\Controller...', true)
#5 D:\xampp7\htdocs\skpci\system\CodeIgniter.php(417): CodeIgniter\CodeIgniter->startController()
#6 D:\xampp7\htdocs\skpci\system\CodeIgniter.php(333): CodeIgniter\CodeIgniter->handleRequest(NULL, Object(Config\Cache), false)
#7 D:\xampp7\htdocs\skpci\index.php(53): CodeIgniter\CodeIgniter->run()
#8 {main}
CRITICAL - 2021-07-02 20:06:34 --> Undefined variable: judul_tahapan
#0 D:\xampp7\htdocs\skpci\app\Views\ViewBiodata.php(223): CodeIgniter\Debug\Exceptions->errorHandler(8, 'Undefined varia...', 'D:\\xampp7\\htdoc...', 223, Array)
#1 D:\xampp7\htdocs\skpci\system\View\View.php(220): include('D:\\xampp7\\htdoc...')
#2 D:\xampp7\htdocs\skpci\system\View\View.php(222): CodeIgniter\View\View->CodeIgniter\View\{closure}()
#3 D:\xampp7\htdocs\skpci\system\Common.php(1217): CodeIgniter\View\View->render('ViewBiodata', Array, true)
#4 D:\xampp7\htdocs\skpci\app\Controllers\ControllerUmum.php(57): view('ViewBiodata', Array)
#5 D:\xampp7\htdocs\skpci\system\CodeIgniter.php(936): App\Controllers\ControllerUmum->index()
#6 D:\xampp7\htdocs\skpci\system\CodeIgniter.php(432): CodeIgniter\CodeIgniter->runController(Object(App\Controllers\ControllerUmum))
#7 D:\xampp7\htdocs\skpci\system\CodeIgniter.php(333): CodeIgniter\CodeIgniter->handleRequest(NULL, Object(Config\Cache), false)
#8 D:\xampp7\htdocs\skpci\index.php(53): CodeIgniter\CodeIgniter->run()
#9 {main}
CRITICAL - 2021-07-02 20:23:31 --> Undefined variable: jabatan
#0 D:\xampp7\htdocs\skpci\app\Controllers\ControllerUmum.php(37): CodeIgniter\Debug\Exceptions->errorHandler(8, 'Undefined varia...', 'D:\\xampp7\\htdoc...', 37, Array)
#1 D:\xampp7\htdocs\skpci\system\CodeIgniter.php(936): App\Controllers\ControllerUmum->index()
#2 D:\xampp7\htdocs\skpci\system\CodeIgniter.php(432): CodeIgniter\CodeIgniter->runController(Object(App\Controllers\ControllerUmum))
#3 D:\xampp7\htdocs\skpci\system\CodeIgniter.php(333): CodeIgniter\CodeIgniter->handleRequest(NULL, Object(Config\Cache), false)
#4 D:\xampp7\htdocs\skpci\index.php(53): CodeIgniter\CodeIgniter->run()
#5 {main}
CRITICAL - 2021-07-02 20:25:03 --> Undefined variable: judul_tahapan
#0 D:\xampp7\htdocs\skpci\app\Views\ViewBiodata.php(223): CodeIgniter\Debug\Exceptions->errorHandler(8, 'Undefined varia...', 'D:\\xampp7\\htdoc...', 223, Array)
#1 D:\xampp7\htdocs\skpci\system\View\View.php(220): include('D:\\xampp7\\htdoc...')
#2 D:\xampp7\htdocs\skpci\system\View\View.php(222): CodeIgniter\View\View->CodeIgniter\View\{closure}()
#3 D:\xampp7\htdocs\skpci\system\Common.php(1217): CodeIgniter\View\View->render('ViewBiodata', Array, true)
#4 D:\xampp7\htdocs\skpci\app\Controllers\ControllerUmum.php(57): view('ViewBiodata', Array)
#5 D:\xampp7\htdocs\skpci\system\CodeIgniter.php(936): App\Controllers\ControllerUmum->index()
#6 D:\xampp7\htdocs\skpci\system\CodeIgniter.php(432): CodeIgniter\CodeIgniter->runController(Object(App\Controllers\ControllerUmum))
#7 D:\xampp7\htdocs\skpci\system\CodeIgniter.php(333): CodeIgniter\CodeIgniter->handleRequest(NULL, Object(Config\Cache), false)
#8 D:\xampp7\htdocs\skpci\index.php(53): CodeIgniter\CodeIgniter->run()
#9 {main}
CRITICAL - 2021-07-02 20:31:05 --> Invalid argument supplied for foreach()
#0 D:\xampp7\htdocs\skpci\app\Views\ViewRiwayat.php(130): CodeIgniter\Debug\Exceptions->errorHandler(2, 'Invalid argumen...', 'D:\\xampp7\\htdoc...', 130, Array)
#1 D:\xampp7\htdocs\skpci\system\View\View.php(220): include('D:\\xampp7\\htdoc...')
#2 D:\xampp7\htdocs\skpci\system\View\View.php(222): CodeIgniter\View\View->CodeIgniter\View\{closure}()
#3 D:\xampp7\htdocs\skpci\system\Common.php(1217): CodeIgniter\View\View->render('ViewRiwayat', Array, true)
#4 D:\xampp7\htdocs\skpci\app\Controllers\ControllerUmum.php(212): view('ViewRiwayat', Array)
#5 D:\xampp7\htdocs\skpci\system\CodeIgniter.php(936): App\Controllers\ControllerUmum->riwayat('target')
#6 D:\xampp7\htdocs\skpci\system\CodeIgniter.php(432): CodeIgniter\CodeIgniter->runController(Object(App\Controllers\ControllerUmum))
#7 D:\xampp7\htdocs\skpci\system\CodeIgniter.php(333): CodeIgniter\CodeIgniter->handleRequest(NULL, Object(Config\Cache), false)
#8 D:\xampp7\htdocs\skpci\index.php(53): CodeIgniter\CodeIgniter->run()
#9 {main}
CRITICAL - 2021-07-02 20:32:38 --> Array to string conversion
#0 D:\xampp7\htdocs\skpci\app\Views\ViewRiwayat.php(77): CodeIgniter\Debug\Exceptions->errorHandler(8, 'Array to string...', 'D:\\xampp7\\htdoc...', 77, Array)
#1 D:\xampp7\htdocs\skpci\system\View\View.php(220): include('D:\\xampp7\\htdoc...')
#2 D:\xampp7\htdocs\skpci\system\View\View.php(222): CodeIgniter\View\View->CodeIgniter\View\{closure}()
#3 D:\xampp7\htdocs\skpci\system\Common.php(1217): CodeIgniter\View\View->render('ViewRiwayat', Array, true)
#4 D:\xampp7\htdocs\skpci\app\Controllers\ControllerUmum.php(214): view('ViewRiwayat', Array)
#5 D:\xampp7\htdocs\skpci\system\CodeIgniter.php(936): App\Controllers\ControllerUmum->riwayat('target')
#6 D:\xampp7\htdocs\skpci\system\CodeIgniter.php(432): CodeIgniter\CodeIgniter->runController(Object(App\Controllers\ControllerUmum))
#7 D:\xampp7\htdocs\skpci\system\CodeIgniter.php(333): CodeIgniter\CodeIgniter->handleRequest(NULL, Object(Config\Cache), false)
#8 D:\xampp7\htdocs\skpci\index.php(53): CodeIgniter\CodeIgniter->run()
#9 {main}
CRITICAL - 2021-07-02 20:45:33 --> Undefined variable: judul_proses
#0 D:\xampp7\htdocs\skpci\app\Views\ViewRiwayat.php(254): CodeIgniter\Debug\Exceptions->errorHandler(8, 'Undefined varia...', 'D:\\xampp7\\htdoc...', 254, Array)
#1 D:\xampp7\htdocs\skpci\system\View\View.php(220): include('D:\\xampp7\\htdoc...')
#2 D:\xampp7\htdocs\skpci\system\View\View.php(222): CodeIgniter\View\View->CodeIgniter\View\{closure}()
#3 D:\xampp7\htdocs\skpci\system\Common.php(1217): CodeIgniter\View\View->render('ViewRiwayat', Array, true)
#4 D:\xampp7\htdocs\skpci\app\Controllers\ControllerUmum.php(217): view('ViewRiwayat', Array)
#5 D:\xampp7\htdocs\skpci\system\CodeIgniter.php(936): App\Controllers\ControllerUmum->riwayat('target')
#6 D:\xampp7\htdocs\skpci\system\CodeIgniter.php(432): CodeIgniter\CodeIgniter->runController(Object(App\Controllers\ControllerUmum))
#7 D:\xampp7\htdocs\skpci\system\CodeIgniter.php(333): CodeIgniter\CodeIgniter->handleRequest(NULL, Object(Config\Cache), false)
#8 D:\xampp7\htdocs\skpci\index.php(53): CodeIgniter\CodeIgniter->run()
#9 {main}
CRITICAL - 2021-07-02 21:16:34 --> syntax error, unexpected '<'
#0 D:\xampp7\htdocs\skpci\system\Autoloader\Autoloader.php(265): CodeIgniter\Autoloader\Autoloader->includeFile('D:\\xampp7\\htdoc...')
#1 D:\xampp7\htdocs\skpci\system\Autoloader\Autoloader.php(228): CodeIgniter\Autoloader\Autoloader->loadInNamespace('App\\Controllers...')
#2 [internal function]: CodeIgniter\Autoloader\Autoloader->loadClass('App\\Controllers...')
#3 [internal function]: spl_autoload_call('App\\Controllers...')
#4 D:\xampp7\htdocs\skpci\system\CodeIgniter.php(893): class_exists('\\App\\Controller...', true)
#5 D:\xampp7\htdocs\skpci\system\CodeIgniter.php(417): CodeIgniter\CodeIgniter->startController()
#6 D:\xampp7\htdocs\skpci\system\CodeIgniter.php(333): CodeIgniter\CodeIgniter->handleRequest(NULL, Object(Config\Cache), false)
#7 D:\xampp7\htdocs\skpci\index.php(53): CodeIgniter\CodeIgniter->run()
#8 {main}
CRITICAL - 2021-07-02 21:17:23 --> Undefined offset: 0
#0 D:\xampp7\htdocs\skpci\app\Controllers\ControllerUmum.php(128): CodeIgniter\Debug\Exceptions->errorHandler(8, 'Undefined offse...', 'D:\\xampp7\\htdoc...', 128, Array)
#1 D:\xampp7\htdocs\skpci\system\CodeIgniter.php(936): App\Controllers\ControllerUmum->riwayat('target')
#2 D:\xampp7\htdocs\skpci\system\CodeIgniter.php(432): CodeIgniter\CodeIgniter->runController(Object(App\Controllers\ControllerUmum))
#3 D:\xampp7\htdocs\skpci\system\CodeIgniter.php(333): CodeIgniter\CodeIgniter->handleRequest(NULL, Object(Config\Cache), false)
#4 D:\xampp7\htdocs\skpci\index.php(53): CodeIgniter\CodeIgniter->run()
#5 {main}
