ERROR - 2021-06-10 00:12:54 --> mysqli_sql_exception: Unknown column 'nip' in 'where clause' in D:\xampp7\private_html\skpci\system\Database\MySQLi\Connection.php:314
Stack trace:
#0 D:\xampp7\private_html\skpci\system\Database\MySQLi\Connection.php(314): mysqli->query('SELECT *\nFROM `...')
#1 D:\xampp7\private_html\skpci\system\Database\BaseConnection.php(713): CodeIgniter\Database\MySQLi\Connection->execute('SELECT *\nFROM `...')
#2 D:\xampp7\private_html\skpci\system\Database\BaseConnection.php(641): CodeIgniter\Database\BaseConnection->simpleQuery('SELECT *\nFROM `...')
#3 D:\xampp7\private_html\skpci\system\Database\BaseBuilder.php(1866): CodeIgniter\Database\BaseConnection->query('SELECT *\nFROM `...', Array, false)
#4 D:\xampp7\private_html\skpci\system\Model.php(213): CodeIgniter\Database\BaseBuilder->get()
#5 D:\xampp7\private_html\skpci\system\BaseModel.php(583): CodeIgniter\Model->doFindAll(0, 0)
#6 D:\xampp7\private_html\skpci\app\Controllers\ControllerSkpAdmin.php(260): CodeIgniter\BaseModel->findAll()
#7 D:\xampp7\private_html\skpci\system\CodeIgniter.php(936): App\Controllers\ControllerSkpAdmin->tambahKTJ('OW00N0xLaCt6R2t...')
#8 D:\xampp7\private_html\skpci\system\CodeIgniter.php(432): CodeIgniter\CodeIgniter->runController(Object(App\Controllers\ControllerSkpAdmin))
#9 D:\xampp7\private_html\skpci\system\CodeIgniter.php(333): CodeIgniter\CodeIgniter->handleRequest(NULL, Object(Config\Cache), false)
#10 D:\xampp7\htdocs\skpci\index.php(53): CodeIgniter\CodeIgniter->run()
#11 {main}
CRITICAL - 2021-06-10 00:12:54 --> Unknown column 'nip' in 'where clause'
#0 D:\xampp7\private_html\skpci\system\Database\MySQLi\Connection.php(314): mysqli->query('SELECT *\nFROM `...')
#1 D:\xampp7\private_html\skpci\system\Database\BaseConnection.php(713): CodeIgniter\Database\MySQLi\Connection->execute('SELECT *\nFROM `...')
#2 D:\xampp7\private_html\skpci\system\Database\BaseConnection.php(641): CodeIgniter\Database\BaseConnection->simpleQuery('SELECT *\nFROM `...')
#3 D:\xampp7\private_html\skpci\system\Database\BaseBuilder.php(1866): CodeIgniter\Database\BaseConnection->query('SELECT *\nFROM `...', Array, false)
#4 D:\xampp7\private_html\skpci\system\Model.php(213): CodeIgniter\Database\BaseBuilder->get()
#5 D:\xampp7\private_html\skpci\system\BaseModel.php(583): CodeIgniter\Model->doFindAll(0, 0)
#6 D:\xampp7\private_html\skpci\app\Controllers\ControllerSkpAdmin.php(260): CodeIgniter\BaseModel->findAll()
#7 D:\xampp7\private_html\skpci\system\CodeIgniter.php(936): App\Controllers\ControllerSkpAdmin->tambahKTJ('OW00N0xLaCt6R2t...')
#8 D:\xampp7\private_html\skpci\system\CodeIgniter.php(432): CodeIgniter\CodeIgniter->runController(Object(App\Controllers\ControllerSkpAdmin))
#9 D:\xampp7\private_html\skpci\system\CodeIgniter.php(333): CodeIgniter\CodeIgniter->handleRequest(NULL, Object(Config\Cache), false)
#10 D:\xampp7\htdocs\skpci\index.php(53): CodeIgniter\CodeIgniter->run()
#11 {main}
CRITICAL - 2021-06-10 00:14:20 --> Undefined index: ktj
#0 D:\xampp7\private_html\skpci\app\Controllers\ControllerSkpAdmin.php(263): CodeIgniter\Debug\Exceptions->errorHandler(8, 'Undefined index...', 'D:\\xampp7\\priva...', 263, Array)
#1 D:\xampp7\private_html\skpci\system\CodeIgniter.php(936): App\Controllers\ControllerSkpAdmin->tambahKTJ('OW00N0xLaCt6R2t...')
#2 D:\xampp7\private_html\skpci\system\CodeIgniter.php(432): CodeIgniter\CodeIgniter->runController(Object(App\Controllers\ControllerSkpAdmin))
#3 D:\xampp7\private_html\skpci\system\CodeIgniter.php(333): CodeIgniter\CodeIgniter->handleRequest(NULL, Object(Config\Cache), false)
#4 D:\xampp7\htdocs\skpci\index.php(53): CodeIgniter\CodeIgniter->run()
#5 {main}
CRITICAL - 2021-06-10 00:19:58 --> Undefined index: id
#0 D:\xampp7\private_html\skpci\app\Controllers\ControllerSkpAdmin.php(256): CodeIgniter\Debug\Exceptions->errorHandler(8, 'Undefined index...', 'D:\\xampp7\\priva...', 256, Array)
#1 D:\xampp7\private_html\skpci\system\CodeIgniter.php(936): App\Controllers\ControllerSkpAdmin->tambahKTJ('OW00N0xLaCt6R2t...')
#2 D:\xampp7\private_html\skpci\system\CodeIgniter.php(432): CodeIgniter\CodeIgniter->runController(Object(App\Controllers\ControllerSkpAdmin))
#3 D:\xampp7\private_html\skpci\system\CodeIgniter.php(333): CodeIgniter\CodeIgniter->handleRequest(NULL, Object(Config\Cache), false)
#4 D:\xampp7\htdocs\skpci\index.php(53): CodeIgniter\CodeIgniter->run()
#5 {main}
CRITICAL - 2021-06-10 01:05:58 --> You must set the database table to be used with your query.
#0 D:\xampp7\private_html\skpci\system\Model.php(615): CodeIgniter\Database\BaseConnection->table(NULL)
#1 D:\xampp7\private_html\skpci\system\Model.php(834): CodeIgniter\Model->builder()
#2 D:\xampp7\private_html\skpci\app\Controllers\ControllerSkpAdmin.php(261): CodeIgniter\Model->__call('getSiswa', Array)
#3 D:\xampp7\private_html\skpci\system\CodeIgniter.php(936): App\Controllers\ControllerSkpAdmin->tambahKTJ('OW00N0xLaCt6R2t...')
#4 D:\xampp7\private_html\skpci\system\CodeIgniter.php(432): CodeIgniter\CodeIgniter->runController(Object(App\Controllers\ControllerSkpAdmin))
#5 D:\xampp7\private_html\skpci\system\CodeIgniter.php(333): CodeIgniter\CodeIgniter->handleRequest(NULL, Object(Config\Cache), false)
#6 D:\xampp7\htdocs\skpci\index.php(53): CodeIgniter\CodeIgniter->run()
#7 {main}
CRITICAL - 2021-06-10 01:11:24 --> Undefined variable: id
#0 D:\xampp7\private_html\skpci\app\Controllers\ControllerSkpAdmin.php(288): CodeIgniter\Debug\Exceptions->errorHandler(8, 'Undefined varia...', 'D:\\xampp7\\priva...', 288, Array)
#1 D:\xampp7\private_html\skpci\system\CodeIgniter.php(936): App\Controllers\ControllerSkpAdmin->tambahKTJ('OW00N0xLaCt6R2t...')
#2 D:\xampp7\private_html\skpci\system\CodeIgniter.php(432): CodeIgniter\CodeIgniter->runController(Object(App\Controllers\ControllerSkpAdmin))
#3 D:\xampp7\private_html\skpci\system\CodeIgniter.php(333): CodeIgniter\CodeIgniter->handleRequest(NULL, Object(Config\Cache), false)
#4 D:\xampp7\htdocs\skpci\index.php(53): CodeIgniter\CodeIgniter->run()
#5 {main}
CRITICAL - 2021-06-10 01:30:50 --> syntax error, unexpected '$t' (T_VARIABLE), expecting ',' or ';'
#0 D:\xampp7\private_html\skpci\system\View\View.php(222): CodeIgniter\View\View->CodeIgniter\View\{closure}()
#1 D:\xampp7\private_html\skpci\system\Common.php(1217): CodeIgniter\View\View->render('ViewTambahKTJ', Array, true)
#2 D:\xampp7\private_html\skpci\app\Controllers\ControllerSkpAdmin.php(368): view('ViewTambahKTJ', Array)
#3 D:\xampp7\private_html\skpci\system\CodeIgniter.php(936): App\Controllers\ControllerSkpAdmin->editKTJ('cGFiKzkyVitlYWF...')
#4 D:\xampp7\private_html\skpci\system\CodeIgniter.php(432): CodeIgniter\CodeIgniter->runController(Object(App\Controllers\ControllerSkpAdmin))
#5 D:\xampp7\private_html\skpci\system\CodeIgniter.php(333): CodeIgniter\CodeIgniter->handleRequest(NULL, Object(Config\Cache), false)
#6 D:\xampp7\htdocs\skpci\index.php(53): CodeIgniter\CodeIgniter->run()
#7 {main}
CRITICAL - 2021-06-10 01:32:12 --> Undefined variable: ktj
#0 D:\xampp7\private_html\skpci\app\Views\ViewTambahKTJ.php(30): CodeIgniter\Debug\Exceptions->errorHandler(8, 'Undefined varia...', 'D:\\xampp7\\priva...', 30, Array)
#1 D:\xampp7\private_html\skpci\system\View\View.php(220): include('D:\\xampp7\\priva...')
#2 D:\xampp7\private_html\skpci\system\View\View.php(222): CodeIgniter\View\View->CodeIgniter\View\{closure}()
#3 D:\xampp7\private_html\skpci\system\Common.php(1217): CodeIgniter\View\View->render('ViewTambahKTJ', Array, true)
#4 D:\xampp7\private_html\skpci\app\Controllers\ControllerSkpAdmin.php(368): view('ViewTambahKTJ', Array)
#5 D:\xampp7\private_html\skpci\system\CodeIgniter.php(936): App\Controllers\ControllerSkpAdmin->editKTJ('cGFiKzkyVitlYWF...')
#6 D:\xampp7\private_html\skpci\system\CodeIgniter.php(432): CodeIgniter\CodeIgniter->runController(Object(App\Controllers\ControllerSkpAdmin))
#7 D:\xampp7\private_html\skpci\system\CodeIgniter.php(333): CodeIgniter\CodeIgniter->handleRequest(NULL, Object(Config\Cache), false)
#8 D:\xampp7\htdocs\skpci\index.php(53): CodeIgniter\CodeIgniter->run()
#9 {main}
CRITICAL - 2021-06-10 01:33:47 --> Undefined variable: ktj
#0 D:\xampp7\private_html\skpci\app\Views\ViewTambahKTJ.php(30): CodeIgniter\Debug\Exceptions->errorHandler(8, 'Undefined varia...', 'D:\\xampp7\\priva...', 30, Array)
#1 D:\xampp7\private_html\skpci\system\View\View.php(220): include('D:\\xampp7\\priva...')
#2 D:\xampp7\private_html\skpci\system\View\View.php(222): CodeIgniter\View\View->CodeIgniter\View\{closure}()
#3 D:\xampp7\private_html\skpci\system\Common.php(1217): CodeIgniter\View\View->render('ViewTambahKTJ', Array, true)
#4 D:\xampp7\private_html\skpci\app\Controllers\ControllerSkpAdmin.php(368): view('ViewTambahKTJ', Array)
#5 D:\xampp7\private_html\skpci\system\CodeIgniter.php(936): App\Controllers\ControllerSkpAdmin->editKTJ('cGFiKzkyVitlYWF...')
#6 D:\xampp7\private_html\skpci\system\CodeIgniter.php(432): CodeIgniter\CodeIgniter->runController(Object(App\Controllers\ControllerSkpAdmin))
#7 D:\xampp7\private_html\skpci\system\CodeIgniter.php(333): CodeIgniter\CodeIgniter->handleRequest(NULL, Object(Config\Cache), false)
#8 D:\xampp7\htdocs\skpci\index.php(53): CodeIgniter\CodeIgniter->run()
#9 {main}
CRITICAL - 2021-06-10 20:18:19 --> Undefined variable: ktj
#0 D:\xampp7\private_html\skpci\app\Views\ViewTambahKTJ.php(30): CodeIgniter\Debug\Exceptions->errorHandler(8, 'Undefined varia...', 'D:\\xampp7\\priva...', 30, Array)
#1 D:\xampp7\private_html\skpci\system\View\View.php(220): include('D:\\xampp7\\priva...')
#2 D:\xampp7\private_html\skpci\system\View\View.php(222): CodeIgniter\View\View->CodeIgniter\View\{closure}()
#3 D:\xampp7\private_html\skpci\system\Common.php(1217): CodeIgniter\View\View->render('ViewTambahKTJ', Array, true)
#4 D:\xampp7\private_html\skpci\app\Controllers\ControllerSkpAdmin.php(368): view('ViewTambahKTJ', Array)
#5 D:\xampp7\private_html\skpci\system\CodeIgniter.php(936): App\Controllers\ControllerSkpAdmin->editKTJ('cGFiKzkyVitlYWF...')
#6 D:\xampp7\private_html\skpci\system\CodeIgniter.php(432): CodeIgniter\CodeIgniter->runController(Object(App\Controllers\ControllerSkpAdmin))
#7 D:\xampp7\private_html\skpci\system\CodeIgniter.php(333): CodeIgniter\CodeIgniter->handleRequest(NULL, Object(Config\Cache), false)
#8 D:\xampp7\htdocs\skpci\index.php(53): CodeIgniter\CodeIgniter->run()
#9 {main}
CRITICAL - 2021-06-10 20:29:11 --> Undefined variable: id_riwayat
#0 D:\xampp7\private_html\skpci\app\Controllers\ControllerSkpAdmin.php(345): CodeIgniter\Debug\Exceptions->errorHandler(8, 'Undefined varia...', 'D:\\xampp7\\priva...', 345, Array)
#1 D:\xampp7\private_html\skpci\system\CodeIgniter.php(936): App\Controllers\ControllerSkpAdmin->editKTJ('cGFiKzkyVitlYWF...')
#2 D:\xampp7\private_html\skpci\system\CodeIgniter.php(432): CodeIgniter\CodeIgniter->runController(Object(App\Controllers\ControllerSkpAdmin))
#3 D:\xampp7\private_html\skpci\system\CodeIgniter.php(333): CodeIgniter\CodeIgniter->handleRequest(NULL, Object(Config\Cache), false)
#4 D:\xampp7\htdocs\skpci\index.php(53): CodeIgniter\CodeIgniter->run()
#5 {main}
CRITICAL - 2021-06-10 20:37:01 --> Undefined variable: target
#0 D:\xampp7\private_html\skpci\app\Views\ViewTambahKTJ.php(36): CodeIgniter\Debug\Exceptions->errorHandler(8, 'Undefined varia...', 'D:\\xampp7\\priva...', 36, Array)
#1 D:\xampp7\private_html\skpci\system\View\View.php(220): include('D:\\xampp7\\priva...')
#2 D:\xampp7\private_html\skpci\system\View\View.php(222): CodeIgniter\View\View->CodeIgniter\View\{closure}()
#3 D:\xampp7\private_html\skpci\system\Common.php(1217): CodeIgniter\View\View->render('ViewTambahKTJ', Array, true)
#4 D:\xampp7\private_html\skpci\app\Controllers\ControllerSkpAdmin.php(383): view('ViewTambahKTJ', Array)
#5 D:\xampp7\private_html\skpci\system\CodeIgniter.php(936): App\Controllers\ControllerSkpAdmin->editKTJ('cGFiKzkyVitlYWF...')
#6 D:\xampp7\private_html\skpci\system\CodeIgniter.php(432): CodeIgniter\CodeIgniter->runController(Object(App\Controllers\ControllerSkpAdmin))
#7 D:\xampp7\private_html\skpci\system\CodeIgniter.php(333): CodeIgniter\CodeIgniter->handleRequest(NULL, Object(Config\Cache), false)
#8 D:\xampp7\htdocs\skpci\index.php(53): CodeIgniter\CodeIgniter->run()
#9 {main}
CRITICAL - 2021-06-10 20:37:50 --> Uninitialized string offset: 2
#0 D:\xampp7\private_html\skpci\app\Views\ViewTambahKTJ.php(59): CodeIgniter\Debug\Exceptions->errorHandler(8, 'Uninitialized s...', 'D:\\xampp7\\priva...', 59, Array)
#1 D:\xampp7\private_html\skpci\system\View\View.php(220): include('D:\\xampp7\\priva...')
#2 D:\xampp7\private_html\skpci\system\View\View.php(222): CodeIgniter\View\View->CodeIgniter\View\{closure}()
#3 D:\xampp7\private_html\skpci\system\Common.php(1217): CodeIgniter\View\View->render('ViewTambahKTJ', Array, true)
#4 D:\xampp7\private_html\skpci\app\Controllers\ControllerSkpAdmin.php(384): view('ViewTambahKTJ', Array)
#5 D:\xampp7\private_html\skpci\system\CodeIgniter.php(936): App\Controllers\ControllerSkpAdmin->editKTJ('cGFiKzkyVitlYWF...')
#6 D:\xampp7\private_html\skpci\system\CodeIgniter.php(432): CodeIgniter\CodeIgniter->runController(Object(App\Controllers\ControllerSkpAdmin))
#7 D:\xampp7\private_html\skpci\system\CodeIgniter.php(333): CodeIgniter\CodeIgniter->handleRequest(NULL, Object(Config\Cache), false)
#8 D:\xampp7\htdocs\skpci\index.php(53): CodeIgniter\CodeIgniter->run()
#9 {main}
CRITICAL - 2021-06-10 20:39:25 --> Array to string conversion
#0 D:\xampp7\private_html\skpci\app\Views\ViewTambahKTJ.php(30): CodeIgniter\Debug\Exceptions->errorHandler(8, 'Array to string...', 'D:\\xampp7\\priva...', 30, Array)
#1 D:\xampp7\private_html\skpci\system\View\View.php(220): include('D:\\xampp7\\priva...')
#2 D:\xampp7\private_html\skpci\system\View\View.php(222): CodeIgniter\View\View->CodeIgniter\View\{closure}()
#3 D:\xampp7\private_html\skpci\system\Common.php(1217): CodeIgniter\View\View->render('ViewTambahKTJ', Array, true)
#4 D:\xampp7\private_html\skpci\app\Controllers\ControllerSkpAdmin.php(384): view('ViewTambahKTJ', Array)
#5 D:\xampp7\private_html\skpci\system\CodeIgniter.php(936): App\Controllers\ControllerSkpAdmin->editKTJ('cGFiKzkyVitlYWF...')
#6 D:\xampp7\private_html\skpci\system\CodeIgniter.php(432): CodeIgniter\CodeIgniter->runController(Object(App\Controllers\ControllerSkpAdmin))
#7 D:\xampp7\private_html\skpci\system\CodeIgniter.php(333): CodeIgniter\CodeIgniter->handleRequest(NULL, Object(Config\Cache), false)
#8 D:\xampp7\htdocs\skpci\index.php(53): CodeIgniter\CodeIgniter->run()
#9 {main}
CRITICAL - 2021-06-10 20:40:36 --> Illegal string offset 'ktj'
#0 D:\xampp7\private_html\skpci\app\Views\ViewTambahKTJ.php(14): CodeIgniter\Debug\Exceptions->errorHandler(2, 'Illegal string ...', 'D:\\xampp7\\priva...', 14, Array)
#1 D:\xampp7\private_html\skpci\system\View\View.php(220): include('D:\\xampp7\\priva...')
#2 D:\xampp7\private_html\skpci\system\View\View.php(222): CodeIgniter\View\View->CodeIgniter\View\{closure}()
#3 D:\xampp7\private_html\skpci\system\Common.php(1217): CodeIgniter\View\View->render('ViewTambahKTJ', Array, true)
#4 D:\xampp7\private_html\skpci\app\Controllers\ControllerSkpAdmin.php(384): view('ViewTambahKTJ', Array)
#5 D:\xampp7\private_html\skpci\system\CodeIgniter.php(936): App\Controllers\ControllerSkpAdmin->editKTJ('cGFiKzkyVitlYWF...')
#6 D:\xampp7\private_html\skpci\system\CodeIgniter.php(432): CodeIgniter\CodeIgniter->runController(Object(App\Controllers\ControllerSkpAdmin))
#7 D:\xampp7\private_html\skpci\system\CodeIgniter.php(333): CodeIgniter\CodeIgniter->handleRequest(NULL, Object(Config\Cache), false)
#8 D:\xampp7\htdocs\skpci\index.php(53): CodeIgniter\CodeIgniter->run()
#9 {main}
CRITICAL - 2021-06-10 20:42:37 --> Undefined variable: target
#0 D:\xampp7\private_html\skpci\app\Views\ViewTambahKTJ.php(37): CodeIgniter\Debug\Exceptions->errorHandler(8, 'Undefined varia...', 'D:\\xampp7\\priva...', 37, Array)
#1 D:\xampp7\private_html\skpci\system\View\View.php(220): include('D:\\xampp7\\priva...')
#2 D:\xampp7\private_html\skpci\system\View\View.php(222): CodeIgniter\View\View->CodeIgniter\View\{closure}()
#3 D:\xampp7\private_html\skpci\system\Common.php(1217): CodeIgniter\View\View->render('ViewTambahKTJ', Array, true)
#4 D:\xampp7\private_html\skpci\app\Controllers\ControllerSkpAdmin.php(384): view('ViewTambahKTJ', Array)
#5 D:\xampp7\private_html\skpci\system\CodeIgniter.php(936): App\Controllers\ControllerSkpAdmin->editKTJ('cGFiKzkyVitlYWF...')
#6 D:\xampp7\private_html\skpci\system\CodeIgniter.php(432): CodeIgniter\CodeIgniter->runController(Object(App\Controllers\ControllerSkpAdmin))
#7 D:\xampp7\private_html\skpci\system\CodeIgniter.php(333): CodeIgniter\CodeIgniter->handleRequest(NULL, Object(Config\Cache), false)
#8 D:\xampp7\htdocs\skpci\index.php(53): CodeIgniter\CodeIgniter->run()
#9 {main}
CRITICAL - 2021-06-10 20:42:56 --> Undefined variable: target
#0 D:\xampp7\private_html\skpci\app\Views\ViewTambahKTJ.php(60): CodeIgniter\Debug\Exceptions->errorHandler(8, 'Undefined varia...', 'D:\\xampp7\\priva...', 60, Array)
#1 D:\xampp7\private_html\skpci\system\View\View.php(220): include('D:\\xampp7\\priva...')
#2 D:\xampp7\private_html\skpci\system\View\View.php(222): CodeIgniter\View\View->CodeIgniter\View\{closure}()
#3 D:\xampp7\private_html\skpci\system\Common.php(1217): CodeIgniter\View\View->render('ViewTambahKTJ', Array, true)
#4 D:\xampp7\private_html\skpci\app\Controllers\ControllerSkpAdmin.php(384): view('ViewTambahKTJ', Array)
#5 D:\xampp7\private_html\skpci\system\CodeIgniter.php(936): App\Controllers\ControllerSkpAdmin->editKTJ('cGFiKzkyVitlYWF...')
#6 D:\xampp7\private_html\skpci\system\CodeIgniter.php(432): CodeIgniter\CodeIgniter->runController(Object(App\Controllers\ControllerSkpAdmin))
#7 D:\xampp7\private_html\skpci\system\CodeIgniter.php(333): CodeIgniter\CodeIgniter->handleRequest(NULL, Object(Config\Cache), false)
#8 D:\xampp7\htdocs\skpci\index.php(53): CodeIgniter\CodeIgniter->run()
#9 {main}
CRITICAL - 2021-06-10 20:44:03 --> Undefined variable: bobot
#0 D:\xampp7\private_html\skpci\app\Views\ViewTambahKTJ.php(70): CodeIgniter\Debug\Exceptions->errorHandler(8, 'Undefined varia...', 'D:\\xampp7\\priva...', 70, Array)
#1 D:\xampp7\private_html\skpci\system\View\View.php(220): include('D:\\xampp7\\priva...')
#2 D:\xampp7\private_html\skpci\system\View\View.php(222): CodeIgniter\View\View->CodeIgniter\View\{closure}()
#3 D:\xampp7\private_html\skpci\system\Common.php(1217): CodeIgniter\View\View->render('ViewTambahKTJ', Array, true)
#4 D:\xampp7\private_html\skpci\app\Controllers\ControllerSkpAdmin.php(384): view('ViewTambahKTJ', Array)
#5 D:\xampp7\private_html\skpci\system\CodeIgniter.php(936): App\Controllers\ControllerSkpAdmin->editKTJ('cGFiKzkyVitlYWF...')
#6 D:\xampp7\private_html\skpci\system\CodeIgniter.php(432): CodeIgniter\CodeIgniter->runController(Object(App\Controllers\ControllerSkpAdmin))
#7 D:\xampp7\private_html\skpci\system\CodeIgniter.php(333): CodeIgniter\CodeIgniter->handleRequest(NULL, Object(Config\Cache), false)
#8 D:\xampp7\htdocs\skpci\index.php(53): CodeIgniter\CodeIgniter->run()
#9 {main}
CRITICAL - 2021-06-10 20:44:19 --> Undefined variable: ak
#0 D:\xampp7\private_html\skpci\app\Views\ViewTambahKTJ.php(74): CodeIgniter\Debug\Exceptions->errorHandler(8, 'Undefined varia...', 'D:\\xampp7\\priva...', 74, Array)
#1 D:\xampp7\private_html\skpci\system\View\View.php(220): include('D:\\xampp7\\priva...')
#2 D:\xampp7\private_html\skpci\system\View\View.php(222): CodeIgniter\View\View->CodeIgniter\View\{closure}()
#3 D:\xampp7\private_html\skpci\system\Common.php(1217): CodeIgniter\View\View->render('ViewTambahKTJ', Array, true)
#4 D:\xampp7\private_html\skpci\app\Controllers\ControllerSkpAdmin.php(384): view('ViewTambahKTJ', Array)
#5 D:\xampp7\private_html\skpci\system\CodeIgniter.php(936): App\Controllers\ControllerSkpAdmin->editKTJ('cGFiKzkyVitlYWF...')
#6 D:\xampp7\private_html\skpci\system\CodeIgniter.php(432): CodeIgniter\CodeIgniter->runController(Object(App\Controllers\ControllerSkpAdmin))
#7 D:\xampp7\private_html\skpci\system\CodeIgniter.php(333): CodeIgniter\CodeIgniter->handleRequest(NULL, Object(Config\Cache), false)
#8 D:\xampp7\htdocs\skpci\index.php(53): CodeIgniter\CodeIgniter->run()
#9 {main}
CRITICAL - 2021-06-10 20:44:32 --> Undefined variable: mutu
#0 D:\xampp7\private_html\skpci\app\Views\ViewTambahKTJ.php(82): CodeIgniter\Debug\Exceptions->errorHandler(8, 'Undefined varia...', 'D:\\xampp7\\priva...', 82, Array)
#1 D:\xampp7\private_html\skpci\system\View\View.php(220): include('D:\\xampp7\\priva...')
#2 D:\xampp7\private_html\skpci\system\View\View.php(222): CodeIgniter\View\View->CodeIgniter\View\{closure}()
#3 D:\xampp7\private_html\skpci\system\Common.php(1217): CodeIgniter\View\View->render('ViewTambahKTJ', Array, true)
#4 D:\xampp7\private_html\skpci\app\Controllers\ControllerSkpAdmin.php(384): view('ViewTambahKTJ', Array)
#5 D:\xampp7\private_html\skpci\system\CodeIgniter.php(936): App\Controllers\ControllerSkpAdmin->editKTJ('cGFiKzkyVitlYWF...')
#6 D:\xampp7\private_html\skpci\system\CodeIgniter.php(432): CodeIgniter\CodeIgniter->runController(Object(App\Controllers\ControllerSkpAdmin))
#7 D:\xampp7\private_html\skpci\system\CodeIgniter.php(333): CodeIgniter\CodeIgniter->handleRequest(NULL, Object(Config\Cache), false)
#8 D:\xampp7\htdocs\skpci\index.php(53): CodeIgniter\CodeIgniter->run()
#9 {main}
CRITICAL - 2021-06-10 21:17:24 --> Undefined variable: description
#0 D:\xampp7\private_html\skpci\app\Views\ViewTambahKTJ.php(25): CodeIgniter\Debug\Exceptions->errorHandler(8, 'Undefined varia...', 'D:\\xampp7\\priva...', 25, Array)
#1 D:\xampp7\private_html\skpci\system\View\View.php(220): include('D:\\xampp7\\priva...')
#2 D:\xampp7\private_html\skpci\system\View\View.php(222): CodeIgniter\View\View->CodeIgniter\View\{closure}()
#3 D:\xampp7\private_html\skpci\system\Common.php(1217): CodeIgniter\View\View->render('ViewTambahKTJ', Array, true)
#4 D:\xampp7\private_html\skpci\app\Controllers\ControllerSkpAdmin.php(293): view('ViewTambahKTJ', Array)
#5 D:\xampp7\private_html\skpci\system\CodeIgniter.php(936): App\Controllers\ControllerSkpAdmin->tambahKTJ('OW00N0xLaCt6R2t...')
#6 D:\xampp7\private_html\skpci\system\CodeIgniter.php(432): CodeIgniter\CodeIgniter->runController(Object(App\Controllers\ControllerSkpAdmin))
#7 D:\xampp7\private_html\skpci\system\CodeIgniter.php(333): CodeIgniter\CodeIgniter->handleRequest(NULL, Object(Config\Cache), false)
#8 D:\xampp7\htdocs\skpci\index.php(53): CodeIgniter\CodeIgniter->run()
#9 {main}
CRITICAL - 2021-06-10 21:17:46 --> Undefined index: id
#0 D:\xampp7\private_html\skpci\app\Views\ViewTambahKTJ.php(25): CodeIgniter\Debug\Exceptions->errorHandler(8, 'Undefined index...', 'D:\\xampp7\\priva...', 25, Array)
#1 D:\xampp7\private_html\skpci\system\View\View.php(220): include('D:\\xampp7\\priva...')
#2 D:\xampp7\private_html\skpci\system\View\View.php(222): CodeIgniter\View\View->CodeIgniter\View\{closure}()
#3 D:\xampp7\private_html\skpci\system\Common.php(1217): CodeIgniter\View\View->render('ViewTambahKTJ', Array, true)
#4 D:\xampp7\private_html\skpci\app\Controllers\ControllerSkpAdmin.php(293): view('ViewTambahKTJ', Array)
#5 D:\xampp7\private_html\skpci\system\CodeIgniter.php(936): App\Controllers\ControllerSkpAdmin->tambahKTJ('OW00N0xLaCt6R2t...')
#6 D:\xampp7\private_html\skpci\system\CodeIgniter.php(432): CodeIgniter\CodeIgniter->runController(Object(App\Controllers\ControllerSkpAdmin))
#7 D:\xampp7\private_html\skpci\system\CodeIgniter.php(333): CodeIgniter\CodeIgniter->handleRequest(NULL, Object(Config\Cache), false)
#8 D:\xampp7\htdocs\skpci\index.php(53): CodeIgniter\CodeIgniter->run()
#9 {main}
CRITICAL - 2021-06-10 21:23:08 --> Undefined variable: marque
#0 D:\xampp7\private_html\skpci\app\Views\ViewTambahKTJ.php(25): CodeIgniter\Debug\Exceptions->errorHandler(8, 'Undefined varia...', 'D:\\xampp7\\priva...', 25, Array)
#1 D:\xampp7\private_html\skpci\system\View\View.php(220): include('D:\\xampp7\\priva...')
#2 D:\xampp7\private_html\skpci\system\View\View.php(222): CodeIgniter\View\View->CodeIgniter\View\{closure}()
#3 D:\xampp7\private_html\skpci\system\Common.php(1217): CodeIgniter\View\View->render('ViewTambahKTJ', Array, true)
#4 D:\xampp7\private_html\skpci\app\Controllers\ControllerSkpAdmin.php(293): view('ViewTambahKTJ', Array)
#5 D:\xampp7\private_html\skpci\system\CodeIgniter.php(936): App\Controllers\ControllerSkpAdmin->tambahKTJ('OW00N0xLaCt6R2t...')
#6 D:\xampp7\private_html\skpci\system\CodeIgniter.php(432): CodeIgniter\CodeIgniter->runController(Object(App\Controllers\ControllerSkpAdmin))
#7 D:\xampp7\private_html\skpci\system\CodeIgniter.php(333): CodeIgniter\CodeIgniter->handleRequest(NULL, Object(Config\Cache), false)
#8 D:\xampp7\htdocs\skpci\index.php(53): CodeIgniter\CodeIgniter->run()
#9 {main}
CRITICAL - 2021-06-10 21:23:45 --> Undefined variable: description22
#0 D:\xampp7\private_html\skpci\app\Views\ViewTambahKTJ.php(27): CodeIgniter\Debug\Exceptions->errorHandler(8, 'Undefined varia...', 'D:\\xampp7\\priva...', 27, Array)
#1 D:\xampp7\private_html\skpci\system\View\View.php(220): include('D:\\xampp7\\priva...')
#2 D:\xampp7\private_html\skpci\system\View\View.php(222): CodeIgniter\View\View->CodeIgniter\View\{closure}()
#3 D:\xampp7\private_html\skpci\system\Common.php(1217): CodeIgniter\View\View->render('ViewTambahKTJ', Array, true)
#4 D:\xampp7\private_html\skpci\app\Controllers\ControllerSkpAdmin.php(293): view('ViewTambahKTJ', Array)
#5 D:\xampp7\private_html\skpci\system\CodeIgniter.php(936): App\Controllers\ControllerSkpAdmin->tambahKTJ('OW00N0xLaCt6R2t...')
#6 D:\xampp7\private_html\skpci\system\CodeIgniter.php(432): CodeIgniter\CodeIgniter->runController(Object(App\Controllers\ControllerSkpAdmin))
#7 D:\xampp7\private_html\skpci\system\CodeIgniter.php(333): CodeIgniter\CodeIgniter->handleRequest(NULL, Object(Config\Cache), false)
#8 D:\xampp7\htdocs\skpci\index.php(53): CodeIgniter\CodeIgniter->run()
#9 {main}
CRITICAL - 2021-06-10 21:24:19 --> Undefined offset: 2
#0 D:\xampp7\private_html\skpci\app\Views\ViewTambahKTJ.php(25): CodeIgniter\Debug\Exceptions->errorHandler(8, 'Undefined offse...', 'D:\\xampp7\\priva...', 25, Array)
#1 D:\xampp7\private_html\skpci\system\View\View.php(220): include('D:\\xampp7\\priva...')
#2 D:\xampp7\private_html\skpci\system\View\View.php(222): CodeIgniter\View\View->CodeIgniter\View\{closure}()
#3 D:\xampp7\private_html\skpci\system\Common.php(1217): CodeIgniter\View\View->render('ViewTambahKTJ', Array, true)
#4 D:\xampp7\private_html\skpci\app\Controllers\ControllerSkpAdmin.php(293): view('ViewTambahKTJ', Array)
#5 D:\xampp7\private_html\skpci\system\CodeIgniter.php(936): App\Controllers\ControllerSkpAdmin->tambahKTJ('OW00N0xLaCt6R2t...')
#6 D:\xampp7\private_html\skpci\system\CodeIgniter.php(432): CodeIgniter\CodeIgniter->runController(Object(App\Controllers\ControllerSkpAdmin))
#7 D:\xampp7\private_html\skpci\system\CodeIgniter.php(333): CodeIgniter\CodeIgniter->handleRequest(NULL, Object(Config\Cache), false)
#8 D:\xampp7\htdocs\skpci\index.php(53): CodeIgniter\CodeIgniter->run()
#9 {main}
CRITICAL - 2021-06-10 21:34:18 --> syntax error, unexpected '=>' (T_DOUBLE_ARROW), expecting ')'
#0 D:\xampp7\private_html\skpci\system\Autoloader\Autoloader.php(265): CodeIgniter\Autoloader\Autoloader->includeFile('D:\\xampp7\\priva...')
#1 D:\xampp7\private_html\skpci\system\Autoloader\Autoloader.php(228): CodeIgniter\Autoloader\Autoloader->loadInNamespace('App\\Controllers...')
#2 [internal function]: CodeIgniter\Autoloader\Autoloader->loadClass('App\\Controllers...')
#3 [internal function]: spl_autoload_call('App\\Controllers...')
#4 D:\xampp7\private_html\skpci\system\CodeIgniter.php(893): class_exists('\\App\\Controller...', true)
#5 D:\xampp7\private_html\skpci\system\CodeIgniter.php(417): CodeIgniter\CodeIgniter->startController()
#6 D:\xampp7\private_html\skpci\system\CodeIgniter.php(333): CodeIgniter\CodeIgniter->handleRequest(NULL, Object(Config\Cache), false)
#7 D:\xampp7\htdocs\skpci\index.php(53): CodeIgniter\CodeIgniter->run()
#8 {main}
CRITICAL - 2021-06-10 21:37:37 --> Illegal string offset 'id_ktj'
#0 D:\xampp7\private_html\skpci\app\Views\ViewTambahKTJ.php(25): CodeIgniter\Debug\Exceptions->errorHandler(2, 'Illegal string ...', 'D:\\xampp7\\priva...', 25, Array)
#1 D:\xampp7\private_html\skpci\system\View\View.php(220): include('D:\\xampp7\\priva...')
#2 D:\xampp7\private_html\skpci\system\View\View.php(222): CodeIgniter\View\View->CodeIgniter\View\{closure}()
#3 D:\xampp7\private_html\skpci\system\Common.php(1217): CodeIgniter\View\View->render('ViewTambahKTJ', Array, true)
#4 D:\xampp7\private_html\skpci\app\Controllers\ControllerSkpAdmin.php(294): view('ViewTambahKTJ', Array)
#5 D:\xampp7\private_html\skpci\system\CodeIgniter.php(936): App\Controllers\ControllerSkpAdmin->tambahKTJ('OW00N0xLaCt6R2t...')
#6 D:\xampp7\private_html\skpci\system\CodeIgniter.php(432): CodeIgniter\CodeIgniter->runController(Object(App\Controllers\ControllerSkpAdmin))
#7 D:\xampp7\private_html\skpci\system\CodeIgniter.php(333): CodeIgniter\CodeIgniter->handleRequest(NULL, Object(Config\Cache), false)
#8 D:\xampp7\htdocs\skpci\index.php(53): CodeIgniter\CodeIgniter->run()
#9 {main}
CRITICAL - 2021-06-10 21:38:01 --> syntax error, unexpected '=>' (T_DOUBLE_ARROW), expecting ')'
#0 D:\xampp7\private_html\skpci\system\Autoloader\Autoloader.php(265): CodeIgniter\Autoloader\Autoloader->includeFile('D:\\xampp7\\priva...')
#1 D:\xampp7\private_html\skpci\system\Autoloader\Autoloader.php(228): CodeIgniter\Autoloader\Autoloader->loadInNamespace('App\\Controllers...')
#2 [internal function]: CodeIgniter\Autoloader\Autoloader->loadClass('App\\Controllers...')
#3 [internal function]: spl_autoload_call('App\\Controllers...')
#4 D:\xampp7\private_html\skpci\system\CodeIgniter.php(893): class_exists('\\App\\Controller...', true)
#5 D:\xampp7\private_html\skpci\system\CodeIgniter.php(417): CodeIgniter\CodeIgniter->startController()
#6 D:\xampp7\private_html\skpci\system\CodeIgniter.php(333): CodeIgniter\CodeIgniter->handleRequest(NULL, Object(Config\Cache), false)
#7 D:\xampp7\htdocs\skpci\index.php(53): CodeIgniter\CodeIgniter->run()
#8 {main}
CRITICAL - 2021-06-10 21:43:39 --> Undefined offset: 2
#0 D:\xampp7\private_html\skpci\app\Views\ViewTambahKTJ.php(25): CodeIgniter\Debug\Exceptions->errorHandler(8, 'Undefined offse...', 'D:\\xampp7\\priva...', 25, Array)
#1 D:\xampp7\private_html\skpci\system\View\View.php(220): include('D:\\xampp7\\priva...')
#2 D:\xampp7\private_html\skpci\system\View\View.php(222): CodeIgniter\View\View->CodeIgniter\View\{closure}()
#3 D:\xampp7\private_html\skpci\system\Common.php(1217): CodeIgniter\View\View->render('ViewTambahKTJ', Array, true)
#4 D:\xampp7\private_html\skpci\app\Controllers\ControllerSkpAdmin.php(296): view('ViewTambahKTJ', Array)
#5 D:\xampp7\private_html\skpci\system\CodeIgniter.php(936): App\Controllers\ControllerSkpAdmin->tambahKTJ('OW00N0xLaCt6R2t...')
#6 D:\xampp7\private_html\skpci\system\CodeIgniter.php(432): CodeIgniter\CodeIgniter->runController(Object(App\Controllers\ControllerSkpAdmin))
#7 D:\xampp7\private_html\skpci\system\CodeIgniter.php(333): CodeIgniter\CodeIgniter->handleRequest(NULL, Object(Config\Cache), false)
#8 D:\xampp7\htdocs\skpci\index.php(53): CodeIgniter\CodeIgniter->run()
#9 {main}
CRITICAL - 2021-06-10 21:43:58 --> Illegal string offset 'id_ktj'
#0 D:\xampp7\private_html\skpci\app\Views\ViewTambahKTJ.php(25): CodeIgniter\Debug\Exceptions->errorHandler(2, 'Illegal string ...', 'D:\\xampp7\\priva...', 25, Array)
#1 D:\xampp7\private_html\skpci\system\View\View.php(220): include('D:\\xampp7\\priva...')
#2 D:\xampp7\private_html\skpci\system\View\View.php(222): CodeIgniter\View\View->CodeIgniter\View\{closure}()
#3 D:\xampp7\private_html\skpci\system\Common.php(1217): CodeIgniter\View\View->render('ViewTambahKTJ', Array, true)
#4 D:\xampp7\private_html\skpci\app\Controllers\ControllerSkpAdmin.php(296): view('ViewTambahKTJ', Array)
#5 D:\xampp7\private_html\skpci\system\CodeIgniter.php(936): App\Controllers\ControllerSkpAdmin->tambahKTJ('OW00N0xLaCt6R2t...')
#6 D:\xampp7\private_html\skpci\system\CodeIgniter.php(432): CodeIgniter\CodeIgniter->runController(Object(App\Controllers\ControllerSkpAdmin))
#7 D:\xampp7\private_html\skpci\system\CodeIgniter.php(333): CodeIgniter\CodeIgniter->handleRequest(NULL, Object(Config\Cache), false)
#8 D:\xampp7\htdocs\skpci\index.php(53): CodeIgniter\CodeIgniter->run()
#9 {main}
CRITICAL - 2021-06-10 21:46:24 --> syntax error, unexpected '=>' (T_DOUBLE_ARROW), expecting ')'
#0 D:\xampp7\private_html\skpci\system\Autoloader\Autoloader.php(265): CodeIgniter\Autoloader\Autoloader->includeFile('D:\\xampp7\\priva...')
#1 D:\xampp7\private_html\skpci\system\Autoloader\Autoloader.php(228): CodeIgniter\Autoloader\Autoloader->loadInNamespace('App\\Controllers...')
#2 [internal function]: CodeIgniter\Autoloader\Autoloader->loadClass('App\\Controllers...')
#3 [internal function]: spl_autoload_call('App\\Controllers...')
#4 D:\xampp7\private_html\skpci\system\CodeIgniter.php(893): class_exists('\\App\\Controller...', true)
#5 D:\xampp7\private_html\skpci\system\CodeIgniter.php(417): CodeIgniter\CodeIgniter->startController()
#6 D:\xampp7\private_html\skpci\system\CodeIgniter.php(333): CodeIgniter\CodeIgniter->handleRequest(NULL, Object(Config\Cache), false)
#7 D:\xampp7\htdocs\skpci\index.php(53): CodeIgniter\CodeIgniter->run()
#8 {main}
CRITICAL - 2021-06-10 21:50:13 --> Undefined index: 
#0 D:\xampp7\private_html\skpci\app\Views\ViewTambahKTJ.php(23): CodeIgniter\Debug\Exceptions->errorHandler(8, 'Undefined index...', 'D:\\xampp7\\priva...', 23, Array)
#1 D:\xampp7\private_html\skpci\system\View\View.php(220): include('D:\\xampp7\\priva...')
#2 D:\xampp7\private_html\skpci\system\View\View.php(222): CodeIgniter\View\View->CodeIgniter\View\{closure}()
#3 D:\xampp7\private_html\skpci\system\Common.php(1217): CodeIgniter\View\View->render('ViewTambahKTJ', Array, true)
#4 D:\xampp7\private_html\skpci\app\Controllers\ControllerSkpAdmin.php(293): view('ViewTambahKTJ', Array)
#5 D:\xampp7\private_html\skpci\system\CodeIgniter.php(936): App\Controllers\ControllerSkpAdmin->tambahKTJ('OW00N0xLaCt6R2t...')
#6 D:\xampp7\private_html\skpci\system\CodeIgniter.php(432): CodeIgniter\CodeIgniter->runController(Object(App\Controllers\ControllerSkpAdmin))
#7 D:\xampp7\private_html\skpci\system\CodeIgniter.php(333): CodeIgniter\CodeIgniter->handleRequest(NULL, Object(Config\Cache), false)
#8 D:\xampp7\htdocs\skpci\index.php(53): CodeIgniter\CodeIgniter->run()
#9 {main}
CRITICAL - 2021-06-10 21:50:41 --> Undefined index: x
#0 D:\xampp7\private_html\skpci\app\Views\ViewTambahKTJ.php(23): CodeIgniter\Debug\Exceptions->errorHandler(8, 'Undefined index...', 'D:\\xampp7\\priva...', 23, Array)
#1 D:\xampp7\private_html\skpci\system\View\View.php(220): include('D:\\xampp7\\priva...')
#2 D:\xampp7\private_html\skpci\system\View\View.php(222): CodeIgniter\View\View->CodeIgniter\View\{closure}()
#3 D:\xampp7\private_html\skpci\system\Common.php(1217): CodeIgniter\View\View->render('ViewTambahKTJ', Array, true)
#4 D:\xampp7\private_html\skpci\app\Controllers\ControllerSkpAdmin.php(293): view('ViewTambahKTJ', Array)
#5 D:\xampp7\private_html\skpci\system\CodeIgniter.php(936): App\Controllers\ControllerSkpAdmin->tambahKTJ('OW00N0xLaCt6R2t...')
#6 D:\xampp7\private_html\skpci\system\CodeIgniter.php(432): CodeIgniter\CodeIgniter->runController(Object(App\Controllers\ControllerSkpAdmin))
#7 D:\xampp7\private_html\skpci\system\CodeIgniter.php(333): CodeIgniter\CodeIgniter->handleRequest(NULL, Object(Config\Cache), false)
#8 D:\xampp7\htdocs\skpci\index.php(53): CodeIgniter\CodeIgniter->run()
#9 {main}
CRITICAL - 2021-06-10 21:50:43 --> Undefined index: x
#0 D:\xampp7\private_html\skpci\app\Views\ViewTambahKTJ.php(23): CodeIgniter\Debug\Exceptions->errorHandler(8, 'Undefined index...', 'D:\\xampp7\\priva...', 23, Array)
#1 D:\xampp7\private_html\skpci\system\View\View.php(220): include('D:\\xampp7\\priva...')
#2 D:\xampp7\private_html\skpci\system\View\View.php(222): CodeIgniter\View\View->CodeIgniter\View\{closure}()
#3 D:\xampp7\private_html\skpci\system\Common.php(1217): CodeIgniter\View\View->render('ViewTambahKTJ', Array, true)
#4 D:\xampp7\private_html\skpci\app\Controllers\ControllerSkpAdmin.php(293): view('ViewTambahKTJ', Array)
#5 D:\xampp7\private_html\skpci\system\CodeIgniter.php(936): App\Controllers\ControllerSkpAdmin->tambahKTJ('OW00N0xLaCt6R2t...')
#6 D:\xampp7\private_html\skpci\system\CodeIgniter.php(432): CodeIgniter\CodeIgniter->runController(Object(App\Controllers\ControllerSkpAdmin))
#7 D:\xampp7\private_html\skpci\system\CodeIgniter.php(333): CodeIgniter\CodeIgniter->handleRequest(NULL, Object(Config\Cache), false)
#8 D:\xampp7\htdocs\skpci\index.php(53): CodeIgniter\CodeIgniter->run()
#9 {main}
CRITICAL - 2021-06-10 22:00:57 --> Undefined offset: 2
#0 D:\xampp7\private_html\skpci\app\Views\ViewTambahKTJ.php(25): CodeIgniter\Debug\Exceptions->errorHandler(8, 'Undefined offse...', 'D:\\xampp7\\priva...', 25, Array)
#1 D:\xampp7\private_html\skpci\system\View\View.php(220): include('D:\\xampp7\\priva...')
#2 D:\xampp7\private_html\skpci\system\View\View.php(222): CodeIgniter\View\View->CodeIgniter\View\{closure}()
#3 D:\xampp7\private_html\skpci\system\Common.php(1217): CodeIgniter\View\View->render('ViewTambahKTJ', Array, true)
#4 D:\xampp7\private_html\skpci\app\Controllers\ControllerSkpAdmin.php(295): view('ViewTambahKTJ', Array)
#5 D:\xampp7\private_html\skpci\system\CodeIgniter.php(936): App\Controllers\ControllerSkpAdmin->tambahKTJ('OW00N0xLaCt6R2t...')
#6 D:\xampp7\private_html\skpci\system\CodeIgniter.php(432): CodeIgniter\CodeIgniter->runController(Object(App\Controllers\ControllerSkpAdmin))
#7 D:\xampp7\private_html\skpci\system\CodeIgniter.php(333): CodeIgniter\CodeIgniter->handleRequest(NULL, Object(Config\Cache), false)
#8 D:\xampp7\htdocs\skpci\index.php(53): CodeIgniter\CodeIgniter->run()
#9 {main}
CRITICAL - 2021-06-10 22:22:23 --> syntax error, unexpected '?>'
#0 D:\xampp7\private_html\skpci\system\View\View.php(222): CodeIgniter\View\View->CodeIgniter\View\{closure}()
#1 D:\xampp7\private_html\skpci\system\Common.php(1217): CodeIgniter\View\View->render('ViewTambahKTJ', Array, true)
#2 D:\xampp7\private_html\skpci\app\Controllers\ControllerSkpAdmin.php(293): view('ViewTambahKTJ', Array)
#3 D:\xampp7\private_html\skpci\system\CodeIgniter.php(936): App\Controllers\ControllerSkpAdmin->tambahKTJ('OW00N0xLaCt6R2t...')
#4 D:\xampp7\private_html\skpci\system\CodeIgniter.php(432): CodeIgniter\CodeIgniter->runController(Object(App\Controllers\ControllerSkpAdmin))
#5 D:\xampp7\private_html\skpci\system\CodeIgniter.php(333): CodeIgniter\CodeIgniter->handleRequest(NULL, Object(Config\Cache), false)
#6 D:\xampp7\htdocs\skpci\index.php(53): CodeIgniter\CodeIgniter->run()
#7 {main}
