CRITICAL - 2021-04-26 01:42:48 --> Invalid file: tataletak/admin/sidebar.php
#0 D:\xampp7\private_html\skpci\system\View\View.php(203): CodeIgniter\Exceptions\FrameworkException::forInvalidFile('tataletak/admin...')
#1 D:\xampp7\private_html\skpci\system\View\View.php(468): CodeIgniter\View\View->render('tataletak/admin...', NULL, true)
#2 D:\xampp7\private_html\skpci\app\Views\tataletak\admin\tataletak_admin-modular.php(137): CodeIgniter\View\View->include('tataletak/admin...')
#3 D:\xampp7\private_html\skpci\system\View\View.php(220): include('D:\\xampp7\\priva...')
#4 D:\xampp7\private_html\skpci\system\View\View.php(222): CodeIgniter\View\View->CodeIgniter\View\{closure}()
#5 D:\xampp7\private_html\skpci\system\View\View.php(236): CodeIgniter\View\View->render('tataletak/admin...', Array, true)
#6 D:\xampp7\private_html\skpci\system\Common.php(1217): CodeIgniter\View\View->render('admin_show_biod...', Array, true)
#7 D:\xampp7\private_html\skpci\app\Controllers\skpAdmin.php(37): view('admin_show_biod...', Array)
#8 D:\xampp7\private_html\skpci\system\CodeIgniter.php(936): App\Controllers\skpAdmin->index()
#9 D:\xampp7\private_html\skpci\system\CodeIgniter.php(432): CodeIgniter\CodeIgniter->runController(Object(App\Controllers\skpAdmin))
#10 D:\xampp7\private_html\skpci\system\CodeIgniter.php(333): CodeIgniter\CodeIgniter->handleRequest(NULL, Object(Config\Cache), false)
#11 D:\xampp7\htdocs\skpci\index.php(53): CodeIgniter\CodeIgniter->run()
#12 {main}
CRITICAL - 2021-04-26 01:55:36 --> Undefined variable: data
#0 D:\xampp7\private_html\skpci\app\Controllers\skpAdmin.php(145): CodeIgniter\Debug\Exceptions->errorHandler(8, 'Undefined varia...', 'D:\\xampp7\\priva...', 145, Array)
#1 D:\xampp7\private_html\skpci\system\CodeIgniter.php(936): App\Controllers\skpAdmin->targetSKP()
#2 D:\xampp7\private_html\skpci\system\CodeIgniter.php(432): CodeIgniter\CodeIgniter->runController(Object(App\Controllers\skpAdmin))
#3 D:\xampp7\private_html\skpci\system\CodeIgniter.php(333): CodeIgniter\CodeIgniter->handleRequest(NULL, Object(Config\Cache), false)
#4 D:\xampp7\htdocs\skpci\index.php(53): CodeIgniter\CodeIgniter->run()
#5 {main}
CRITICAL - 2021-04-26 01:57:05 --> Undefined variable: data
#0 D:\xampp7\private_html\skpci\app\Controllers\skpAdmin.php(145): CodeIgniter\Debug\Exceptions->errorHandler(8, 'Undefined varia...', 'D:\\xampp7\\priva...', 145, Array)
#1 D:\xampp7\private_html\skpci\system\CodeIgniter.php(936): App\Controllers\skpAdmin->targetSKP()
#2 D:\xampp7\private_html\skpci\system\CodeIgniter.php(432): CodeIgniter\CodeIgniter->runController(Object(App\Controllers\skpAdmin))
#3 D:\xampp7\private_html\skpci\system\CodeIgniter.php(333): CodeIgniter\CodeIgniter->handleRequest(NULL, Object(Config\Cache), false)
#4 D:\xampp7\htdocs\skpci\index.php(53): CodeIgniter\CodeIgniter->run()
#5 {main}
CRITICAL - 2021-04-26 01:57:06 --> Undefined variable: data
#0 D:\xampp7\private_html\skpci\app\Controllers\skpAdmin.php(145): CodeIgniter\Debug\Exceptions->errorHandler(8, 'Undefined varia...', 'D:\\xampp7\\priva...', 145, Array)
#1 D:\xampp7\private_html\skpci\system\CodeIgniter.php(936): App\Controllers\skpAdmin->targetSKP()
#2 D:\xampp7\private_html\skpci\system\CodeIgniter.php(432): CodeIgniter\CodeIgniter->runController(Object(App\Controllers\skpAdmin))
#3 D:\xampp7\private_html\skpci\system\CodeIgniter.php(333): CodeIgniter\CodeIgniter->handleRequest(NULL, Object(Config\Cache), false)
#4 D:\xampp7\htdocs\skpci\index.php(53): CodeIgniter\CodeIgniter->run()
#5 {main}
CRITICAL - 2021-04-26 01:57:09 --> Undefined variable: data
#0 D:\xampp7\private_html\skpci\app\Controllers\skpAdmin.php(145): CodeIgniter\Debug\Exceptions->errorHandler(8, 'Undefined varia...', 'D:\\xampp7\\priva...', 145, Array)
#1 D:\xampp7\private_html\skpci\system\CodeIgniter.php(936): App\Controllers\skpAdmin->targetSKP()
#2 D:\xampp7\private_html\skpci\system\CodeIgniter.php(432): CodeIgniter\CodeIgniter->runController(Object(App\Controllers\skpAdmin))
#3 D:\xampp7\private_html\skpci\system\CodeIgniter.php(333): CodeIgniter\CodeIgniter->handleRequest(NULL, Object(Config\Cache), false)
#4 D:\xampp7\htdocs\skpci\index.php(53): CodeIgniter\CodeIgniter->run()
#5 {main}
CRITICAL - 2021-04-26 01:57:41 --> syntax error, unexpected ';', expecting '('
#0 D:\xampp7\private_html\skpci\system\Autoloader\Autoloader.php(265): CodeIgniter\Autoloader\Autoloader->includeFile('D:\\xampp7\\priva...')
#1 D:\xampp7\private_html\skpci\system\Autoloader\Autoloader.php(228): CodeIgniter\Autoloader\Autoloader->loadInNamespace('App\\Controllers...')
#2 [internal function]: CodeIgniter\Autoloader\Autoloader->loadClass('App\\Controllers...')
#3 [internal function]: spl_autoload_call('App\\Controllers...')
#4 D:\xampp7\private_html\skpci\system\CodeIgniter.php(893): class_exists('\\App\\Controller...', true)
#5 D:\xampp7\private_html\skpci\system\CodeIgniter.php(417): CodeIgniter\CodeIgniter->startController()
#6 D:\xampp7\private_html\skpci\system\CodeIgniter.php(333): CodeIgniter\CodeIgniter->handleRequest(NULL, Object(Config\Cache), false)
#7 D:\xampp7\htdocs\skpci\index.php(53): CodeIgniter\CodeIgniter->run()
#8 {main}
CRITICAL - 2021-04-26 01:57:43 --> syntax error, unexpected ';', expecting '('
#0 D:\xampp7\private_html\skpci\system\Autoloader\Autoloader.php(265): CodeIgniter\Autoloader\Autoloader->includeFile('D:\\xampp7\\priva...')
#1 D:\xampp7\private_html\skpci\system\Autoloader\Autoloader.php(228): CodeIgniter\Autoloader\Autoloader->loadInNamespace('App\\Controllers...')
#2 [internal function]: CodeIgniter\Autoloader\Autoloader->loadClass('App\\Controllers...')
#3 [internal function]: spl_autoload_call('App\\Controllers...')
#4 D:\xampp7\private_html\skpci\system\CodeIgniter.php(893): class_exists('\\App\\Controller...', true)
#5 D:\xampp7\private_html\skpci\system\CodeIgniter.php(417): CodeIgniter\CodeIgniter->startController()
#6 D:\xampp7\private_html\skpci\system\CodeIgniter.php(333): CodeIgniter\CodeIgniter->handleRequest(NULL, Object(Config\Cache), false)
#7 D:\xampp7\htdocs\skpci\index.php(53): CodeIgniter\CodeIgniter->run()
#8 {main}
CRITICAL - 2021-04-26 20:43:45 --> Undefined offset: 0
#0 D:\xampp7\private_html\skpci\app\Controllers\skpAdmin.php(24): CodeIgniter\Debug\Exceptions->errorHandler(8, 'Undefined offse...', 'D:\\xampp7\\priva...', 24, Array)
#1 D:\xampp7\private_html\skpci\system\CodeIgniter.php(936): App\Controllers\skpAdmin->index()
#2 D:\xampp7\private_html\skpci\system\CodeIgniter.php(432): CodeIgniter\CodeIgniter->runController(Object(App\Controllers\skpAdmin))
#3 D:\xampp7\private_html\skpci\system\CodeIgniter.php(333): CodeIgniter\CodeIgniter->handleRequest(NULL, Object(Config\Cache), false)
#4 D:\xampp7\htdocs\skpci\index.php(53): CodeIgniter\CodeIgniter->run()
#5 {main}
CRITICAL - 2021-04-26 20:45:55 --> Undefined offset: 0
#0 D:\xampp7\private_html\skpci\app\Controllers\skpAdmin.php(21): CodeIgniter\Debug\Exceptions->errorHandler(8, 'Undefined offse...', 'D:\\xampp7\\priva...', 21, Array)
#1 D:\xampp7\private_html\skpci\system\CodeIgniter.php(936): App\Controllers\skpAdmin->index()
#2 D:\xampp7\private_html\skpci\system\CodeIgniter.php(432): CodeIgniter\CodeIgniter->runController(Object(App\Controllers\skpAdmin))
#3 D:\xampp7\private_html\skpci\system\CodeIgniter.php(333): CodeIgniter\CodeIgniter->handleRequest(NULL, Object(Config\Cache), false)
#4 D:\xampp7\htdocs\skpci\index.php(53): CodeIgniter\CodeIgniter->run()
#5 {main}
CRITICAL - 2021-04-26 20:50:27 --> Some message goes here
#0 D:\xampp7\private_html\skpci\system\CodeIgniter.php(936): App\Controllers\skpAdmin->index()
#1 D:\xampp7\private_html\skpci\system\CodeIgniter.php(432): CodeIgniter\CodeIgniter->runController(Object(App\Controllers\skpAdmin))
#2 D:\xampp7\private_html\skpci\system\CodeIgniter.php(333): CodeIgniter\CodeIgniter->handleRequest(NULL, Object(Config\Cache), false)
#3 D:\xampp7\htdocs\skpci\index.php(53): CodeIgniter\CodeIgniter->run()
#4 {main}
CRITICAL - 2021-04-26 20:52:34 --> Undefined index: status
#0 D:\xampp7\private_html\skpci\app\Controllers\skpAdmin.php(21): CodeIgniter\Debug\Exceptions->errorHandler(8, 'Undefined index...', 'D:\\xampp7\\priva...', 21, Array)
#1 D:\xampp7\private_html\skpci\system\CodeIgniter.php(936): App\Controllers\skpAdmin->index()
#2 D:\xampp7\private_html\skpci\system\CodeIgniter.php(432): CodeIgniter\CodeIgniter->runController(Object(App\Controllers\skpAdmin))
#3 D:\xampp7\private_html\skpci\system\CodeIgniter.php(333): CodeIgniter\CodeIgniter->handleRequest(NULL, Object(Config\Cache), false)
#4 D:\xampp7\htdocs\skpci\index.php(53): CodeIgniter\CodeIgniter->run()
#5 {main}
CRITICAL - 2021-04-26 21:01:30 --> Undefined index: status
#0 D:\xampp7\private_html\skpci\app\Controllers\skpAdmin.php(24): CodeIgniter\Debug\Exceptions->errorHandler(8, 'Undefined index...', 'D:\\xampp7\\priva...', 24, Array)
#1 D:\xampp7\private_html\skpci\system\CodeIgniter.php(936): App\Controllers\skpAdmin->index()
#2 D:\xampp7\private_html\skpci\system\CodeIgniter.php(432): CodeIgniter\CodeIgniter->runController(Object(App\Controllers\skpAdmin))
#3 D:\xampp7\private_html\skpci\system\CodeIgniter.php(333): CodeIgniter\CodeIgniter->handleRequest(NULL, Object(Config\Cache), false)
#4 D:\xampp7\htdocs\skpci\index.php(53): CodeIgniter\CodeIgniter->run()
#5 {main}
CRITICAL - 2021-04-26 21:02:13 --> Undefined index: status
#0 D:\xampp7\private_html\skpci\app\Controllers\skpAdmin.php(24): CodeIgniter\Debug\Exceptions->errorHandler(8, 'Undefined index...', 'D:\\xampp7\\priva...', 24, Array)
#1 D:\xampp7\private_html\skpci\system\CodeIgniter.php(936): App\Controllers\skpAdmin->index()
#2 D:\xampp7\private_html\skpci\system\CodeIgniter.php(432): CodeIgniter\CodeIgniter->runController(Object(App\Controllers\skpAdmin))
#3 D:\xampp7\private_html\skpci\system\CodeIgniter.php(333): CodeIgniter\CodeIgniter->handleRequest(NULL, Object(Config\Cache), false)
#4 D:\xampp7\htdocs\skpci\index.php(53): CodeIgniter\CodeIgniter->run()
#5 {main}
CRITICAL - 2021-04-26 22:15:27 --> syntax error, unexpected ','
#0 D:\xampp7\private_html\skpci\system\Autoloader\Autoloader.php(265): CodeIgniter\Autoloader\Autoloader->includeFile('D:\\xampp7\\priva...')
#1 D:\xampp7\private_html\skpci\system\Autoloader\Autoloader.php(228): CodeIgniter\Autoloader\Autoloader->loadInNamespace('App\\Controllers...')
#2 [internal function]: CodeIgniter\Autoloader\Autoloader->loadClass('App\\Controllers...')
#3 [internal function]: spl_autoload_call('App\\Controllers...')
#4 D:\xampp7\private_html\skpci\system\CodeIgniter.php(893): class_exists('\\App\\Controller...', true)
#5 D:\xampp7\private_html\skpci\system\CodeIgniter.php(417): CodeIgniter\CodeIgniter->startController()
#6 D:\xampp7\private_html\skpci\system\CodeIgniter.php(333): CodeIgniter\CodeIgniter->handleRequest(NULL, Object(Config\Cache), false)
#7 D:\xampp7\htdocs\skpci\index.php(53): CodeIgniter\CodeIgniter->run()
#8 {main}
CRITICAL - 2021-04-26 22:36:31 --> Undefined variable: active_beranda
#0 D:\xampp7\private_html\skpci\app\Views\tataletak\admin\tataletak_admin-modular.php(153): CodeIgniter\Debug\Exceptions->errorHandler(8, 'Undefined varia...', 'D:\\xampp7\\priva...', 153, Array)
#1 D:\xampp7\private_html\skpci\system\View\View.php(220): include('D:\\xampp7\\priva...')
#2 D:\xampp7\private_html\skpci\system\View\View.php(222): CodeIgniter\View\View->CodeIgniter\View\{closure}()
#3 D:\xampp7\private_html\skpci\system\View\View.php(236): CodeIgniter\View\View->render('tataletak/admin...', Array, true)
#4 D:\xampp7\private_html\skpci\system\Common.php(1217): CodeIgniter\View\View->render('admin_target', Array, true)
#5 D:\xampp7\private_html\skpci\app\Controllers\skpAdmin.php(167): view('admin_target', Array)
#6 D:\xampp7\private_html\skpci\system\CodeIgniter.php(936): App\Controllers\skpAdmin->targetSKP()
#7 D:\xampp7\private_html\skpci\system\CodeIgniter.php(432): CodeIgniter\CodeIgniter->runController(Object(App\Controllers\skpAdmin))
#8 D:\xampp7\private_html\skpci\system\CodeIgniter.php(333): CodeIgniter\CodeIgniter->handleRequest(NULL, Object(Config\Cache), false)
#9 D:\xampp7\htdocs\skpci\index.php(53): CodeIgniter\CodeIgniter->run()
#10 {main}
