CRITICAL - 2021-08-26 00:02:25 --> Illegal string offset 'nama'
#0 D:\xampp7\htdocs\elayanan\app\Views\ViewRiwayatKGB.php(13): CodeIgniter\Debug\Exceptions->errorHandler(2, 'Illegal string ...', 'D:\\xampp7\\htdoc...', 13, Array)
#1 D:\xampp7\htdocs\elayanan\system\View\View.php(220): include('D:\\xampp7\\htdoc...')
#2 D:\xampp7\htdocs\elayanan\system\View\View.php(222): CodeIgniter\View\View->CodeIgniter\View\{closure}()
#3 D:\xampp7\htdocs\elayanan\system\Common.php(1217): CodeIgniter\View\View->render('ViewRiwayatKGB', Array, true)
#4 D:\xampp7\htdocs\elayanan\app\Controllers\ControllerKGBAdmin.php(231): view('ViewRiwayatKGB', Array)
#5 D:\xampp7\htdocs\elayanan\system\CodeIgniter.php(936): App\Controllers\ControllerKGBAdmin->LihatRiwayatKGB('VU5EdjYwczg3WGF...')
#6 D:\xampp7\htdocs\elayanan\system\CodeIgniter.php(432): CodeIgniter\CodeIgniter->runController(Object(App\Controllers\ControllerKGBAdmin))
#7 D:\xampp7\htdocs\elayanan\system\CodeIgniter.php(333): CodeIgniter\CodeIgniter->handleRequest(NULL, Object(Config\Cache), false)
#8 D:\xampp7\htdocs\elayanan\public\index.php(53): CodeIgniter\CodeIgniter->run()
#9 {main}
CRITICAL - 2021-08-26 00:02:36 --> Illegal string offset 'nama'
#0 D:\xampp7\htdocs\elayanan\app\Views\ViewRiwayatKGB.php(13): CodeIgniter\Debug\Exceptions->errorHandler(2, 'Illegal string ...', 'D:\\xampp7\\htdoc...', 13, Array)
#1 D:\xampp7\htdocs\elayanan\system\View\View.php(220): include('D:\\xampp7\\htdoc...')
#2 D:\xampp7\htdocs\elayanan\system\View\View.php(222): CodeIgniter\View\View->CodeIgniter\View\{closure}()
#3 D:\xampp7\htdocs\elayanan\system\Common.php(1217): CodeIgniter\View\View->render('ViewRiwayatKGB', Array, true)
#4 D:\xampp7\htdocs\elayanan\app\Controllers\ControllerKGBAdmin.php(231): view('ViewRiwayatKGB', Array)
#5 D:\xampp7\htdocs\elayanan\system\CodeIgniter.php(936): App\Controllers\ControllerKGBAdmin->LihatRiwayatKGB('VU5EdjYwczg3WGF...')
#6 D:\xampp7\htdocs\elayanan\system\CodeIgniter.php(432): CodeIgniter\CodeIgniter->runController(Object(App\Controllers\ControllerKGBAdmin))
#7 D:\xampp7\htdocs\elayanan\system\CodeIgniter.php(333): CodeIgniter\CodeIgniter->handleRequest(NULL, Object(Config\Cache), false)
#8 D:\xampp7\htdocs\elayanan\public\index.php(53): CodeIgniter\CodeIgniter->run()
#9 {main}
CRITICAL - 2021-08-26 00:09:07 --> Invalid file: ViewSuratKGBCetak.php
#0 D:\xampp7\htdocs\elayanan\system\View\View.php(203): CodeIgniter\Exceptions\FrameworkException::forInvalidFile('ViewSuratKGBCet...')
#1 D:\xampp7\htdocs\elayanan\system\Common.php(1217): CodeIgniter\View\View->render('ViewSuratKGBCet...', Array, true)
#2 D:\xampp7\htdocs\elayanan\app\Controllers\ControllerKGBAdmin.php(539): view('ViewSuratKGBCet...', Array)
#3 D:\xampp7\htdocs\elayanan\system\CodeIgniter.php(936): App\Controllers\ControllerKGBAdmin->Cetak('RHAzWlVBak42djF...')
#4 D:\xampp7\htdocs\elayanan\system\CodeIgniter.php(432): CodeIgniter\CodeIgniter->runController(Object(App\Controllers\ControllerKGBAdmin))
#5 D:\xampp7\htdocs\elayanan\system\CodeIgniter.php(333): CodeIgniter\CodeIgniter->handleRequest(NULL, Object(Config\Cache), false)
#6 D:\xampp7\htdocs\elayanan\public\index.php(53): CodeIgniter\CodeIgniter->run()
#7 {main}
CRITICAL - 2021-08-26 00:09:33 --> Invalid file: ViewSuratKGBCetak.php
#0 D:\xampp7\htdocs\elayanan\system\View\View.php(203): CodeIgniter\Exceptions\FrameworkException::forInvalidFile('ViewSuratKGBCet...')
#1 D:\xampp7\htdocs\elayanan\system\Common.php(1217): CodeIgniter\View\View->render('ViewSuratKGBCet...', Array, true)
#2 D:\xampp7\htdocs\elayanan\app\Controllers\ControllerKGBAdmin.php(539): view('ViewSuratKGBCet...', Array)
#3 D:\xampp7\htdocs\elayanan\system\CodeIgniter.php(936): App\Controllers\ControllerKGBAdmin->Cetak('RHAzWlVBak42djF...')
#4 D:\xampp7\htdocs\elayanan\system\CodeIgniter.php(432): CodeIgniter\CodeIgniter->runController(Object(App\Controllers\ControllerKGBAdmin))
#5 D:\xampp7\htdocs\elayanan\system\CodeIgniter.php(333): CodeIgniter\CodeIgniter->handleRequest(NULL, Object(Config\Cache), false)
#6 D:\xampp7\htdocs\elayanan\public\index.php(53): CodeIgniter\CodeIgniter->run()
#7 {main}
CRITICAL - 2021-08-26 00:10:52 --> Undefined variable: jw
#0 D:\xampp7\htdocs\elayanan\app\Views\ViewSuratKGBCetak.php(36): CodeIgniter\Debug\Exceptions->errorHandler(8, 'Undefined varia...', 'D:\\xampp7\\htdoc...', 36, Array)
#1 D:\xampp7\htdocs\elayanan\system\View\View.php(220): include('D:\\xampp7\\htdoc...')
#2 D:\xampp7\htdocs\elayanan\system\View\View.php(222): CodeIgniter\View\View->CodeIgniter\View\{closure}()
#3 D:\xampp7\htdocs\elayanan\system\Common.php(1217): CodeIgniter\View\View->render('ViewSuratKGBCet...', Array, true)
#4 D:\xampp7\htdocs\elayanan\app\Controllers\ControllerKGBAdmin.php(539): view('ViewSuratKGBCet...', Array)
#5 D:\xampp7\htdocs\elayanan\system\CodeIgniter.php(936): App\Controllers\ControllerKGBAdmin->Cetak('RHAzWlVBak42djF...')
#6 D:\xampp7\htdocs\elayanan\system\CodeIgniter.php(432): CodeIgniter\CodeIgniter->runController(Object(App\Controllers\ControllerKGBAdmin))
#7 D:\xampp7\htdocs\elayanan\system\CodeIgniter.php(333): CodeIgniter\CodeIgniter->handleRequest(NULL, Object(Config\Cache), false)
#8 D:\xampp7\htdocs\elayanan\public\index.php(53): CodeIgniter\CodeIgniter->run()
#9 {main}
