CRITICAL - 2021-07-08 01:34:22 --> Undefined variable: nm_riwayat
#0 D:\xampp7\htdocs\skpci\app\Controllers\ControllerUmum.php(243): CodeIgniter\Debug\Exceptions->errorHandler(8, 'Undefined varia...', 'D:\\xampp7\\htdoc...', 243, Array)
#1 D:\xampp7\htdocs\skpci\system\CodeIgniter.php(936): App\Controllers\ControllerUmum->riwayat('prestasi')
#2 D:\xampp7\htdocs\skpci\system\CodeIgniter.php(432): CodeIgniter\CodeIgniter->runController(Object(App\Controllers\ControllerUmum))
#3 D:\xampp7\htdocs\skpci\system\CodeIgniter.php(333): CodeIgniter\CodeIgniter->handleRequest(NULL, Object(Config\Cache), false)
#4 D:\xampp7\htdocs\skpci\index.php(53): CodeIgniter\CodeIgniter->run()
#5 {main}
CRITICAL - 2021-07-08 02:30:06 --> Invalid file: ViewPrestasi.php
#0 D:\xampp7\htdocs\skpci\system\View\View.php(203): CodeIgniter\Exceptions\FrameworkException::forInvalidFile('ViewPrestasi.ph...')
#1 D:\xampp7\htdocs\skpci\system\Common.php(1217): CodeIgniter\View\View->render('ViewPrestasi', Array, true)
#2 D:\xampp7\htdocs\skpci\app\Controllers\ControllerPrestasi.php(142): view('ViewPrestasi', Array)
#3 D:\xampp7\htdocs\skpci\system\CodeIgniter.php(936): App\Controllers\ControllerPrestasi->lihat('YytCbEkzTjJOUzh...', 'page')
#4 D:\xampp7\htdocs\skpci\system\CodeIgniter.php(432): CodeIgniter\CodeIgniter->runController(Object(App\Controllers\ControllerPrestasi))
#5 D:\xampp7\htdocs\skpci\system\CodeIgniter.php(333): CodeIgniter\CodeIgniter->handleRequest(NULL, Object(Config\Cache), false)
#6 D:\xampp7\htdocs\skpci\index.php(53): CodeIgniter\CodeIgniter->run()
#7 {main}
CRITICAL - 2021-07-08 02:31:33 --> Undefined variable: aksi
#0 D:\xampp7\htdocs\skpci\app\Views\ViewPrestasi.php(62): CodeIgniter\Debug\Exceptions->errorHandler(8, 'Undefined varia...', 'D:\\xampp7\\htdoc...', 62, Array)
#1 D:\xampp7\htdocs\skpci\system\View\View.php(220): include('D:\\xampp7\\htdoc...')
#2 D:\xampp7\htdocs\skpci\system\View\View.php(222): CodeIgniter\View\View->CodeIgniter\View\{closure}()
#3 D:\xampp7\htdocs\skpci\system\Common.php(1217): CodeIgniter\View\View->render('ViewPrestasi', Array, true)
#4 D:\xampp7\htdocs\skpci\app\Controllers\ControllerPrestasi.php(142): view('ViewPrestasi', Array)
#5 D:\xampp7\htdocs\skpci\system\CodeIgniter.php(936): App\Controllers\ControllerPrestasi->lihat('YytCbEkzTjJOUzh...', 'page')
#6 D:\xampp7\htdocs\skpci\system\CodeIgniter.php(432): CodeIgniter\CodeIgniter->runController(Object(App\Controllers\ControllerPrestasi))
#7 D:\xampp7\htdocs\skpci\system\CodeIgniter.php(333): CodeIgniter\CodeIgniter->handleRequest(NULL, Object(Config\Cache), false)
#8 D:\xampp7\htdocs\skpci\index.php(53): CodeIgniter\CodeIgniter->run()
#9 {main}
CRITICAL - 2021-07-08 02:34:09 --> Undefined variable: content_pengukuran
#0 D:\xampp7\htdocs\skpci\app\Views\ViewPrestasi.php(88): CodeIgniter\Debug\Exceptions->errorHandler(8, 'Undefined varia...', 'D:\\xampp7\\htdoc...', 88, Array)
#1 D:\xampp7\htdocs\skpci\system\View\View.php(220): include('D:\\xampp7\\htdoc...')
#2 D:\xampp7\htdocs\skpci\system\View\View.php(222): CodeIgniter\View\View->CodeIgniter\View\{closure}()
#3 D:\xampp7\htdocs\skpci\system\Common.php(1217): CodeIgniter\View\View->render('ViewPrestasi', Array, true)
#4 D:\xampp7\htdocs\skpci\app\Controllers\ControllerPrestasi.php(142): view('ViewPrestasi', Array)
#5 D:\xampp7\htdocs\skpci\system\CodeIgniter.php(936): App\Controllers\ControllerPrestasi->lihat('YytCbEkzTjJOUzh...', 'page')
#6 D:\xampp7\htdocs\skpci\system\CodeIgniter.php(432): CodeIgniter\CodeIgniter->runController(Object(App\Controllers\ControllerPrestasi))
#7 D:\xampp7\htdocs\skpci\system\CodeIgniter.php(333): CodeIgniter\CodeIgniter->handleRequest(NULL, Object(Config\Cache), false)
#8 D:\xampp7\htdocs\skpci\index.php(53): CodeIgniter\CodeIgniter->run()
#9 {main}
CRITICAL - 2021-07-08 02:35:07 --> Undefined variable: aksi
#0 D:\xampp7\htdocs\skpci\app\Views\ViewPrestasi.php(62): CodeIgniter\Debug\Exceptions->errorHandler(8, 'Undefined varia...', 'D:\\xampp7\\htdoc...', 62, Array)
#1 D:\xampp7\htdocs\skpci\system\View\View.php(220): include('D:\\xampp7\\htdoc...')
#2 D:\xampp7\htdocs\skpci\system\View\View.php(222): CodeIgniter\View\View->CodeIgniter\View\{closure}()
#3 D:\xampp7\htdocs\skpci\system\Common.php(1217): CodeIgniter\View\View->render('ViewPrestasi', Array, true)
#4 D:\xampp7\htdocs\skpci\app\Controllers\ControllerPrestasi.php(142): view('ViewPrestasi', Array)
#5 D:\xampp7\htdocs\skpci\system\CodeIgniter.php(936): App\Controllers\ControllerPrestasi->lihat('YytCbEkzTjJOUzh...', 'page')
#6 D:\xampp7\htdocs\skpci\system\CodeIgniter.php(432): CodeIgniter\CodeIgniter->runController(Object(App\Controllers\ControllerPrestasi))
#7 D:\xampp7\htdocs\skpci\system\CodeIgniter.php(333): CodeIgniter\CodeIgniter->handleRequest(NULL, Object(Config\Cache), false)
#8 D:\xampp7\htdocs\skpci\index.php(53): CodeIgniter\CodeIgniter->run()
#9 {main}
CRITICAL - 2021-07-08 02:35:11 --> Undefined variable: aksi
#0 D:\xampp7\htdocs\skpci\app\Views\ViewPrestasi.php(62): CodeIgniter\Debug\Exceptions->errorHandler(8, 'Undefined varia...', 'D:\\xampp7\\htdoc...', 62, Array)
#1 D:\xampp7\htdocs\skpci\system\View\View.php(220): include('D:\\xampp7\\htdoc...')
#2 D:\xampp7\htdocs\skpci\system\View\View.php(222): CodeIgniter\View\View->CodeIgniter\View\{closure}()
#3 D:\xampp7\htdocs\skpci\system\Common.php(1217): CodeIgniter\View\View->render('ViewPrestasi', Array, true)
#4 D:\xampp7\htdocs\skpci\app\Controllers\ControllerPrestasi.php(142): view('ViewPrestasi', Array)
#5 D:\xampp7\htdocs\skpci\system\CodeIgniter.php(936): App\Controllers\ControllerPrestasi->lihat('YytCbEkzTjJOUzh...', 'page')
#6 D:\xampp7\htdocs\skpci\system\CodeIgniter.php(432): CodeIgniter\CodeIgniter->runController(Object(App\Controllers\ControllerPrestasi))
#7 D:\xampp7\htdocs\skpci\system\CodeIgniter.php(333): CodeIgniter\CodeIgniter->handleRequest(NULL, Object(Config\Cache), false)
#8 D:\xampp7\htdocs\skpci\index.php(53): CodeIgniter\CodeIgniter->run()
#9 {main}
CRITICAL - 2021-07-08 02:46:56 --> Undefined variable: nilai_kinerja
#0 D:\xampp7\htdocs\skpci\app\Views\ViewPrestasi.php(77): CodeIgniter\Debug\Exceptions->errorHandler(8, 'Undefined varia...', 'D:\\xampp7\\htdoc...', 77, Array)
#1 D:\xampp7\htdocs\skpci\system\View\View.php(220): include('D:\\xampp7\\htdoc...')
#2 D:\xampp7\htdocs\skpci\system\View\View.php(222): CodeIgniter\View\View->CodeIgniter\View\{closure}()
#3 D:\xampp7\htdocs\skpci\system\Common.php(1217): CodeIgniter\View\View->render('ViewPrestasi', Array, true)
#4 D:\xampp7\htdocs\skpci\app\Controllers\ControllerPrestasi.php(142): view('ViewPrestasi', Array)
#5 D:\xampp7\htdocs\skpci\system\CodeIgniter.php(936): App\Controllers\ControllerPrestasi->lihat('YytCbEkzTjJOUzh...', 'page')
#6 D:\xampp7\htdocs\skpci\system\CodeIgniter.php(432): CodeIgniter\CodeIgniter->runController(Object(App\Controllers\ControllerPrestasi))
#7 D:\xampp7\htdocs\skpci\system\CodeIgniter.php(333): CodeIgniter\CodeIgniter->handleRequest(NULL, Object(Config\Cache), false)
#8 D:\xampp7\htdocs\skpci\index.php(53): CodeIgniter\CodeIgniter->run()
#9 {main}
CRITICAL - 2021-07-08 02:51:49 --> A non well formed numeric value encountered
#0 D:\xampp7\htdocs\skpci\app\Views\ViewPrestasi.php(77): CodeIgniter\Debug\Exceptions->errorHandler(8, 'A non well form...', 'D:\\xampp7\\htdoc...', 77, Array)
#1 D:\xampp7\htdocs\skpci\system\View\View.php(220): include('D:\\xampp7\\htdoc...')
#2 D:\xampp7\htdocs\skpci\system\View\View.php(222): CodeIgniter\View\View->CodeIgniter\View\{closure}()
#3 D:\xampp7\htdocs\skpci\system\Common.php(1217): CodeIgniter\View\View->render('ViewPrestasi', Array, true)
#4 D:\xampp7\htdocs\skpci\app\Controllers\ControllerPrestasi.php(142): view('ViewPrestasi', Array)
#5 D:\xampp7\htdocs\skpci\system\CodeIgniter.php(936): App\Controllers\ControllerPrestasi->lihat('YytCbEkzTjJOUzh...', 'page')
#6 D:\xampp7\htdocs\skpci\system\CodeIgniter.php(432): CodeIgniter\CodeIgniter->runController(Object(App\Controllers\ControllerPrestasi))
#7 D:\xampp7\htdocs\skpci\system\CodeIgniter.php(333): CodeIgniter\CodeIgniter->handleRequest(NULL, Object(Config\Cache), false)
#8 D:\xampp7\htdocs\skpci\index.php(53): CodeIgniter\CodeIgniter->run()
#9 {main}
CRITICAL - 2021-07-08 02:52:22 --> A non well formed numeric value encountered
#0 D:\xampp7\htdocs\skpci\app\Views\ViewPrestasi.php(77): CodeIgniter\Debug\Exceptions->errorHandler(8, 'A non well form...', 'D:\\xampp7\\htdoc...', 77, Array)
#1 D:\xampp7\htdocs\skpci\system\View\View.php(220): include('D:\\xampp7\\htdoc...')
#2 D:\xampp7\htdocs\skpci\system\View\View.php(222): CodeIgniter\View\View->CodeIgniter\View\{closure}()
#3 D:\xampp7\htdocs\skpci\system\Common.php(1217): CodeIgniter\View\View->render('ViewPrestasi', Array, true)
#4 D:\xampp7\htdocs\skpci\app\Controllers\ControllerPrestasi.php(142): view('ViewPrestasi', Array)
#5 D:\xampp7\htdocs\skpci\system\CodeIgniter.php(936): App\Controllers\ControllerPrestasi->lihat('YytCbEkzTjJOUzh...', 'page')
#6 D:\xampp7\htdocs\skpci\system\CodeIgniter.php(432): CodeIgniter\CodeIgniter->runController(Object(App\Controllers\ControllerPrestasi))
#7 D:\xampp7\htdocs\skpci\system\CodeIgniter.php(333): CodeIgniter\CodeIgniter->handleRequest(NULL, Object(Config\Cache), false)
#8 D:\xampp7\htdocs\skpci\index.php(53): CodeIgniter\CodeIgniter->run()
#9 {main}
CRITICAL - 2021-07-08 03:09:06 --> Undefined variable: rata_perilaku
#0 D:\xampp7\htdocs\skpci\app\Views\ViewPerilaku.php(76): CodeIgniter\Debug\Exceptions->errorHandler(8, 'Undefined varia...', 'D:\\xampp7\\htdoc...', 76, Array)
#1 D:\xampp7\htdocs\skpci\system\View\View.php(220): include('D:\\xampp7\\htdoc...')
#2 D:\xampp7\htdocs\skpci\system\View\View.php(222): CodeIgniter\View\View->CodeIgniter\View\{closure}()
#3 D:\xampp7\htdocs\skpci\system\Common.php(1217): CodeIgniter\View\View->render('ViewPerilaku', Array, true)
#4 D:\xampp7\htdocs\skpci\app\Controllers\ControllerPerilaku.php(142): view('ViewPerilaku', Array)
#5 D:\xampp7\htdocs\skpci\system\CodeIgniter.php(936): App\Controllers\ControllerPerilaku->lihat('YytCbEkzTjJOUzh...', 'page')
#6 D:\xampp7\htdocs\skpci\system\CodeIgniter.php(432): CodeIgniter\CodeIgniter->runController(Object(App\Controllers\ControllerPerilaku))
#7 D:\xampp7\htdocs\skpci\system\CodeIgniter.php(333): CodeIgniter\CodeIgniter->handleRequest(NULL, Object(Config\Cache), false)
#8 D:\xampp7\htdocs\skpci\index.php(53): CodeIgniter\CodeIgniter->run()
#9 {main}
CRITICAL - 2021-07-08 03:16:31 --> Undefined variable: nilai_kinerja
#0 D:\xampp7\htdocs\skpci\app\Views\ViewPrestasi.php(77): CodeIgniter\Debug\Exceptions->errorHandler(8, 'Undefined varia...', 'D:\\xampp7\\htdoc...', 77, Array)
#1 D:\xampp7\htdocs\skpci\system\View\View.php(220): include('D:\\xampp7\\htdoc...')
#2 D:\xampp7\htdocs\skpci\system\View\View.php(222): CodeIgniter\View\View->CodeIgniter\View\{closure}()
#3 D:\xampp7\htdocs\skpci\system\Common.php(1217): CodeIgniter\View\View->render('ViewPrestasi', Array, true)
#4 D:\xampp7\htdocs\skpci\app\Controllers\ControllerPrestasi.php(142): view('ViewPrestasi', Array)
#5 D:\xampp7\htdocs\skpci\system\CodeIgniter.php(936): App\Controllers\ControllerPrestasi->lihat('YytCbEkzTjJOUzh...', 'page')
#6 D:\xampp7\htdocs\skpci\system\CodeIgniter.php(432): CodeIgniter\CodeIgniter->runController(Object(App\Controllers\ControllerPrestasi))
#7 D:\xampp7\htdocs\skpci\system\CodeIgniter.php(333): CodeIgniter\CodeIgniter->handleRequest(NULL, Object(Config\Cache), false)
#8 D:\xampp7\htdocs\skpci\index.php(53): CodeIgniter\CodeIgniter->run()
#9 {main}
CRITICAL - 2021-07-08 03:16:44 --> Undefined variable: nilai_kinerja
#0 D:\xampp7\htdocs\skpci\app\Views\ViewPrestasi.php(77): CodeIgniter\Debug\Exceptions->errorHandler(8, 'Undefined varia...', 'D:\\xampp7\\htdoc...', 77, Array)
#1 D:\xampp7\htdocs\skpci\system\View\View.php(220): include('D:\\xampp7\\htdoc...')
#2 D:\xampp7\htdocs\skpci\system\View\View.php(222): CodeIgniter\View\View->CodeIgniter\View\{closure}()
#3 D:\xampp7\htdocs\skpci\system\Common.php(1217): CodeIgniter\View\View->render('ViewPrestasi', Array, true)
#4 D:\xampp7\htdocs\skpci\app\Controllers\ControllerPrestasi.php(142): view('ViewPrestasi', Array)
#5 D:\xampp7\htdocs\skpci\system\CodeIgniter.php(936): App\Controllers\ControllerPrestasi->lihat('YytCbEkzTjJOUzh...', 'page')
#6 D:\xampp7\htdocs\skpci\system\CodeIgniter.php(432): CodeIgniter\CodeIgniter->runController(Object(App\Controllers\ControllerPrestasi))
#7 D:\xampp7\htdocs\skpci\system\CodeIgniter.php(333): CodeIgniter\CodeIgniter->handleRequest(NULL, Object(Config\Cache), false)
#8 D:\xampp7\htdocs\skpci\index.php(53): CodeIgniter\CodeIgniter->run()
#9 {main}
CRITICAL - 2021-07-08 22:43:25 --> Undefined variable: tbl
#0 D:\xampp7\htdocs\skpci\app\Controllers\ControllerUmum.php(273): CodeIgniter\Debug\Exceptions->errorHandler(8, 'Undefined varia...', 'D:\\xampp7\\htdoc...', 273, Array)
#1 D:\xampp7\htdocs\skpci\system\CodeIgniter.php(936): App\Controllers\ControllerUmum->riwayat('target')
#2 D:\xampp7\htdocs\skpci\system\CodeIgniter.php(432): CodeIgniter\CodeIgniter->runController(Object(App\Controllers\ControllerUmum))
#3 D:\xampp7\htdocs\skpci\system\CodeIgniter.php(333): CodeIgniter\CodeIgniter->handleRequest(NULL, Object(Config\Cache), false)
#4 D:\xampp7\htdocs\skpci\index.php(53): CodeIgniter\CodeIgniter->run()
#5 {main}
CRITICAL - 2021-07-08 22:47:09 --> syntax error, unexpected 'mbuat' (T_STRING)
#0 D:\xampp7\htdocs\skpci\system\Autoloader\Autoloader.php(265): CodeIgniter\Autoloader\Autoloader->includeFile('D:\\xampp7\\htdoc...')
#1 D:\xampp7\htdocs\skpci\system\Autoloader\Autoloader.php(228): CodeIgniter\Autoloader\Autoloader->loadInNamespace('App\\Controllers...')
#2 [internal function]: CodeIgniter\Autoloader\Autoloader->loadClass('App\\Controllers...')
#3 [internal function]: spl_autoload_call('App\\Controllers...')
#4 D:\xampp7\htdocs\skpci\system\CodeIgniter.php(893): class_exists('\\App\\Controller...', true)
#5 D:\xampp7\htdocs\skpci\system\CodeIgniter.php(417): CodeIgniter\CodeIgniter->startController()
#6 D:\xampp7\htdocs\skpci\system\CodeIgniter.php(333): CodeIgniter\CodeIgniter->handleRequest(NULL, Object(Config\Cache), false)
#7 D:\xampp7\htdocs\skpci\index.php(53): CodeIgniter\CodeIgniter->run()
#8 {main}
CRITICAL - 2021-07-08 22:51:31 --> Undefined index: kode_jabatan
#0 D:\xampp7\htdocs\skpci\app\Views\ViewBawahan.php(80): CodeIgniter\Debug\Exceptions->errorHandler(8, 'Undefined index...', 'D:\\xampp7\\htdoc...', 80, Array)
#1 D:\xampp7\htdocs\skpci\system\View\View.php(220): include('D:\\xampp7\\htdoc...')
#2 D:\xampp7\htdocs\skpci\system\View\View.php(222): CodeIgniter\View\View->CodeIgniter\View\{closure}()
#3 D:\xampp7\htdocs\skpci\system\Common.php(1217): CodeIgniter\View\View->render('ViewBawahan', Array, true)
#4 D:\xampp7\htdocs\skpci\app\Controllers\ControllerBawahan.php(14): view('ViewBawahan', Array)
#5 D:\xampp7\htdocs\skpci\system\CodeIgniter.php(936): App\Controllers\ControllerBawahan->index('prestasi')
#6 D:\xampp7\htdocs\skpci\system\CodeIgniter.php(432): CodeIgniter\CodeIgniter->runController(Object(App\Controllers\ControllerBawahan))
#7 D:\xampp7\htdocs\skpci\system\CodeIgniter.php(333): CodeIgniter\CodeIgniter->handleRequest(NULL, Object(Config\Cache), false)
#8 D:\xampp7\htdocs\skpci\index.php(53): CodeIgniter\CodeIgniter->run()
#9 {main}
CRITICAL - 2021-07-08 22:55:23 --> syntax error, unexpected 'mbuat' (T_STRING)
#0 D:\xampp7\htdocs\skpci\system\Autoloader\Autoloader.php(265): CodeIgniter\Autoloader\Autoloader->includeFile('D:\\xampp7\\htdoc...')
#1 D:\xampp7\htdocs\skpci\system\Autoloader\Autoloader.php(228): CodeIgniter\Autoloader\Autoloader->loadInNamespace('App\\Controllers...')
#2 [internal function]: CodeIgniter\Autoloader\Autoloader->loadClass('App\\Controllers...')
#3 [internal function]: spl_autoload_call('App\\Controllers...')
#4 D:\xampp7\htdocs\skpci\system\CodeIgniter.php(893): class_exists('\\App\\Controller...', true)
#5 D:\xampp7\htdocs\skpci\system\CodeIgniter.php(417): CodeIgniter\CodeIgniter->startController()
#6 D:\xampp7\htdocs\skpci\system\CodeIgniter.php(333): CodeIgniter\CodeIgniter->handleRequest(NULL, Object(Config\Cache), false)
#7 D:\xampp7\htdocs\skpci\index.php(53): CodeIgniter\CodeIgniter->run()
#8 {main}
CRITICAL - 2021-07-08 23:22:53 --> Undefined variable: id_riwayat
#0 D:\xampp7\htdocs\skpci\app\Views\ViewPrestasi.php(119): CodeIgniter\Debug\Exceptions->errorHandler(8, 'Undefined varia...', 'D:\\xampp7\\htdoc...', 119, Array)
#1 D:\xampp7\htdocs\skpci\system\View\View.php(220): include('D:\\xampp7\\htdoc...')
#2 D:\xampp7\htdocs\skpci\system\View\View.php(222): CodeIgniter\View\View->CodeIgniter\View\{closure}()
#3 D:\xampp7\htdocs\skpci\system\Common.php(1217): CodeIgniter\View\View->render('ViewPrestasi', Array, true)
#4 D:\xampp7\htdocs\skpci\app\Controllers\ControllerPrestasi.php(146): view('ViewPrestasi', Array)
#5 D:\xampp7\htdocs\skpci\system\CodeIgniter.php(936): App\Controllers\ControllerPrestasi->lihat('YytCbEkzTjJOUzh...', 'page')
#6 D:\xampp7\htdocs\skpci\system\CodeIgniter.php(432): CodeIgniter\CodeIgniter->runController(Object(App\Controllers\ControllerPrestasi))
#7 D:\xampp7\htdocs\skpci\system\CodeIgniter.php(333): CodeIgniter\CodeIgniter->handleRequest(NULL, Object(Config\Cache), false)
#8 D:\xampp7\htdocs\skpci\index.php(53): CodeIgniter\CodeIgniter->run()
#9 {main}
