CRITICAL - 2021-06-15 01:22:15 --> Undefined variable: tbl
#0 D:\xampp7\private_html\skpci\app\Controllers\ControllerSkpAdmin.php(305): CodeIgniter\Debug\Exceptions->errorHandler(8, 'Undefined varia...', 'D:\\xampp7\\priva...', 305, Array)
#1 D:\xampp7\private_html\skpci\system\CodeIgniter.php(936): App\Controllers\ControllerSkpAdmin->pengukuranSKP()
#2 D:\xampp7\private_html\skpci\system\CodeIgniter.php(432): CodeIgniter\CodeIgniter->runController(Object(App\Controllers\ControllerSkpAdmin))
#3 D:\xampp7\private_html\skpci\system\CodeIgniter.php(333): CodeIgniter\CodeIgniter->handleRequest(NULL, Object(Config\Cache), false)
#4 D:\xampp7\htdocs\skpci\index.php(53): CodeIgniter\CodeIgniter->run()
#5 {main}
CRITICAL - 2021-06-15 01:35:41 --> Call to undefined function form_open()
#0 D:\xampp7\private_html\skpci\system\View\View.php(220): include()
#1 D:\xampp7\private_html\skpci\system\View\View.php(222): CodeIgniter\View\View->CodeIgniter\View\{closure}()
#2 D:\xampp7\private_html\skpci\system\View\View.php(468): CodeIgniter\View\View->render('tataletak/admin...', NULL, true)
#3 D:\xampp7\private_html\skpci\app\Views\ViewRiwayat.php(38): CodeIgniter\View\View->include('tataletak/admin...')
#4 D:\xampp7\private_html\skpci\system\View\View.php(220): include('D:\\xampp7\\priva...')
#5 D:\xampp7\private_html\skpci\system\View\View.php(222): CodeIgniter\View\View->CodeIgniter\View\{closure}()
#6 D:\xampp7\private_html\skpci\system\Common.php(1217): CodeIgniter\View\View->render('ViewRiwayat', Array, true)
#7 D:\xampp7\private_html\skpci\app\Controllers\ControllerSkpAdmin.php(165): view('ViewRiwayat', Array)
#8 D:\xampp7\private_html\skpci\system\CodeIgniter.php(936): App\Controllers\ControllerSkpAdmin->riwayatSKP()
#9 D:\xampp7\private_html\skpci\system\CodeIgniter.php(432): CodeIgniter\CodeIgniter->runController(Object(App\Controllers\ControllerSkpAdmin))
#10 D:\xampp7\private_html\skpci\system\CodeIgniter.php(333): CodeIgniter\CodeIgniter->handleRequest(NULL, Object(Config\Cache), false)
#11 D:\xampp7\htdocs\skpci\index.php(53): CodeIgniter\CodeIgniter->run()
#12 {main}
CRITICAL - 2021-06-15 01:49:22 --> Invalid argument supplied for foreach()
#0 D:\xampp7\private_html\skpci\app\Controllers\ControllerSkpAdmin.php(132): CodeIgniter\Debug\Exceptions->errorHandler(2, 'Invalid argumen...', 'D:\\xampp7\\priva...', 132, Array)
#1 D:\xampp7\private_html\skpci\system\CodeIgniter.php(936): App\Controllers\ControllerSkpAdmin->riwayatSKP()
#2 D:\xampp7\private_html\skpci\system\CodeIgniter.php(432): CodeIgniter\CodeIgniter->runController(Object(App\Controllers\ControllerSkpAdmin))
#3 D:\xampp7\private_html\skpci\system\CodeIgniter.php(333): CodeIgniter\CodeIgniter->handleRequest(NULL, Object(Config\Cache), false)
#4 D:\xampp7\htdocs\skpci\index.php(53): CodeIgniter\CodeIgniter->run()
#5 {main}
CRITICAL - 2021-06-15 01:49:53 --> Invalid argument supplied for foreach()
#0 D:\xampp7\private_html\skpci\app\Controllers\ControllerSkpAdmin.php(132): CodeIgniter\Debug\Exceptions->errorHandler(2, 'Invalid argumen...', 'D:\\xampp7\\priva...', 132, Array)
#1 D:\xampp7\private_html\skpci\system\CodeIgniter.php(936): App\Controllers\ControllerSkpAdmin->riwayatSKP()
#2 D:\xampp7\private_html\skpci\system\CodeIgniter.php(432): CodeIgniter\CodeIgniter->runController(Object(App\Controllers\ControllerSkpAdmin))
#3 D:\xampp7\private_html\skpci\system\CodeIgniter.php(333): CodeIgniter\CodeIgniter->handleRequest(NULL, Object(Config\Cache), false)
#4 D:\xampp7\htdocs\skpci\index.php(53): CodeIgniter\CodeIgniter->run()
#5 {main}
CRITICAL - 2021-06-15 01:49:56 --> Invalid argument supplied for foreach()
#0 D:\xampp7\private_html\skpci\app\Controllers\ControllerSkpAdmin.php(132): CodeIgniter\Debug\Exceptions->errorHandler(2, 'Invalid argumen...', 'D:\\xampp7\\priva...', 132, Array)
#1 D:\xampp7\private_html\skpci\system\CodeIgniter.php(936): App\Controllers\ControllerSkpAdmin->riwayatSKP()
#2 D:\xampp7\private_html\skpci\system\CodeIgniter.php(432): CodeIgniter\CodeIgniter->runController(Object(App\Controllers\ControllerSkpAdmin))
#3 D:\xampp7\private_html\skpci\system\CodeIgniter.php(333): CodeIgniter\CodeIgniter->handleRequest(NULL, Object(Config\Cache), false)
#4 D:\xampp7\htdocs\skpci\index.php(53): CodeIgniter\CodeIgniter->run()
#5 {main}
CRITICAL - 2021-06-15 01:50:03 --> Invalid argument supplied for foreach()
#0 D:\xampp7\private_html\skpci\app\Controllers\ControllerSkpAdmin.php(132): CodeIgniter\Debug\Exceptions->errorHandler(2, 'Invalid argumen...', 'D:\\xampp7\\priva...', 132, Array)
#1 D:\xampp7\private_html\skpci\system\CodeIgniter.php(936): App\Controllers\ControllerSkpAdmin->riwayatSKP()
#2 D:\xampp7\private_html\skpci\system\CodeIgniter.php(432): CodeIgniter\CodeIgniter->runController(Object(App\Controllers\ControllerSkpAdmin))
#3 D:\xampp7\private_html\skpci\system\CodeIgniter.php(333): CodeIgniter\CodeIgniter->handleRequest(NULL, Object(Config\Cache), false)
#4 D:\xampp7\htdocs\skpci\index.php(53): CodeIgniter\CodeIgniter->run()
#5 {main}
CRITICAL - 2021-06-15 01:50:05 --> Invalid argument supplied for foreach()
#0 D:\xampp7\private_html\skpci\app\Controllers\ControllerSkpAdmin.php(132): CodeIgniter\Debug\Exceptions->errorHandler(2, 'Invalid argumen...', 'D:\\xampp7\\priva...', 132, Array)
#1 D:\xampp7\private_html\skpci\system\CodeIgniter.php(936): App\Controllers\ControllerSkpAdmin->riwayatSKP()
#2 D:\xampp7\private_html\skpci\system\CodeIgniter.php(432): CodeIgniter\CodeIgniter->runController(Object(App\Controllers\ControllerSkpAdmin))
#3 D:\xampp7\private_html\skpci\system\CodeIgniter.php(333): CodeIgniter\CodeIgniter->handleRequest(NULL, Object(Config\Cache), false)
#4 D:\xampp7\htdocs\skpci\index.php(53): CodeIgniter\CodeIgniter->run()
#5 {main}
CRITICAL - 2021-06-15 01:50:06 --> Invalid argument supplied for foreach()
#0 D:\xampp7\private_html\skpci\app\Controllers\ControllerSkpAdmin.php(132): CodeIgniter\Debug\Exceptions->errorHandler(2, 'Invalid argumen...', 'D:\\xampp7\\priva...', 132, Array)
#1 D:\xampp7\private_html\skpci\system\CodeIgniter.php(936): App\Controllers\ControllerSkpAdmin->riwayatSKP()
#2 D:\xampp7\private_html\skpci\system\CodeIgniter.php(432): CodeIgniter\CodeIgniter->runController(Object(App\Controllers\ControllerSkpAdmin))
#3 D:\xampp7\private_html\skpci\system\CodeIgniter.php(333): CodeIgniter\CodeIgniter->handleRequest(NULL, Object(Config\Cache), false)
#4 D:\xampp7\htdocs\skpci\index.php(53): CodeIgniter\CodeIgniter->run()
#5 {main}
CRITICAL - 2021-06-15 01:50:42 --> Invalid argument supplied for foreach()
#0 D:\xampp7\private_html\skpci\app\Controllers\ControllerSkpAdmin.php(132): CodeIgniter\Debug\Exceptions->errorHandler(2, 'Invalid argumen...', 'D:\\xampp7\\priva...', 132, Array)
#1 D:\xampp7\private_html\skpci\system\CodeIgniter.php(936): App\Controllers\ControllerSkpAdmin->riwayatSKP()
#2 D:\xampp7\private_html\skpci\system\CodeIgniter.php(432): CodeIgniter\CodeIgniter->runController(Object(App\Controllers\ControllerSkpAdmin))
#3 D:\xampp7\private_html\skpci\system\CodeIgniter.php(333): CodeIgniter\CodeIgniter->handleRequest(NULL, Object(Config\Cache), false)
#4 D:\xampp7\htdocs\skpci\index.php(53): CodeIgniter\CodeIgniter->run()
#5 {main}
CRITICAL - 2021-06-15 01:51:04 --> Invalid argument supplied for foreach()
#0 D:\xampp7\private_html\skpci\app\Controllers\ControllerSkpAdmin.php(132): CodeIgniter\Debug\Exceptions->errorHandler(2, 'Invalid argumen...', 'D:\\xampp7\\priva...', 132, Array)
#1 D:\xampp7\private_html\skpci\system\CodeIgniter.php(936): App\Controllers\ControllerSkpAdmin->riwayatSKP()
#2 D:\xampp7\private_html\skpci\system\CodeIgniter.php(432): CodeIgniter\CodeIgniter->runController(Object(App\Controllers\ControllerSkpAdmin))
#3 D:\xampp7\private_html\skpci\system\CodeIgniter.php(333): CodeIgniter\CodeIgniter->handleRequest(NULL, Object(Config\Cache), false)
#4 D:\xampp7\htdocs\skpci\index.php(53): CodeIgniter\CodeIgniter->run()
#5 {main}
CRITICAL - 2021-06-15 01:52:34 --> Invalid argument supplied for foreach()
#0 D:\xampp7\private_html\skpci\app\Controllers\ControllerSkpAdmin.php(132): CodeIgniter\Debug\Exceptions->errorHandler(2, 'Invalid argumen...', 'D:\\xampp7\\priva...', 132, Array)
#1 D:\xampp7\private_html\skpci\system\CodeIgniter.php(936): App\Controllers\ControllerSkpAdmin->riwayatSKP()
#2 D:\xampp7\private_html\skpci\system\CodeIgniter.php(432): CodeIgniter\CodeIgniter->runController(Object(App\Controllers\ControllerSkpAdmin))
#3 D:\xampp7\private_html\skpci\system\CodeIgniter.php(333): CodeIgniter\CodeIgniter->handleRequest(NULL, Object(Config\Cache), false)
#4 D:\xampp7\htdocs\skpci\index.php(53): CodeIgniter\CodeIgniter->run()
#5 {main}
CRITICAL - 2021-06-15 01:52:49 --> Invalid argument supplied for foreach()
#0 D:\xampp7\private_html\skpci\app\Controllers\ControllerSkpAdmin.php(132): CodeIgniter\Debug\Exceptions->errorHandler(2, 'Invalid argumen...', 'D:\\xampp7\\priva...', 132, Array)
#1 D:\xampp7\private_html\skpci\system\CodeIgniter.php(936): App\Controllers\ControllerSkpAdmin->riwayatSKP()
#2 D:\xampp7\private_html\skpci\system\CodeIgniter.php(432): CodeIgniter\CodeIgniter->runController(Object(App\Controllers\ControllerSkpAdmin))
#3 D:\xampp7\private_html\skpci\system\CodeIgniter.php(333): CodeIgniter\CodeIgniter->handleRequest(NULL, Object(Config\Cache), false)
#4 D:\xampp7\htdocs\skpci\index.php(53): CodeIgniter\CodeIgniter->run()
#5 {main}
CRITICAL - 2021-06-15 01:52:51 --> Invalid argument supplied for foreach()
#0 D:\xampp7\private_html\skpci\app\Controllers\ControllerSkpAdmin.php(132): CodeIgniter\Debug\Exceptions->errorHandler(2, 'Invalid argumen...', 'D:\\xampp7\\priva...', 132, Array)
#1 D:\xampp7\private_html\skpci\system\CodeIgniter.php(936): App\Controllers\ControllerSkpAdmin->riwayatSKP()
#2 D:\xampp7\private_html\skpci\system\CodeIgniter.php(432): CodeIgniter\CodeIgniter->runController(Object(App\Controllers\ControllerSkpAdmin))
#3 D:\xampp7\private_html\skpci\system\CodeIgniter.php(333): CodeIgniter\CodeIgniter->handleRequest(NULL, Object(Config\Cache), false)
#4 D:\xampp7\htdocs\skpci\index.php(53): CodeIgniter\CodeIgniter->run()
#5 {main}
CRITICAL - 2021-06-15 01:57:42 --> syntax error, unexpected '?>'
#0 D:\xampp7\private_html\skpci\system\View\View.php(222): CodeIgniter\View\View->CodeIgniter\View\{closure}()
#1 D:\xampp7\private_html\skpci\system\Common.php(1217): CodeIgniter\View\View->render('ViewRiwayat', Array, true)
#2 D:\xampp7\private_html\skpci\app\Controllers\ControllerSkpAdmin.php(165): view('ViewRiwayat', Array)
#3 D:\xampp7\private_html\skpci\system\CodeIgniter.php(936): App\Controllers\ControllerSkpAdmin->riwayatSKP()
#4 D:\xampp7\private_html\skpci\system\CodeIgniter.php(432): CodeIgniter\CodeIgniter->runController(Object(App\Controllers\ControllerSkpAdmin))
#5 D:\xampp7\private_html\skpci\system\CodeIgniter.php(333): CodeIgniter\CodeIgniter->handleRequest(NULL, Object(Config\Cache), false)
#6 D:\xampp7\htdocs\skpci\index.php(53): CodeIgniter\CodeIgniter->run()
#7 {main}
CRITICAL - 2021-06-15 02:04:00 --> include(tataletak/admin/caribar): failed to open stream: No such file or directory
#0 D:\xampp7\private_html\skpci\app\Views\ViewRiwayat.php(38): CodeIgniter\Debug\Exceptions->errorHandler(2, 'include(tatalet...', 'D:\\xampp7\\priva...', 38, Array)
#1 D:\xampp7\private_html\skpci\app\Views\ViewRiwayat.php(38): include()
#2 D:\xampp7\private_html\skpci\system\View\View.php(220): include('D:\\xampp7\\priva...')
#3 D:\xampp7\private_html\skpci\system\View\View.php(222): CodeIgniter\View\View->CodeIgniter\View\{closure}()
#4 D:\xampp7\private_html\skpci\system\Common.php(1217): CodeIgniter\View\View->render('ViewRiwayat', Array, true)
#5 D:\xampp7\private_html\skpci\app\Controllers\ControllerSkpAdmin.php(165): view('ViewRiwayat', Array)
#6 D:\xampp7\private_html\skpci\system\CodeIgniter.php(936): App\Controllers\ControllerSkpAdmin->riwayatSKP()
#7 D:\xampp7\private_html\skpci\system\CodeIgniter.php(432): CodeIgniter\CodeIgniter->runController(Object(App\Controllers\ControllerSkpAdmin))
#8 D:\xampp7\private_html\skpci\system\CodeIgniter.php(333): CodeIgniter\CodeIgniter->handleRequest(NULL, Object(Config\Cache), false)
#9 D:\xampp7\htdocs\skpci\index.php(53): CodeIgniter\CodeIgniter->run()
#10 {main}
CRITICAL - 2021-06-15 02:21:44 --> Call to undefined function form_open()
#0 D:\xampp7\private_html\skpci\system\View\View.php(220): include()
#1 D:\xampp7\private_html\skpci\system\View\View.php(222): CodeIgniter\View\View->CodeIgniter\View\{closure}()
#2 D:\xampp7\private_html\skpci\system\View\View.php(468): CodeIgniter\View\View->render('tataletak/admin...', NULL, true)
#3 D:\xampp7\private_html\skpci\app\Views\ViewRiwayat.php(38): CodeIgniter\View\View->include('tataletak/admin...')
#4 D:\xampp7\private_html\skpci\system\View\View.php(220): include('D:\\xampp7\\priva...')
#5 D:\xampp7\private_html\skpci\system\View\View.php(222): CodeIgniter\View\View->CodeIgniter\View\{closure}()
#6 D:\xampp7\private_html\skpci\system\Common.php(1217): CodeIgniter\View\View->render('ViewRiwayat', Array, true)
#7 D:\xampp7\private_html\skpci\app\Controllers\ControllerSkpAdmin.php(167): view('ViewRiwayat', Array)
#8 D:\xampp7\private_html\skpci\system\CodeIgniter.php(936): App\Controllers\ControllerSkpAdmin->riwayatSKP()
#9 D:\xampp7\private_html\skpci\system\CodeIgniter.php(432): CodeIgniter\CodeIgniter->runController(Object(App\Controllers\ControllerSkpAdmin))
#10 D:\xampp7\private_html\skpci\system\CodeIgniter.php(333): CodeIgniter\CodeIgniter->handleRequest(NULL, Object(Config\Cache), false)
#11 D:\xampp7\htdocs\skpci\index.php(53): CodeIgniter\CodeIgniter->run()
#12 {main}
CRITICAL - 2021-06-15 02:22:16 --> Call to undefined function form_open()
#0 D:\xampp7\private_html\skpci\system\View\View.php(220): include()
#1 D:\xampp7\private_html\skpci\system\View\View.php(222): CodeIgniter\View\View->CodeIgniter\View\{closure}()
#2 D:\xampp7\private_html\skpci\system\View\View.php(468): CodeIgniter\View\View->render('tataletak/admin...', NULL, true)
#3 D:\xampp7\private_html\skpci\app\Views\ViewRiwayat.php(38): CodeIgniter\View\View->include('tataletak/admin...')
#4 D:\xampp7\private_html\skpci\system\View\View.php(220): include('D:\\xampp7\\priva...')
#5 D:\xampp7\private_html\skpci\system\View\View.php(222): CodeIgniter\View\View->CodeIgniter\View\{closure}()
#6 D:\xampp7\private_html\skpci\system\Common.php(1217): CodeIgniter\View\View->render('ViewRiwayat', Array, true)
#7 D:\xampp7\private_html\skpci\app\Controllers\ControllerSkpAdmin.php(167): view('ViewRiwayat', Array)
#8 D:\xampp7\private_html\skpci\system\CodeIgniter.php(936): App\Controllers\ControllerSkpAdmin->riwayatSKP()
#9 D:\xampp7\private_html\skpci\system\CodeIgniter.php(432): CodeIgniter\CodeIgniter->runController(Object(App\Controllers\ControllerSkpAdmin))
#10 D:\xampp7\private_html\skpci\system\CodeIgniter.php(333): CodeIgniter\CodeIgniter->handleRequest(NULL, Object(Config\Cache), false)
#11 D:\xampp7\htdocs\skpci\index.php(53): CodeIgniter\CodeIgniter->run()
#12 {main}
CRITICAL - 2021-06-15 03:14:58 --> Undefined variable: data
#0 D:\xampp7\private_html\skpci\app\Controllers\ControllerBawahan.php(21): CodeIgniter\Debug\Exceptions->errorHandler(8, 'Undefined varia...', 'D:\\xampp7\\priva...', 21, Array)
#1 D:\xampp7\private_html\skpci\system\CodeIgniter.php(936): App\Controllers\ControllerBawahan->index()
#2 D:\xampp7\private_html\skpci\system\CodeIgniter.php(432): CodeIgniter\CodeIgniter->runController(Object(App\Controllers\ControllerBawahan))
#3 D:\xampp7\private_html\skpci\system\CodeIgniter.php(333): CodeIgniter\CodeIgniter->handleRequest(NULL, Object(Config\Cache), false)
#4 D:\xampp7\htdocs\skpci\index.php(53): CodeIgniter\CodeIgniter->run()
#5 {main}
CRITICAL - 2021-06-15 03:15:19 --> Argument 2 passed to view() must be of the type array, string given, called in D:\xampp7\private_html\skpci\app\Controllers\ControllerBawahan.php on line 21
#0 D:\xampp7\private_html\skpci\app\Controllers\ControllerBawahan.php(21): view('ViewBawahan', '')
#1 D:\xampp7\private_html\skpci\system\CodeIgniter.php(936): App\Controllers\ControllerBawahan->index()
#2 D:\xampp7\private_html\skpci\system\CodeIgniter.php(432): CodeIgniter\CodeIgniter->runController(Object(App\Controllers\ControllerBawahan))
#3 D:\xampp7\private_html\skpci\system\CodeIgniter.php(333): CodeIgniter\CodeIgniter->handleRequest(NULL, Object(Config\Cache), false)
#4 D:\xampp7\htdocs\skpci\index.php(53): CodeIgniter\CodeIgniter->run()
#5 {main}
CRITICAL - 2021-06-15 03:19:12 --> Undefined variable: rwy
#0 D:\xampp7\private_html\skpci\app\Controllers\ControllerBawahan.php(22): CodeIgniter\Debug\Exceptions->errorHandler(8, 'Undefined varia...', 'D:\\xampp7\\priva...', 22, Array)
#1 D:\xampp7\private_html\skpci\system\CodeIgniter.php(936): App\Controllers\ControllerBawahan->index()
#2 D:\xampp7\private_html\skpci\system\CodeIgniter.php(432): CodeIgniter\CodeIgniter->runController(Object(App\Controllers\ControllerBawahan))
#3 D:\xampp7\private_html\skpci\system\CodeIgniter.php(333): CodeIgniter\CodeIgniter->handleRequest(NULL, Object(Config\Cache), false)
#4 D:\xampp7\htdocs\skpci\index.php(53): CodeIgniter\CodeIgniter->run()
#5 {main}
CRITICAL - 2021-06-15 03:20:45 --> Illegal string offset 'nip'
#0 D:\xampp7\private_html\skpci\app\Views\ViewBawahan.php(19): CodeIgniter\Debug\Exceptions->errorHandler(2, 'Illegal string ...', 'D:\\xampp7\\priva...', 19, Array)
#1 D:\xampp7\private_html\skpci\system\View\View.php(220): include('D:\\xampp7\\priva...')
#2 D:\xampp7\private_html\skpci\system\View\View.php(222): CodeIgniter\View\View->CodeIgniter\View\{closure}()
#3 D:\xampp7\private_html\skpci\system\Common.php(1217): CodeIgniter\View\View->render('ViewBawahan', Array, true)
#4 D:\xampp7\private_html\skpci\app\Controllers\ControllerBawahan.php(24): view('ViewBawahan', Array)
#5 D:\xampp7\private_html\skpci\system\CodeIgniter.php(936): App\Controllers\ControllerBawahan->index()
#6 D:\xampp7\private_html\skpci\system\CodeIgniter.php(432): CodeIgniter\CodeIgniter->runController(Object(App\Controllers\ControllerBawahan))
#7 D:\xampp7\private_html\skpci\system\CodeIgniter.php(333): CodeIgniter\CodeIgniter->handleRequest(NULL, Object(Config\Cache), false)
#8 D:\xampp7\htdocs\skpci\index.php(53): CodeIgniter\CodeIgniter->run()
#9 {main}
CRITICAL - 2021-06-15 03:22:00 --> Illegal string offset 'nip'
#0 D:\xampp7\private_html\skpci\app\Views\ViewBawahan.php(19): CodeIgniter\Debug\Exceptions->errorHandler(2, 'Illegal string ...', 'D:\\xampp7\\priva...', 19, Array)
#1 D:\xampp7\private_html\skpci\system\View\View.php(220): include('D:\\xampp7\\priva...')
#2 D:\xampp7\private_html\skpci\system\View\View.php(222): CodeIgniter\View\View->CodeIgniter\View\{closure}()
#3 D:\xampp7\private_html\skpci\system\Common.php(1217): CodeIgniter\View\View->render('ViewBawahan', Array, true)
#4 D:\xampp7\private_html\skpci\app\Controllers\ControllerBawahan.php(24): view('ViewBawahan', Array)
#5 D:\xampp7\private_html\skpci\system\CodeIgniter.php(936): App\Controllers\ControllerBawahan->index()
#6 D:\xampp7\private_html\skpci\system\CodeIgniter.php(432): CodeIgniter\CodeIgniter->runController(Object(App\Controllers\ControllerBawahan))
#7 D:\xampp7\private_html\skpci\system\CodeIgniter.php(333): CodeIgniter\CodeIgniter->handleRequest(NULL, Object(Config\Cache), false)
#8 D:\xampp7\htdocs\skpci\index.php(53): CodeIgniter\CodeIgniter->run()
#9 {main}
CRITICAL - 2021-06-15 03:22:02 --> Illegal string offset 'nip'
#0 D:\xampp7\private_html\skpci\app\Views\ViewBawahan.php(19): CodeIgniter\Debug\Exceptions->errorHandler(2, 'Illegal string ...', 'D:\\xampp7\\priva...', 19, Array)
#1 D:\xampp7\private_html\skpci\system\View\View.php(220): include('D:\\xampp7\\priva...')
#2 D:\xampp7\private_html\skpci\system\View\View.php(222): CodeIgniter\View\View->CodeIgniter\View\{closure}()
#3 D:\xampp7\private_html\skpci\system\Common.php(1217): CodeIgniter\View\View->render('ViewBawahan', Array, true)
#4 D:\xampp7\private_html\skpci\app\Controllers\ControllerBawahan.php(24): view('ViewBawahan', Array)
#5 D:\xampp7\private_html\skpci\system\CodeIgniter.php(936): App\Controllers\ControllerBawahan->index()
#6 D:\xampp7\private_html\skpci\system\CodeIgniter.php(432): CodeIgniter\CodeIgniter->runController(Object(App\Controllers\ControllerBawahan))
#7 D:\xampp7\private_html\skpci\system\CodeIgniter.php(333): CodeIgniter\CodeIgniter->handleRequest(NULL, Object(Config\Cache), false)
#8 D:\xampp7\htdocs\skpci\index.php(53): CodeIgniter\CodeIgniter->run()
#9 {main}
CRITICAL - 2021-06-15 03:22:26 --> Illegal string offset 'nip'
#0 D:\xampp7\private_html\skpci\app\Views\ViewBawahan.php(20): CodeIgniter\Debug\Exceptions->errorHandler(2, 'Illegal string ...', 'D:\\xampp7\\priva...', 20, Array)
#1 D:\xampp7\private_html\skpci\system\View\View.php(220): include('D:\\xampp7\\priva...')
#2 D:\xampp7\private_html\skpci\system\View\View.php(222): CodeIgniter\View\View->CodeIgniter\View\{closure}()
#3 D:\xampp7\private_html\skpci\system\Common.php(1217): CodeIgniter\View\View->render('ViewBawahan', Array, true)
#4 D:\xampp7\private_html\skpci\app\Controllers\ControllerBawahan.php(24): view('ViewBawahan', Array)
#5 D:\xampp7\private_html\skpci\system\CodeIgniter.php(936): App\Controllers\ControllerBawahan->index()
#6 D:\xampp7\private_html\skpci\system\CodeIgniter.php(432): CodeIgniter\CodeIgniter->runController(Object(App\Controllers\ControllerBawahan))
#7 D:\xampp7\private_html\skpci\system\CodeIgniter.php(333): CodeIgniter\CodeIgniter->handleRequest(NULL, Object(Config\Cache), false)
#8 D:\xampp7\htdocs\skpci\index.php(53): CodeIgniter\CodeIgniter->run()
#9 {main}
CRITICAL - 2021-06-15 03:26:04 --> syntax error, unexpected 'terakhir' (T_STRING)
#0 D:\xampp7\private_html\skpci\system\Autoloader\Autoloader.php(265): CodeIgniter\Autoloader\Autoloader->includeFile('D:\\xampp7\\priva...')
#1 D:\xampp7\private_html\skpci\system\Autoloader\Autoloader.php(228): CodeIgniter\Autoloader\Autoloader->loadInNamespace('App\\Controllers...')
#2 [internal function]: CodeIgniter\Autoloader\Autoloader->loadClass('App\\Controllers...')
#3 [internal function]: spl_autoload_call('App\\Controllers...')
#4 D:\xampp7\private_html\skpci\system\CodeIgniter.php(893): class_exists('\\App\\Controller...', true)
#5 D:\xampp7\private_html\skpci\system\CodeIgniter.php(417): CodeIgniter\CodeIgniter->startController()
#6 D:\xampp7\private_html\skpci\system\CodeIgniter.php(333): CodeIgniter\CodeIgniter->handleRequest(NULL, Object(Config\Cache), false)
#7 D:\xampp7\htdocs\skpci\index.php(53): CodeIgniter\CodeIgniter->run()
#8 {main}
CRITICAL - 2021-06-15 03:40:14 --> syntax error, unexpected 'terakhir' (T_STRING)
#0 D:\xampp7\private_html\skpci\system\Autoloader\Autoloader.php(265): CodeIgniter\Autoloader\Autoloader->includeFile('D:\\xampp7\\priva...')
#1 D:\xampp7\private_html\skpci\system\Autoloader\Autoloader.php(228): CodeIgniter\Autoloader\Autoloader->loadInNamespace('App\\Controllers...')
#2 [internal function]: CodeIgniter\Autoloader\Autoloader->loadClass('App\\Controllers...')
#3 [internal function]: spl_autoload_call('App\\Controllers...')
#4 D:\xampp7\private_html\skpci\system\CodeIgniter.php(893): class_exists('\\App\\Controller...', true)
#5 D:\xampp7\private_html\skpci\system\CodeIgniter.php(417): CodeIgniter\CodeIgniter->startController()
#6 D:\xampp7\private_html\skpci\system\CodeIgniter.php(333): CodeIgniter\CodeIgniter->handleRequest(NULL, Object(Config\Cache), false)
#7 D:\xampp7\htdocs\skpci\index.php(53): CodeIgniter\CodeIgniter->run()
#8 {main}
CRITICAL - 2021-06-15 06:27:54 --> syntax error, unexpected 'terakhir' (T_STRING)
#0 D:\xampp7\private_html\skpci\system\Autoloader\Autoloader.php(265): CodeIgniter\Autoloader\Autoloader->includeFile('D:\\xampp7\\priva...')
#1 D:\xampp7\private_html\skpci\system\Autoloader\Autoloader.php(228): CodeIgniter\Autoloader\Autoloader->loadInNamespace('App\\Controllers...')
#2 [internal function]: CodeIgniter\Autoloader\Autoloader->loadClass('App\\Controllers...')
#3 [internal function]: spl_autoload_call('App\\Controllers...')
#4 D:\xampp7\private_html\skpci\system\CodeIgniter.php(893): class_exists('\\App\\Controller...', true)
#5 D:\xampp7\private_html\skpci\system\CodeIgniter.php(417): CodeIgniter\CodeIgniter->startController()
#6 D:\xampp7\private_html\skpci\system\CodeIgniter.php(333): CodeIgniter\CodeIgniter->handleRequest(NULL, Object(Config\Cache), false)
#7 D:\xampp7\htdocs\skpci\index.php(53): CodeIgniter\CodeIgniter->run()
#8 {main}
CRITICAL - 2021-06-15 06:58:47 --> Undefined variable: tbl
#0 D:\xampp7\private_html\skpci\app\Controllers\ControllerUmum.php(307): CodeIgniter\Debug\Exceptions->errorHandler(8, 'Undefined varia...', 'D:\\xampp7\\priva...', 307, Array)
#1 D:\xampp7\private_html\skpci\system\CodeIgniter.php(936): App\Controllers\ControllerUmum->pengukuran()
#2 D:\xampp7\private_html\skpci\system\CodeIgniter.php(432): CodeIgniter\CodeIgniter->runController(Object(App\Controllers\ControllerUmum))
#3 D:\xampp7\private_html\skpci\system\CodeIgniter.php(333): CodeIgniter\CodeIgniter->handleRequest(NULL, Object(Config\Cache), false)
#4 D:\xampp7\htdocs\skpci\index.php(53): CodeIgniter\CodeIgniter->run()
#5 {main}
CRITICAL - 2021-06-15 07:17:46 --> syntax error, unexpected '$data' (T_VARIABLE), expecting function (T_FUNCTION) or const (T_CONST)
#0 D:\xampp7\private_html\skpci\system\Autoloader\Autoloader.php(265): CodeIgniter\Autoloader\Autoloader->includeFile('D:\\xampp7\\priva...')
#1 D:\xampp7\private_html\skpci\system\Autoloader\Autoloader.php(228): CodeIgniter\Autoloader\Autoloader->loadInNamespace('App\\Controllers...')
#2 [internal function]: CodeIgniter\Autoloader\Autoloader->loadClass('App\\Controllers...')
#3 [internal function]: spl_autoload_call('App\\Controllers...')
#4 D:\xampp7\private_html\skpci\system\CodeIgniter.php(893): class_exists('\\App\\Controller...', true)
#5 D:\xampp7\private_html\skpci\system\CodeIgniter.php(417): CodeIgniter\CodeIgniter->startController()
#6 D:\xampp7\private_html\skpci\system\CodeIgniter.php(333): CodeIgniter\CodeIgniter->handleRequest(NULL, Object(Config\Cache), false)
#7 D:\xampp7\htdocs\skpci\index.php(53): CodeIgniter\CodeIgniter->run()
#8 {main}
