CRITICAL - 2021-07-01 01:11:54 --> syntax error, unexpected 'cetak' (T_STRING)
#0 D:\xampp7\htdocs\skpci\system\Autoloader\Autoloader.php(265): CodeIgniter\Autoloader\Autoloader->includeFile('D:\\xampp7\\htdoc...')
#1 D:\xampp7\htdocs\skpci\system\Autoloader\Autoloader.php(228): CodeIgniter\Autoloader\Autoloader->loadInNamespace('App\\Controllers...')
#2 [internal function]: CodeIgniter\Autoloader\Autoloader->loadClass('App\\Controllers...')
#3 [internal function]: spl_autoload_call('App\\Controllers...')
#4 D:\xampp7\htdocs\skpci\system\CodeIgniter.php(893): class_exists('\\App\\Controller...', true)
#5 D:\xampp7\htdocs\skpci\system\CodeIgniter.php(417): CodeIgniter\CodeIgniter->startController()
#6 D:\xampp7\htdocs\skpci\system\CodeIgniter.php(333): CodeIgniter\CodeIgniter->handleRequest(NULL, Object(Config\Cache), false)
#7 D:\xampp7\htdocs\skpci\index.php(53): CodeIgniter\CodeIgniter->run()
#8 {main}
CRITICAL - 2021-07-01 01:23:30 --> Undefined variable: nama_atasan
#0 D:\xampp7\htdocs\skpci\app\Views\ViewTargetCetak.php(10): CodeIgniter\Debug\Exceptions->errorHandler(8, 'Undefined varia...', 'D:\\xampp7\\htdoc...', 10, Array)
#1 D:\xampp7\htdocs\skpci\system\View\View.php(220): include('D:\\xampp7\\htdoc...')
#2 D:\xampp7\htdocs\skpci\system\View\View.php(222): CodeIgniter\View\View->CodeIgniter\View\{closure}()
#3 D:\xampp7\htdocs\skpci\system\Common.php(1217): CodeIgniter\View\View->render('ViewTargetCetak', Array, true)
#4 D:\xampp7\htdocs\skpci\app\Controllers\ControllerTarget.php(305): view('ViewTargetCetak', Array)
#5 D:\xampp7\htdocs\skpci\system\CodeIgniter.php(936): App\Controllers\ControllerTarget->cetak('bVR4aTQ1Unk2OGh...')
#6 D:\xampp7\htdocs\skpci\system\CodeIgniter.php(432): CodeIgniter\CodeIgniter->runController(Object(App\Controllers\ControllerTarget))
#7 D:\xampp7\htdocs\skpci\system\CodeIgniter.php(333): CodeIgniter\CodeIgniter->handleRequest(NULL, Object(Config\Cache), false)
#8 D:\xampp7\htdocs\skpci\index.php(53): CodeIgniter\CodeIgniter->run()
#9 {main}
CRITICAL - 2021-07-01 01:25:03 --> Undefined index: $nama
#0 D:\xampp7\htdocs\skpci\app\Views\ViewTargetCetak.php(14): CodeIgniter\Debug\Exceptions->errorHandler(8, 'Undefined index...', 'D:\\xampp7\\htdoc...', 14, Array)
#1 D:\xampp7\htdocs\skpci\system\View\View.php(220): include('D:\\xampp7\\htdoc...')
#2 D:\xampp7\htdocs\skpci\system\View\View.php(222): CodeIgniter\View\View->CodeIgniter\View\{closure}()
#3 D:\xampp7\htdocs\skpci\system\Common.php(1217): CodeIgniter\View\View->render('ViewTargetCetak', Array, true)
#4 D:\xampp7\htdocs\skpci\app\Controllers\ControllerTarget.php(305): view('ViewTargetCetak', Array)
#5 D:\xampp7\htdocs\skpci\system\CodeIgniter.php(936): App\Controllers\ControllerTarget->cetak('bVR4aTQ1Unk2OGh...')
#6 D:\xampp7\htdocs\skpci\system\CodeIgniter.php(432): CodeIgniter\CodeIgniter->runController(Object(App\Controllers\ControllerTarget))
#7 D:\xampp7\htdocs\skpci\system\CodeIgniter.php(333): CodeIgniter\CodeIgniter->handleRequest(NULL, Object(Config\Cache), false)
#8 D:\xampp7\htdocs\skpci\index.php(53): CodeIgniter\CodeIgniter->run()
#9 {main}
CRITICAL - 2021-07-01 01:27:10 --> Undefined index: pangkat_atasan
#0 D:\xampp7\htdocs\skpci\app\Views\ViewTargetCetak.php(28): CodeIgniter\Debug\Exceptions->errorHandler(8, 'Undefined index...', 'D:\\xampp7\\htdoc...', 28, Array)
#1 D:\xampp7\htdocs\skpci\system\View\View.php(220): include('D:\\xampp7\\htdoc...')
#2 D:\xampp7\htdocs\skpci\system\View\View.php(222): CodeIgniter\View\View->CodeIgniter\View\{closure}()
#3 D:\xampp7\htdocs\skpci\system\Common.php(1217): CodeIgniter\View\View->render('ViewTargetCetak', Array, true)
#4 D:\xampp7\htdocs\skpci\app\Controllers\ControllerTarget.php(305): view('ViewTargetCetak', Array)
#5 D:\xampp7\htdocs\skpci\system\CodeIgniter.php(936): App\Controllers\ControllerTarget->cetak('bVR4aTQ1Unk2OGh...')
#6 D:\xampp7\htdocs\skpci\system\CodeIgniter.php(432): CodeIgniter\CodeIgniter->runController(Object(App\Controllers\ControllerTarget))
#7 D:\xampp7\htdocs\skpci\system\CodeIgniter.php(333): CodeIgniter\CodeIgniter->handleRequest(NULL, Object(Config\Cache), false)
#8 D:\xampp7\htdocs\skpci\index.php(53): CodeIgniter\CodeIgniter->run()
#9 {main}
CRITICAL - 2021-07-01 01:41:30 --> Undefined variable: tgl_atasan_setuju_target
#0 D:\xampp7\htdocs\skpci\app\Views\ViewTargetCetak.php(105): CodeIgniter\Debug\Exceptions->errorHandler(8, 'Undefined varia...', 'D:\\xampp7\\htdoc...', 105, Array)
#1 D:\xampp7\htdocs\skpci\system\View\View.php(220): include('D:\\xampp7\\htdoc...')
#2 D:\xampp7\htdocs\skpci\system\View\View.php(222): CodeIgniter\View\View->CodeIgniter\View\{closure}()
#3 D:\xampp7\htdocs\skpci\system\Common.php(1217): CodeIgniter\View\View->render('ViewTargetCetak', Array, true)
#4 D:\xampp7\htdocs\skpci\app\Controllers\ControllerTarget.php(306): view('ViewTargetCetak', Array)
#5 D:\xampp7\htdocs\skpci\system\CodeIgniter.php(936): App\Controllers\ControllerTarget->cetak('bVR4aTQ1Unk2OGh...')
#6 D:\xampp7\htdocs\skpci\system\CodeIgniter.php(432): CodeIgniter\CodeIgniter->runController(Object(App\Controllers\ControllerTarget))
#7 D:\xampp7\htdocs\skpci\system\CodeIgniter.php(333): CodeIgniter\CodeIgniter->handleRequest(NULL, Object(Config\Cache), false)
#8 D:\xampp7\htdocs\skpci\index.php(53): CodeIgniter\CodeIgniter->run()
#9 {main}
CRITICAL - 2021-07-01 01:43:37 --> Undefined variable: target
#0 D:\xampp7\htdocs\skpci\app\Views\ViewTargetCetak.php(71): CodeIgniter\Debug\Exceptions->errorHandler(8, 'Undefined varia...', 'D:\\xampp7\\htdoc...', 71, Array)
#1 D:\xampp7\htdocs\skpci\system\View\View.php(220): include('D:\\xampp7\\htdoc...')
#2 D:\xampp7\htdocs\skpci\system\View\View.php(222): CodeIgniter\View\View->CodeIgniter\View\{closure}()
#3 D:\xampp7\htdocs\skpci\system\Common.php(1217): CodeIgniter\View\View->render('ViewTargetCetak', Array, true)
#4 D:\xampp7\htdocs\skpci\app\Controllers\ControllerTarget.php(259): view('ViewTargetCetak', Array)
#5 D:\xampp7\htdocs\skpci\system\CodeIgniter.php(936): App\Controllers\ControllerTarget->cetak('bVR4aTQ1Unk2OGh...')
#6 D:\xampp7\htdocs\skpci\system\CodeIgniter.php(432): CodeIgniter\CodeIgniter->runController(Object(App\Controllers\ControllerTarget))
#7 D:\xampp7\htdocs\skpci\system\CodeIgniter.php(333): CodeIgniter\CodeIgniter->handleRequest(NULL, Object(Config\Cache), false)
#8 D:\xampp7\htdocs\skpci\index.php(53): CodeIgniter\CodeIgniter->run()
#9 {main}
CRITICAL - 2021-07-01 01:55:54 --> The use statement with non-compound name 'TCPDF' has no effect
#0 D:\xampp7\htdocs\skpci\system\View\View.php(220): CodeIgniter\Debug\Exceptions->errorHandler(2, 'The use stateme...', 'D:\\xampp7\\htdoc...', 2, Array)
#1 D:\xampp7\htdocs\skpci\system\View\View.php(220): include()
#2 D:\xampp7\htdocs\skpci\system\View\View.php(222): CodeIgniter\View\View->CodeIgniter\View\{closure}()
#3 D:\xampp7\htdocs\skpci\system\Common.php(1217): CodeIgniter\View\View->render('ViewTargetCetak', Array, true)
#4 D:\xampp7\htdocs\skpci\app\Controllers\ControllerTarget.php(265): view('ViewTargetCetak', Array)
#5 D:\xampp7\htdocs\skpci\system\CodeIgniter.php(936): App\Controllers\ControllerTarget->cetak('bVR4aTQ1Unk2OGh...')
#6 D:\xampp7\htdocs\skpci\system\CodeIgniter.php(432): CodeIgniter\CodeIgniter->runController(Object(App\Controllers\ControllerTarget))
#7 D:\xampp7\htdocs\skpci\system\CodeIgniter.php(333): CodeIgniter\CodeIgniter->handleRequest(NULL, Object(Config\Cache), false)
#8 D:\xampp7\htdocs\skpci\index.php(53): CodeIgniter\CodeIgniter->run()
#9 {main}
CRITICAL - 2021-07-01 02:25:26 --> Class 'App\ThirdParty\BaseController' not found
#0 D:\xampp7\htdocs\skpci\system\Autoloader\Autoloader.php(294): include_once()
#1 D:\xampp7\htdocs\skpci\system\Autoloader\Autoloader.php(265): CodeIgniter\Autoloader\Autoloader->includeFile('D:\\xampp7\\htdoc...')
#2 D:\xampp7\htdocs\skpci\system\Autoloader\Autoloader.php(228): CodeIgniter\Autoloader\Autoloader->loadInNamespace('App\\Controllers...')
#3 [internal function]: CodeIgniter\Autoloader\Autoloader->loadClass('App\\Controllers...')
#4 [internal function]: spl_autoload_call('App\\Controllers...')
#5 D:\xampp7\htdocs\skpci\system\CodeIgniter.php(893): class_exists('\\App\\Controller...', true)
#6 D:\xampp7\htdocs\skpci\system\CodeIgniter.php(417): CodeIgniter\CodeIgniter->startController()
#7 D:\xampp7\htdocs\skpci\system\CodeIgniter.php(333): CodeIgniter\CodeIgniter->handleRequest(NULL, Object(Config\Cache), false)
#8 D:\xampp7\htdocs\skpci\index.php(53): CodeIgniter\CodeIgniter->run()
#9 {main}
CRITICAL - 2021-07-01 02:25:57 --> syntax error, unexpected 'App' (T_STRING), expecting \\ (T_NS_SEPARATOR)
#0 D:\xampp7\htdocs\skpci\system\Autoloader\Autoloader.php(265): CodeIgniter\Autoloader\Autoloader->includeFile('D:\\xampp7\\htdoc...')
#1 D:\xampp7\htdocs\skpci\system\Autoloader\Autoloader.php(228): CodeIgniter\Autoloader\Autoloader->loadInNamespace('App\\Controllers...')
#2 [internal function]: CodeIgniter\Autoloader\Autoloader->loadClass('App\\Controllers...')
#3 [internal function]: spl_autoload_call('App\\Controllers...')
#4 D:\xampp7\htdocs\skpci\system\CodeIgniter.php(893): class_exists('\\App\\Controller...', true)
#5 D:\xampp7\htdocs\skpci\system\CodeIgniter.php(417): CodeIgniter\CodeIgniter->startController()
#6 D:\xampp7\htdocs\skpci\system\CodeIgniter.php(333): CodeIgniter\CodeIgniter->handleRequest(NULL, Object(Config\Cache), false)
#7 D:\xampp7\htdocs\skpci\index.php(53): CodeIgniter\CodeIgniter->run()
#8 {main}
CRITICAL - 2021-07-01 02:27:36 --> Class 'App\ThirdParty\TCPDF' not found
#0 D:\xampp7\htdocs\skpci\system\CodeIgniter.php(936): App\Controllers\ControllerTarget->cetak('bVR4aTQ1Unk2OGh...')
#1 D:\xampp7\htdocs\skpci\system\CodeIgniter.php(432): CodeIgniter\CodeIgniter->runController(Object(App\Controllers\ControllerTarget))
#2 D:\xampp7\htdocs\skpci\system\CodeIgniter.php(333): CodeIgniter\CodeIgniter->handleRequest(NULL, Object(Config\Cache), false)
#3 D:\xampp7\htdocs\skpci\index.php(53): CodeIgniter\CodeIgniter->run()
#4 {main}
CRITICAL - 2021-07-01 02:30:07 --> Class 'App\ThirdParty\TCPDF' not found
#0 D:\xampp7\htdocs\skpci\system\CodeIgniter.php(936): App\Controllers\ControllerTarget->cetak('bVR4aTQ1Unk2OGh...')
#1 D:\xampp7\htdocs\skpci\system\CodeIgniter.php(432): CodeIgniter\CodeIgniter->runController(Object(App\Controllers\ControllerTarget))
#2 D:\xampp7\htdocs\skpci\system\CodeIgniter.php(333): CodeIgniter\CodeIgniter->handleRequest(NULL, Object(Config\Cache), false)
#3 D:\xampp7\htdocs\skpci\index.php(53): CodeIgniter\CodeIgniter->run()
#4 {main}
CRITICAL - 2021-07-01 02:30:08 --> Class 'App\ThirdParty\TCPDF' not found
#0 D:\xampp7\htdocs\skpci\system\CodeIgniter.php(936): App\Controllers\ControllerTarget->cetak('bVR4aTQ1Unk2OGh...')
#1 D:\xampp7\htdocs\skpci\system\CodeIgniter.php(432): CodeIgniter\CodeIgniter->runController(Object(App\Controllers\ControllerTarget))
#2 D:\xampp7\htdocs\skpci\system\CodeIgniter.php(333): CodeIgniter\CodeIgniter->handleRequest(NULL, Object(Config\Cache), false)
#3 D:\xampp7\htdocs\skpci\index.php(53): CodeIgniter\CodeIgniter->run()
#4 {main}
CRITICAL - 2021-07-01 02:31:37 --> Class 'Vendor\tecnickcom\TCPDF' not found
#0 D:\xampp7\htdocs\skpci\system\CodeIgniter.php(936): App\Controllers\ControllerTarget->cetak('bVR4aTQ1Unk2OGh...')
#1 D:\xampp7\htdocs\skpci\system\CodeIgniter.php(432): CodeIgniter\CodeIgniter->runController(Object(App\Controllers\ControllerTarget))
#2 D:\xampp7\htdocs\skpci\system\CodeIgniter.php(333): CodeIgniter\CodeIgniter->handleRequest(NULL, Object(Config\Cache), false)
#3 D:\xampp7\htdocs\skpci\index.php(53): CodeIgniter\CodeIgniter->run()
#4 {main}
CRITICAL - 2021-07-01 02:31:39 --> Class 'Vendor\tecnickcom\TCPDF' not found
#0 D:\xampp7\htdocs\skpci\system\CodeIgniter.php(936): App\Controllers\ControllerTarget->cetak('bVR4aTQ1Unk2OGh...')
#1 D:\xampp7\htdocs\skpci\system\CodeIgniter.php(432): CodeIgniter\CodeIgniter->runController(Object(App\Controllers\ControllerTarget))
#2 D:\xampp7\htdocs\skpci\system\CodeIgniter.php(333): CodeIgniter\CodeIgniter->handleRequest(NULL, Object(Config\Cache), false)
#3 D:\xampp7\htdocs\skpci\index.php(53): CodeIgniter\CodeIgniter->run()
#4 {main}
CRITICAL - 2021-07-01 02:31:52 --> Class 'Vendor\tecnickcom\TCPDF' not found
#0 D:\xampp7\htdocs\skpci\system\CodeIgniter.php(936): App\Controllers\ControllerTarget->cetak('bVR4aTQ1Unk2OGh...')
#1 D:\xampp7\htdocs\skpci\system\CodeIgniter.php(432): CodeIgniter\CodeIgniter->runController(Object(App\Controllers\ControllerTarget))
#2 D:\xampp7\htdocs\skpci\system\CodeIgniter.php(333): CodeIgniter\CodeIgniter->handleRequest(NULL, Object(Config\Cache), false)
#3 D:\xampp7\htdocs\skpci\index.php(53): CodeIgniter\CodeIgniter->run()
#4 {main}
CRITICAL - 2021-07-01 02:31:53 --> Class 'Vendor\tecnickcom\TCPDF' not found
#0 D:\xampp7\htdocs\skpci\system\CodeIgniter.php(936): App\Controllers\ControllerTarget->cetak('bVR4aTQ1Unk2OGh...')
#1 D:\xampp7\htdocs\skpci\system\CodeIgniter.php(432): CodeIgniter\CodeIgniter->runController(Object(App\Controllers\ControllerTarget))
#2 D:\xampp7\htdocs\skpci\system\CodeIgniter.php(333): CodeIgniter\CodeIgniter->handleRequest(NULL, Object(Config\Cache), false)
#3 D:\xampp7\htdocs\skpci\index.php(53): CodeIgniter\CodeIgniter->run()
#4 {main}
CRITICAL - 2021-07-01 03:19:02 --> syntax error, unexpected 'cetak' (T_STRING)
#0 D:\xampp7\htdocs\skpci\system\Autoloader\Autoloader.php(265): CodeIgniter\Autoloader\Autoloader->includeFile('D:\\xampp7\\htdoc...')
#1 D:\xampp7\htdocs\skpci\system\Autoloader\Autoloader.php(228): CodeIgniter\Autoloader\Autoloader->loadInNamespace('App\\Controllers...')
#2 [internal function]: CodeIgniter\Autoloader\Autoloader->loadClass('App\\Controllers...')
#3 [internal function]: spl_autoload_call('App\\Controllers...')
#4 D:\xampp7\htdocs\skpci\system\CodeIgniter.php(893): class_exists('\\App\\Controller...', true)
#5 D:\xampp7\htdocs\skpci\system\CodeIgniter.php(417): CodeIgniter\CodeIgniter->startController()
#6 D:\xampp7\htdocs\skpci\system\CodeIgniter.php(333): CodeIgniter\CodeIgniter->handleRequest(NULL, Object(Config\Cache), false)
#7 D:\xampp7\htdocs\skpci\index.php(53): CodeIgniter\CodeIgniter->run()
#8 {main}
CRITICAL - 2021-07-01 03:21:46 --> Undefined variable: cols
#0 D:\xampp7\htdocs\skpci\app\Views\ViewTargetCetak.php(2): CodeIgniter\Debug\Exceptions->errorHandler(8, 'Undefined varia...', 'D:\\xampp7\\htdoc...', 2, Array)
#1 D:\xampp7\htdocs\skpci\system\View\View.php(220): include('D:\\xampp7\\htdoc...')
#2 D:\xampp7\htdocs\skpci\system\View\View.php(222): CodeIgniter\View\View->CodeIgniter\View\{closure}()
#3 D:\xampp7\htdocs\skpci\system\Common.php(1217): CodeIgniter\View\View->render('ViewTargetCetak', Array, true)
#4 D:\xampp7\htdocs\skpci\app\Controllers\ControllerTarget.php(263): view('ViewTargetCetak', Array)
#5 D:\xampp7\htdocs\skpci\system\CodeIgniter.php(936): App\Controllers\ControllerTarget->cetak('bVR4aTQ1Unk2OGh...')
#6 D:\xampp7\htdocs\skpci\system\CodeIgniter.php(432): CodeIgniter\CodeIgniter->runController(Object(App\Controllers\ControllerTarget))
#7 D:\xampp7\htdocs\skpci\system\CodeIgniter.php(333): CodeIgniter\CodeIgniter->handleRequest(NULL, Object(Config\Cache), false)
#8 D:\xampp7\htdocs\skpci\index.php(53): CodeIgniter\CodeIgniter->run()
#9 {main}
CRITICAL - 2021-07-01 03:38:09 --> syntax error, unexpected 'cetak' (T_STRING)
#0 D:\xampp7\htdocs\skpci\system\Autoloader\Autoloader.php(265): CodeIgniter\Autoloader\Autoloader->includeFile('D:\\xampp7\\htdoc...')
#1 D:\xampp7\htdocs\skpci\system\Autoloader\Autoloader.php(228): CodeIgniter\Autoloader\Autoloader->loadInNamespace('App\\Controllers...')
#2 [internal function]: CodeIgniter\Autoloader\Autoloader->loadClass('App\\Controllers...')
#3 [internal function]: spl_autoload_call('App\\Controllers...')
#4 D:\xampp7\htdocs\skpci\system\CodeIgniter.php(893): class_exists('\\App\\Controller...', true)
#5 D:\xampp7\htdocs\skpci\system\CodeIgniter.php(417): CodeIgniter\CodeIgniter->startController()
#6 D:\xampp7\htdocs\skpci\system\CodeIgniter.php(333): CodeIgniter\CodeIgniter->handleRequest(NULL, Object(Config\Cache), false)
#7 D:\xampp7\htdocs\skpci\index.php(53): CodeIgniter\CodeIgniter->run()
#8 {main}
