ERROR - 2021-07-05 00:09:38 --> mysqli_sql_exception: Unknown column 'kode_jabatan' in 'where clause' in D:\xampp7\htdocs\skpci\system\Database\MySQLi\Connection.php:314
Stack trace:
#0 D:\xampp7\htdocs\skpci\system\Database\MySQLi\Connection.php(314): mysqli->query('SELECT *\nFROM `...')
#1 D:\xampp7\htdocs\skpci\system\Database\BaseConnection.php(713): CodeIgniter\Database\MySQLi\Connection->execute('SELECT *\nFROM `...')
#2 D:\xampp7\htdocs\skpci\system\Database\BaseConnection.php(641): CodeIgniter\Database\BaseConnection->simpleQuery('SELECT *\nFROM `...')
#3 D:\xampp7\htdocs\skpci\system\Database\BaseBuilder.php(1866): CodeIgniter\Database\BaseConnection->query('SELECT *\nFROM `...', Array, false)
#4 D:\xampp7\htdocs\skpci\system\Model.php(247): CodeIgniter\Database\BaseBuilder->get()
#5 D:\xampp7\htdocs\skpci\system\BaseModel.php(624): CodeIgniter\Model->doFirst()
#6 D:\xampp7\htdocs\skpci\app\Controllers\ControllerUmum.php(115): CodeIgniter\BaseModel->first()
#7 D:\xampp7\htdocs\skpci\system\CodeIgniter.php(936): App\Controllers\ControllerUmum->riwayat('target')
#8 D:\xampp7\htdocs\skpci\system\CodeIgniter.php(432): CodeIgniter\CodeIgniter->runController(Object(App\Controllers\ControllerUmum))
#9 D:\xampp7\htdocs\skpci\system\CodeIgniter.php(333): CodeIgniter\CodeIgniter->handleRequest(NULL, Object(Config\Cache), false)
#10 D:\xampp7\htdocs\skpci\index.php(53): CodeIgniter\CodeIgniter->run()
#11 {main}
CRITICAL - 2021-07-05 00:09:38 --> Unknown column 'kode_jabatan' in 'where clause'
#0 D:\xampp7\htdocs\skpci\system\Database\MySQLi\Connection.php(314): mysqli->query('SELECT *\nFROM `...')
#1 D:\xampp7\htdocs\skpci\system\Database\BaseConnection.php(713): CodeIgniter\Database\MySQLi\Connection->execute('SELECT *\nFROM `...')
#2 D:\xampp7\htdocs\skpci\system\Database\BaseConnection.php(641): CodeIgniter\Database\BaseConnection->simpleQuery('SELECT *\nFROM `...')
#3 D:\xampp7\htdocs\skpci\system\Database\BaseBuilder.php(1866): CodeIgniter\Database\BaseConnection->query('SELECT *\nFROM `...', Array, false)
#4 D:\xampp7\htdocs\skpci\system\Model.php(247): CodeIgniter\Database\BaseBuilder->get()
#5 D:\xampp7\htdocs\skpci\system\BaseModel.php(624): CodeIgniter\Model->doFirst()
#6 D:\xampp7\htdocs\skpci\app\Controllers\ControllerUmum.php(115): CodeIgniter\BaseModel->first()
#7 D:\xampp7\htdocs\skpci\system\CodeIgniter.php(936): App\Controllers\ControllerUmum->riwayat('target')
#8 D:\xampp7\htdocs\skpci\system\CodeIgniter.php(432): CodeIgniter\CodeIgniter->runController(Object(App\Controllers\ControllerUmum))
#9 D:\xampp7\htdocs\skpci\system\CodeIgniter.php(333): CodeIgniter\CodeIgniter->handleRequest(NULL, Object(Config\Cache), false)
#10 D:\xampp7\htdocs\skpci\index.php(53): CodeIgniter\CodeIgniter->run()
#11 {main}
ERROR - 2021-07-05 00:25:18 --> mysqli_sql_exception: Unknown column 'kode_jabatan' in 'where clause' in D:\xampp7\htdocs\skpci\system\Database\MySQLi\Connection.php:314
Stack trace:
#0 D:\xampp7\htdocs\skpci\system\Database\MySQLi\Connection.php(314): mysqli->query('SELECT *\nFROM `...')
#1 D:\xampp7\htdocs\skpci\system\Database\BaseConnection.php(713): CodeIgniter\Database\MySQLi\Connection->execute('SELECT *\nFROM `...')
#2 D:\xampp7\htdocs\skpci\system\Database\BaseConnection.php(641): CodeIgniter\Database\BaseConnection->simpleQuery('SELECT *\nFROM `...')
#3 D:\xampp7\htdocs\skpci\system\Database\BaseBuilder.php(1866): CodeIgniter\Database\BaseConnection->query('SELECT *\nFROM `...', Array, false)
#4 D:\xampp7\htdocs\skpci\system\Model.php(247): CodeIgniter\Database\BaseBuilder->get()
#5 D:\xampp7\htdocs\skpci\system\BaseModel.php(624): CodeIgniter\Model->doFirst()
#6 D:\xampp7\htdocs\skpci\app\Controllers\ControllerUmum.php(115): CodeIgniter\BaseModel->first()
#7 D:\xampp7\htdocs\skpci\system\CodeIgniter.php(936): App\Controllers\ControllerUmum->riwayat('target')
#8 D:\xampp7\htdocs\skpci\system\CodeIgniter.php(432): CodeIgniter\CodeIgniter->runController(Object(App\Controllers\ControllerUmum))
#9 D:\xampp7\htdocs\skpci\system\CodeIgniter.php(333): CodeIgniter\CodeIgniter->handleRequest(NULL, Object(Config\Cache), false)
#10 D:\xampp7\htdocs\skpci\index.php(53): CodeIgniter\CodeIgniter->run()
#11 {main}
CRITICAL - 2021-07-05 00:25:18 --> Unknown column 'kode_jabatan' in 'where clause'
#0 D:\xampp7\htdocs\skpci\system\Database\MySQLi\Connection.php(314): mysqli->query('SELECT *\nFROM `...')
#1 D:\xampp7\htdocs\skpci\system\Database\BaseConnection.php(713): CodeIgniter\Database\MySQLi\Connection->execute('SELECT *\nFROM `...')
#2 D:\xampp7\htdocs\skpci\system\Database\BaseConnection.php(641): CodeIgniter\Database\BaseConnection->simpleQuery('SELECT *\nFROM `...')
#3 D:\xampp7\htdocs\skpci\system\Database\BaseBuilder.php(1866): CodeIgniter\Database\BaseConnection->query('SELECT *\nFROM `...', Array, false)
#4 D:\xampp7\htdocs\skpci\system\Model.php(247): CodeIgniter\Database\BaseBuilder->get()
#5 D:\xampp7\htdocs\skpci\system\BaseModel.php(624): CodeIgniter\Model->doFirst()
#6 D:\xampp7\htdocs\skpci\app\Controllers\ControllerUmum.php(115): CodeIgniter\BaseModel->first()
#7 D:\xampp7\htdocs\skpci\system\CodeIgniter.php(936): App\Controllers\ControllerUmum->riwayat('target')
#8 D:\xampp7\htdocs\skpci\system\CodeIgniter.php(432): CodeIgniter\CodeIgniter->runController(Object(App\Controllers\ControllerUmum))
#9 D:\xampp7\htdocs\skpci\system\CodeIgniter.php(333): CodeIgniter\CodeIgniter->handleRequest(NULL, Object(Config\Cache), false)
#10 D:\xampp7\htdocs\skpci\index.php(53): CodeIgniter\CodeIgniter->run()
#11 {main}
CRITICAL - 2021-07-05 00:27:17 --> Undefined index: jabatan
#0 D:\xampp7\htdocs\skpci\app\Controllers\ControllerUmum.php(150): CodeIgniter\Debug\Exceptions->errorHandler(8, 'Undefined index...', 'D:\\xampp7\\htdoc...', 150, Array)
#1 D:\xampp7\htdocs\skpci\system\CodeIgniter.php(936): App\Controllers\ControllerUmum->riwayat('target')
#2 D:\xampp7\htdocs\skpci\system\CodeIgniter.php(432): CodeIgniter\CodeIgniter->runController(Object(App\Controllers\ControllerUmum))
#3 D:\xampp7\htdocs\skpci\system\CodeIgniter.php(333): CodeIgniter\CodeIgniter->handleRequest(NULL, Object(Config\Cache), false)
#4 D:\xampp7\htdocs\skpci\index.php(53): CodeIgniter\CodeIgniter->run()
#5 {main}
CRITICAL - 2021-07-05 00:31:39 --> Class 'App\Controllers\ModelJabatan' not found
#0 D:\xampp7\htdocs\skpci\system\CodeIgniter.php(936): App\Controllers\ControllerUmum->riwayat('target')
#1 D:\xampp7\htdocs\skpci\system\CodeIgniter.php(432): CodeIgniter\CodeIgniter->runController(Object(App\Controllers\ControllerUmum))
#2 D:\xampp7\htdocs\skpci\system\CodeIgniter.php(333): CodeIgniter\CodeIgniter->handleRequest(NULL, Object(Config\Cache), false)
#3 D:\xampp7\htdocs\skpci\index.php(53): CodeIgniter\CodeIgniter->run()
#4 {main}
CRITICAL - 2021-07-05 00:33:08 --> Undefined index: jabatan_atasan
#0 D:\xampp7\htdocs\skpci\app\Views\ViewTarget.php(68): CodeIgniter\Debug\Exceptions->errorHandler(8, 'Undefined index...', 'D:\\xampp7\\htdoc...', 68, Array)
#1 D:\xampp7\htdocs\skpci\system\View\View.php(220): include('D:\\xampp7\\htdoc...')
#2 D:\xampp7\htdocs\skpci\system\View\View.php(222): CodeIgniter\View\View->CodeIgniter\View\{closure}()
#3 D:\xampp7\htdocs\skpci\system\Common.php(1217): CodeIgniter\View\View->render('ViewTarget', Array, true)
#4 D:\xampp7\htdocs\skpci\app\Controllers\ControllerTarget.php(94): view('ViewTarget', Array)
#5 D:\xampp7\htdocs\skpci\system\CodeIgniter.php(936): App\Controllers\ControllerTarget->lihat('SXEzcW8wUkFQdHd...')
#6 D:\xampp7\htdocs\skpci\system\CodeIgniter.php(432): CodeIgniter\CodeIgniter->runController(Object(App\Controllers\ControllerTarget))
#7 D:\xampp7\htdocs\skpci\system\CodeIgniter.php(333): CodeIgniter\CodeIgniter->handleRequest(NULL, Object(Config\Cache), false)
#8 D:\xampp7\htdocs\skpci\index.php(53): CodeIgniter\CodeIgniter->run()
#9 {main}
CRITICAL - 2021-07-05 00:35:22 --> Undefined offset: 0
#0 D:\xampp7\htdocs\skpci\app\Controllers\ControllerUmum.php(154): CodeIgniter\Debug\Exceptions->errorHandler(8, 'Undefined offse...', 'D:\\xampp7\\htdoc...', 154, Array)
#1 D:\xampp7\htdocs\skpci\system\CodeIgniter.php(936): App\Controllers\ControllerUmum->riwayat('target')
#2 D:\xampp7\htdocs\skpci\system\CodeIgniter.php(432): CodeIgniter\CodeIgniter->runController(Object(App\Controllers\ControllerUmum))
#3 D:\xampp7\htdocs\skpci\system\CodeIgniter.php(333): CodeIgniter\CodeIgniter->handleRequest(NULL, Object(Config\Cache), false)
#4 D:\xampp7\htdocs\skpci\index.php(53): CodeIgniter\CodeIgniter->run()
#5 {main}
CRITICAL - 2021-07-05 00:36:47 --> Undefined variable: kode_jabatan
#0 D:\xampp7\htdocs\skpci\app\Controllers\ControllerTarget.php(226): CodeIgniter\Debug\Exceptions->errorHandler(8, 'Undefined varia...', 'D:\\xampp7\\htdoc...', 226, Array)
#1 D:\xampp7\htdocs\skpci\system\CodeIgniter.php(936): App\Controllers\ControllerTarget->buat('198601212006042...', '3160004000003X0...', '2021')
#2 D:\xampp7\htdocs\skpci\system\CodeIgniter.php(432): CodeIgniter\CodeIgniter->runController(Object(App\Controllers\ControllerTarget))
#3 D:\xampp7\htdocs\skpci\system\CodeIgniter.php(333): CodeIgniter\CodeIgniter->handleRequest(NULL, Object(Config\Cache), false)
#4 D:\xampp7\htdocs\skpci\index.php(53): CodeIgniter\CodeIgniter->run()
#5 {main}
CRITICAL - 2021-07-05 01:23:22 --> Class 'App\Controllers\ModelInstansi' not found
#0 D:\xampp7\htdocs\skpci\system\CodeIgniter.php(936): App\Controllers\ControllerTarget->buat('198601212006042...', '3160004000003X0...', '2021')
#1 D:\xampp7\htdocs\skpci\system\CodeIgniter.php(432): CodeIgniter\CodeIgniter->runController(Object(App\Controllers\ControllerTarget))
#2 D:\xampp7\htdocs\skpci\system\CodeIgniter.php(333): CodeIgniter\CodeIgniter->handleRequest(NULL, Object(Config\Cache), false)
#3 D:\xampp7\htdocs\skpci\index.php(53): CodeIgniter\CodeIgniter->run()
#4 {main}
ERROR - 2021-07-05 01:25:08 --> mysqli_sql_exception: Unknown column 'instansi' in 'field list' in D:\xampp7\htdocs\skpci\system\Database\MySQLi\Connection.php:314
Stack trace:
#0 D:\xampp7\htdocs\skpci\system\Database\MySQLi\Connection.php(314): mysqli->query('INSERT INTO `ri...')
#1 D:\xampp7\htdocs\skpci\system\Database\BaseConnection.php(713): CodeIgniter\Database\MySQLi\Connection->execute('INSERT INTO `ri...')
#2 D:\xampp7\htdocs\skpci\system\Database\BaseConnection.php(641): CodeIgniter\Database\BaseConnection->simpleQuery('INSERT INTO `ri...')
#3 D:\xampp7\htdocs\skpci\system\Database\BaseBuilder.php(2263): CodeIgniter\Database\BaseConnection->query('INSERT INTO `ri...', Array, false)
#4 D:\xampp7\htdocs\skpci\system\Model.php(278): CodeIgniter\Database\BaseBuilder->insert()
#5 D:\xampp7\htdocs\skpci\system\BaseModel.php(758): CodeIgniter\Model->doInsert(Array)
#6 D:\xampp7\htdocs\skpci\system\Model.php(705): CodeIgniter\BaseModel->insert(Array, true)
#7 D:\xampp7\htdocs\skpci\app\Controllers\ControllerTarget.php(297): CodeIgniter\Model->insert(Array)
#8 D:\xampp7\htdocs\skpci\system\CodeIgniter.php(936): App\Controllers\ControllerTarget->buat('198601212006042...', '3160004000003X0...', '2021')
#9 D:\xampp7\htdocs\skpci\system\CodeIgniter.php(432): CodeIgniter\CodeIgniter->runController(Object(App\Controllers\ControllerTarget))
#10 D:\xampp7\htdocs\skpci\system\CodeIgniter.php(333): CodeIgniter\CodeIgniter->handleRequest(NULL, Object(Config\Cache), false)
#11 D:\xampp7\htdocs\skpci\index.php(53): CodeIgniter\CodeIgniter->run()
#12 {main}
CRITICAL - 2021-07-05 01:25:08 --> Unknown column 'instansi' in 'field list'
#0 D:\xampp7\htdocs\skpci\system\Database\MySQLi\Connection.php(314): mysqli->query('INSERT INTO `ri...')
#1 D:\xampp7\htdocs\skpci\system\Database\BaseConnection.php(713): CodeIgniter\Database\MySQLi\Connection->execute('INSERT INTO `ri...')
#2 D:\xampp7\htdocs\skpci\system\Database\BaseConnection.php(641): CodeIgniter\Database\BaseConnection->simpleQuery('INSERT INTO `ri...')
#3 D:\xampp7\htdocs\skpci\system\Database\BaseBuilder.php(2263): CodeIgniter\Database\BaseConnection->query('INSERT INTO `ri...', Array, false)
#4 D:\xampp7\htdocs\skpci\system\Model.php(278): CodeIgniter\Database\BaseBuilder->insert()
#5 D:\xampp7\htdocs\skpci\system\BaseModel.php(758): CodeIgniter\Model->doInsert(Array)
#6 D:\xampp7\htdocs\skpci\system\Model.php(705): CodeIgniter\BaseModel->insert(Array, true)
#7 D:\xampp7\htdocs\skpci\app\Controllers\ControllerTarget.php(297): CodeIgniter\Model->insert(Array)
#8 D:\xampp7\htdocs\skpci\system\CodeIgniter.php(936): App\Controllers\ControllerTarget->buat('198601212006042...', '3160004000003X0...', '2021')
#9 D:\xampp7\htdocs\skpci\system\CodeIgniter.php(432): CodeIgniter\CodeIgniter->runController(Object(App\Controllers\ControllerTarget))
#10 D:\xampp7\htdocs\skpci\system\CodeIgniter.php(333): CodeIgniter\CodeIgniter->handleRequest(NULL, Object(Config\Cache), false)
#11 D:\xampp7\htdocs\skpci\index.php(53): CodeIgniter\CodeIgniter->run()
#12 {main}
CRITICAL - 2021-07-05 01:30:40 --> Undefined index: jabatan_atasan
#0 D:\xampp7\htdocs\skpci\app\Views\ViewTargetCetak.php(37): CodeIgniter\Debug\Exceptions->errorHandler(8, 'Undefined index...', 'D:\\xampp7\\htdoc...', 37, Array)
#1 D:\xampp7\htdocs\skpci\system\View\View.php(220): include('D:\\xampp7\\htdoc...')
#2 D:\xampp7\htdocs\skpci\system\View\View.php(222): CodeIgniter\View\View->CodeIgniter\View\{closure}()
#3 D:\xampp7\htdocs\skpci\system\Common.php(1217): CodeIgniter\View\View->render('ViewTargetCetak', Array, true)
#4 D:\xampp7\htdocs\skpci\app\Controllers\ControllerTarget.php(355): view('ViewTargetCetak', Array)
#5 D:\xampp7\htdocs\skpci\system\CodeIgniter.php(936): App\Controllers\ControllerTarget->cetak('QjVmc2ovU1hHNDh...')
#6 D:\xampp7\htdocs\skpci\system\CodeIgniter.php(432): CodeIgniter\CodeIgniter->runController(Object(App\Controllers\ControllerTarget))
#7 D:\xampp7\htdocs\skpci\system\CodeIgniter.php(333): CodeIgniter\CodeIgniter->handleRequest(NULL, Object(Config\Cache), false)
#8 D:\xampp7\htdocs\skpci\index.php(53): CodeIgniter\CodeIgniter->run()
#9 {main}
CRITICAL - 2021-07-05 01:32:57 --> Undefined index: nama
#0 D:\xampp7\htdocs\skpci\app\Controllers\ControllerTarget.php(349): CodeIgniter\Debug\Exceptions->errorHandler(8, 'Undefined index...', 'D:\\xampp7\\htdoc...', 349, Array)
#1 D:\xampp7\htdocs\skpci\system\CodeIgniter.php(936): App\Controllers\ControllerTarget->cetak('QjVmc2ovU1hHNDh...')
#2 D:\xampp7\htdocs\skpci\system\CodeIgniter.php(432): CodeIgniter\CodeIgniter->runController(Object(App\Controllers\ControllerTarget))
#3 D:\xampp7\htdocs\skpci\system\CodeIgniter.php(333): CodeIgniter\CodeIgniter->handleRequest(NULL, Object(Config\Cache), false)
#4 D:\xampp7\htdocs\skpci\index.php(53): CodeIgniter\CodeIgniter->run()
#5 {main}
CRITICAL - 2021-07-05 01:34:45 --> Undefined index: jabatan
#0 D:\xampp7\htdocs\skpci\app\Views\ViewTargetCetak.php(41): CodeIgniter\Debug\Exceptions->errorHandler(8, 'Undefined index...', 'D:\\xampp7\\htdoc...', 41, Array)
#1 D:\xampp7\htdocs\skpci\system\View\View.php(220): include('D:\\xampp7\\htdoc...')
#2 D:\xampp7\htdocs\skpci\system\View\View.php(222): CodeIgniter\View\View->CodeIgniter\View\{closure}()
#3 D:\xampp7\htdocs\skpci\system\Common.php(1217): CodeIgniter\View\View->render('ViewTargetCetak', Array, true)
#4 D:\xampp7\htdocs\skpci\app\Controllers\ControllerTarget.php(358): view('ViewTargetCetak', Array)
#5 D:\xampp7\htdocs\skpci\system\CodeIgniter.php(936): App\Controllers\ControllerTarget->cetak('QjVmc2ovU1hHNDh...')
#6 D:\xampp7\htdocs\skpci\system\CodeIgniter.php(432): CodeIgniter\CodeIgniter->runController(Object(App\Controllers\ControllerTarget))
#7 D:\xampp7\htdocs\skpci\system\CodeIgniter.php(333): CodeIgniter\CodeIgniter->handleRequest(NULL, Object(Config\Cache), false)
#8 D:\xampp7\htdocs\skpci\index.php(53): CodeIgniter\CodeIgniter->run()
#9 {main}
CRITICAL - 2021-07-05 01:35:37 --> Undefined index: instansi_atasan
#0 D:\xampp7\htdocs\skpci\app\Views\ViewTargetCetak.php(47): CodeIgniter\Debug\Exceptions->errorHandler(8, 'Undefined index...', 'D:\\xampp7\\htdoc...', 47, Array)
#1 D:\xampp7\htdocs\skpci\system\View\View.php(220): include('D:\\xampp7\\htdoc...')
#2 D:\xampp7\htdocs\skpci\system\View\View.php(222): CodeIgniter\View\View->CodeIgniter\View\{closure}()
#3 D:\xampp7\htdocs\skpci\system\Common.php(1217): CodeIgniter\View\View->render('ViewTargetCetak', Array, true)
#4 D:\xampp7\htdocs\skpci\app\Controllers\ControllerTarget.php(362): view('ViewTargetCetak', Array)
#5 D:\xampp7\htdocs\skpci\system\CodeIgniter.php(936): App\Controllers\ControllerTarget->cetak('QjVmc2ovU1hHNDh...')
#6 D:\xampp7\htdocs\skpci\system\CodeIgniter.php(432): CodeIgniter\CodeIgniter->runController(Object(App\Controllers\ControllerTarget))
#7 D:\xampp7\htdocs\skpci\system\CodeIgniter.php(333): CodeIgniter\CodeIgniter->handleRequest(NULL, Object(Config\Cache), false)
#8 D:\xampp7\htdocs\skpci\index.php(53): CodeIgniter\CodeIgniter->run()
#9 {main}
CRITICAL - 2021-07-05 01:38:16 --> Undefined variable: instansi_atasan
#0 D:\xampp7\htdocs\skpci\app\Views\ViewTargetCetak.php(47): CodeIgniter\Debug\Exceptions->errorHandler(8, 'Undefined varia...', 'D:\\xampp7\\htdoc...', 47, Array)
#1 D:\xampp7\htdocs\skpci\system\View\View.php(220): include('D:\\xampp7\\htdoc...')
#2 D:\xampp7\htdocs\skpci\system\View\View.php(222): CodeIgniter\View\View->CodeIgniter\View\{closure}()
#3 D:\xampp7\htdocs\skpci\system\Common.php(1217): CodeIgniter\View\View->render('ViewTargetCetak', Array, true)
#4 D:\xampp7\htdocs\skpci\app\Controllers\ControllerTarget.php(366): view('ViewTargetCetak', Array)
#5 D:\xampp7\htdocs\skpci\system\CodeIgniter.php(936): App\Controllers\ControllerTarget->cetak('QjVmc2ovU1hHNDh...')
#6 D:\xampp7\htdocs\skpci\system\CodeIgniter.php(432): CodeIgniter\CodeIgniter->runController(Object(App\Controllers\ControllerTarget))
#7 D:\xampp7\htdocs\skpci\system\CodeIgniter.php(333): CodeIgniter\CodeIgniter->handleRequest(NULL, Object(Config\Cache), false)
#8 D:\xampp7\htdocs\skpci\index.php(53): CodeIgniter\CodeIgniter->run()
#9 {main}
CRITICAL - 2021-07-05 02:28:00 --> syntax error, unexpected 'sini' (T_STRING)
#0 D:\xampp7\htdocs\skpci\system\Autoloader\Autoloader.php(265): CodeIgniter\Autoloader\Autoloader->includeFile('D:\\xampp7\\htdoc...')
#1 D:\xampp7\htdocs\skpci\system\Autoloader\Autoloader.php(228): CodeIgniter\Autoloader\Autoloader->loadInNamespace('App\\Controllers...')
#2 [internal function]: CodeIgniter\Autoloader\Autoloader->loadClass('App\\Controllers...')
#3 [internal function]: spl_autoload_call('App\\Controllers...')
#4 D:\xampp7\htdocs\skpci\system\CodeIgniter.php(893): class_exists('\\App\\Controller...', true)
#5 D:\xampp7\htdocs\skpci\system\CodeIgniter.php(417): CodeIgniter\CodeIgniter->startController()
#6 D:\xampp7\htdocs\skpci\system\CodeIgniter.php(333): CodeIgniter\CodeIgniter->handleRequest(NULL, Object(Config\Cache), false)
#7 D:\xampp7\htdocs\skpci\index.php(53): CodeIgniter\CodeIgniter->run()
#8 {main}
CRITICAL - 2021-07-05 02:28:35 --> Undefined index: nama_atasan
#0 D:\xampp7\htdocs\skpci\app\Views\ViewPengukuran.php(46): CodeIgniter\Debug\Exceptions->errorHandler(8, 'Undefined index...', 'D:\\xampp7\\htdoc...', 46, Array)
#1 D:\xampp7\htdocs\skpci\system\View\View.php(220): include('D:\\xampp7\\htdoc...')
#2 D:\xampp7\htdocs\skpci\system\View\View.php(222): CodeIgniter\View\View->CodeIgniter\View\{closure}()
#3 D:\xampp7\htdocs\skpci\system\Common.php(1217): CodeIgniter\View\View->render('ViewPengukuran', Array, true)
#4 D:\xampp7\htdocs\skpci\app\Controllers\ControllerPengukuran.php(242): view('ViewPengukuran', Array)
#5 D:\xampp7\htdocs\skpci\system\CodeIgniter.php(936): App\Controllers\ControllerPengukuran->lihat('QjVmc2ovU1hHNDh...')
#6 D:\xampp7\htdocs\skpci\system\CodeIgniter.php(432): CodeIgniter\CodeIgniter->runController(Object(App\Controllers\ControllerPengukuran))
#7 D:\xampp7\htdocs\skpci\system\CodeIgniter.php(333): CodeIgniter\CodeIgniter->handleRequest(NULL, Object(Config\Cache), false)
#8 D:\xampp7\htdocs\skpci\index.php(53): CodeIgniter\CodeIgniter->run()
#9 {main}
CRITICAL - 2021-07-05 02:29:21 --> Undefined variable: nama_atasan
#0 D:\xampp7\htdocs\skpci\app\Views\ViewPengukuran.php(46): CodeIgniter\Debug\Exceptions->errorHandler(8, 'Undefined varia...', 'D:\\xampp7\\htdoc...', 46, Array)
#1 D:\xampp7\htdocs\skpci\system\View\View.php(220): include('D:\\xampp7\\htdoc...')
#2 D:\xampp7\htdocs\skpci\system\View\View.php(222): CodeIgniter\View\View->CodeIgniter\View\{closure}()
#3 D:\xampp7\htdocs\skpci\system\Common.php(1217): CodeIgniter\View\View->render('ViewPengukuran', Array, true)
#4 D:\xampp7\htdocs\skpci\app\Controllers\ControllerPengukuran.php(242): view('ViewPengukuran', Array)
#5 D:\xampp7\htdocs\skpci\system\CodeIgniter.php(936): App\Controllers\ControllerPengukuran->lihat('QjVmc2ovU1hHNDh...')
#6 D:\xampp7\htdocs\skpci\system\CodeIgniter.php(432): CodeIgniter\CodeIgniter->runController(Object(App\Controllers\ControllerPengukuran))
#7 D:\xampp7\htdocs\skpci\system\CodeIgniter.php(333): CodeIgniter\CodeIgniter->handleRequest(NULL, Object(Config\Cache), false)
#8 D:\xampp7\htdocs\skpci\index.php(53): CodeIgniter\CodeIgniter->run()
#9 {main}
CRITICAL - 2021-07-05 02:31:12 --> Undefined variable: nama
#0 D:\xampp7\htdocs\skpci\app\Views\ViewPengukuran.php(47): CodeIgniter\Debug\Exceptions->errorHandler(8, 'Undefined varia...', 'D:\\xampp7\\htdoc...', 47, Array)
#1 D:\xampp7\htdocs\skpci\system\View\View.php(220): include('D:\\xampp7\\htdoc...')
#2 D:\xampp7\htdocs\skpci\system\View\View.php(222): CodeIgniter\View\View->CodeIgniter\View\{closure}()
#3 D:\xampp7\htdocs\skpci\system\Common.php(1217): CodeIgniter\View\View->render('ViewPengukuran', Array, true)
#4 D:\xampp7\htdocs\skpci\app\Controllers\ControllerPengukuran.php(250): view('ViewPengukuran', Array)
#5 D:\xampp7\htdocs\skpci\system\CodeIgniter.php(936): App\Controllers\ControllerPengukuran->lihat('QjVmc2ovU1hHNDh...')
#6 D:\xampp7\htdocs\skpci\system\CodeIgniter.php(432): CodeIgniter\CodeIgniter->runController(Object(App\Controllers\ControllerPengukuran))
#7 D:\xampp7\htdocs\skpci\system\CodeIgniter.php(333): CodeIgniter\CodeIgniter->handleRequest(NULL, Object(Config\Cache), false)
#8 D:\xampp7\htdocs\skpci\index.php(53): CodeIgniter\CodeIgniter->run()
#9 {main}
CRITICAL - 2021-07-05 02:31:39 --> Undefined index: jabatan_atasan
#0 D:\xampp7\htdocs\skpci\app\Views\ViewPengukuran.php(66): CodeIgniter\Debug\Exceptions->errorHandler(8, 'Undefined index...', 'D:\\xampp7\\htdoc...', 66, Array)
#1 D:\xampp7\htdocs\skpci\system\View\View.php(220): include('D:\\xampp7\\htdoc...')
#2 D:\xampp7\htdocs\skpci\system\View\View.php(222): CodeIgniter\View\View->CodeIgniter\View\{closure}()
#3 D:\xampp7\htdocs\skpci\system\Common.php(1217): CodeIgniter\View\View->render('ViewPengukuran', Array, true)
#4 D:\xampp7\htdocs\skpci\app\Controllers\ControllerPengukuran.php(256): view('ViewPengukuran', Array)
#5 D:\xampp7\htdocs\skpci\system\CodeIgniter.php(936): App\Controllers\ControllerPengukuran->lihat('QjVmc2ovU1hHNDh...')
#6 D:\xampp7\htdocs\skpci\system\CodeIgniter.php(432): CodeIgniter\CodeIgniter->runController(Object(App\Controllers\ControllerPengukuran))
#7 D:\xampp7\htdocs\skpci\system\CodeIgniter.php(333): CodeIgniter\CodeIgniter->handleRequest(NULL, Object(Config\Cache), false)
#8 D:\xampp7\htdocs\skpci\index.php(53): CodeIgniter\CodeIgniter->run()
#9 {main}
CRITICAL - 2021-07-05 02:32:05 --> Undefined index: jenis_jabatan
#0 D:\xampp7\htdocs\skpci\app\Controllers\ControllerPengukuran.php(317): CodeIgniter\Debug\Exceptions->errorHandler(8, 'Undefined index...', 'D:\\xampp7\\htdoc...', 317, Array)
#1 D:\xampp7\htdocs\skpci\system\CodeIgniter.php(936): App\Controllers\ControllerPengukuran->edit('aUNhSTQ3VlBoNGJ...')
#2 D:\xampp7\htdocs\skpci\system\CodeIgniter.php(432): CodeIgniter\CodeIgniter->runController(Object(App\Controllers\ControllerPengukuran))
#3 D:\xampp7\htdocs\skpci\system\CodeIgniter.php(333): CodeIgniter\CodeIgniter->handleRequest(NULL, Object(Config\Cache), false)
#4 D:\xampp7\htdocs\skpci\index.php(53): CodeIgniter\CodeIgniter->run()
#5 {main}
CRITICAL - 2021-07-05 03:05:50 --> Undefined index: jenis_jabatan
#0 D:\xampp7\htdocs\skpci\app\Controllers\ControllerKTJ.php(94): CodeIgniter\Debug\Exceptions->errorHandler(8, 'Undefined index...', 'D:\\xampp7\\htdoc...', 94, Array)
#1 D:\xampp7\htdocs\skpci\system\CodeIgniter.php(936): App\Controllers\ControllerKTJ->tambah('em4zQk9seEV1eGZ...')
#2 D:\xampp7\htdocs\skpci\system\CodeIgniter.php(432): CodeIgniter\CodeIgniter->runController(Object(App\Controllers\ControllerKTJ))
#3 D:\xampp7\htdocs\skpci\system\CodeIgniter.php(333): CodeIgniter\CodeIgniter->handleRequest(NULL, Object(Config\Cache), false)
#4 D:\xampp7\htdocs\skpci\index.php(53): CodeIgniter\CodeIgniter->run()
#5 {main}
CRITICAL - 2021-07-05 23:47:42 --> Class 'App\Controllers\ModelPangkat' not found
#0 D:\xampp7\htdocs\skpci\system\CodeIgniter.php(936): App\Controllers\ControllerTarget->cetak('L2w2RFl6V0tnZXZ...')
#1 D:\xampp7\htdocs\skpci\system\CodeIgniter.php(432): CodeIgniter\CodeIgniter->runController(Object(App\Controllers\ControllerTarget))
#2 D:\xampp7\htdocs\skpci\system\CodeIgniter.php(333): CodeIgniter\CodeIgniter->handleRequest(NULL, Object(Config\Cache), false)
#3 D:\xampp7\htdocs\skpci\index.php(53): CodeIgniter\CodeIgniter->run()
#4 {main}
CRITICAL - 2021-07-05 23:48:08 --> Undefined variable: golru
#0 D:\xampp7\htdocs\skpci\app\Views\ViewTargetCetak.php(32): CodeIgniter\Debug\Exceptions->errorHandler(8, 'Undefined varia...', 'D:\\xampp7\\htdoc...', 32, Array)
#1 D:\xampp7\htdocs\skpci\system\View\View.php(220): include('D:\\xampp7\\htdoc...')
#2 D:\xampp7\htdocs\skpci\system\View\View.php(222): CodeIgniter\View\View->CodeIgniter\View\{closure}()
#3 D:\xampp7\htdocs\skpci\system\Common.php(1217): CodeIgniter\View\View->render('ViewTargetCetak', Array, true)
#4 D:\xampp7\htdocs\skpci\app\Controllers\ControllerTarget.php(367): view('ViewTargetCetak', Array)
#5 D:\xampp7\htdocs\skpci\system\CodeIgniter.php(936): App\Controllers\ControllerTarget->cetak('L2w2RFl6V0tnZXZ...')
#6 D:\xampp7\htdocs\skpci\system\CodeIgniter.php(432): CodeIgniter\CodeIgniter->runController(Object(App\Controllers\ControllerTarget))
#7 D:\xampp7\htdocs\skpci\system\CodeIgniter.php(333): CodeIgniter\CodeIgniter->handleRequest(NULL, Object(Config\Cache), false)
#8 D:\xampp7\htdocs\skpci\index.php(53): CodeIgniter\CodeIgniter->run()
#9 {main}
