CRITICAL - 2021-04-21 01:28:09 --> Undefined property: CodeIgniter\View\View::$load
#0 /home/kulonpro/emailpns_private/app/Views/admin_list_email.php(21): CodeIgniter\Debug\Exceptions->errorHandler(8, 'Undefined prope...', '/home/kulonpro/...', 21, Array)
#1 /home/kulonpro/emailpns_private/system/View/View.php(220): include('/home/kulonpro/...')
#2 /home/kulonpro/emailpns_private/system/View/View.php(222): CodeIgniter\View\View->CodeIgniter\View\{closure}()
#3 /home/kulonpro/emailpns_private/system/Common.php(1217): CodeIgniter\View\View->render('admin_list_emai...', Array, true)
#4 /home/kulonpro/emailpns_private/app/Controllers/EmailAdmin.php(38): view('admin_list_emai...', Array)
#5 /home/kulonpro/emailpns_private/system/CodeIgniter.php(936): App\Controllers\EmailAdmin->index()
#6 /home/kulonpro/emailpns_private/system/CodeIgniter.php(432): CodeIgniter\CodeIgniter->runController(Object(App\Controllers\EmailAdmin))
#7 /home/kulonpro/emailpns_private/system/CodeIgniter.php(333): CodeIgniter\CodeIgniter->handleRequest(NULL, Object(Config\Cache), false)
#8 /home/kulonpro/public_html/emailpns/index.php(53): CodeIgniter\CodeIgniter->run()
#9 {main}
CRITICAL - 2021-04-21 01:30:17 --> Undefined property: CodeIgniter\View\View::$load
#0 /home/kulonpro/emailpns_private/app/Views/admin_list_email.php(21): CodeIgniter\Debug\Exceptions->errorHandler(8, 'Undefined prope...', '/home/kulonpro/...', 21, Array)
#1 /home/kulonpro/emailpns_private/system/View/View.php(220): include('/home/kulonpro/...')
#2 /home/kulonpro/emailpns_private/system/View/View.php(222): CodeIgniter\View\View->CodeIgniter\View\{closure}()
#3 /home/kulonpro/emailpns_private/system/Common.php(1217): CodeIgniter\View\View->render('admin_list_emai...', Array, true)
#4 /home/kulonpro/emailpns_private/app/Controllers/EmailAdmin.php(38): view('admin_list_emai...', Array)
#5 /home/kulonpro/emailpns_private/system/CodeIgniter.php(936): App\Controllers\EmailAdmin->index()
#6 /home/kulonpro/emailpns_private/system/CodeIgniter.php(432): CodeIgniter\CodeIgniter->runController(Object(App\Controllers\EmailAdmin))
#7 /home/kulonpro/emailpns_private/system/CodeIgniter.php(333): CodeIgniter\CodeIgniter->handleRequest(NULL, Object(Config\Cache), false)
#8 /home/kulonpro/public_html/emailpns/index.php(53): CodeIgniter\CodeIgniter->run()
#9 {main}
CRITICAL - 2021-04-21 01:30:46 --> Undefined property: CodeIgniter\View\View::$load
#0 /home/kulonpro/emailpns_private/app/Views/admin_list_email.php(21): CodeIgniter\Debug\Exceptions->errorHandler(8, 'Undefined prope...', '/home/kulonpro/...', 21, Array)
#1 /home/kulonpro/emailpns_private/system/View/View.php(220): include('/home/kulonpro/...')
#2 /home/kulonpro/emailpns_private/system/View/View.php(222): CodeIgniter\View\View->CodeIgniter\View\{closure}()
#3 /home/kulonpro/emailpns_private/system/Common.php(1217): CodeIgniter\View\View->render('admin_list_emai...', Array, true)
#4 /home/kulonpro/emailpns_private/app/Controllers/EmailAdmin.php(38): view('admin_list_emai...', Array)
#5 /home/kulonpro/emailpns_private/system/CodeIgniter.php(936): App\Controllers\EmailAdmin->index()
#6 /home/kulonpro/emailpns_private/system/CodeIgniter.php(432): CodeIgniter\CodeIgniter->runController(Object(App\Controllers\EmailAdmin))
#7 /home/kulonpro/emailpns_private/system/CodeIgniter.php(333): CodeIgniter\CodeIgniter->handleRequest(NULL, Object(Config\Cache), false)
#8 /home/kulonpro/public_html/emailpns/index.php(53): CodeIgniter\CodeIgniter->run()
#9 {main}
CRITICAL - 2021-04-21 02:41:55 --> Undefined property: CodeIgniter\View\View::$load
#0 /home/kulonpro/emailpns_private/app/Views/admin_list_email.php(21): CodeIgniter\Debug\Exceptions->errorHandler(8, 'Undefined prope...', '/home/kulonpro/...', 21, Array)
#1 /home/kulonpro/emailpns_private/system/View/View.php(220): include('/home/kulonpro/...')
#2 /home/kulonpro/emailpns_private/system/View/View.php(222): CodeIgniter\View\View->CodeIgniter\View\{closure}()
#3 /home/kulonpro/emailpns_private/system/Common.php(1217): CodeIgniter\View\View->render('admin_list_emai...', Array, true)
#4 /home/kulonpro/emailpns_private/app/Controllers/EmailAdmin.php(38): view('admin_list_emai...', Array)
#5 /home/kulonpro/emailpns_private/system/CodeIgniter.php(936): App\Controllers\EmailAdmin->index()
#6 /home/kulonpro/emailpns_private/system/CodeIgniter.php(432): CodeIgniter\CodeIgniter->runController(Object(App\Controllers\EmailAdmin))
#7 /home/kulonpro/emailpns_private/system/CodeIgniter.php(333): CodeIgniter\CodeIgniter->handleRequest(NULL, Object(Config\Cache), false)
#8 /home/kulonpro/public_html/emailpns/index.php(53): CodeIgniter\CodeIgniter->run()
#9 {main}
CRITICAL - 2021-04-21 03:16:29 --> Undefined property: CodeIgniter\View\View::$load
#0 /home/kulonpro/emailpns_private/app/Views/admin_list_email.php(21): CodeIgniter\Debug\Exceptions->errorHandler(8, 'Undefined prope...', '/home/kulonpro/...', 21, Array)
#1 /home/kulonpro/emailpns_private/system/View/View.php(220): include('/home/kulonpro/...')
#2 /home/kulonpro/emailpns_private/system/View/View.php(222): CodeIgniter\View\View->CodeIgniter\View\{closure}()
#3 /home/kulonpro/emailpns_private/system/Common.php(1217): CodeIgniter\View\View->render('admin_list_emai...', Array, true)
#4 /home/kulonpro/emailpns_private/app/Controllers/EmailAdmin.php(38): view('admin_list_emai...', Array)
#5 /home/kulonpro/emailpns_private/system/CodeIgniter.php(936): App\Controllers\EmailAdmin->index()
#6 /home/kulonpro/emailpns_private/system/CodeIgniter.php(432): CodeIgniter\CodeIgniter->runController(Object(App\Controllers\EmailAdmin))
#7 /home/kulonpro/emailpns_private/system/CodeIgniter.php(333): CodeIgniter\CodeIgniter->handleRequest(NULL, Object(Config\Cache), false)
#8 /home/kulonpro/public_html/emailpns/index.php(53): CodeIgniter\CodeIgniter->run()
#9 {main}
CRITICAL - 2021-04-21 12:02:07 --> Undefined property: CodeIgniter\View\View::$load
#0 /home/kulonpro/emailpns_private/app/Views/admin_list_email.php(21): CodeIgniter\Debug\Exceptions->errorHandler(8, 'Undefined prope...', '/home/kulonpro/...', 21, Array)
#1 /home/kulonpro/emailpns_private/system/View/View.php(220): include('/home/kulonpro/...')
#2 /home/kulonpro/emailpns_private/system/View/View.php(222): CodeIgniter\View\View->CodeIgniter\View\{closure}()
#3 /home/kulonpro/emailpns_private/system/Common.php(1217): CodeIgniter\View\View->render('admin_list_emai...', Array, true)
#4 /home/kulonpro/emailpns_private/app/Controllers/EmailAdmin.php(38): view('admin_list_emai...', Array)
#5 /home/kulonpro/emailpns_private/system/CodeIgniter.php(936): App\Controllers\EmailAdmin->index()
#6 /home/kulonpro/emailpns_private/system/CodeIgniter.php(432): CodeIgniter\CodeIgniter->runController(Object(App\Controllers\EmailAdmin))
#7 /home/kulonpro/emailpns_private/system/CodeIgniter.php(333): CodeIgniter\CodeIgniter->handleRequest(NULL, Object(Config\Cache), false)
#8 /home/kulonpro/public_html/emailpns/index.php(53): CodeIgniter\CodeIgniter->run()
#9 {main}
CRITICAL - 2021-04-21 12:02:25 --> Undefined property: CodeIgniter\View\View::$load
#0 /home/kulonpro/emailpns_private/app/Views/admin_list_email.php(21): CodeIgniter\Debug\Exceptions->errorHandler(8, 'Undefined prope...', '/home/kulonpro/...', 21, Array)
#1 /home/kulonpro/emailpns_private/system/View/View.php(220): include('/home/kulonpro/...')
#2 /home/kulonpro/emailpns_private/system/View/View.php(222): CodeIgniter\View\View->CodeIgniter\View\{closure}()
#3 /home/kulonpro/emailpns_private/system/Common.php(1217): CodeIgniter\View\View->render('admin_list_emai...', Array, true)
#4 /home/kulonpro/emailpns_private/app/Controllers/EmailAdmin.php(38): view('admin_list_emai...', Array)
#5 /home/kulonpro/emailpns_private/system/CodeIgniter.php(936): App\Controllers\EmailAdmin->index()
#6 /home/kulonpro/emailpns_private/system/CodeIgniter.php(432): CodeIgniter\CodeIgniter->runController(Object(App\Controllers\EmailAdmin))
#7 /home/kulonpro/emailpns_private/system/CodeIgniter.php(333): CodeIgniter\CodeIgniter->handleRequest(NULL, Object(Config\Cache), false)
#8 /home/kulonpro/public_html/emailpns/index.php(53): CodeIgniter\CodeIgniter->run()
#9 {main}
CRITICAL - 2021-04-21 20:10:02 --> Undefined property: CodeIgniter\View\View::$load
#0 /home/kulonpro/emailpns_private/app/Views/admin_list_email.php(21): CodeIgniter\Debug\Exceptions->errorHandler(8, 'Undefined prope...', '/home/kulonpro/...', 21, Array)
#1 /home/kulonpro/emailpns_private/system/View/View.php(220): include('/home/kulonpro/...')
#2 /home/kulonpro/emailpns_private/system/View/View.php(222): CodeIgniter\View\View->CodeIgniter\View\{closure}()
#3 /home/kulonpro/emailpns_private/system/Common.php(1217): CodeIgniter\View\View->render('admin_list_emai...', Array, true)
#4 /home/kulonpro/emailpns_private/app/Controllers/EmailAdmin.php(38): view('admin_list_emai...', Array)
#5 /home/kulonpro/emailpns_private/system/CodeIgniter.php(936): App\Controllers\EmailAdmin->index()
#6 /home/kulonpro/emailpns_private/system/CodeIgniter.php(432): CodeIgniter\CodeIgniter->runController(Object(App\Controllers\EmailAdmin))
#7 /home/kulonpro/emailpns_private/system/CodeIgniter.php(333): CodeIgniter\CodeIgniter->handleRequest(NULL, Object(Config\Cache), false)
#8 /home/kulonpro/public_html/emailpns/index.php(53): CodeIgniter\CodeIgniter->run()
#9 {main}
CRITICAL - 2021-04-21 20:24:00 --> Undefined property: CodeIgniter\Autoloader\Autoloader::$load
#0 /home/kulonpro/emailpns_private/app/Controllers/EmailAdmin.php(12): CodeIgniter\Debug\Exceptions->errorHandler(8, 'Undefined prope...', '/home/kulonpro/...', 12, Array)
#1 /home/kulonpro/emailpns_private/system/Autoloader/Autoloader.php(294): include_once('/home/kulonpro/...')
#2 /home/kulonpro/emailpns_private/system/Autoloader/Autoloader.php(265): CodeIgniter\Autoloader\Autoloader->includeFile('/home/kulonpro/...')
#3 /home/kulonpro/emailpns_private/system/Autoloader/Autoloader.php(228): CodeIgniter\Autoloader\Autoloader->loadInNamespace('App\\Controllers...')
#4 [internal function]: CodeIgniter\Autoloader\Autoloader->loadClass('App\\Controllers...')
#5 [internal function]: spl_autoload_call('App\\Controllers...')
#6 /home/kulonpro/emailpns_private/system/CodeIgniter.php(893): class_exists('\\App\\Controller...', true)
#7 /home/kulonpro/emailpns_private/system/CodeIgniter.php(417): CodeIgniter\CodeIgniter->startController()
#8 /home/kulonpro/emailpns_private/system/CodeIgniter.php(333): CodeIgniter\CodeIgniter->handleRequest(NULL, Object(Config\Cache), false)
#9 /home/kulonpro/public_html/emailpns/index.php(53): CodeIgniter\CodeIgniter->run()
#10 {main}
CRITICAL - 2021-04-21 20:28:06 --> Undefined property: CodeIgniter\View\View::$encrypt
#0 /home/kulonpro/emailpns_private/app/Views/admin_list_email.php(37): CodeIgniter\Debug\Exceptions->errorHandler(8, 'Undefined prope...', '/home/kulonpro/...', 37, Array)
#1 /home/kulonpro/emailpns_private/system/View/View.php(220): include('/home/kulonpro/...')
#2 /home/kulonpro/emailpns_private/system/View/View.php(222): CodeIgniter\View\View->CodeIgniter\View\{closure}()
#3 /home/kulonpro/emailpns_private/system/Common.php(1217): CodeIgniter\View\View->render('admin_list_emai...', Array, true)
#4 /home/kulonpro/emailpns_private/app/Controllers/EmailAdmin.php(40): view('admin_list_emai...', Array)
#5 /home/kulonpro/emailpns_private/system/CodeIgniter.php(936): App\Controllers\EmailAdmin->index()
#6 /home/kulonpro/emailpns_private/system/CodeIgniter.php(432): CodeIgniter\CodeIgniter->runController(Object(App\Controllers\EmailAdmin))
#7 /home/kulonpro/emailpns_private/system/CodeIgniter.php(333): CodeIgniter\CodeIgniter->handleRequest(NULL, Object(Config\Cache), false)
#8 /home/kulonpro/public_html/emailpns/index.php(53): CodeIgniter\CodeIgniter->run()
#9 {main}
CRITICAL - 2021-04-21 20:28:37 --> Undefined property: CodeIgniter\View\View::$encrypt
#0 /home/kulonpro/emailpns_private/app/Views/admin_list_email.php(37): CodeIgniter\Debug\Exceptions->errorHandler(8, 'Undefined prope...', '/home/kulonpro/...', 37, Array)
#1 /home/kulonpro/emailpns_private/system/View/View.php(220): include('/home/kulonpro/...')
#2 /home/kulonpro/emailpns_private/system/View/View.php(222): CodeIgniter\View\View->CodeIgniter\View\{closure}()
#3 /home/kulonpro/emailpns_private/system/Common.php(1217): CodeIgniter\View\View->render('admin_list_emai...', Array, true)
#4 /home/kulonpro/emailpns_private/app/Controllers/EmailAdmin.php(40): view('admin_list_emai...', Array)
#5 /home/kulonpro/emailpns_private/system/CodeIgniter.php(936): App\Controllers\EmailAdmin->index()
#6 /home/kulonpro/emailpns_private/system/CodeIgniter.php(432): CodeIgniter\CodeIgniter->runController(Object(App\Controllers\EmailAdmin))
#7 /home/kulonpro/emailpns_private/system/CodeIgniter.php(333): CodeIgniter\CodeIgniter->handleRequest(NULL, Object(Config\Cache), false)
#8 /home/kulonpro/public_html/emailpns/index.php(53): CodeIgniter\CodeIgniter->run()
#9 {main}
CRITICAL - 2021-04-21 20:28:40 --> Undefined property: CodeIgniter\View\View::$encrypt
#0 /home/kulonpro/emailpns_private/app/Views/admin_list_email.php(37): CodeIgniter\Debug\Exceptions->errorHandler(8, 'Undefined prope...', '/home/kulonpro/...', 37, Array)
#1 /home/kulonpro/emailpns_private/system/View/View.php(220): include('/home/kulonpro/...')
#2 /home/kulonpro/emailpns_private/system/View/View.php(222): CodeIgniter\View\View->CodeIgniter\View\{closure}()
#3 /home/kulonpro/emailpns_private/system/Common.php(1217): CodeIgniter\View\View->render('admin_list_emai...', Array, true)
#4 /home/kulonpro/emailpns_private/app/Controllers/EmailAdmin.php(40): view('admin_list_emai...', Array)
#5 /home/kulonpro/emailpns_private/system/CodeIgniter.php(936): App\Controllers\EmailAdmin->index()
#6 /home/kulonpro/emailpns_private/system/CodeIgniter.php(432): CodeIgniter\CodeIgniter->runController(Object(App\Controllers\EmailAdmin))
#7 /home/kulonpro/emailpns_private/system/CodeIgniter.php(333): CodeIgniter\CodeIgniter->handleRequest(NULL, Object(Config\Cache), false)
#8 /home/kulonpro/public_html/emailpns/index.php(53): CodeIgniter\CodeIgniter->run()
#9 {main}
CRITICAL - 2021-04-21 20:29:18 --> Call to undefined method CodeIgniter\View\View::encrypt()
#0 /home/kulonpro/emailpns_private/system/View/View.php(220): include()
#1 /home/kulonpro/emailpns_private/system/View/View.php(222): CodeIgniter\View\View->CodeIgniter\View\{closure}()
#2 /home/kulonpro/emailpns_private/system/Common.php(1217): CodeIgniter\View\View->render('admin_list_emai...', Array, true)
#3 /home/kulonpro/emailpns_private/app/Controllers/EmailAdmin.php(40): view('admin_list_emai...', Array)
#4 /home/kulonpro/emailpns_private/system/CodeIgniter.php(936): App\Controllers\EmailAdmin->index()
#5 /home/kulonpro/emailpns_private/system/CodeIgniter.php(432): CodeIgniter\CodeIgniter->runController(Object(App\Controllers\EmailAdmin))
#6 /home/kulonpro/emailpns_private/system/CodeIgniter.php(333): CodeIgniter\CodeIgniter->handleRequest(NULL, Object(Config\Cache), false)
#7 /home/kulonpro/public_html/emailpns/index.php(53): CodeIgniter\CodeIgniter->run()
#8 {main}
CRITICAL - 2021-04-21 20:44:48 --> Encrypter needs a starter key.
#0 /home/kulonpro/emailpns_private/system/Encryption/Encryption.php(143): CodeIgniter\Encryption\Exceptions\EncryptionException::forNeedsStarterKey()
#1 /home/kulonpro/emailpns_private/system/Config/Services.php(225): CodeIgniter\Encryption\Encryption->initialize(Object(Config\Encryption))
#2 /home/kulonpro/emailpns_private/system/Config/BaseService.php(171): CodeIgniter\Config\Services::encrypter()
#3 /home/kulonpro/emailpns_private/app/Views/admin_list_email.php(10): CodeIgniter\Config\BaseService::__callStatic('encrypter', Array)
#4 /home/kulonpro/emailpns_private/system/View/View.php(220): include('/home/kulonpro/...')
#5 /home/kulonpro/emailpns_private/system/View/View.php(222): CodeIgniter\View\View->CodeIgniter\View\{closure}()
#6 /home/kulonpro/emailpns_private/system/Common.php(1217): CodeIgniter\View\View->render('admin_list_emai...', Array, true)
#7 /home/kulonpro/emailpns_private/app/Controllers/EmailAdmin.php(40): view('admin_list_emai...', Array)
#8 /home/kulonpro/emailpns_private/system/CodeIgniter.php(936): App\Controllers\EmailAdmin->index()
#9 /home/kulonpro/emailpns_private/system/CodeIgniter.php(432): CodeIgniter\CodeIgniter->runController(Object(App\Controllers\EmailAdmin))
#10 /home/kulonpro/emailpns_private/system/CodeIgniter.php(333): CodeIgniter\CodeIgniter->handleRequest(NULL, Object(Config\Cache), false)
#11 /home/kulonpro/public_html/emailpns/index.php(53): CodeIgniter\CodeIgniter->run()
#12 {main}
CRITICAL - 2021-04-21 21:02:56 --> Undefined variable: encrypter
#0 /home/kulonpro/emailpns_private/app/Views/admin_list_email.php(42): CodeIgniter\Debug\Exceptions->errorHandler(8, 'Undefined varia...', '/home/kulonpro/...', 42, Array)
#1 /home/kulonpro/emailpns_private/system/View/View.php(220): include('/home/kulonpro/...')
#2 /home/kulonpro/emailpns_private/system/View/View.php(222): CodeIgniter\View\View->CodeIgniter\View\{closure}()
#3 /home/kulonpro/emailpns_private/system/Common.php(1217): CodeIgniter\View\View->render('admin_list_emai...', Array, true)
#4 /home/kulonpro/emailpns_private/app/Controllers/EmailAdmin.php(40): view('admin_list_emai...', Array)
#5 /home/kulonpro/emailpns_private/system/CodeIgniter.php(936): App\Controllers\EmailAdmin->index()
#6 /home/kulonpro/emailpns_private/system/CodeIgniter.php(432): CodeIgniter\CodeIgniter->runController(Object(App\Controllers\EmailAdmin))
#7 /home/kulonpro/emailpns_private/system/CodeIgniter.php(333): CodeIgniter\CodeIgniter->handleRequest(NULL, Object(Config\Cache), false)
#8 /home/kulonpro/public_html/emailpns/index.php(53): CodeIgniter\CodeIgniter->run()
#9 {main}
CRITICAL - 2021-04-21 21:05:49 --> syntax error, unexpected 'echo' (T_ECHO), expecting ';'
#0 /home/kulonpro/emailpns_private/system/Autoloader/Autoloader.php(265): CodeIgniter\Autoloader\Autoloader->includeFile('/home/kulonpro/...')
#1 /home/kulonpro/emailpns_private/system/Autoloader/Autoloader.php(228): CodeIgniter\Autoloader\Autoloader->loadInNamespace('App\\Controllers...')
#2 [internal function]: CodeIgniter\Autoloader\Autoloader->loadClass('App\\Controllers...')
#3 [internal function]: spl_autoload_call('App\\Controllers...')
#4 /home/kulonpro/emailpns_private/system/CodeIgniter.php(893): class_exists('\\App\\Controller...', true)
#5 /home/kulonpro/emailpns_private/system/CodeIgniter.php(417): CodeIgniter\CodeIgniter->startController()
#6 /home/kulonpro/emailpns_private/system/CodeIgniter.php(333): CodeIgniter\CodeIgniter->handleRequest(NULL, Object(Config\Cache), false)
#7 /home/kulonpro/public_html/emailpns/index.php(53): CodeIgniter\CodeIgniter->run()
#8 {main}
CRITICAL - 2021-04-21 21:06:15 --> Undefined variable: newses
#0 /home/kulonpro/emailpns_private/app/Controllers/EmailAdmin.php(36): CodeIgniter\Debug\Exceptions->errorHandler(8, 'Undefined varia...', '/home/kulonpro/...', 36, Array)
#1 /home/kulonpro/emailpns_private/system/CodeIgniter.php(936): App\Controllers\EmailAdmin->index()
#2 /home/kulonpro/emailpns_private/system/CodeIgniter.php(432): CodeIgniter\CodeIgniter->runController(Object(App\Controllers\EmailAdmin))
#3 /home/kulonpro/emailpns_private/system/CodeIgniter.php(333): CodeIgniter\CodeIgniter->handleRequest(NULL, Object(Config\Cache), false)
#4 /home/kulonpro/public_html/emailpns/index.php(53): CodeIgniter\CodeIgniter->run()
#5 {main}
CRITICAL - 2021-04-21 21:11:26 --> Undefined index: iden
#0 /home/kulonpro/emailpns_private/app/Views/admin_list_email.php(31): CodeIgniter\Debug\Exceptions->errorHandler(8, 'Undefined index...', '/home/kulonpro/...', 31, Array)
#1 /home/kulonpro/emailpns_private/system/View/View.php(220): include('/home/kulonpro/...')
#2 /home/kulonpro/emailpns_private/system/View/View.php(222): CodeIgniter\View\View->CodeIgniter\View\{closure}()
#3 /home/kulonpro/emailpns_private/system/Common.php(1217): CodeIgniter\View\View->render('admin_list_emai...', Array, true)
#4 /home/kulonpro/emailpns_private/app/Controllers/EmailAdmin.php(40): view('admin_list_emai...', Array)
#5 /home/kulonpro/emailpns_private/system/CodeIgniter.php(936): App\Controllers\EmailAdmin->index()
#6 /home/kulonpro/emailpns_private/system/CodeIgniter.php(432): CodeIgniter\CodeIgniter->runController(Object(App\Controllers\EmailAdmin))
#7 /home/kulonpro/emailpns_private/system/CodeIgniter.php(333): CodeIgniter\CodeIgniter->handleRequest(NULL, Object(Config\Cache), false)
#8 /home/kulonpro/public_html/emailpns/index.php(53): CodeIgniter\CodeIgniter->run()
#9 {main}
CRITICAL - 2021-04-21 21:22:05 --> Encrypter needs a starter key.
#0 /home/kulonpro/emailpns_private/system/Encryption/Encryption.php(143): CodeIgniter\Encryption\Exceptions\EncryptionException::forNeedsStarterKey()
#1 /home/kulonpro/emailpns_private/system/Config/Services.php(225): CodeIgniter\Encryption\Encryption->initialize(Object(Config\Encryption))
#2 /home/kulonpro/emailpns_private/system/Config/BaseService.php(171): CodeIgniter\Config\Services::encrypter(Object(Config\Encryption))
#3 /home/kulonpro/emailpns_private/app/Controllers/BaseController.php(52): CodeIgniter\Config\BaseService::__callStatic('encrypter', Array)
#4 /home/kulonpro/emailpns_private/system/CodeIgniter.php(909): App\Controllers\BaseController->initController(Object(CodeIgniter\HTTP\IncomingRequest), Object(CodeIgniter\HTTP\Response), Object(CodeIgniter\Log\Logger))
#5 /home/kulonpro/emailpns_private/system/CodeIgniter.php(422): CodeIgniter\CodeIgniter->createController()
#6 /home/kulonpro/emailpns_private/system/CodeIgniter.php(333): CodeIgniter\CodeIgniter->handleRequest(NULL, Object(Config\Cache), false)
#7 /home/kulonpro/public_html/emailpns/index.php(53): CodeIgniter\CodeIgniter->run()
#8 {main}
CRITICAL - 2021-04-21 21:22:52 --> Unable to find an available Sodium encryption handler.
#0 /home/kulonpro/emailpns_private/system/Encryption/Encryption.php(106): CodeIgniter\Encryption\Exceptions\EncryptionException::forNoHandlerAvailable('Sodium')
#1 /home/kulonpro/emailpns_private/system/Config/Services.php(223): CodeIgniter\Encryption\Encryption->__construct(Object(Config\Encryption))
#2 /home/kulonpro/emailpns_private/system/Config/BaseService.php(171): CodeIgniter\Config\Services::encrypter(Object(Config\Encryption))
#3 /home/kulonpro/emailpns_private/app/Controllers/BaseController.php(52): CodeIgniter\Config\BaseService::__callStatic('encrypter', Array)
#4 /home/kulonpro/emailpns_private/system/CodeIgniter.php(909): App\Controllers\BaseController->initController(Object(CodeIgniter\HTTP\IncomingRequest), Object(CodeIgniter\HTTP\Response), Object(CodeIgniter\Log\Logger))
#5 /home/kulonpro/emailpns_private/system/CodeIgniter.php(422): CodeIgniter\CodeIgniter->createController()
#6 /home/kulonpro/emailpns_private/system/CodeIgniter.php(333): CodeIgniter\CodeIgniter->handleRequest(NULL, Object(Config\Cache), false)
#7 /home/kulonpro/public_html/emailpns/index.php(53): CodeIgniter\CodeIgniter->run()
#8 {main}
CRITICAL - 2021-04-21 21:49:14 --> syntax error, unexpected '?>', expecting ')'
#0 /home/kulonpro/emailpns_private/system/View/View.php(222): CodeIgniter\View\View->CodeIgniter\View\{closure}()
#1 /home/kulonpro/emailpns_private/system/Common.php(1217): CodeIgniter\View\View->render('admin_list_emai...', Array, true)
#2 /home/kulonpro/emailpns_private/app/Controllers/EmailAdmin.php(40): view('admin_list_emai...', Array)
#3 /home/kulonpro/emailpns_private/system/CodeIgniter.php(936): App\Controllers\EmailAdmin->index()
#4 /home/kulonpro/emailpns_private/system/CodeIgniter.php(432): CodeIgniter\CodeIgniter->runController(Object(App\Controllers\EmailAdmin))
#5 /home/kulonpro/emailpns_private/system/CodeIgniter.php(333): CodeIgniter\CodeIgniter->handleRequest(NULL, Object(Config\Cache), false)
#6 /home/kulonpro/public_html/emailpns/index.php(53): CodeIgniter\CodeIgniter->run()
#7 {main}
CRITICAL - 2021-04-21 21:52:17 --> Undefined property: CodeIgniter\View\View::$encryption
#0 /home/kulonpro/emailpns_private/app/Views/admin_list_email.php(29): CodeIgniter\Debug\Exceptions->errorHandler(8, 'Undefined prope...', '/home/kulonpro/...', 29, Array)
#1 /home/kulonpro/emailpns_private/system/View/View.php(220): include('/home/kulonpro/...')
#2 /home/kulonpro/emailpns_private/system/View/View.php(222): CodeIgniter\View\View->CodeIgniter\View\{closure}()
#3 /home/kulonpro/emailpns_private/system/Common.php(1217): CodeIgniter\View\View->render('admin_list_emai...', Array, true)
#4 /home/kulonpro/emailpns_private/app/Controllers/EmailAdmin.php(40): view('admin_list_emai...', Array)
#5 /home/kulonpro/emailpns_private/system/CodeIgniter.php(936): App\Controllers\EmailAdmin->index()
#6 /home/kulonpro/emailpns_private/system/CodeIgniter.php(432): CodeIgniter\CodeIgniter->runController(Object(App\Controllers\EmailAdmin))
#7 /home/kulonpro/emailpns_private/system/CodeIgniter.php(333): CodeIgniter\CodeIgniter->handleRequest(NULL, Object(Config\Cache), false)
#8 /home/kulonpro/public_html/emailpns/index.php(53): CodeIgniter\CodeIgniter->run()
#9 {main}
CRITICAL - 2021-04-21 21:53:17 --> Undefined variable: encrypter
#0 /home/kulonpro/emailpns_private/app/Controllers/EmailAdmin.php(90): CodeIgniter\Debug\Exceptions->errorHandler(8, 'Undefined varia...', '/home/kulonpro/...', 90, Array)
#1 /home/kulonpro/emailpns_private/system/CodeIgniter.php(936): App\Controllers\EmailAdmin->edit('fwR8j1Vb3WdWvHG...')
#2 /home/kulonpro/emailpns_private/system/CodeIgniter.php(432): CodeIgniter\CodeIgniter->runController(Object(App\Controllers\EmailAdmin))
#3 /home/kulonpro/emailpns_private/system/CodeIgniter.php(333): CodeIgniter\CodeIgniter->handleRequest(NULL, Object(Config\Cache), false)
#4 /home/kulonpro/public_html/emailpns/index.php(53): CodeIgniter\CodeIgniter->run()
#5 {main}
CRITICAL - 2021-04-21 21:56:55 --> Undefined variable: encrypter
#0 /home/kulonpro/emailpns_private/app/Controllers/EmailAdmin.php(90): CodeIgniter\Debug\Exceptions->errorHandler(8, 'Undefined varia...', '/home/kulonpro/...', 90, Array)
#1 /home/kulonpro/emailpns_private/system/CodeIgniter.php(936): App\Controllers\EmailAdmin->edit('fwR8j1Vb3WdWvHG...')
#2 /home/kulonpro/emailpns_private/system/CodeIgniter.php(432): CodeIgniter\CodeIgniter->runController(Object(App\Controllers\EmailAdmin))
#3 /home/kulonpro/emailpns_private/system/CodeIgniter.php(333): CodeIgniter\CodeIgniter->handleRequest(NULL, Object(Config\Cache), false)
#4 /home/kulonpro/public_html/emailpns/index.php(53): CodeIgniter\CodeIgniter->run()
#5 {main}
CRITICAL - 2021-04-21 21:56:56 --> Undefined variable: encrypter
#0 /home/kulonpro/emailpns_private/app/Controllers/EmailAdmin.php(90): CodeIgniter\Debug\Exceptions->errorHandler(8, 'Undefined varia...', '/home/kulonpro/...', 90, Array)
#1 /home/kulonpro/emailpns_private/system/CodeIgniter.php(936): App\Controllers\EmailAdmin->edit('fwR8j1Vb3WdWvHG...')
#2 /home/kulonpro/emailpns_private/system/CodeIgniter.php(432): CodeIgniter\CodeIgniter->runController(Object(App\Controllers\EmailAdmin))
#3 /home/kulonpro/emailpns_private/system/CodeIgniter.php(333): CodeIgniter\CodeIgniter->handleRequest(NULL, Object(Config\Cache), false)
#4 /home/kulonpro/public_html/emailpns/index.php(53): CodeIgniter\CodeIgniter->run()
#5 {main}
CRITICAL - 2021-04-21 21:58:01 --> syntax error, unexpected '$config' (T_VARIABLE), expecting function (T_FUNCTION) or const (T_CONST)
#0 /home/kulonpro/emailpns_private/system/Autoloader/Autoloader.php(265): CodeIgniter\Autoloader\Autoloader->includeFile('/home/kulonpro/...')
#1 /home/kulonpro/emailpns_private/system/Autoloader/Autoloader.php(228): CodeIgniter\Autoloader\Autoloader->loadInNamespace('App\\Controllers...')
#2 [internal function]: CodeIgniter\Autoloader\Autoloader->loadClass('App\\Controllers...')
#3 /home/kulonpro/emailpns_private/app/Controllers/EmailAdmin.php(14): spl_autoload_call('App\\Controllers...')
#4 /home/kulonpro/emailpns_private/system/Autoloader/Autoloader.php(294): include_once('/home/kulonpro/...')
#5 /home/kulonpro/emailpns_private/system/Autoloader/Autoloader.php(265): CodeIgniter\Autoloader\Autoloader->includeFile('/home/kulonpro/...')
#6 /home/kulonpro/emailpns_private/system/Autoloader/Autoloader.php(228): CodeIgniter\Autoloader\Autoloader->loadInNamespace('App\\Controllers...')
#7 [internal function]: CodeIgniter\Autoloader\Autoloader->loadClass('App\\Controllers...')
#8 [internal function]: spl_autoload_call('App\\Controllers...')
#9 /home/kulonpro/emailpns_private/system/CodeIgniter.php(893): class_exists('\\App\\Controller...', true)
#10 /home/kulonpro/emailpns_private/system/CodeIgniter.php(417): CodeIgniter\CodeIgniter->startController()
#11 /home/kulonpro/emailpns_private/system/CodeIgniter.php(333): CodeIgniter\CodeIgniter->handleRequest(NULL, Object(Config\Cache), false)
#12 /home/kulonpro/public_html/emailpns/index.php(53): CodeIgniter\CodeIgniter->run()
#13 {main}
CRITICAL - 2021-04-21 21:58:24 --> Undefined variable: encrypter
#0 /home/kulonpro/emailpns_private/app/Controllers/EmailAdmin.php(94): CodeIgniter\Debug\Exceptions->errorHandler(8, 'Undefined varia...', '/home/kulonpro/...', 94, Array)
#1 /home/kulonpro/emailpns_private/system/CodeIgniter.php(936): App\Controllers\EmailAdmin->edit('fwR8j1Vb3WdWvHG...')
#2 /home/kulonpro/emailpns_private/system/CodeIgniter.php(432): CodeIgniter\CodeIgniter->runController(Object(App\Controllers\EmailAdmin))
#3 /home/kulonpro/emailpns_private/system/CodeIgniter.php(333): CodeIgniter\CodeIgniter->handleRequest(NULL, Object(Config\Cache), false)
#4 /home/kulonpro/public_html/emailpns/index.php(53): CodeIgniter\CodeIgniter->run()
#5 {main}
CRITICAL - 2021-04-21 21:59:05 --> Undefined variable: encrypter
#0 /home/kulonpro/emailpns_private/app/Controllers/EmailAdmin.php(94): CodeIgniter\Debug\Exceptions->errorHandler(8, 'Undefined varia...', '/home/kulonpro/...', 94, Array)
#1 /home/kulonpro/emailpns_private/system/CodeIgniter.php(936): App\Controllers\EmailAdmin->edit('fwR8j1Vb3WdWvHG...')
#2 /home/kulonpro/emailpns_private/system/CodeIgniter.php(432): CodeIgniter\CodeIgniter->runController(Object(App\Controllers\EmailAdmin))
#3 /home/kulonpro/emailpns_private/system/CodeIgniter.php(333): CodeIgniter\CodeIgniter->handleRequest(NULL, Object(Config\Cache), false)
#4 /home/kulonpro/public_html/emailpns/index.php(53): CodeIgniter\CodeIgniter->run()
#5 {main}
CRITICAL - 2021-04-21 21:59:06 --> Undefined variable: encrypter
#0 /home/kulonpro/emailpns_private/app/Controllers/EmailAdmin.php(94): CodeIgniter\Debug\Exceptions->errorHandler(8, 'Undefined varia...', '/home/kulonpro/...', 94, Array)
#1 /home/kulonpro/emailpns_private/system/CodeIgniter.php(936): App\Controllers\EmailAdmin->edit('fwR8j1Vb3WdWvHG...')
#2 /home/kulonpro/emailpns_private/system/CodeIgniter.php(432): CodeIgniter\CodeIgniter->runController(Object(App\Controllers\EmailAdmin))
#3 /home/kulonpro/emailpns_private/system/CodeIgniter.php(333): CodeIgniter\CodeIgniter->handleRequest(NULL, Object(Config\Cache), false)
#4 /home/kulonpro/public_html/emailpns/index.php(53): CodeIgniter\CodeIgniter->run()
#5 {main}
CRITICAL - 2021-04-21 22:01:04 --> Undefined variable: encrypter
#0 /home/kulonpro/emailpns_private/app/Controllers/EmailAdmin.php(89): CodeIgniter\Debug\Exceptions->errorHandler(8, 'Undefined varia...', '/home/kulonpro/...', 89, Array)
#1 /home/kulonpro/emailpns_private/system/CodeIgniter.php(936): App\Controllers\EmailAdmin->edit('fwR8j1Vb3WdWvHG...')
#2 /home/kulonpro/emailpns_private/system/CodeIgniter.php(432): CodeIgniter\CodeIgniter->runController(Object(App\Controllers\EmailAdmin))
#3 /home/kulonpro/emailpns_private/system/CodeIgniter.php(333): CodeIgniter\CodeIgniter->handleRequest(NULL, Object(Config\Cache), false)
#4 /home/kulonpro/public_html/emailpns/index.php(53): CodeIgniter\CodeIgniter->run()
#5 {main}
CRITICAL - 2021-04-21 22:01:34 --> syntax error, unexpected 'public' (T_PUBLIC)
#0 /home/kulonpro/emailpns_private/system/Autoloader/Autoloader.php(265): CodeIgniter\Autoloader\Autoloader->includeFile('/home/kulonpro/...')
#1 /home/kulonpro/emailpns_private/system/Autoloader/Autoloader.php(228): CodeIgniter\Autoloader\Autoloader->loadInNamespace('App\\Controllers...')
#2 [internal function]: CodeIgniter\Autoloader\Autoloader->loadClass('App\\Controllers...')
#3 /home/kulonpro/emailpns_private/app/Controllers/EmailAdmin.php(13): spl_autoload_call('App\\Controllers...')
#4 /home/kulonpro/emailpns_private/system/Autoloader/Autoloader.php(294): include_once('/home/kulonpro/...')
#5 /home/kulonpro/emailpns_private/system/Autoloader/Autoloader.php(265): CodeIgniter\Autoloader\Autoloader->includeFile('/home/kulonpro/...')
#6 /home/kulonpro/emailpns_private/system/Autoloader/Autoloader.php(228): CodeIgniter\Autoloader\Autoloader->loadInNamespace('App\\Controllers...')
#7 [internal function]: CodeIgniter\Autoloader\Autoloader->loadClass('App\\Controllers...')
#8 [internal function]: spl_autoload_call('App\\Controllers...')
#9 /home/kulonpro/emailpns_private/system/CodeIgniter.php(893): class_exists('\\App\\Controller...', true)
#10 /home/kulonpro/emailpns_private/system/CodeIgniter.php(417): CodeIgniter\CodeIgniter->startController()
#11 /home/kulonpro/emailpns_private/system/CodeIgniter.php(333): CodeIgniter\CodeIgniter->handleRequest(NULL, Object(Config\Cache), false)
#12 /home/kulonpro/public_html/emailpns/index.php(53): CodeIgniter\CodeIgniter->run()
#13 {main}
CRITICAL - 2021-04-21 22:02:08 --> syntax error, unexpected 'protected' (T_PROTECTED)
#0 /home/kulonpro/emailpns_private/system/Autoloader/Autoloader.php(265): CodeIgniter\Autoloader\Autoloader->includeFile('/home/kulonpro/...')
#1 /home/kulonpro/emailpns_private/system/Autoloader/Autoloader.php(228): CodeIgniter\Autoloader\Autoloader->loadInNamespace('App\\Controllers...')
#2 [internal function]: CodeIgniter\Autoloader\Autoloader->loadClass('App\\Controllers...')
#3 /home/kulonpro/emailpns_private/app/Controllers/EmailAdmin.php(13): spl_autoload_call('App\\Controllers...')
#4 /home/kulonpro/emailpns_private/system/Autoloader/Autoloader.php(294): include_once('/home/kulonpro/...')
#5 /home/kulonpro/emailpns_private/system/Autoloader/Autoloader.php(265): CodeIgniter\Autoloader\Autoloader->includeFile('/home/kulonpro/...')
#6 /home/kulonpro/emailpns_private/system/Autoloader/Autoloader.php(228): CodeIgniter\Autoloader\Autoloader->loadInNamespace('App\\Controllers...')
#7 [internal function]: CodeIgniter\Autoloader\Autoloader->loadClass('App\\Controllers...')
#8 [internal function]: spl_autoload_call('App\\Controllers...')
#9 /home/kulonpro/emailpns_private/system/CodeIgniter.php(893): class_exists('\\App\\Controller...', true)
#10 /home/kulonpro/emailpns_private/system/CodeIgniter.php(417): CodeIgniter\CodeIgniter->startController()
#11 /home/kulonpro/emailpns_private/system/CodeIgniter.php(333): CodeIgniter\CodeIgniter->handleRequest(NULL, Object(Config\Cache), false)
#12 /home/kulonpro/public_html/emailpns/index.php(53): CodeIgniter\CodeIgniter->run()
#13 {main}
CRITICAL - 2021-04-21 22:03:27 --> Constant expression contains invalid operations
#0 [internal function]: CodeIgniter\Debug\Exceptions->shutdownHandler()
#1 {main}
CRITICAL - 2021-04-21 22:05:42 --> Decrypting: authentication failed.
#0 /home/kulonpro/emailpns_private/system/Encryption/Handlers/OpenSSLHandler.php(118): CodeIgniter\Encryption\Exceptions\EncryptionException::forAuthenticationFailed()
#1 /home/kulonpro/emailpns_private/app/Controllers/EmailAdmin.php(93): CodeIgniter\Encryption\Handlers\OpenSSLHandler->decrypt('\x1E\x9E\x92Y\x08\xBDx\x99\xE3Z\xD7\xF1|\x8B\xB1...')
#2 /home/kulonpro/emailpns_private/system/CodeIgniter.php(936): App\Controllers\EmailAdmin->edit('VmCEYDDmw7FNOQl...')
#3 /home/kulonpro/emailpns_private/system/CodeIgniter.php(432): CodeIgniter\CodeIgniter->runController(Object(App\Controllers\EmailAdmin))
#4 /home/kulonpro/emailpns_private/system/CodeIgniter.php(333): CodeIgniter\CodeIgniter->handleRequest(NULL, Object(Config\Cache), false)
#5 /home/kulonpro/public_html/emailpns/index.php(53): CodeIgniter\CodeIgniter->run()
#6 {main}
CRITICAL - 2021-04-21 22:25:26 --> Call to undefined function mcrypt_encrypt()
#0 /home/kulonpro/emailpns_private/app/Views/admin_list_email.php(32): encrypt('266')
#1 /home/kulonpro/emailpns_private/system/View/View.php(220): include('/home/kulonpro/...')
#2 /home/kulonpro/emailpns_private/system/View/View.php(222): CodeIgniter\View\View->CodeIgniter\View\{closure}()
#3 /home/kulonpro/emailpns_private/system/Common.php(1217): CodeIgniter\View\View->render('admin_list_emai...', Array, true)
#4 /home/kulonpro/emailpns_private/app/Controllers/EmailAdmin.php(39): view('admin_list_emai...', Array)
#5 /home/kulonpro/emailpns_private/system/CodeIgniter.php(936): App\Controllers\EmailAdmin->index()
#6 /home/kulonpro/emailpns_private/system/CodeIgniter.php(432): CodeIgniter\CodeIgniter->runController(Object(App\Controllers\EmailAdmin))
#7 /home/kulonpro/emailpns_private/system/CodeIgniter.php(333): CodeIgniter\CodeIgniter->handleRequest(NULL, Object(Config\Cache), false)
#8 /home/kulonpro/public_html/emailpns/index.php(53): CodeIgniter\CodeIgniter->run()
#9 {main}
CRITICAL - 2021-04-21 22:29:01 --> Undefined variable: encrypter
#0 /home/kulonpro/emailpns_private/app/Views/admin_list_email.php(29): CodeIgniter\Debug\Exceptions->errorHandler(8, 'Undefined varia...', '/home/kulonpro/...', 29, Array)
#1 /home/kulonpro/emailpns_private/system/View/View.php(220): include('/home/kulonpro/...')
#2 /home/kulonpro/emailpns_private/system/View/View.php(222): CodeIgniter\View\View->CodeIgniter\View\{closure}()
#3 /home/kulonpro/emailpns_private/system/Common.php(1217): CodeIgniter\View\View->render('admin_list_emai...', Array, true)
#4 /home/kulonpro/emailpns_private/app/Controllers/EmailAdmin.php(39): view('admin_list_emai...', Array)
#5 /home/kulonpro/emailpns_private/system/CodeIgniter.php(936): App\Controllers\EmailAdmin->index()
#6 /home/kulonpro/emailpns_private/system/CodeIgniter.php(432): CodeIgniter\CodeIgniter->runController(Object(App\Controllers\EmailAdmin))
#7 /home/kulonpro/emailpns_private/system/CodeIgniter.php(333): CodeIgniter\CodeIgniter->handleRequest(NULL, Object(Config\Cache), false)
#8 /home/kulonpro/public_html/emailpns/index.php(53): CodeIgniter\CodeIgniter->run()
#9 {main}
